[0.043s] Invoking command in '/home/kiro04/pinkbot/build/minibot_navigation2': CMAKE_PREFIX_PATH=/opt/ros/humble /home/kiro04/.local/bin/cmake --build /home/kiro04/pinkbot/build/minibot_navigation2 -- -j8 -l8
[0.561s] Invoked command in '/home/kiro04/pinkbot/build/minibot_navigation2' returned '0': CMAKE_PREFIX_PATH=/opt/ros/humble /home/kiro04/.local/bin/cmake --build /home/kiro04/pinkbot/build/minibot_navigation2 -- -j8 -l8
[0.802s] Invoking command in '/home/kiro04/pinkbot/build/minibot_navigation2': CMAKE_PREFIX_PATH=/opt/ros/humble /home/kiro04/.local/bin/cmake --install /home/kiro04/pinkbot/build/minibot_navigation2
[0.937s] -- Install configuration: ""
[0.937s] -- Up-to-date: /home/kiro04/pinkbot/install/minibot_navigation2/share/minibot_navigation2/config
[0.937s] -- Up-to-date: /home/kiro04/pinkbot/install/minibot_navigation2/share/minibot_navigation2/config/mapper_params.yaml
[0.938s] -- Up-to-date: /home/kiro04/pinkbot/install/minibot_navigation2/share/minibot_navigation2/launch
[0.939s] -- Up-to-date: /home/kiro04/pinkbot/install/minibot_navigation2/share/minibot_navigation2/launch/navigation_launch.py
[0.942s] -- Up-to-date: /home/kiro04/pinkbot/install/minibot_navigation2/share/minibot_navigation2/launch/bringup_launch.py
[0.943s] -- Up-to-date: /home/kiro04/pinkbot/install/minibot_navigation2/share/minibot_navigation2/launch/rviz_launch.py
[0.943s] -- Up-to-date: /home/kiro04/pinkbot/install/minibot_navigation2/share/minibot_navigation2/launch/localization_launch.py
[0.943s] -- Up-to-date: /home/kiro04/pinkbot/install/minibot_navigation2/share/minibot_navigation2/launch/map_building.launch.py
[0.943s] -- Up-to-date: /home/kiro04/pinkbot/install/minibot_navigation2/share/minibot_navigation2/maps
[0.943s] -- Up-to-date: /home/kiro04/pinkbot/install/minibot_navigation2/share/minibot_navigation2/maps/pinklab_test1.yaml
[0.943s] -- Up-to-date: /home/kiro04/pinkbot/install/minibot_navigation2/share/minibot_navigation2/maps/.empty
[0.944s] -- Up-to-date: /home/kiro04/pinkbot/install/minibot_navigation2/share/minibot_navigation2/maps/simple_building.yaml
[0.944s] -- Up-to-date: /home/kiro04/pinkbot/install/minibot_navigation2/share/minibot_navigation2/maps/simple_building.pgm
[0.944s] -- Up-to-date: /home/kiro04/pinkbot/install/minibot_navigation2/share/minibot_navigation2/maps/pinklab_test1.pgm
[0.945s] -- Up-to-date: /home/kiro04/pinkbot/install/minibot_navigation2/share/minibot_navigation2/params
[0.945s] -- Up-to-date: /home/kiro04/pinkbot/install/minibot_navigation2/share/minibot_navigation2/params/nav2_params.yaml
[0.945s] -- Up-to-date: /home/kiro04/pinkbot/install/minibot_navigation2/share/minibot_navigation2/rviz
[0.945s] -- Up-to-date: /home/kiro04/pinkbot/install/minibot_navigation2/share/minibot_navigation2/rviz/map_building.rviz
[0.945s] -- Up-to-date: /home/kiro04/pinkbot/install/minibot_navigation2/share/minibot_navigation2/rviz/nav2_view.rviz
[0.945s] -- Up-to-date: /home/kiro04/pinkbot/install/minibot_navigation2/share/ament_index/resource_index/package_run_dependencies/minibot_navigation2
[0.946s] -- Up-to-date: /home/kiro04/pinkbot/install/minibot_navigation2/share/ament_index/resource_index/parent_prefix_path/minibot_navigation2
[0.946s] -- Up-to-date: /home/kiro04/pinkbot/install/minibot_navigation2/share/minibot_navigation2/environment/ament_prefix_path.sh
[0.947s] -- Up-to-date: /home/kiro04/pinkbot/install/minibot_navigation2/share/minibot_navigation2/environment/ament_prefix_path.dsv
[0.947s] -- Up-to-date: /home/kiro04/pinkbot/install/minibot_navigation2/share/minibot_navigation2/environment/path.sh
[0.948s] -- Up-to-date: /home/kiro04/pinkbot/install/minibot_navigation2/share/minibot_navigation2/environment/path.dsv
[0.949s] -- Up-to-date: /home/kiro04/pinkbot/install/minibot_navigation2/share/minibot_navigation2/local_setup.bash
[0.950s] -- Up-to-date: /home/kiro04/pinkbot/install/minibot_navigation2/share/minibot_navigation2/local_setup.sh
[0.956s] -- Up-to-date: /home/kiro04/pinkbot/install/minibot_navigation2/share/minibot_navigation2/local_setup.zsh
[0.957s] -- Up-to-date: /home/kiro04/pinkbot/install/minibot_navigation2/share/minibot_navigation2/local_setup.dsv
[0.958s] -- Installing: /home/kiro04/pinkbot/install/minibot_navigation2/share/minibot_navigation2/package.dsv
[0.958s] -- Up-to-date: /home/kiro04/pinkbot/install/minibot_navigation2/share/ament_index/resource_index/packages/minibot_navigation2
[0.958s] -- Up-to-date: /home/kiro04/pinkbot/install/minibot_navigation2/share/minibot_navigation2/cmake/minibot_navigation2Config.cmake
[0.958s] -- Up-to-date: /home/kiro04/pinkbot/install/minibot_navigation2/share/minibot_navigation2/cmake/minibot_navigation2Config-version.cmake
[0.959s] -- Up-to-date: /home/kiro04/pinkbot/install/minibot_navigation2/share/minibot_navigation2/package.xml
[1.015s] Invoked command in '/home/kiro04/pinkbot/build/minibot_navigation2' returned '0': CMAKE_PREFIX_PATH=/opt/ros/humble /home/kiro04/.local/bin/cmake --install /home/kiro04/pinkbot/build/minibot_navigation2
