running egg_info
writing ../../build/yolo_package/yolo_package.egg-info/PKG-INFO
writing dependency_links to ../../build/yolo_package/yolo_package.egg-info/dependency_links.txt
writing entry points to ../../build/yolo_package/yolo_package.egg-info/entry_points.txt
writing requirements to ../../build/yolo_package/yolo_package.egg-info/requires.txt
writing top-level names to ../../build/yolo_package/yolo_package.egg-info/top_level.txt
reading manifest file '../../build/yolo_package/yolo_package.egg-info/SOURCES.txt'
writing manifest file '../../build/yolo_package/yolo_package.egg-info/SOURCES.txt'
running build
running build_py
copying yolo_package/yolo_madel.py -> /home/kiro04/pinkbot/build/yolo_package/build/lib/yolo_package
running install
running install_lib
copying /home/kiro04/pinkbot/build/yolo_package/build/lib/yolo_package/yolo_madel.py -> /home/kiro04/pinkbot/install/yolo_package/lib/python3.10/site-packages/yolo_package
byte-compiling /home/kiro04/pinkbot/install/yolo_package/lib/python3.10/site-packages/yolo_package/yolo_madel.py to yolo_madel.cpython-310.pyc
running install_data
running install_egg_info
removing '/home/kiro04/pinkbot/install/yolo_package/lib/python3.10/site-packages/yolo_package-0.0.0-py3.10.egg-info' (and everything under it)
Copying ../../build/yolo_package/yolo_package.egg-info to /home/kiro04/pinkbot/install/yolo_package/lib/python3.10/site-packages/yolo_package-0.0.0-py3.10.egg-info
running install_scripts
Installing yolo_madel script to /home/kiro04/pinkbot/install/yolo_package/lib/yolo_package
Installing yolo_node script to /home/kiro04/pinkbot/install/yolo_package/lib/yolo_package
writing list of installed files to '/home/kiro04/pinkbot/build/yolo_package/install.log'
