[0.090s] Invoking command in '/home/kiro04/pinkbot/build/minibot_interfaces': CMAKE_PREFIX_PATH=${CMAKE_PREFIX_PATH}:/home/kiro04/pinkbot/install/yolo_package:/home/kiro04/pinkbot/install/minibot_marker:/opt/ros/humble /home/kiro04/.local/bin/cmake --build /home/kiro04/pinkbot/build/minibot_interfaces -- -j8 -l8
[0.701s] [  2%] Built target minibot_interfaces__cpp
[0.703s] [ 12%] Built target minibot_interfaces__rosidl_generator_c
[0.704s] [ 12%] Built target ament_cmake_python_copy_minibot_interfaces
[0.705s] [ 23%] Built target minibot_interfaces__rosidl_typesupport_introspection_cpp
[0.705s] [ 33%] Built target minibot_interfaces__rosidl_typesupport_fastrtps_cpp
[0.706s] [ 43%] Built target minibot_interfaces__rosidl_typesupport_cpp
[0.706s] [ 53%] Built target minibot_interfaces__rosidl_typesupport_introspection_c
[0.706s] [ 74%] Built target minibot_interfaces__rosidl_typesupport_c
[0.707s] [ 74%] Built target minibot_interfaces__rosidl_typesupport_fastrtps_c
[0.707s] [ 74%] Built target minibot_interfaces
[0.707s] [ 76%] Built target minibot_interfaces__py
[0.707s] [ 84%] Built target minibot_interfaces__rosidl_generator_py
[0.707s] [ 89%] Built target minibot_interfaces__rosidl_typesupport_c__pyext
[0.708s] [ 94%] Built target minibot_interfaces__rosidl_typesupport_fastrtps_c__pyext
[0.708s] [100%] Built target minibot_interfaces__rosidl_typesupport_introspection_c__pyext
[0.793s] running egg_info
[0.795s] writing minibot_interfaces.egg-info/PKG-INFO
[0.795s] writing dependency_links to minibot_interfaces.egg-info/dependency_links.txt
[0.796s] writing top-level names to minibot_interfaces.egg-info/top_level.txt
[0.800s] reading manifest file 'minibot_interfaces.egg-info/SOURCES.txt'
[0.801s] writing manifest file 'minibot_interfaces.egg-info/SOURCES.txt'
[0.847s] [100%] Built target ament_cmake_python_build_minibot_interfaces_egg
[1.128s] Invoked command in '/home/kiro04/pinkbot/build/minibot_interfaces' returned '0': CMAKE_PREFIX_PATH=${CMAKE_PREFIX_PATH}:/home/kiro04/pinkbot/install/yolo_package:/home/kiro04/pinkbot/install/minibot_marker:/opt/ros/humble /home/kiro04/.local/bin/cmake --build /home/kiro04/pinkbot/build/minibot_interfaces -- -j8 -l8
[1.407s] Invoking command in '/home/kiro04/pinkbot/build/minibot_interfaces': CMAKE_PREFIX_PATH=${CMAKE_PREFIX_PATH}:/home/kiro04/pinkbot/install/yolo_package:/home/kiro04/pinkbot/install/minibot_marker:/opt/ros/humble /home/kiro04/.local/bin/cmake --install /home/kiro04/pinkbot/build/minibot_interfaces
[1.598s] -- Install configuration: ""
[1.599s] -- Up-to-date: /home/kiro04/pinkbot/install/minibot_interfaces/share/ament_index/resource_index/rosidl_interfaces/minibot_interfaces
[1.600s] -- Up-to-date: /home/kiro04/pinkbot/install/minibot_interfaces/include/minibot_interfaces/minibot_interfaces
[1.600s] -- Up-to-date: /home/kiro04/pinkbot/install/minibot_interfaces/include/minibot_interfaces/minibot_interfaces/msg
[1.601s] -- Up-to-date: /home/kiro04/pinkbot/install/minibot_interfaces/include/minibot_interfaces/minibot_interfaces/msg/detail
[1.602s] -- Up-to-date: /home/kiro04/pinkbot/install/minibot_interfaces/include/minibot_interfaces/minibot_interfaces/msg/detail/robot_state__type_support.h
[1.603s] -- Up-to-date: /home/kiro04/pinkbot/install/minibot_interfaces/include/minibot_interfaces/minibot_interfaces/msg/detail/lamp_command__struct.h
[1.610s] -- Up-to-date: /home/kiro04/pinkbot/install/minibot_interfaces/include/minibot_interfaces/minibot_interfaces/msg/detail/robot_state__functions.c
[1.612s] -- Up-to-date: /home/kiro04/pinkbot/install/minibot_interfaces/include/minibot_interfaces/minibot_interfaces/msg/detail/lamp_command__functions.c
[1.613s] -- Up-to-date: /home/kiro04/pinkbot/install/minibot_interfaces/include/minibot_interfaces/minibot_interfaces/msg/detail/lamp_command__functions.h
[1.613s] -- Up-to-date: /home/kiro04/pinkbot/install/minibot_interfaces/include/minibot_interfaces/minibot_interfaces/msg/detail/robot_state__struct.h
[1.614s] -- Up-to-date: /home/kiro04/pinkbot/install/minibot_interfaces/include/minibot_interfaces/minibot_interfaces/msg/detail/robot_state__functions.h
[1.614s] -- Up-to-date: /home/kiro04/pinkbot/install/minibot_interfaces/include/minibot_interfaces/minibot_interfaces/msg/detail/lamp_command__type_support.h
[1.615s] -- Up-to-date: /home/kiro04/pinkbot/install/minibot_interfaces/include/minibot_interfaces/minibot_interfaces/msg/rosidl_generator_c__visibility_control.h
[1.620s] -- Up-to-date: /home/kiro04/pinkbot/install/minibot_interfaces/include/minibot_interfaces/minibot_interfaces/msg/robot_state.h
[1.621s] -- Up-to-date: /home/kiro04/pinkbot/install/minibot_interfaces/include/minibot_interfaces/minibot_interfaces/msg/lamp_command.h
[1.621s] -- Up-to-date: /home/kiro04/pinkbot/install/minibot_interfaces/share/minibot_interfaces/environment/library_path.sh
[1.622s] -- Up-to-date: /home/kiro04/pinkbot/install/minibot_interfaces/share/minibot_interfaces/environment/library_path.dsv
[1.622s] -- Up-to-date: /home/kiro04/pinkbot/install/minibot_interfaces/lib/libminibot_interfaces__rosidl_generator_c.so
[1.622s] -- Up-to-date: /home/kiro04/pinkbot/install/minibot_interfaces/include/minibot_interfaces/minibot_interfaces
[1.622s] -- Up-to-date: /home/kiro04/pinkbot/install/minibot_interfaces/include/minibot_interfaces/minibot_interfaces/msg
[1.623s] -- Up-to-date: /home/kiro04/pinkbot/install/minibot_interfaces/include/minibot_interfaces/minibot_interfaces/msg/rosidl_typesupport_fastrtps_c__visibility_control.h
[1.623s] -- Up-to-date: /home/kiro04/pinkbot/install/minibot_interfaces/include/minibot_interfaces/minibot_interfaces/msg/detail
[1.624s] -- Up-to-date: /home/kiro04/pinkbot/install/minibot_interfaces/include/minibot_interfaces/minibot_interfaces/msg/detail/lamp_command__rosidl_typesupport_fastrtps_c.h
[1.624s] -- Up-to-date: /home/kiro04/pinkbot/install/minibot_interfaces/include/minibot_interfaces/minibot_interfaces/msg/detail/robot_state__rosidl_typesupport_fastrtps_c.h
[1.626s] -- Up-to-date: /home/kiro04/pinkbot/install/minibot_interfaces/lib/libminibot_interfaces__rosidl_typesupport_fastrtps_c.so
[1.626s] -- Up-to-date: /home/kiro04/pinkbot/install/minibot_interfaces/include/minibot_interfaces/minibot_interfaces
[1.626s] -- Up-to-date: /home/kiro04/pinkbot/install/minibot_interfaces/include/minibot_interfaces/minibot_interfaces/msg
[1.627s] -- Up-to-date: /home/kiro04/pinkbot/install/minibot_interfaces/include/minibot_interfaces/minibot_interfaces/msg/robot_state.hpp
[1.633s] -- Up-to-date: /home/kiro04/pinkbot/install/minibot_interfaces/include/minibot_interfaces/minibot_interfaces/msg/detail
[1.634s] -- Up-to-date: /home/kiro04/pinkbot/install/minibot_interfaces/include/minibot_interfaces/minibot_interfaces/msg/detail/lamp_command__struct.hpp
[1.635s] -- Up-to-date: /home/kiro04/pinkbot/install/minibot_interfaces/include/minibot_interfaces/minibot_interfaces/msg/detail/robot_state__builder.hpp
[1.636s] -- Up-to-date: /home/kiro04/pinkbot/install/minibot_interfaces/include/minibot_interfaces/minibot_interfaces/msg/detail/lamp_command__traits.hpp
[1.636s] -- Up-to-date: /home/kiro04/pinkbot/install/minibot_interfaces/include/minibot_interfaces/minibot_interfaces/msg/detail/lamp_command__builder.hpp
[1.637s] -- Up-to-date: /home/kiro04/pinkbot/install/minibot_interfaces/include/minibot_interfaces/minibot_interfaces/msg/detail/robot_state__traits.hpp
[1.637s] -- Up-to-date: /home/kiro04/pinkbot/install/minibot_interfaces/include/minibot_interfaces/minibot_interfaces/msg/detail/robot_state__struct.hpp
[1.638s] -- Up-to-date: /home/kiro04/pinkbot/install/minibot_interfaces/include/minibot_interfaces/minibot_interfaces/msg/lamp_command.hpp
[1.638s] -- Up-to-date: /home/kiro04/pinkbot/install/minibot_interfaces/include/minibot_interfaces/minibot_interfaces
[1.639s] -- Up-to-date: /home/kiro04/pinkbot/install/minibot_interfaces/include/minibot_interfaces/minibot_interfaces/msg
[1.639s] -- Up-to-date: /home/kiro04/pinkbot/install/minibot_interfaces/include/minibot_interfaces/minibot_interfaces/msg/detail
[1.639s] -- Up-to-date: /home/kiro04/pinkbot/install/minibot_interfaces/include/minibot_interfaces/minibot_interfaces/msg/detail/dds_fastrtps
[1.640s] -- Up-to-date: /home/kiro04/pinkbot/install/minibot_interfaces/include/minibot_interfaces/minibot_interfaces/msg/detail/robot_state__rosidl_typesupport_fastrtps_cpp.hpp
[1.641s] -- Up-to-date: /home/kiro04/pinkbot/install/minibot_interfaces/include/minibot_interfaces/minibot_interfaces/msg/detail/lamp_command__rosidl_typesupport_fastrtps_cpp.hpp
[1.641s] -- Up-to-date: /home/kiro04/pinkbot/install/minibot_interfaces/include/minibot_interfaces/minibot_interfaces/msg/rosidl_typesupport_fastrtps_cpp__visibility_control.h
[1.641s] -- Up-to-date: /home/kiro04/pinkbot/install/minibot_interfaces/lib/libminibot_interfaces__rosidl_typesupport_fastrtps_cpp.so
[1.642s] -- Up-to-date: /home/kiro04/pinkbot/install/minibot_interfaces/include/minibot_interfaces/minibot_interfaces
[1.642s] -- Up-to-date: /home/kiro04/pinkbot/install/minibot_interfaces/include/minibot_interfaces/minibot_interfaces/msg
[1.643s] -- Up-to-date: /home/kiro04/pinkbot/install/minibot_interfaces/include/minibot_interfaces/minibot_interfaces/msg/detail
[1.643s] -- Up-to-date: /home/kiro04/pinkbot/install/minibot_interfaces/include/minibot_interfaces/minibot_interfaces/msg/detail/robot_state__rosidl_typesupport_introspection_c.h
[1.645s] -- Up-to-date: /home/kiro04/pinkbot/install/minibot_interfaces/include/minibot_interfaces/minibot_interfaces/msg/detail/lamp_command__type_support.c
[1.646s] -- Up-to-date: /home/kiro04/pinkbot/install/minibot_interfaces/include/minibot_interfaces/minibot_interfaces/msg/detail/robot_state__type_support.c
[1.654s] -- Up-to-date: /home/kiro04/pinkbot/install/minibot_interfaces/include/minibot_interfaces/minibot_interfaces/msg/detail/lamp_command__rosidl_typesupport_introspection_c.h
[1.654s] -- Up-to-date: /home/kiro04/pinkbot/install/minibot_interfaces/include/minibot_interfaces/minibot_interfaces/msg/rosidl_typesupport_introspection_c__visibility_control.h
[1.655s] -- Up-to-date: /home/kiro04/pinkbot/install/minibot_interfaces/lib/libminibot_interfaces__rosidl_typesupport_introspection_c.so
[1.655s] -- Up-to-date: /home/kiro04/pinkbot/install/minibot_interfaces/lib/libminibot_interfaces__rosidl_typesupport_c.so
[1.655s] -- Up-to-date: /home/kiro04/pinkbot/install/minibot_interfaces/include/minibot_interfaces/minibot_interfaces
[1.656s] -- Up-to-date: /home/kiro04/pinkbot/install/minibot_interfaces/include/minibot_interfaces/minibot_interfaces/msg
[1.656s] -- Up-to-date: /home/kiro04/pinkbot/install/minibot_interfaces/include/minibot_interfaces/minibot_interfaces/msg/detail
[1.656s] -- Up-to-date: /home/kiro04/pinkbot/install/minibot_interfaces/include/minibot_interfaces/minibot_interfaces/msg/detail/lamp_command__type_support.cpp
[1.657s] -- Up-to-date: /home/kiro04/pinkbot/install/minibot_interfaces/include/minibot_interfaces/minibot_interfaces/msg/detail/robot_state__rosidl_typesupport_introspection_cpp.hpp
[1.657s] -- Up-to-date: /home/kiro04/pinkbot/install/minibot_interfaces/include/minibot_interfaces/minibot_interfaces/msg/detail/robot_state__type_support.cpp
[1.657s] -- Up-to-date: /home/kiro04/pinkbot/install/minibot_interfaces/include/minibot_interfaces/minibot_interfaces/msg/detail/lamp_command__rosidl_typesupport_introspection_cpp.hpp
[1.658s] -- Up-to-date: /home/kiro04/pinkbot/install/minibot_interfaces/lib/libminibot_interfaces__rosidl_typesupport_introspection_cpp.so
[1.658s] -- Up-to-date: /home/kiro04/pinkbot/install/minibot_interfaces/lib/libminibot_interfaces__rosidl_typesupport_cpp.so
[1.658s] -- Up-to-date: /home/kiro04/pinkbot/install/minibot_interfaces/share/minibot_interfaces/environment/pythonpath.sh
[1.659s] -- Up-to-date: /home/kiro04/pinkbot/install/minibot_interfaces/share/minibot_interfaces/environment/pythonpath.dsv
[1.659s] -- Up-to-date: /home/kiro04/pinkbot/install/minibot_interfaces/local/lib/python3.10/dist-packages/minibot_interfaces-0.0.0-py3.10.egg-info
[1.659s] -- Installing: /home/kiro04/pinkbot/install/minibot_interfaces/local/lib/python3.10/dist-packages/minibot_interfaces-0.0.0-py3.10.egg-info/top_level.txt
[1.659s] -- Installing: /home/kiro04/pinkbot/install/minibot_interfaces/local/lib/python3.10/dist-packages/minibot_interfaces-0.0.0-py3.10.egg-info/SOURCES.txt
[1.660s] -- Installing: /home/kiro04/pinkbot/install/minibot_interfaces/local/lib/python3.10/dist-packages/minibot_interfaces-0.0.0-py3.10.egg-info/dependency_links.txt
[1.660s] -- Installing: /home/kiro04/pinkbot/install/minibot_interfaces/local/lib/python3.10/dist-packages/minibot_interfaces-0.0.0-py3.10.egg-info/PKG-INFO
[1.660s] -- Up-to-date: /home/kiro04/pinkbot/install/minibot_interfaces/local/lib/python3.10/dist-packages/minibot_interfaces
[1.661s] -- Up-to-date: /home/kiro04/pinkbot/install/minibot_interfaces/local/lib/python3.10/dist-packages/minibot_interfaces/__init__.py
[1.666s] -- Up-to-date: /home/kiro04/pinkbot/install/minibot_interfaces/local/lib/python3.10/dist-packages/minibot_interfaces/msg
[1.666s] -- Up-to-date: /home/kiro04/pinkbot/install/minibot_interfaces/local/lib/python3.10/dist-packages/minibot_interfaces/msg/__init__.py
[1.666s] -- Up-to-date: /home/kiro04/pinkbot/install/minibot_interfaces/local/lib/python3.10/dist-packages/minibot_interfaces/msg/_lamp_command.py
[1.666s] -- Up-to-date: /home/kiro04/pinkbot/install/minibot_interfaces/local/lib/python3.10/dist-packages/minibot_interfaces/msg/_lamp_command_s.c
[1.668s] -- Up-to-date: /home/kiro04/pinkbot/install/minibot_interfaces/local/lib/python3.10/dist-packages/minibot_interfaces/msg/_robot_state.py
[1.669s] -- Up-to-date: /home/kiro04/pinkbot/install/minibot_interfaces/local/lib/python3.10/dist-packages/minibot_interfaces/msg/_robot_state_s.c
[1.669s] -- Up-to-date: /home/kiro04/pinkbot/install/minibot_interfaces/local/lib/python3.10/dist-packages/minibot_interfaces/_minibot_interfaces_s.ep.rosidl_typesupport_fastrtps_c.c
[1.670s] -- Up-to-date: /home/kiro04/pinkbot/install/minibot_interfaces/local/lib/python3.10/dist-packages/minibot_interfaces/_minibot_interfaces_s.ep.rosidl_typesupport_introspection_c.c
[1.671s] -- Up-to-date: /home/kiro04/pinkbot/install/minibot_interfaces/local/lib/python3.10/dist-packages/minibot_interfaces/minibot_interfaces_s__rosidl_typesupport_introspection_c.cpython-310-x86_64-linux-gnu.so
[1.672s] -- Up-to-date: /home/kiro04/pinkbot/install/minibot_interfaces/local/lib/python3.10/dist-packages/minibot_interfaces/minibot_interfaces_s__rosidl_typesupport_fastrtps_c.cpython-310-x86_64-linux-gnu.so
[1.673s] -- Up-to-date: /home/kiro04/pinkbot/install/minibot_interfaces/local/lib/python3.10/dist-packages/minibot_interfaces/minibot_interfaces_s__rosidl_typesupport_c.cpython-310-x86_64-linux-gnu.so
[1.679s] -- Up-to-date: /home/kiro04/pinkbot/install/minibot_interfaces/local/lib/python3.10/dist-packages/minibot_interfaces/libminibot_interfaces__rosidl_generator_py.so
[1.679s] -- Up-to-date: /home/kiro04/pinkbot/install/minibot_interfaces/local/lib/python3.10/dist-packages/minibot_interfaces/_minibot_interfaces_s.ep.rosidl_typesupport_c.c
[1.681s] Listing '/home/kiro04/pinkbot/install/minibot_interfaces/local/lib/python3.10/dist-packages/minibot_interfaces'...
[1.683s] Listing '/home/kiro04/pinkbot/install/minibot_interfaces/local/lib/python3.10/dist-packages/minibot_interfaces/msg'...
[1.683s] -- Up-to-date: /home/kiro04/pinkbot/install/minibot_interfaces/local/lib/python3.10/dist-packages/minibot_interfaces/minibot_interfaces_s__rosidl_typesupport_fastrtps_c.cpython-310-x86_64-linux-gnu.so
[1.684s] -- Up-to-date: /home/kiro04/pinkbot/install/minibot_interfaces/local/lib/python3.10/dist-packages/minibot_interfaces/minibot_interfaces_s__rosidl_typesupport_introspection_c.cpython-310-x86_64-linux-gnu.so
[1.684s] -- Up-to-date: /home/kiro04/pinkbot/install/minibot_interfaces/local/lib/python3.10/dist-packages/minibot_interfaces/minibot_interfaces_s__rosidl_typesupport_c.cpython-310-x86_64-linux-gnu.so
[1.685s] -- Up-to-date: /home/kiro04/pinkbot/install/minibot_interfaces/lib/libminibot_interfaces__rosidl_generator_py.so
[1.686s] -- Up-to-date: /home/kiro04/pinkbot/install/minibot_interfaces/share/minibot_interfaces/msg/LampCommand.idl
[1.687s] -- Up-to-date: /home/kiro04/pinkbot/install/minibot_interfaces/share/minibot_interfaces/msg/RobotState.idl
[1.693s] -- Up-to-date: /home/kiro04/pinkbot/install/minibot_interfaces/share/minibot_interfaces/msg/LampCommand.msg
[1.696s] -- Up-to-date: /home/kiro04/pinkbot/install/minibot_interfaces/share/minibot_interfaces/msg/RobotState.msg
[1.697s] -- Up-to-date: /home/kiro04/pinkbot/install/minibot_interfaces/share/ament_index/resource_index/package_run_dependencies/minibot_interfaces
[1.698s] -- Up-to-date: /home/kiro04/pinkbot/install/minibot_interfaces/share/ament_index/resource_index/parent_prefix_path/minibot_interfaces
[1.699s] -- Up-to-date: /home/kiro04/pinkbot/install/minibot_interfaces/share/minibot_interfaces/environment/ament_prefix_path.sh
[1.700s] -- Up-to-date: /home/kiro04/pinkbot/install/minibot_interfaces/share/minibot_interfaces/environment/ament_prefix_path.dsv
[1.701s] -- Up-to-date: /home/kiro04/pinkbot/install/minibot_interfaces/share/minibot_interfaces/environment/path.sh
[1.701s] -- Up-to-date: /home/kiro04/pinkbot/install/minibot_interfaces/share/minibot_interfaces/environment/path.dsv
[1.702s] -- Up-to-date: /home/kiro04/pinkbot/install/minibot_interfaces/share/minibot_interfaces/local_setup.bash
[1.702s] -- Up-to-date: /home/kiro04/pinkbot/install/minibot_interfaces/share/minibot_interfaces/local_setup.sh
[1.702s] -- Up-to-date: /home/kiro04/pinkbot/install/minibot_interfaces/share/minibot_interfaces/local_setup.zsh
[1.702s] -- Up-to-date: /home/kiro04/pinkbot/install/minibot_interfaces/share/minibot_interfaces/local_setup.dsv
[1.702s] -- Installing: /home/kiro04/pinkbot/install/minibot_interfaces/share/minibot_interfaces/package.dsv
[1.703s] -- Up-to-date: /home/kiro04/pinkbot/install/minibot_interfaces/share/ament_index/resource_index/packages/minibot_interfaces
[1.703s] -- Up-to-date: /home/kiro04/pinkbot/install/minibot_interfaces/share/minibot_interfaces/cmake/export_minibot_interfaces__rosidl_generator_cExport.cmake
[1.704s] -- Up-to-date: /home/kiro04/pinkbot/install/minibot_interfaces/share/minibot_interfaces/cmake/export_minibot_interfaces__rosidl_generator_cExport-noconfig.cmake
[1.704s] -- Up-to-date: /home/kiro04/pinkbot/install/minibot_interfaces/share/minibot_interfaces/cmake/export_minibot_interfaces__rosidl_typesupport_fastrtps_cExport.cmake
[1.705s] -- Up-to-date: /home/kiro04/pinkbot/install/minibot_interfaces/share/minibot_interfaces/cmake/export_minibot_interfaces__rosidl_typesupport_fastrtps_cExport-noconfig.cmake
[1.705s] -- Up-to-date: /home/kiro04/pinkbot/install/minibot_interfaces/share/minibot_interfaces/cmake/export_minibot_interfaces__rosidl_generator_cppExport.cmake
[1.706s] -- Up-to-date: /home/kiro04/pinkbot/install/minibot_interfaces/share/minibot_interfaces/cmake/export_minibot_interfaces__rosidl_typesupport_fastrtps_cppExport.cmake
[1.707s] -- Up-to-date: /home/kiro04/pinkbot/install/minibot_interfaces/share/minibot_interfaces/cmake/export_minibot_interfaces__rosidl_typesupport_fastrtps_cppExport-noconfig.cmake
[1.707s] -- Up-to-date: /home/kiro04/pinkbot/install/minibot_interfaces/share/minibot_interfaces/cmake/minibot_interfaces__rosidl_typesupport_introspection_cExport.cmake
[1.707s] -- Up-to-date: /home/kiro04/pinkbot/install/minibot_interfaces/share/minibot_interfaces/cmake/minibot_interfaces__rosidl_typesupport_introspection_cExport-noconfig.cmake
[1.709s] -- Up-to-date: /home/kiro04/pinkbot/install/minibot_interfaces/share/minibot_interfaces/cmake/minibot_interfaces__rosidl_typesupport_cExport.cmake
[1.710s] -- Up-to-date: /home/kiro04/pinkbot/install/minibot_interfaces/share/minibot_interfaces/cmake/minibot_interfaces__rosidl_typesupport_cExport-noconfig.cmake
[1.712s] -- Up-to-date: /home/kiro04/pinkbot/install/minibot_interfaces/share/minibot_interfaces/cmake/minibot_interfaces__rosidl_typesupport_introspection_cppExport.cmake
[1.712s] -- Up-to-date: /home/kiro04/pinkbot/install/minibot_interfaces/share/minibot_interfaces/cmake/minibot_interfaces__rosidl_typesupport_introspection_cppExport-noconfig.cmake
[1.713s] -- Up-to-date: /home/kiro04/pinkbot/install/minibot_interfaces/share/minibot_interfaces/cmake/minibot_interfaces__rosidl_typesupport_cppExport.cmake
[1.713s] -- Up-to-date: /home/kiro04/pinkbot/install/minibot_interfaces/share/minibot_interfaces/cmake/minibot_interfaces__rosidl_typesupport_cppExport-noconfig.cmake
[1.713s] -- Up-to-date: /home/kiro04/pinkbot/install/minibot_interfaces/share/minibot_interfaces/cmake/export_minibot_interfaces__rosidl_generator_pyExport.cmake
[1.720s] -- Up-to-date: /home/kiro04/pinkbot/install/minibot_interfaces/share/minibot_interfaces/cmake/export_minibot_interfaces__rosidl_generator_pyExport-noconfig.cmake
[1.721s] -- Up-to-date: /home/kiro04/pinkbot/install/minibot_interfaces/share/minibot_interfaces/cmake/rosidl_cmake-extras.cmake
[1.722s] -- Up-to-date: /home/kiro04/pinkbot/install/minibot_interfaces/share/minibot_interfaces/cmake/ament_cmake_export_dependencies-extras.cmake
[1.722s] -- Up-to-date: /home/kiro04/pinkbot/install/minibot_interfaces/share/minibot_interfaces/cmake/ament_cmake_export_include_directories-extras.cmake
[1.723s] -- Up-to-date: /home/kiro04/pinkbot/install/minibot_interfaces/share/minibot_interfaces/cmake/ament_cmake_export_libraries-extras.cmake
[1.723s] -- Up-to-date: /home/kiro04/pinkbot/install/minibot_interfaces/share/minibot_interfaces/cmake/ament_cmake_export_targets-extras.cmake
[1.723s] -- Up-to-date: /home/kiro04/pinkbot/install/minibot_interfaces/share/minibot_interfaces/cmake/rosidl_cmake_export_typesupport_targets-extras.cmake
[1.723s] -- Up-to-date: /home/kiro04/pinkbot/install/minibot_interfaces/share/minibot_interfaces/cmake/rosidl_cmake_export_typesupport_libraries-extras.cmake
[1.724s] -- Up-to-date: /home/kiro04/pinkbot/install/minibot_interfaces/share/minibot_interfaces/cmake/minibot_interfacesConfig.cmake
[1.724s] -- Up-to-date: /home/kiro04/pinkbot/install/minibot_interfaces/share/minibot_interfaces/cmake/minibot_interfacesConfig-version.cmake
[1.724s] -- Up-to-date: /home/kiro04/pinkbot/install/minibot_interfaces/share/minibot_interfaces/package.xml
[1.725s] Invoked command in '/home/kiro04/pinkbot/build/minibot_interfaces' returned '0': CMAKE_PREFIX_PATH=${CMAKE_PREFIX_PATH}:/home/kiro04/pinkbot/install/yolo_package:/home/kiro04/pinkbot/install/minibot_marker:/opt/ros/humble /home/kiro04/.local/bin/cmake --install /home/kiro04/pinkbot/build/minibot_interfaces
