running egg_info
creating ../../build/yolo_package/yolo_package.egg-info
writing ../../build/yolo_package/yolo_package.egg-info/PKG-INFO
writing dependency_links to ../../build/yolo_package/yolo_package.egg-info/dependency_links.txt
writing entry points to ../../build/yolo_package/yolo_package.egg-info/entry_points.txt
writing requirements to ../../build/yolo_package/yolo_package.egg-info/requires.txt
writing top-level names to ../../build/yolo_package/yolo_package.egg-info/top_level.txt
writing manifest file '../../build/yolo_package/yolo_package.egg-info/SOURCES.txt'
reading manifest file '../../build/yolo_package/yolo_package.egg-info/SOURCES.txt'
writing manifest file '../../build/yolo_package/yolo_package.egg-info/SOURCES.txt'
running build
running build_py
creating /home/kiro04/pinkbot/build/yolo_package/build
creating /home/kiro04/pinkbot/build/yolo_package/build/lib
creating /home/kiro04/pinkbot/build/yolo_package/build/lib/yolo_package
copying yolo_package/__init__.py -> /home/kiro04/pinkbot/build/yolo_package/build/lib/yolo_package
copying yolo_package/yolo_node.py -> /home/kiro04/pinkbot/build/yolo_package/build/lib/yolo_package
running install
running install_lib
creating /home/kiro04/pinkbot/install/yolo_package/lib/python3.10/site-packages/yolo_package
copying /home/kiro04/pinkbot/build/yolo_package/build/lib/yolo_package/__init__.py -> /home/kiro04/pinkbot/install/yolo_package/lib/python3.10/site-packages/yolo_package
copying /home/kiro04/pinkbot/build/yolo_package/build/lib/yolo_package/yolo_node.py -> /home/kiro04/pinkbot/install/yolo_package/lib/python3.10/site-packages/yolo_package
byte-compiling /home/kiro04/pinkbot/install/yolo_package/lib/python3.10/site-packages/yolo_package/__init__.py to __init__.cpython-310.pyc
byte-compiling /home/kiro04/pinkbot/install/yolo_package/lib/python3.10/site-packages/yolo_package/yolo_node.py to yolo_node.cpython-310.pyc
running install_data
creating /home/kiro04/pinkbot/install/yolo_package/share/ament_index
creating /home/kiro04/pinkbot/install/yolo_package/share/ament_index/resource_index
creating /home/kiro04/pinkbot/install/yolo_package/share/ament_index/resource_index/packages
copying resource/yolo_package -> /home/kiro04/pinkbot/install/yolo_package/share/ament_index/resource_index/packages
copying package.xml -> /home/kiro04/pinkbot/install/yolo_package/share/yolo_package
running install_egg_info
Copying ../../build/yolo_package/yolo_package.egg-info to /home/kiro04/pinkbot/install/yolo_package/lib/python3.10/site-packages/yolo_package-0.0.0-py3.10.egg-info
running install_scripts
Installing yolo_node script to /home/kiro04/pinkbot/install/yolo_package/lib/yolo_package
writing list of installed files to '/home/kiro04/pinkbot/build/yolo_package/install.log'
