[1.639s] Invoking command in '/home/kiro04/pinkbot/src/yolo_package': PYTHONPATH=/home/kiro04/pinkbot/build/yolo_package/prefix_override:/home/kiro04/pinkbot/install/yolo_package/lib/python3.10/site-packages:${PYTHONPATH} /usr/bin/python3 setup.py egg_info --egg-base ../../build/yolo_package build --build-base /home/kiro04/pinkbot/build/yolo_package/build install --record /home/kiro04/pinkbot/build/yolo_package/install.log --single-version-externally-managed
[2.158s] running egg_info
[2.159s] creating ../../build/yolo_package/yolo_package.egg-info
[2.159s] writing ../../build/yolo_package/yolo_package.egg-info/PKG-INFO
[2.160s] writing dependency_links to ../../build/yolo_package/yolo_package.egg-info/dependency_links.txt
[2.160s] writing entry points to ../../build/yolo_package/yolo_package.egg-info/entry_points.txt
[2.160s] writing requirements to ../../build/yolo_package/yolo_package.egg-info/requires.txt
[2.161s] writing top-level names to ../../build/yolo_package/yolo_package.egg-info/top_level.txt
[2.161s] writing manifest file '../../build/yolo_package/yolo_package.egg-info/SOURCES.txt'
[2.164s] reading manifest file '../../build/yolo_package/yolo_package.egg-info/SOURCES.txt'
[2.165s] writing manifest file '../../build/yolo_package/yolo_package.egg-info/SOURCES.txt'
[2.166s] running build
[2.166s] running build_py
[2.166s] creating /home/kiro04/pinkbot/build/yolo_package/build
[2.166s] creating /home/kiro04/pinkbot/build/yolo_package/build/lib
[2.166s] creating /home/kiro04/pinkbot/build/yolo_package/build/lib/yolo_package
[2.167s] copying yolo_package/__init__.py -> /home/kiro04/pinkbot/build/yolo_package/build/lib/yolo_package
[2.167s] copying yolo_package/yolo_node.py -> /home/kiro04/pinkbot/build/yolo_package/build/lib/yolo_package
[2.167s] running install
[2.167s] /usr/lib/python3/dist-packages/setuptools/command/install.py:34: SetuptoolsDeprecationWarning: setup.py install is deprecated. Use build and pip and other standards-based tools.
[2.167s]   warnings.warn(
[2.168s] running install_lib
[2.169s] creating /home/kiro04/pinkbot/install/yolo_package/lib/python3.10/site-packages/yolo_package
[2.169s] copying /home/kiro04/pinkbot/build/yolo_package/build/lib/yolo_package/__init__.py -> /home/kiro04/pinkbot/install/yolo_package/lib/python3.10/site-packages/yolo_package
[2.170s] copying /home/kiro04/pinkbot/build/yolo_package/build/lib/yolo_package/yolo_node.py -> /home/kiro04/pinkbot/install/yolo_package/lib/python3.10/site-packages/yolo_package
[2.170s] byte-compiling /home/kiro04/pinkbot/install/yolo_package/lib/python3.10/site-packages/yolo_package/__init__.py to __init__.cpython-310.pyc
[2.171s] byte-compiling /home/kiro04/pinkbot/install/yolo_package/lib/python3.10/site-packages/yolo_package/yolo_node.py to yolo_node.cpython-310.pyc
[2.171s] running install_data
[2.172s] creating /home/kiro04/pinkbot/install/yolo_package/share/ament_index
[2.173s] creating /home/kiro04/pinkbot/install/yolo_package/share/ament_index/resource_index
[2.173s] creating /home/kiro04/pinkbot/install/yolo_package/share/ament_index/resource_index/packages
[2.173s] copying resource/yolo_package -> /home/kiro04/pinkbot/install/yolo_package/share/ament_index/resource_index/packages
[2.173s] copying package.xml -> /home/kiro04/pinkbot/install/yolo_package/share/yolo_package
[2.173s] running install_egg_info
[2.176s] Copying ../../build/yolo_package/yolo_package.egg-info to /home/kiro04/pinkbot/install/yolo_package/lib/python3.10/site-packages/yolo_package-0.0.0-py3.10.egg-info
[2.178s] running install_scripts
[2.219s] Installing yolo_node script to /home/kiro04/pinkbot/install/yolo_package/lib/yolo_package
[2.219s] writing list of installed files to '/home/kiro04/pinkbot/build/yolo_package/install.log'
[2.260s] Invoked command in '/home/kiro04/pinkbot/src/yolo_package' returned '0': PYTHONPATH=/home/kiro04/pinkbot/build/yolo_package/prefix_override:/home/kiro04/pinkbot/install/yolo_package/lib/python3.10/site-packages:${PYTHONPATH} /usr/bin/python3 setup.py egg_info --egg-base ../../build/yolo_package build --build-base /home/kiro04/pinkbot/build/yolo_package/build install --record /home/kiro04/pinkbot/build/yolo_package/install.log --single-version-externally-managed
