[0.112s] Invoking command in '/home/kiro04/pinkbot/build/minibot_interfaces': CMAKE_PREFIX_PATH=/opt/ros/humble /home/kiro04/.local/bin/cmake --build /home/kiro04/pinkbot/build/minibot_interfaces -- -j8 -l8
[0.934s] [  2%] Built target minibot_interfaces__cpp
[0.935s] [ 12%] Built target minibot_interfaces__rosidl_generator_c
[0.935s] [ 12%] Built target ament_cmake_python_copy_minibot_interfaces
[0.936s] [ 23%] Built target minibot_interfaces__rosidl_typesupport_cpp
[0.936s] [ 33%] Built target minibot_interfaces__rosidl_typesupport_fastrtps_c
[0.936s] [ 43%] Built target minibot_interfaces__rosidl_typesupport_introspection_cpp
[0.936s] [ 53%] Built target minibot_interfaces__rosidl_typesupport_fastrtps_cpp
[0.936s] [ 64%] Built target minibot_interfaces__rosidl_typesupport_c
[0.937s] [ 74%] Built target minibot_interfaces__rosidl_typesupport_introspection_c
[0.937s] [ 74%] Built target minibot_interfaces
[0.937s] [ 76%] Built target minibot_interfaces__py
[0.937s] [ 84%] Built target minibot_interfaces__rosidl_generator_py
[0.939s] [ 94%] Built target minibot_interfaces__rosidl_typesupport_introspection_c__pyext
[0.939s] [ 94%] Built target minibot_interfaces__rosidl_typesupport_c__pyext
[0.939s] [100%] Built target minibot_interfaces__rosidl_typesupport_fastrtps_c__pyext
[1.183s] running egg_info
[1.184s] writing minibot_interfaces.egg-info/PKG-INFO
[1.184s] writing dependency_links to minibot_interfaces.egg-info/dependency_links.txt
[1.185s] writing top-level names to minibot_interfaces.egg-info/top_level.txt
[1.189s] reading manifest file 'minibot_interfaces.egg-info/SOURCES.txt'
[1.191s] writing manifest file 'minibot_interfaces.egg-info/SOURCES.txt'
[1.236s] [100%] Built target ament_cmake_python_build_minibot_interfaces_egg
[1.555s] Invoked command in '/home/kiro04/pinkbot/build/minibot_interfaces' returned '0': CMAKE_PREFIX_PATH=/opt/ros/humble /home/kiro04/.local/bin/cmake --build /home/kiro04/pinkbot/build/minibot_interfaces -- -j8 -l8
[1.893s] Invoking command in '/home/kiro04/pinkbot/build/minibot_interfaces': CMAKE_PREFIX_PATH=/opt/ros/humble /home/kiro04/.local/bin/cmake --install /home/kiro04/pinkbot/build/minibot_interfaces
[2.050s] -- Install configuration: ""
[2.051s] -- Up-to-date: /home/kiro04/pinkbot/install/minibot_interfaces/share/ament_index/resource_index/rosidl_interfaces/minibot_interfaces
[2.051s] -- Up-to-date: /home/kiro04/pinkbot/install/minibot_interfaces/include/minibot_interfaces/minibot_interfaces
[2.051s] -- Up-to-date: /home/kiro04/pinkbot/install/minibot_interfaces/include/minibot_interfaces/minibot_interfaces/msg
[2.051s] -- Up-to-date: /home/kiro04/pinkbot/install/minibot_interfaces/include/minibot_interfaces/minibot_interfaces/msg/detail
[2.052s] -- Up-to-date: /home/kiro04/pinkbot/install/minibot_interfaces/include/minibot_interfaces/minibot_interfaces/msg/detail/robot_state__type_support.h
[2.054s] -- Up-to-date: /home/kiro04/pinkbot/install/minibot_interfaces/include/minibot_interfaces/minibot_interfaces/msg/detail/lamp_command__struct.h
[2.054s] -- Up-to-date: /home/kiro04/pinkbot/install/minibot_interfaces/include/minibot_interfaces/minibot_interfaces/msg/detail/robot_state__functions.c
[2.054s] -- Up-to-date: /home/kiro04/pinkbot/install/minibot_interfaces/include/minibot_interfaces/minibot_interfaces/msg/detail/lamp_command__functions.c
[2.054s] -- Up-to-date: /home/kiro04/pinkbot/install/minibot_interfaces/include/minibot_interfaces/minibot_interfaces/msg/detail/lamp_command__functions.h
[2.055s] -- Up-to-date: /home/kiro04/pinkbot/install/minibot_interfaces/include/minibot_interfaces/minibot_interfaces/msg/detail/robot_state__struct.h
[2.056s] -- Up-to-date: /home/kiro04/pinkbot/install/minibot_interfaces/include/minibot_interfaces/minibot_interfaces/msg/detail/robot_state__functions.h
[2.056s] -- Up-to-date: /home/kiro04/pinkbot/install/minibot_interfaces/include/minibot_interfaces/minibot_interfaces/msg/detail/lamp_command__type_support.h
[2.056s] -- Up-to-date: /home/kiro04/pinkbot/install/minibot_interfaces/include/minibot_interfaces/minibot_interfaces/msg/rosidl_generator_c__visibility_control.h
[2.058s] -- Up-to-date: /home/kiro04/pinkbot/install/minibot_interfaces/include/minibot_interfaces/minibot_interfaces/msg/robot_state.h
[2.058s] -- Up-to-date: /home/kiro04/pinkbot/install/minibot_interfaces/include/minibot_interfaces/minibot_interfaces/msg/lamp_command.h
[2.058s] -- Up-to-date: /home/kiro04/pinkbot/install/minibot_interfaces/share/minibot_interfaces/environment/library_path.sh
[2.065s] -- Up-to-date: /home/kiro04/pinkbot/install/minibot_interfaces/share/minibot_interfaces/environment/library_path.dsv
[2.066s] -- Up-to-date: /home/kiro04/pinkbot/install/minibot_interfaces/lib/libminibot_interfaces__rosidl_generator_c.so
[2.067s] -- Up-to-date: /home/kiro04/pinkbot/install/minibot_interfaces/include/minibot_interfaces/minibot_interfaces
[2.067s] -- Up-to-date: /home/kiro04/pinkbot/install/minibot_interfaces/include/minibot_interfaces/minibot_interfaces/msg
[2.067s] -- Up-to-date: /home/kiro04/pinkbot/install/minibot_interfaces/include/minibot_interfaces/minibot_interfaces/msg/rosidl_typesupport_fastrtps_c__visibility_control.h
[2.067s] -- Up-to-date: /home/kiro04/pinkbot/install/minibot_interfaces/include/minibot_interfaces/minibot_interfaces/msg/detail
[2.067s] -- Up-to-date: /home/kiro04/pinkbot/install/minibot_interfaces/include/minibot_interfaces/minibot_interfaces/msg/detail/lamp_command__rosidl_typesupport_fastrtps_c.h
[2.068s] -- Up-to-date: /home/kiro04/pinkbot/install/minibot_interfaces/include/minibot_interfaces/minibot_interfaces/msg/detail/robot_state__rosidl_typesupport_fastrtps_c.h
[2.068s] -- Up-to-date: /home/kiro04/pinkbot/install/minibot_interfaces/lib/libminibot_interfaces__rosidl_typesupport_fastrtps_c.so
[2.068s] -- Up-to-date: /home/kiro04/pinkbot/install/minibot_interfaces/include/minibot_interfaces/minibot_interfaces
[2.068s] -- Up-to-date: /home/kiro04/pinkbot/install/minibot_interfaces/include/minibot_interfaces/minibot_interfaces/msg
[2.068s] -- Up-to-date: /home/kiro04/pinkbot/install/minibot_interfaces/include/minibot_interfaces/minibot_interfaces/msg/robot_state.hpp
[2.068s] -- Up-to-date: /home/kiro04/pinkbot/install/minibot_interfaces/include/minibot_interfaces/minibot_interfaces/msg/detail
[2.069s] -- Up-to-date: /home/kiro04/pinkbot/install/minibot_interfaces/include/minibot_interfaces/minibot_interfaces/msg/detail/lamp_command__struct.hpp
[2.069s] -- Up-to-date: /home/kiro04/pinkbot/install/minibot_interfaces/include/minibot_interfaces/minibot_interfaces/msg/detail/robot_state__builder.hpp
[2.069s] -- Up-to-date: /home/kiro04/pinkbot/install/minibot_interfaces/include/minibot_interfaces/minibot_interfaces/msg/detail/lamp_command__traits.hpp
[2.069s] -- Up-to-date: /home/kiro04/pinkbot/install/minibot_interfaces/include/minibot_interfaces/minibot_interfaces/msg/detail/lamp_command__builder.hpp
[2.069s] -- Up-to-date: /home/kiro04/pinkbot/install/minibot_interfaces/include/minibot_interfaces/minibot_interfaces/msg/detail/robot_state__traits.hpp
[2.069s] -- Up-to-date: /home/kiro04/pinkbot/install/minibot_interfaces/include/minibot_interfaces/minibot_interfaces/msg/detail/robot_state__struct.hpp
[2.070s] -- Up-to-date: /home/kiro04/pinkbot/install/minibot_interfaces/include/minibot_interfaces/minibot_interfaces/msg/lamp_command.hpp
[2.070s] -- Up-to-date: /home/kiro04/pinkbot/install/minibot_interfaces/include/minibot_interfaces/minibot_interfaces
[2.070s] -- Up-to-date: /home/kiro04/pinkbot/install/minibot_interfaces/include/minibot_interfaces/minibot_interfaces/msg
[2.070s] -- Up-to-date: /home/kiro04/pinkbot/install/minibot_interfaces/include/minibot_interfaces/minibot_interfaces/msg/detail
[2.070s] -- Up-to-date: /home/kiro04/pinkbot/install/minibot_interfaces/include/minibot_interfaces/minibot_interfaces/msg/detail/dds_fastrtps
[2.071s] -- Up-to-date: /home/kiro04/pinkbot/install/minibot_interfaces/include/minibot_interfaces/minibot_interfaces/msg/detail/robot_state__rosidl_typesupport_fastrtps_cpp.hpp
[2.071s] -- Up-to-date: /home/kiro04/pinkbot/install/minibot_interfaces/include/minibot_interfaces/minibot_interfaces/msg/detail/lamp_command__rosidl_typesupport_fastrtps_cpp.hpp
[2.071s] -- Up-to-date: /home/kiro04/pinkbot/install/minibot_interfaces/include/minibot_interfaces/minibot_interfaces/msg/rosidl_typesupport_fastrtps_cpp__visibility_control.h
[2.071s] -- Up-to-date: /home/kiro04/pinkbot/install/minibot_interfaces/lib/libminibot_interfaces__rosidl_typesupport_fastrtps_cpp.so
[2.072s] -- Up-to-date: /home/kiro04/pinkbot/install/minibot_interfaces/include/minibot_interfaces/minibot_interfaces
[2.072s] -- Up-to-date: /home/kiro04/pinkbot/install/minibot_interfaces/include/minibot_interfaces/minibot_interfaces/msg
[2.073s] -- Up-to-date: /home/kiro04/pinkbot/install/minibot_interfaces/include/minibot_interfaces/minibot_interfaces/msg/detail
[2.073s] -- Up-to-date: /home/kiro04/pinkbot/install/minibot_interfaces/include/minibot_interfaces/minibot_interfaces/msg/detail/robot_state__rosidl_typesupport_introspection_c.h
[2.073s] -- Up-to-date: /home/kiro04/pinkbot/install/minibot_interfaces/include/minibot_interfaces/minibot_interfaces/msg/detail/lamp_command__type_support.c
[2.074s] -- Up-to-date: /home/kiro04/pinkbot/install/minibot_interfaces/include/minibot_interfaces/minibot_interfaces/msg/detail/robot_state__type_support.c
[2.074s] -- Up-to-date: /home/kiro04/pinkbot/install/minibot_interfaces/include/minibot_interfaces/minibot_interfaces/msg/detail/lamp_command__rosidl_typesupport_introspection_c.h
[2.074s] -- Up-to-date: /home/kiro04/pinkbot/install/minibot_interfaces/include/minibot_interfaces/minibot_interfaces/msg/rosidl_typesupport_introspection_c__visibility_control.h
[2.074s] -- Up-to-date: /home/kiro04/pinkbot/install/minibot_interfaces/lib/libminibot_interfaces__rosidl_typesupport_introspection_c.so
[2.074s] -- Up-to-date: /home/kiro04/pinkbot/install/minibot_interfaces/lib/libminibot_interfaces__rosidl_typesupport_c.so
[2.075s] -- Up-to-date: /home/kiro04/pinkbot/install/minibot_interfaces/include/minibot_interfaces/minibot_interfaces
[2.075s] -- Up-to-date: /home/kiro04/pinkbot/install/minibot_interfaces/include/minibot_interfaces/minibot_interfaces/msg
[2.075s] -- Up-to-date: /home/kiro04/pinkbot/install/minibot_interfaces/include/minibot_interfaces/minibot_interfaces/msg/detail
[2.075s] -- Up-to-date: /home/kiro04/pinkbot/install/minibot_interfaces/include/minibot_interfaces/minibot_interfaces/msg/detail/lamp_command__type_support.cpp
[2.075s] -- Up-to-date: /home/kiro04/pinkbot/install/minibot_interfaces/include/minibot_interfaces/minibot_interfaces/msg/detail/robot_state__rosidl_typesupport_introspection_cpp.hpp
[2.075s] -- Up-to-date: /home/kiro04/pinkbot/install/minibot_interfaces/include/minibot_interfaces/minibot_interfaces/msg/detail/robot_state__type_support.cpp
[2.076s] -- Up-to-date: /home/kiro04/pinkbot/install/minibot_interfaces/include/minibot_interfaces/minibot_interfaces/msg/detail/lamp_command__rosidl_typesupport_introspection_cpp.hpp
[2.076s] -- Up-to-date: /home/kiro04/pinkbot/install/minibot_interfaces/lib/libminibot_interfaces__rosidl_typesupport_introspection_cpp.so
[2.076s] -- Up-to-date: /home/kiro04/pinkbot/install/minibot_interfaces/lib/libminibot_interfaces__rosidl_typesupport_cpp.so
[2.076s] -- Up-to-date: /home/kiro04/pinkbot/install/minibot_interfaces/share/minibot_interfaces/environment/pythonpath.sh
[2.076s] -- Up-to-date: /home/kiro04/pinkbot/install/minibot_interfaces/share/minibot_interfaces/environment/pythonpath.dsv
[2.076s] -- Up-to-date: /home/kiro04/pinkbot/install/minibot_interfaces/local/lib/python3.10/dist-packages/minibot_interfaces-0.0.0-py3.10.egg-info
[2.076s] -- Installing: /home/kiro04/pinkbot/install/minibot_interfaces/local/lib/python3.10/dist-packages/minibot_interfaces-0.0.0-py3.10.egg-info/top_level.txt
[2.077s] -- Installing: /home/kiro04/pinkbot/install/minibot_interfaces/local/lib/python3.10/dist-packages/minibot_interfaces-0.0.0-py3.10.egg-info/SOURCES.txt
[2.077s] -- Installing: /home/kiro04/pinkbot/install/minibot_interfaces/local/lib/python3.10/dist-packages/minibot_interfaces-0.0.0-py3.10.egg-info/dependency_links.txt
[2.077s] -- Installing: /home/kiro04/pinkbot/install/minibot_interfaces/local/lib/python3.10/dist-packages/minibot_interfaces-0.0.0-py3.10.egg-info/PKG-INFO
[2.077s] -- Up-to-date: /home/kiro04/pinkbot/install/minibot_interfaces/local/lib/python3.10/dist-packages/minibot_interfaces
[2.077s] -- Up-to-date: /home/kiro04/pinkbot/install/minibot_interfaces/local/lib/python3.10/dist-packages/minibot_interfaces/__init__.py
[2.077s] -- Up-to-date: /home/kiro04/pinkbot/install/minibot_interfaces/local/lib/python3.10/dist-packages/minibot_interfaces/msg
[2.078s] -- Up-to-date: /home/kiro04/pinkbot/install/minibot_interfaces/local/lib/python3.10/dist-packages/minibot_interfaces/msg/__init__.py
[2.078s] -- Up-to-date: /home/kiro04/pinkbot/install/minibot_interfaces/local/lib/python3.10/dist-packages/minibot_interfaces/msg/_lamp_command.py
[2.083s] -- Up-to-date: /home/kiro04/pinkbot/install/minibot_interfaces/local/lib/python3.10/dist-packages/minibot_interfaces/msg/_lamp_command_s.c
[2.083s] -- Up-to-date: /home/kiro04/pinkbot/install/minibot_interfaces/local/lib/python3.10/dist-packages/minibot_interfaces/msg/_robot_state.py
[2.083s] -- Up-to-date: /home/kiro04/pinkbot/install/minibot_interfaces/local/lib/python3.10/dist-packages/minibot_interfaces/msg/_robot_state_s.c
[2.083s] -- Up-to-date: /home/kiro04/pinkbot/install/minibot_interfaces/local/lib/python3.10/dist-packages/minibot_interfaces/_minibot_interfaces_s.ep.rosidl_typesupport_fastrtps_c.c
[2.084s] -- Up-to-date: /home/kiro04/pinkbot/install/minibot_interfaces/local/lib/python3.10/dist-packages/minibot_interfaces/_minibot_interfaces_s.ep.rosidl_typesupport_introspection_c.c
[2.084s] -- Up-to-date: /home/kiro04/pinkbot/install/minibot_interfaces/local/lib/python3.10/dist-packages/minibot_interfaces/minibot_interfaces_s__rosidl_typesupport_introspection_c.cpython-310-x86_64-linux-gnu.so
[2.084s] -- Up-to-date: /home/kiro04/pinkbot/install/minibot_interfaces/local/lib/python3.10/dist-packages/minibot_interfaces/minibot_interfaces_s__rosidl_typesupport_fastrtps_c.cpython-310-x86_64-linux-gnu.so
[2.084s] -- Up-to-date: /home/kiro04/pinkbot/install/minibot_interfaces/local/lib/python3.10/dist-packages/minibot_interfaces/minibot_interfaces_s__rosidl_typesupport_c.cpython-310-x86_64-linux-gnu.so
[2.084s] -- Up-to-date: /home/kiro04/pinkbot/install/minibot_interfaces/local/lib/python3.10/dist-packages/minibot_interfaces/libminibot_interfaces__rosidl_generator_py.so
[2.084s] -- Up-to-date: /home/kiro04/pinkbot/install/minibot_interfaces/local/lib/python3.10/dist-packages/minibot_interfaces/_minibot_interfaces_s.ep.rosidl_typesupport_c.c
[2.113s] Listing '/home/kiro04/pinkbot/install/minibot_interfaces/local/lib/python3.10/dist-packages/minibot_interfaces'...
[2.114s] Listing '/home/kiro04/pinkbot/install/minibot_interfaces/local/lib/python3.10/dist-packages/minibot_interfaces/msg'...
[2.126s] -- Up-to-date: /home/kiro04/pinkbot/install/minibot_interfaces/local/lib/python3.10/dist-packages/minibot_interfaces/minibot_interfaces_s__rosidl_typesupport_fastrtps_c.cpython-310-x86_64-linux-gnu.so
[2.128s] -- Up-to-date: /home/kiro04/pinkbot/install/minibot_interfaces/local/lib/python3.10/dist-packages/minibot_interfaces/minibot_interfaces_s__rosidl_typesupport_introspection_c.cpython-310-x86_64-linux-gnu.so
[2.128s] -- Up-to-date: /home/kiro04/pinkbot/install/minibot_interfaces/local/lib/python3.10/dist-packages/minibot_interfaces/minibot_interfaces_s__rosidl_typesupport_c.cpython-310-x86_64-linux-gnu.so
[2.129s] -- Up-to-date: /home/kiro04/pinkbot/install/minibot_interfaces/lib/libminibot_interfaces__rosidl_generator_py.so
[2.129s] -- Up-to-date: /home/kiro04/pinkbot/install/minibot_interfaces/share/minibot_interfaces/msg/LampCommand.idl
[2.130s] -- Up-to-date: /home/kiro04/pinkbot/install/minibot_interfaces/share/minibot_interfaces/msg/RobotState.idl
[2.130s] -- Up-to-date: /home/kiro04/pinkbot/install/minibot_interfaces/share/minibot_interfaces/msg/LampCommand.msg
[2.131s] -- Up-to-date: /home/kiro04/pinkbot/install/minibot_interfaces/share/minibot_interfaces/msg/RobotState.msg
[2.131s] -- Up-to-date: /home/kiro04/pinkbot/install/minibot_interfaces/share/ament_index/resource_index/package_run_dependencies/minibot_interfaces
[2.137s] -- Up-to-date: /home/kiro04/pinkbot/install/minibot_interfaces/share/ament_index/resource_index/parent_prefix_path/minibot_interfaces
[2.144s] -- Up-to-date: /home/kiro04/pinkbot/install/minibot_interfaces/share/minibot_interfaces/environment/ament_prefix_path.sh
[2.144s] -- Up-to-date: /home/kiro04/pinkbot/install/minibot_interfaces/share/minibot_interfaces/environment/ament_prefix_path.dsv
[2.144s] -- Up-to-date: /home/kiro04/pinkbot/install/minibot_interfaces/share/minibot_interfaces/environment/path.sh
[2.144s] -- Up-to-date: /home/kiro04/pinkbot/install/minibot_interfaces/share/minibot_interfaces/environment/path.dsv
[2.145s] -- Up-to-date: /home/kiro04/pinkbot/install/minibot_interfaces/share/minibot_interfaces/local_setup.bash
[2.145s] -- Up-to-date: /home/kiro04/pinkbot/install/minibot_interfaces/share/minibot_interfaces/local_setup.sh
[2.145s] -- Up-to-date: /home/kiro04/pinkbot/install/minibot_interfaces/share/minibot_interfaces/local_setup.zsh
[2.145s] -- Up-to-date: /home/kiro04/pinkbot/install/minibot_interfaces/share/minibot_interfaces/local_setup.dsv
[2.145s] -- Installing: /home/kiro04/pinkbot/install/minibot_interfaces/share/minibot_interfaces/package.dsv
[2.145s] -- Up-to-date: /home/kiro04/pinkbot/install/minibot_interfaces/share/ament_index/resource_index/packages/minibot_interfaces
[2.146s] -- Up-to-date: /home/kiro04/pinkbot/install/minibot_interfaces/share/minibot_interfaces/cmake/export_minibot_interfaces__rosidl_generator_cExport.cmake
[2.146s] -- Up-to-date: /home/kiro04/pinkbot/install/minibot_interfaces/share/minibot_interfaces/cmake/export_minibot_interfaces__rosidl_generator_cExport-noconfig.cmake
[2.146s] -- Up-to-date: /home/kiro04/pinkbot/install/minibot_interfaces/share/minibot_interfaces/cmake/export_minibot_interfaces__rosidl_typesupport_fastrtps_cExport.cmake
[2.146s] -- Up-to-date: /home/kiro04/pinkbot/install/minibot_interfaces/share/minibot_interfaces/cmake/export_minibot_interfaces__rosidl_typesupport_fastrtps_cExport-noconfig.cmake
[2.146s] -- Up-to-date: /home/kiro04/pinkbot/install/minibot_interfaces/share/minibot_interfaces/cmake/export_minibot_interfaces__rosidl_generator_cppExport.cmake
[2.146s] -- Up-to-date: /home/kiro04/pinkbot/install/minibot_interfaces/share/minibot_interfaces/cmake/export_minibot_interfaces__rosidl_typesupport_fastrtps_cppExport.cmake
[2.147s] -- Up-to-date: /home/kiro04/pinkbot/install/minibot_interfaces/share/minibot_interfaces/cmake/export_minibot_interfaces__rosidl_typesupport_fastrtps_cppExport-noconfig.cmake
[2.147s] -- Up-to-date: /home/kiro04/pinkbot/install/minibot_interfaces/share/minibot_interfaces/cmake/minibot_interfaces__rosidl_typesupport_introspection_cExport.cmake
[2.147s] -- Up-to-date: /home/kiro04/pinkbot/install/minibot_interfaces/share/minibot_interfaces/cmake/minibot_interfaces__rosidl_typesupport_introspection_cExport-noconfig.cmake
[2.147s] -- Up-to-date: /home/kiro04/pinkbot/install/minibot_interfaces/share/minibot_interfaces/cmake/minibot_interfaces__rosidl_typesupport_cExport.cmake
[2.148s] -- Up-to-date: /home/kiro04/pinkbot/install/minibot_interfaces/share/minibot_interfaces/cmake/minibot_interfaces__rosidl_typesupport_cExport-noconfig.cmake
[2.148s] -- Up-to-date: /home/kiro04/pinkbot/install/minibot_interfaces/share/minibot_interfaces/cmake/minibot_interfaces__rosidl_typesupport_introspection_cppExport.cmake
[2.148s] -- Up-to-date: /home/kiro04/pinkbot/install/minibot_interfaces/share/minibot_interfaces/cmake/minibot_interfaces__rosidl_typesupport_introspection_cppExport-noconfig.cmake
[2.148s] -- Up-to-date: /home/kiro04/pinkbot/install/minibot_interfaces/share/minibot_interfaces/cmake/minibot_interfaces__rosidl_typesupport_cppExport.cmake
[2.148s] -- Up-to-date: /home/kiro04/pinkbot/install/minibot_interfaces/share/minibot_interfaces/cmake/minibot_interfaces__rosidl_typesupport_cppExport-noconfig.cmake
[2.148s] -- Up-to-date: /home/kiro04/pinkbot/install/minibot_interfaces/share/minibot_interfaces/cmake/export_minibot_interfaces__rosidl_generator_pyExport.cmake
[2.149s] -- Up-to-date: /home/kiro04/pinkbot/install/minibot_interfaces/share/minibot_interfaces/cmake/export_minibot_interfaces__rosidl_generator_pyExport-noconfig.cmake
[2.149s] -- Up-to-date: /home/kiro04/pinkbot/install/minibot_interfaces/share/minibot_interfaces/cmake/rosidl_cmake-extras.cmake
[2.149s] -- Up-to-date: /home/kiro04/pinkbot/install/minibot_interfaces/share/minibot_interfaces/cmake/ament_cmake_export_dependencies-extras.cmake
[2.149s] -- Up-to-date: /home/kiro04/pinkbot/install/minibot_interfaces/share/minibot_interfaces/cmake/ament_cmake_export_include_directories-extras.cmake
[2.149s] -- Up-to-date: /home/kiro04/pinkbot/install/minibot_interfaces/share/minibot_interfaces/cmake/ament_cmake_export_libraries-extras.cmake
[2.149s] -- Up-to-date: /home/kiro04/pinkbot/install/minibot_interfaces/share/minibot_interfaces/cmake/ament_cmake_export_targets-extras.cmake
[2.150s] -- Up-to-date: /home/kiro04/pinkbot/install/minibot_interfaces/share/minibot_interfaces/cmake/rosidl_cmake_export_typesupport_targets-extras.cmake
[2.150s] -- Up-to-date: /home/kiro04/pinkbot/install/minibot_interfaces/share/minibot_interfaces/cmake/rosidl_cmake_export_typesupport_libraries-extras.cmake
[2.150s] -- Up-to-date: /home/kiro04/pinkbot/install/minibot_interfaces/share/minibot_interfaces/cmake/minibot_interfacesConfig.cmake
[2.150s] -- Up-to-date: /home/kiro04/pinkbot/install/minibot_interfaces/share/minibot_interfaces/cmake/minibot_interfacesConfig-version.cmake
[2.150s] -- Up-to-date: /home/kiro04/pinkbot/install/minibot_interfaces/share/minibot_interfaces/package.xml
[2.188s] Invoked command in '/home/kiro04/pinkbot/build/minibot_interfaces' returned '0': CMAKE_PREFIX_PATH=/opt/ros/humble /home/kiro04/.local/bin/cmake --install /home/kiro04/pinkbot/build/minibot_interfaces
