[0.027s] Invoking command in '/home/kiro04/pinkbot/build/minibot_hardware_interface': CMAKE_PREFIX_PATH=/opt/ros/humble /home/kiro04/.local/bin/cmake /home/kiro04/pinkbot/src/pinklab_minibot_robot/minibot_hardware_interface -DCMAKE_INSTALL_PREFIX=/home/kiro04/pinkbot/install/minibot_hardware_interface
[0.182s] -- The C compiler identification is GNU 11.4.0
[0.281s] -- The CXX compiler identification is GNU 11.4.0
[0.308s] -- Detecting C compiler ABI info
[0.399s] -- Detecting C compiler ABI info - done
[0.423s] -- Check for working C compiler: /usr/bin/cc - skipped
[0.423s] -- Detecting C compile features
[0.425s] -- Detecting C compile features - done
[0.438s] -- Detecting CXX compiler ABI info
[0.549s] -- Detecting CXX compiler ABI info - done
[0.570s] -- Check for working CXX compiler: /usr/bin/c++ - skipped
[0.571s] -- Detecting CXX compile features
[0.572s] -- Detecting CXX compile features - done
[0.576s] -- Found ament_cmake: 1.3.4 (/opt/ros/humble/share/ament_cmake/cmake)
[1.170s] -- Found Python3: /usr/bin/python3.10 (found version "3.10.12") found components: Interpreter 
[1.325s] -- Found hardware_interface: 2.29.0 (/opt/ros/humble/share/hardware_interface/cmake)
[1.403s] -- Found rosidl_generator_c: 3.1.4 (/opt/ros/humble/share/rosidl_generator_c/cmake)
[1.413s] -- Found rosidl_adapter: 3.1.4 (/opt/ros/humble/share/rosidl_adapter/cmake)
[1.436s] -- Found rosidl_generator_cpp: 3.1.4 (/opt/ros/humble/share/rosidl_generator_cpp/cmake)
[1.479s] -- Using all available rosidl_typesupport_c: rosidl_typesupport_fastrtps_c;rosidl_typesupport_introspection_c
[1.523s] -- Using all available rosidl_typesupport_cpp: rosidl_typesupport_fastrtps_cpp;rosidl_typesupport_introspection_cpp
[3.017s] -- Found rmw_implementation_cmake: 6.1.1 (/opt/ros/humble/share/rmw_implementation_cmake/cmake)
[3.022s] -- Found rmw_fastrtps_cpp: 6.2.2 (/opt/ros/humble/share/rmw_fastrtps_cpp/cmake)
[3.194s] -- Found OpenSSL: /usr/lib/x86_64-linux-gnu/libcrypto.so (found version "3.0.2")  
[3.259s] -- Found FastRTPS: /opt/ros/humble/include  
[3.354s] -- Using RMW implementation 'rmw_fastrtps_cpp' as default
[3.373s] -- Performing Test CMAKE_HAVE_LIBC_PTHREAD
[3.462s] -- Performing Test CMAKE_HAVE_LIBC_PTHREAD - Success
[3.465s] -- Found Threads: TRUE  
[3.846s] -- Found PkgConfig: /usr/bin/pkg-config (found version "0.29.2") 
[3.848s] -- Checking for module 'libserial'
[3.851s] --   No package 'libserial' found
[3.971s] -- Found ament_lint_auto: 0.12.6 (/opt/ros/humble/share/ament_lint_auto/cmake)
[4.110s] -- Added test 'copyright' to check source files copyright and LICENSE
[4.112s] -- Added test 'cppcheck' to perform static code analysis on C / C++ code
[4.112s] -- Configured cppcheck include dirs: /home/kiro04/pinkbot/src/pinklab_minibot_robot/minibot_hardware_interface/include
[4.112s] -- Configured cppcheck exclude dirs and/or files: 
[4.114s] -- Added test 'cpplint' to check C / C++ code against the Google style
[4.114s] -- Configured cpplint exclude dirs and/or files: 
[4.115s] -- Added test 'lint_cmake' to check CMake code style
[4.117s] -- Added test 'uncrustify' to check C / C++ code style
[4.117s] -- Configured uncrustify additional arguments: 
[4.118s] -- Added test 'xmllint' to check XML markup files
[4.121s] -- Configuring done (4.0s)
[4.162s] -- Generating done (0.0s)
[4.166s] -- Build files have been written to: /home/kiro04/pinkbot/build/minibot_hardware_interface
[4.201s] Invoked command in '/home/kiro04/pinkbot/build/minibot_hardware_interface' returned '0': CMAKE_PREFIX_PATH=/opt/ros/humble /home/kiro04/.local/bin/cmake /home/kiro04/pinkbot/src/pinklab_minibot_robot/minibot_hardware_interface -DCMAKE_INSTALL_PREFIX=/home/kiro04/pinkbot/install/minibot_hardware_interface
[4.204s] Invoking command in '/home/kiro04/pinkbot/build/minibot_hardware_interface': CMAKE_PREFIX_PATH=/opt/ros/humble /home/kiro04/.local/bin/cmake --build /home/kiro04/pinkbot/build/minibot_hardware_interface -- -j8 -l8
[4.339s] [ 50%] [32mBuilding CXX object CMakeFiles/minibot_hardware_interface.dir/src/minibot_system.cpp.o[0m
[4.562s] In file included from [01m[K/home/kiro04/pinkbot/src/pinklab_minibot_robot/minibot_hardware_interface/src/minibot_system.cpp:1[m[K:
[4.562s] [01m[K/home/kiro04/pinkbot/src/pinklab_minibot_robot/minibot_hardware_interface/include/minibot_hardware_interface/minibot_system.hpp:22:10:[m[K [01;31m[Kfatal error: [m[Klibserial/SerialPort.h: No such file or directory
[4.562s]    22 | #include [01;31m[K<libserial/SerialPort.h>[m[K
[4.562s]       |          [01;31m[K^~~~~~~~~~~~~~~~~~~~~~~~[m[K
[4.563s] compilation terminated.
[4.564s] gmake[2]: *** [CMakeFiles/minibot_hardware_interface.dir/build.make:76: CMakeFiles/minibot_hardware_interface.dir/src/minibot_system.cpp.o] Error 1
[4.565s] gmake[1]: *** [CMakeFiles/Makefile2:137: CMakeFiles/minibot_hardware_interface.dir/all] Error 2
[4.565s] gmake: *** [Makefile:146: all] Error 2
[4.584s] Invoked command in '/home/kiro04/pinkbot/build/minibot_hardware_interface' returned '2': CMAKE_PREFIX_PATH=/opt/ros/humble /home/kiro04/.local/bin/cmake --build /home/kiro04/pinkbot/build/minibot_hardware_interface -- -j8 -l8
