[0.339s] DEBUG:colcon:Command line arguments: ['/usr/bin/colcon', 'build']
[0.340s] DEBUG:colcon:Parsed command line arguments: Namespace(log_base=None, log_level=None, verb_name='build', build_base='build', install_base='install', merge_install=False, symlink_install=False, test_result_base=None, continue_on_error=False, executor='parallel', parallel_workers=8, event_handlers=None, ignore_user_meta=False, metas=['./colcon.meta'], base_paths=['.'], packages_ignore=None, packages_ignore_regex=None, paths=None, packages_up_to=None, packages_up_to_regex=None, packages_above=None, packages_above_and_dependencies=None, packages_above_depth=None, packages_select_by_dep=None, packages_skip_by_dep=None, packages_skip_up_to=None, packages_select_build_failed=False, packages_skip_build_finished=False, packages_select_test_failures=False, packages_skip_test_passed=False, packages_select=None, packages_skip=None, packages_select_regex=None, packages_skip_regex=None, packages_start=None, packages_end=None, allow_overriding=[], cmake_args=None, cmake_target=None, cmake_target_skip_unavailable=False, cmake_clean_cache=False, cmake_clean_first=False, cmake_force_configure=False, ament_cmake_args=None, catkin_cmake_args=None, catkin_skip_building_tests=False, verb_parser=<colcon_defaults.argument_parser.defaults.DefaultArgumentsDecorator object at 0x7fde27e3ad10>, verb_extension=<colcon_core.verb.build.BuildVerb object at 0x7fde2886e590>, main=<bound method BuildVerb.main of <colcon_core.verb.build.BuildVerb object at 0x7fde2886e590>>)
[0.361s] Level 1:colcon.colcon_core.package_discovery:discover_packages(colcon_meta) check parameters
[0.361s] Level 1:colcon.colcon_core.package_discovery:discover_packages(recursive) check parameters
[0.361s] Level 1:colcon.colcon_core.package_discovery:discover_packages(ignore) check parameters
[0.361s] Level 1:colcon.colcon_core.package_discovery:discover_packages(path) check parameters
[0.361s] Level 1:colcon.colcon_core.package_discovery:discover_packages(colcon_meta) discover
[0.361s] Level 1:colcon.colcon_core.package_discovery:discover_packages(recursive) discover
[0.361s] INFO:colcon.colcon_core.package_discovery:Crawling recursively for packages in '/home/kiro04/pinkbot'
[0.362s] Level 1:colcon.colcon_core.package_identification:_identify(.) by extensions ['ignore', 'ignore_ament_install']
[0.362s] Level 1:colcon.colcon_core.package_identification:_identify(.) by extension 'ignore'
[0.362s] Level 1:colcon.colcon_core.package_identification:_identify(.) by extension 'ignore_ament_install'
[0.362s] Level 1:colcon.colcon_core.package_identification:_identify(.) by extensions ['colcon_pkg']
[0.362s] Level 1:colcon.colcon_core.package_identification:_identify(.) by extension 'colcon_pkg'
[0.362s] Level 1:colcon.colcon_core.package_identification:_identify(.) by extensions ['colcon_meta']
[0.362s] Level 1:colcon.colcon_core.package_identification:_identify(.) by extension 'colcon_meta'
[0.362s] Level 1:colcon.colcon_core.package_identification:_identify(.) by extensions ['ros']
[0.362s] Level 1:colcon.colcon_core.package_identification:_identify(.) by extension 'ros'
[0.372s] Level 1:colcon.colcon_core.package_identification:_identify(.) by extensions ['cmake', 'python']
[0.372s] Level 1:colcon.colcon_core.package_identification:_identify(.) by extension 'cmake'
[0.372s] Level 1:colcon.colcon_core.package_identification:_identify(.) by extension 'python'
[0.372s] Level 1:colcon.colcon_core.package_identification:_identify(.) by extensions ['python_setup_py']
[0.372s] Level 1:colcon.colcon_core.package_identification:_identify(.) by extension 'python_setup_py'
[0.373s] Level 1:colcon.colcon_core.package_identification:_identify(build) by extensions ['ignore', 'ignore_ament_install']
[0.373s] Level 1:colcon.colcon_core.package_identification:_identify(build) by extension 'ignore'
[0.373s] Level 1:colcon.colcon_core.package_identification:_identify(build) ignored
[0.373s] Level 1:colcon.colcon_core.package_identification:_identify(install) by extensions ['ignore', 'ignore_ament_install']
[0.373s] Level 1:colcon.colcon_core.package_identification:_identify(install) by extension 'ignore'
[0.373s] Level 1:colcon.colcon_core.package_identification:_identify(install) ignored
[0.373s] Level 1:colcon.colcon_core.package_identification:_identify(log) by extensions ['ignore', 'ignore_ament_install']
[0.373s] Level 1:colcon.colcon_core.package_identification:_identify(log) by extension 'ignore'
[0.373s] Level 1:colcon.colcon_core.package_identification:_identify(log) ignored
[0.373s] Level 1:colcon.colcon_core.package_identification:_identify(src) by extensions ['ignore', 'ignore_ament_install']
[0.373s] Level 1:colcon.colcon_core.package_identification:_identify(src) by extension 'ignore'
[0.373s] Level 1:colcon.colcon_core.package_identification:_identify(src) by extension 'ignore_ament_install'
[0.374s] Level 1:colcon.colcon_core.package_identification:_identify(src) by extensions ['colcon_pkg']
[0.374s] Level 1:colcon.colcon_core.package_identification:_identify(src) by extension 'colcon_pkg'
[0.374s] Level 1:colcon.colcon_core.package_identification:_identify(src) by extensions ['colcon_meta']
[0.374s] Level 1:colcon.colcon_core.package_identification:_identify(src) by extension 'colcon_meta'
[0.374s] Level 1:colcon.colcon_core.package_identification:_identify(src) by extensions ['ros']
[0.374s] Level 1:colcon.colcon_core.package_identification:_identify(src) by extension 'ros'
[0.374s] Level 1:colcon.colcon_core.package_identification:_identify(src) by extensions ['cmake', 'python']
[0.374s] Level 1:colcon.colcon_core.package_identification:_identify(src) by extension 'cmake'
[0.374s] Level 1:colcon.colcon_core.package_identification:_identify(src) by extension 'python'
[0.374s] Level 1:colcon.colcon_core.package_identification:_identify(src) by extensions ['python_setup_py']
[0.374s] Level 1:colcon.colcon_core.package_identification:_identify(src) by extension 'python_setup_py'
[0.374s] Level 1:colcon.colcon_core.package_identification:_identify(src/pinklab_minibot_robot) by extensions ['ignore', 'ignore_ament_install']
[0.374s] Level 1:colcon.colcon_core.package_identification:_identify(src/pinklab_minibot_robot) by extension 'ignore'
[0.374s] Level 1:colcon.colcon_core.package_identification:_identify(src/pinklab_minibot_robot) by extension 'ignore_ament_install'
[0.374s] Level 1:colcon.colcon_core.package_identification:_identify(src/pinklab_minibot_robot) by extensions ['colcon_pkg']
[0.374s] Level 1:colcon.colcon_core.package_identification:_identify(src/pinklab_minibot_robot) by extension 'colcon_pkg'
[0.374s] Level 1:colcon.colcon_core.package_identification:_identify(src/pinklab_minibot_robot) by extensions ['colcon_meta']
[0.374s] Level 1:colcon.colcon_core.package_identification:_identify(src/pinklab_minibot_robot) by extension 'colcon_meta'
[0.374s] Level 1:colcon.colcon_core.package_identification:_identify(src/pinklab_minibot_robot) by extensions ['ros']
[0.374s] Level 1:colcon.colcon_core.package_identification:_identify(src/pinklab_minibot_robot) by extension 'ros'
[0.374s] Level 1:colcon.colcon_core.package_identification:_identify(src/pinklab_minibot_robot) by extensions ['cmake', 'python']
[0.374s] Level 1:colcon.colcon_core.package_identification:_identify(src/pinklab_minibot_robot) by extension 'cmake'
[0.374s] Level 1:colcon.colcon_core.package_identification:_identify(src/pinklab_minibot_robot) by extension 'python'
[0.374s] Level 1:colcon.colcon_core.package_identification:_identify(src/pinklab_minibot_robot) by extensions ['python_setup_py']
[0.374s] Level 1:colcon.colcon_core.package_identification:_identify(src/pinklab_minibot_robot) by extension 'python_setup_py'
[0.375s] Level 1:colcon.colcon_core.package_identification:_identify(src/pinklab_minibot_robot/docs) by extensions ['ignore', 'ignore_ament_install']
[0.375s] Level 1:colcon.colcon_core.package_identification:_identify(src/pinklab_minibot_robot/docs) by extension 'ignore'
[0.375s] Level 1:colcon.colcon_core.package_identification:_identify(src/pinklab_minibot_robot/docs) by extension 'ignore_ament_install'
[0.375s] Level 1:colcon.colcon_core.package_identification:_identify(src/pinklab_minibot_robot/docs) by extensions ['colcon_pkg']
[0.375s] Level 1:colcon.colcon_core.package_identification:_identify(src/pinklab_minibot_robot/docs) by extension 'colcon_pkg'
[0.375s] Level 1:colcon.colcon_core.package_identification:_identify(src/pinklab_minibot_robot/docs) by extensions ['colcon_meta']
[0.375s] Level 1:colcon.colcon_core.package_identification:_identify(src/pinklab_minibot_robot/docs) by extension 'colcon_meta'
[0.375s] Level 1:colcon.colcon_core.package_identification:_identify(src/pinklab_minibot_robot/docs) by extensions ['ros']
[0.375s] Level 1:colcon.colcon_core.package_identification:_identify(src/pinklab_minibot_robot/docs) by extension 'ros'
[0.375s] Level 1:colcon.colcon_core.package_identification:_identify(src/pinklab_minibot_robot/docs) by extensions ['cmake', 'python']
[0.375s] Level 1:colcon.colcon_core.package_identification:_identify(src/pinklab_minibot_robot/docs) by extension 'cmake'
[0.375s] Level 1:colcon.colcon_core.package_identification:_identify(src/pinklab_minibot_robot/docs) by extension 'python'
[0.375s] Level 1:colcon.colcon_core.package_identification:_identify(src/pinklab_minibot_robot/docs) by extensions ['python_setup_py']
[0.375s] Level 1:colcon.colcon_core.package_identification:_identify(src/pinklab_minibot_robot/docs) by extension 'python_setup_py'
[0.375s] Level 1:colcon.colcon_core.package_identification:_identify(src/pinklab_minibot_robot/docs/blender) by extensions ['ignore', 'ignore_ament_install']
[0.375s] Level 1:colcon.colcon_core.package_identification:_identify(src/pinklab_minibot_robot/docs/blender) by extension 'ignore'
[0.375s] Level 1:colcon.colcon_core.package_identification:_identify(src/pinklab_minibot_robot/docs/blender) by extension 'ignore_ament_install'
[0.375s] Level 1:colcon.colcon_core.package_identification:_identify(src/pinklab_minibot_robot/docs/blender) by extensions ['colcon_pkg']
[0.375s] Level 1:colcon.colcon_core.package_identification:_identify(src/pinklab_minibot_robot/docs/blender) by extension 'colcon_pkg'
[0.375s] Level 1:colcon.colcon_core.package_identification:_identify(src/pinklab_minibot_robot/docs/blender) by extensions ['colcon_meta']
[0.375s] Level 1:colcon.colcon_core.package_identification:_identify(src/pinklab_minibot_robot/docs/blender) by extension 'colcon_meta'
[0.375s] Level 1:colcon.colcon_core.package_identification:_identify(src/pinklab_minibot_robot/docs/blender) by extensions ['ros']
[0.375s] Level 1:colcon.colcon_core.package_identification:_identify(src/pinklab_minibot_robot/docs/blender) by extension 'ros'
[0.376s] Level 1:colcon.colcon_core.package_identification:_identify(src/pinklab_minibot_robot/docs/blender) by extensions ['cmake', 'python']
[0.376s] Level 1:colcon.colcon_core.package_identification:_identify(src/pinklab_minibot_robot/docs/blender) by extension 'cmake'
[0.376s] Level 1:colcon.colcon_core.package_identification:_identify(src/pinklab_minibot_robot/docs/blender) by extension 'python'
[0.376s] Level 1:colcon.colcon_core.package_identification:_identify(src/pinklab_minibot_robot/docs/blender) by extensions ['python_setup_py']
[0.376s] Level 1:colcon.colcon_core.package_identification:_identify(src/pinklab_minibot_robot/docs/blender) by extension 'python_setup_py'
[0.376s] Level 1:colcon.colcon_core.package_identification:_identify(src/pinklab_minibot_robot/minibot_bringup) by extensions ['ignore', 'ignore_ament_install']
[0.376s] Level 1:colcon.colcon_core.package_identification:_identify(src/pinklab_minibot_robot/minibot_bringup) by extension 'ignore'
[0.376s] Level 1:colcon.colcon_core.package_identification:_identify(src/pinklab_minibot_robot/minibot_bringup) by extension 'ignore_ament_install'
[0.376s] Level 1:colcon.colcon_core.package_identification:_identify(src/pinklab_minibot_robot/minibot_bringup) by extensions ['colcon_pkg']
[0.376s] Level 1:colcon.colcon_core.package_identification:_identify(src/pinklab_minibot_robot/minibot_bringup) by extension 'colcon_pkg'
[0.376s] Level 1:colcon.colcon_core.package_identification:_identify(src/pinklab_minibot_robot/minibot_bringup) by extensions ['colcon_meta']
[0.376s] Level 1:colcon.colcon_core.package_identification:_identify(src/pinklab_minibot_robot/minibot_bringup) by extension 'colcon_meta'
[0.376s] Level 1:colcon.colcon_core.package_identification:_identify(src/pinklab_minibot_robot/minibot_bringup) by extensions ['ros']
[0.376s] Level 1:colcon.colcon_core.package_identification:_identify(src/pinklab_minibot_robot/minibot_bringup) by extension 'ros'
[0.378s] DEBUG:colcon.colcon_core.package_identification:Package 'src/pinklab_minibot_robot/minibot_bringup' with type 'ros.ament_cmake' and name 'minibot_bringup'
[0.379s] Level 1:colcon.colcon_core.package_identification:_identify(src/pinklab_minibot_robot/minibot_controllers) by extensions ['ignore', 'ignore_ament_install']
[0.379s] Level 1:colcon.colcon_core.package_identification:_identify(src/pinklab_minibot_robot/minibot_controllers) by extension 'ignore'
[0.379s] Level 1:colcon.colcon_core.package_identification:_identify(src/pinklab_minibot_robot/minibot_controllers) by extension 'ignore_ament_install'
[0.379s] Level 1:colcon.colcon_core.package_identification:_identify(src/pinklab_minibot_robot/minibot_controllers) by extensions ['colcon_pkg']
[0.379s] Level 1:colcon.colcon_core.package_identification:_identify(src/pinklab_minibot_robot/minibot_controllers) by extension 'colcon_pkg'
[0.379s] Level 1:colcon.colcon_core.package_identification:_identify(src/pinklab_minibot_robot/minibot_controllers) by extensions ['colcon_meta']
[0.379s] Level 1:colcon.colcon_core.package_identification:_identify(src/pinklab_minibot_robot/minibot_controllers) by extension 'colcon_meta'
[0.379s] Level 1:colcon.colcon_core.package_identification:_identify(src/pinklab_minibot_robot/minibot_controllers) by extensions ['ros']
[0.379s] Level 1:colcon.colcon_core.package_identification:_identify(src/pinklab_minibot_robot/minibot_controllers) by extension 'ros'
[0.380s] DEBUG:colcon.colcon_core.package_identification:Package 'src/pinklab_minibot_robot/minibot_controllers' with type 'ros.ament_cmake' and name 'minibot_controllers'
[0.380s] Level 1:colcon.colcon_core.package_identification:_identify(src/pinklab_minibot_robot/minibot_description) by extensions ['ignore', 'ignore_ament_install']
[0.380s] Level 1:colcon.colcon_core.package_identification:_identify(src/pinklab_minibot_robot/minibot_description) by extension 'ignore'
[0.380s] Level 1:colcon.colcon_core.package_identification:_identify(src/pinklab_minibot_robot/minibot_description) by extension 'ignore_ament_install'
[0.380s] Level 1:colcon.colcon_core.package_identification:_identify(src/pinklab_minibot_robot/minibot_description) by extensions ['colcon_pkg']
[0.380s] Level 1:colcon.colcon_core.package_identification:_identify(src/pinklab_minibot_robot/minibot_description) by extension 'colcon_pkg'
[0.380s] Level 1:colcon.colcon_core.package_identification:_identify(src/pinklab_minibot_robot/minibot_description) by extensions ['colcon_meta']
[0.380s] Level 1:colcon.colcon_core.package_identification:_identify(src/pinklab_minibot_robot/minibot_description) by extension 'colcon_meta'
[0.380s] Level 1:colcon.colcon_core.package_identification:_identify(src/pinklab_minibot_robot/minibot_description) by extensions ['ros']
[0.380s] Level 1:colcon.colcon_core.package_identification:_identify(src/pinklab_minibot_robot/minibot_description) by extension 'ros'
[0.381s] DEBUG:colcon.colcon_core.package_identification:Package 'src/pinklab_minibot_robot/minibot_description' with type 'ros.ament_cmake' and name 'minibot_description'
[0.381s] Level 1:colcon.colcon_core.package_identification:_identify(src/pinklab_minibot_robot/minibot_gazebo) by extensions ['ignore', 'ignore_ament_install']
[0.381s] Level 1:colcon.colcon_core.package_identification:_identify(src/pinklab_minibot_robot/minibot_gazebo) by extension 'ignore'
[0.381s] Level 1:colcon.colcon_core.package_identification:_identify(src/pinklab_minibot_robot/minibot_gazebo) by extension 'ignore_ament_install'
[0.381s] Level 1:colcon.colcon_core.package_identification:_identify(src/pinklab_minibot_robot/minibot_gazebo) by extensions ['colcon_pkg']
[0.381s] Level 1:colcon.colcon_core.package_identification:_identify(src/pinklab_minibot_robot/minibot_gazebo) by extension 'colcon_pkg'
[0.381s] Level 1:colcon.colcon_core.package_identification:_identify(src/pinklab_minibot_robot/minibot_gazebo) by extensions ['colcon_meta']
[0.381s] Level 1:colcon.colcon_core.package_identification:_identify(src/pinklab_minibot_robot/minibot_gazebo) by extension 'colcon_meta'
[0.381s] Level 1:colcon.colcon_core.package_identification:_identify(src/pinklab_minibot_robot/minibot_gazebo) by extensions ['ros']
[0.381s] Level 1:colcon.colcon_core.package_identification:_identify(src/pinklab_minibot_robot/minibot_gazebo) by extension 'ros'
[0.382s] DEBUG:colcon.colcon_core.package_identification:Package 'src/pinklab_minibot_robot/minibot_gazebo' with type 'ros.ament_cmake' and name 'minibot_gazebo'
[0.382s] Level 1:colcon.colcon_core.package_identification:_identify(src/pinklab_minibot_robot/minibot_hardware_interface) by extensions ['ignore', 'ignore_ament_install']
[0.382s] Level 1:colcon.colcon_core.package_identification:_identify(src/pinklab_minibot_robot/minibot_hardware_interface) by extension 'ignore'
[0.382s] Level 1:colcon.colcon_core.package_identification:_identify(src/pinklab_minibot_robot/minibot_hardware_interface) by extension 'ignore_ament_install'
[0.382s] Level 1:colcon.colcon_core.package_identification:_identify(src/pinklab_minibot_robot/minibot_hardware_interface) by extensions ['colcon_pkg']
[0.382s] Level 1:colcon.colcon_core.package_identification:_identify(src/pinklab_minibot_robot/minibot_hardware_interface) by extension 'colcon_pkg'
[0.382s] Level 1:colcon.colcon_core.package_identification:_identify(src/pinklab_minibot_robot/minibot_hardware_interface) by extensions ['colcon_meta']
[0.382s] Level 1:colcon.colcon_core.package_identification:_identify(src/pinklab_minibot_robot/minibot_hardware_interface) by extension 'colcon_meta'
[0.382s] Level 1:colcon.colcon_core.package_identification:_identify(src/pinklab_minibot_robot/minibot_hardware_interface) by extensions ['ros']
[0.382s] Level 1:colcon.colcon_core.package_identification:_identify(src/pinklab_minibot_robot/minibot_hardware_interface) by extension 'ros'
[0.383s] DEBUG:colcon.colcon_core.package_identification:Package 'src/pinklab_minibot_robot/minibot_hardware_interface' with type 'ros.ament_cmake' and name 'minibot_hardware_interface'
[0.383s] Level 1:colcon.colcon_core.package_identification:_identify(src/pinklab_minibot_robot/minibot_interfaces) by extensions ['ignore', 'ignore_ament_install']
[0.383s] Level 1:colcon.colcon_core.package_identification:_identify(src/pinklab_minibot_robot/minibot_interfaces) by extension 'ignore'
[0.383s] Level 1:colcon.colcon_core.package_identification:_identify(src/pinklab_minibot_robot/minibot_interfaces) by extension 'ignore_ament_install'
[0.383s] Level 1:colcon.colcon_core.package_identification:_identify(src/pinklab_minibot_robot/minibot_interfaces) by extensions ['colcon_pkg']
[0.383s] Level 1:colcon.colcon_core.package_identification:_identify(src/pinklab_minibot_robot/minibot_interfaces) by extension 'colcon_pkg'
[0.383s] Level 1:colcon.colcon_core.package_identification:_identify(src/pinklab_minibot_robot/minibot_interfaces) by extensions ['colcon_meta']
[0.383s] Level 1:colcon.colcon_core.package_identification:_identify(src/pinklab_minibot_robot/minibot_interfaces) by extension 'colcon_meta'
[0.383s] Level 1:colcon.colcon_core.package_identification:_identify(src/pinklab_minibot_robot/minibot_interfaces) by extensions ['ros']
[0.383s] Level 1:colcon.colcon_core.package_identification:_identify(src/pinklab_minibot_robot/minibot_interfaces) by extension 'ros'
[0.384s] DEBUG:colcon.colcon_core.package_identification:Package 'src/pinklab_minibot_robot/minibot_interfaces' with type 'ros.ament_cmake' and name 'minibot_interfaces'
[0.384s] Level 1:colcon.colcon_core.package_identification:_identify(src/pinklab_minibot_robot/minibot_navigation2) by extensions ['ignore', 'ignore_ament_install']
[0.384s] Level 1:colcon.colcon_core.package_identification:_identify(src/pinklab_minibot_robot/minibot_navigation2) by extension 'ignore'
[0.384s] Level 1:colcon.colcon_core.package_identification:_identify(src/pinklab_minibot_robot/minibot_navigation2) by extension 'ignore_ament_install'
[0.384s] Level 1:colcon.colcon_core.package_identification:_identify(src/pinklab_minibot_robot/minibot_navigation2) by extensions ['colcon_pkg']
[0.384s] Level 1:colcon.colcon_core.package_identification:_identify(src/pinklab_minibot_robot/minibot_navigation2) by extension 'colcon_pkg'
[0.384s] Level 1:colcon.colcon_core.package_identification:_identify(src/pinklab_minibot_robot/minibot_navigation2) by extensions ['colcon_meta']
[0.384s] Level 1:colcon.colcon_core.package_identification:_identify(src/pinklab_minibot_robot/minibot_navigation2) by extension 'colcon_meta'
[0.384s] Level 1:colcon.colcon_core.package_identification:_identify(src/pinklab_minibot_robot/minibot_navigation2) by extensions ['ros']
[0.384s] Level 1:colcon.colcon_core.package_identification:_identify(src/pinklab_minibot_robot/minibot_navigation2) by extension 'ros'
[0.385s] DEBUG:colcon.colcon_core.package_identification:Package 'src/pinklab_minibot_robot/minibot_navigation2' with type 'ros.ament_cmake' and name 'minibot_navigation2'
[0.385s] Level 1:colcon.colcon_core.package_discovery:discover_packages(recursive) using defaults
[0.385s] Level 1:colcon.colcon_core.package_discovery:discover_packages(ignore) discover
[0.385s] Level 1:colcon.colcon_core.package_discovery:discover_packages(ignore) using defaults
[0.385s] Level 1:colcon.colcon_core.package_discovery:discover_packages(path) discover
[0.385s] Level 1:colcon.colcon_core.package_discovery:discover_packages(path) using defaults
[0.407s] Level 1:colcon.colcon_core.package_discovery:discover_packages(prefix_path) check parameters
[0.407s] Level 1:colcon.colcon_core.package_discovery:discover_packages(prefix_path) discover
[0.410s] DEBUG:colcon.colcon_installed_package_information.package_discovery:Found 363 installed packages in /opt/ros/humble
[0.412s] Level 1:colcon.colcon_core.package_discovery:discover_packages(prefix_path) using defaults
[0.472s] Level 5:colcon.colcon_core.verb:set package 'minibot_description' build argument 'cmake_args' from command line to 'None'
[0.472s] Level 5:colcon.colcon_core.verb:set package 'minibot_description' build argument 'cmake_target' from command line to 'None'
[0.472s] Level 5:colcon.colcon_core.verb:set package 'minibot_description' build argument 'cmake_target_skip_unavailable' from command line to 'False'
[0.472s] Level 5:colcon.colcon_core.verb:set package 'minibot_description' build argument 'cmake_clean_cache' from command line to 'False'
[0.472s] Level 5:colcon.colcon_core.verb:set package 'minibot_description' build argument 'cmake_clean_first' from command line to 'False'
[0.472s] Level 5:colcon.colcon_core.verb:set package 'minibot_description' build argument 'cmake_force_configure' from command line to 'False'
[0.472s] Level 5:colcon.colcon_core.verb:set package 'minibot_description' build argument 'ament_cmake_args' from command line to 'None'
[0.472s] Level 5:colcon.colcon_core.verb:set package 'minibot_description' build argument 'catkin_cmake_args' from command line to 'None'
[0.472s] Level 5:colcon.colcon_core.verb:set package 'minibot_description' build argument 'catkin_skip_building_tests' from command line to 'False'
[0.472s] DEBUG:colcon.colcon_core.verb:Building package 'minibot_description' with the following arguments: {'ament_cmake_args': None, 'build_base': '/home/kiro04/pinkbot/build/minibot_description', 'catkin_cmake_args': None, 'catkin_skip_building_tests': False, 'cmake_args': None, 'cmake_clean_cache': False, 'cmake_clean_first': False, 'cmake_force_configure': False, 'cmake_target': None, 'cmake_target_skip_unavailable': False, 'install_base': '/home/kiro04/pinkbot/install/minibot_description', 'merge_install': False, 'path': '/home/kiro04/pinkbot/src/pinklab_minibot_robot/minibot_description', 'symlink_install': False, 'test_result_base': None}
[0.473s] Level 5:colcon.colcon_core.verb:set package 'minibot_hardware_interface' build argument 'cmake_args' from command line to 'None'
[0.473s] Level 5:colcon.colcon_core.verb:set package 'minibot_hardware_interface' build argument 'cmake_target' from command line to 'None'
[0.473s] Level 5:colcon.colcon_core.verb:set package 'minibot_hardware_interface' build argument 'cmake_target_skip_unavailable' from command line to 'False'
[0.473s] Level 5:colcon.colcon_core.verb:set package 'minibot_hardware_interface' build argument 'cmake_clean_cache' from command line to 'False'
[0.473s] Level 5:colcon.colcon_core.verb:set package 'minibot_hardware_interface' build argument 'cmake_clean_first' from command line to 'False'
[0.473s] Level 5:colcon.colcon_core.verb:set package 'minibot_hardware_interface' build argument 'cmake_force_configure' from command line to 'False'
[0.473s] Level 5:colcon.colcon_core.verb:set package 'minibot_hardware_interface' build argument 'ament_cmake_args' from command line to 'None'
[0.473s] Level 5:colcon.colcon_core.verb:set package 'minibot_hardware_interface' build argument 'catkin_cmake_args' from command line to 'None'
[0.473s] Level 5:colcon.colcon_core.verb:set package 'minibot_hardware_interface' build argument 'catkin_skip_building_tests' from command line to 'False'
[0.473s] DEBUG:colcon.colcon_core.verb:Building package 'minibot_hardware_interface' with the following arguments: {'ament_cmake_args': None, 'build_base': '/home/kiro04/pinkbot/build/minibot_hardware_interface', 'catkin_cmake_args': None, 'catkin_skip_building_tests': False, 'cmake_args': None, 'cmake_clean_cache': False, 'cmake_clean_first': False, 'cmake_force_configure': False, 'cmake_target': None, 'cmake_target_skip_unavailable': False, 'install_base': '/home/kiro04/pinkbot/install/minibot_hardware_interface', 'merge_install': False, 'path': '/home/kiro04/pinkbot/src/pinklab_minibot_robot/minibot_hardware_interface', 'symlink_install': False, 'test_result_base': None}
[0.474s] Level 5:colcon.colcon_core.verb:set package 'minibot_interfaces' build argument 'cmake_args' from command line to 'None'
[0.474s] Level 5:colcon.colcon_core.verb:set package 'minibot_interfaces' build argument 'cmake_target' from command line to 'None'
[0.474s] Level 5:colcon.colcon_core.verb:set package 'minibot_interfaces' build argument 'cmake_target_skip_unavailable' from command line to 'False'
[0.474s] Level 5:colcon.colcon_core.verb:set package 'minibot_interfaces' build argument 'cmake_clean_cache' from command line to 'False'
[0.474s] Level 5:colcon.colcon_core.verb:set package 'minibot_interfaces' build argument 'cmake_clean_first' from command line to 'False'
[0.474s] Level 5:colcon.colcon_core.verb:set package 'minibot_interfaces' build argument 'cmake_force_configure' from command line to 'False'
[0.474s] Level 5:colcon.colcon_core.verb:set package 'minibot_interfaces' build argument 'ament_cmake_args' from command line to 'None'
[0.474s] Level 5:colcon.colcon_core.verb:set package 'minibot_interfaces' build argument 'catkin_cmake_args' from command line to 'None'
[0.475s] Level 5:colcon.colcon_core.verb:set package 'minibot_interfaces' build argument 'catkin_skip_building_tests' from command line to 'False'
[0.475s] DEBUG:colcon.colcon_core.verb:Building package 'minibot_interfaces' with the following arguments: {'ament_cmake_args': None, 'build_base': '/home/kiro04/pinkbot/build/minibot_interfaces', 'catkin_cmake_args': None, 'catkin_skip_building_tests': False, 'cmake_args': None, 'cmake_clean_cache': False, 'cmake_clean_first': False, 'cmake_force_configure': False, 'cmake_target': None, 'cmake_target_skip_unavailable': False, 'install_base': '/home/kiro04/pinkbot/install/minibot_interfaces', 'merge_install': False, 'path': '/home/kiro04/pinkbot/src/pinklab_minibot_robot/minibot_interfaces', 'symlink_install': False, 'test_result_base': None}
[0.475s] Level 5:colcon.colcon_core.verb:set package 'minibot_navigation2' build argument 'cmake_args' from command line to 'None'
[0.475s] Level 5:colcon.colcon_core.verb:set package 'minibot_navigation2' build argument 'cmake_target' from command line to 'None'
[0.475s] Level 5:colcon.colcon_core.verb:set package 'minibot_navigation2' build argument 'cmake_target_skip_unavailable' from command line to 'False'
[0.475s] Level 5:colcon.colcon_core.verb:set package 'minibot_navigation2' build argument 'cmake_clean_cache' from command line to 'False'
[0.475s] Level 5:colcon.colcon_core.verb:set package 'minibot_navigation2' build argument 'cmake_clean_first' from command line to 'False'
[0.476s] Level 5:colcon.colcon_core.verb:set package 'minibot_navigation2' build argument 'cmake_force_configure' from command line to 'False'
[0.476s] Level 5:colcon.colcon_core.verb:set package 'minibot_navigation2' build argument 'ament_cmake_args' from command line to 'None'
[0.476s] Level 5:colcon.colcon_core.verb:set package 'minibot_navigation2' build argument 'catkin_cmake_args' from command line to 'None'
[0.476s] Level 5:colcon.colcon_core.verb:set package 'minibot_navigation2' build argument 'catkin_skip_building_tests' from command line to 'False'
[0.476s] DEBUG:colcon.colcon_core.verb:Building package 'minibot_navigation2' with the following arguments: {'ament_cmake_args': None, 'build_base': '/home/kiro04/pinkbot/build/minibot_navigation2', 'catkin_cmake_args': None, 'catkin_skip_building_tests': False, 'cmake_args': None, 'cmake_clean_cache': False, 'cmake_clean_first': False, 'cmake_force_configure': False, 'cmake_target': None, 'cmake_target_skip_unavailable': False, 'install_base': '/home/kiro04/pinkbot/install/minibot_navigation2', 'merge_install': False, 'path': '/home/kiro04/pinkbot/src/pinklab_minibot_robot/minibot_navigation2', 'symlink_install': False, 'test_result_base': None}
[0.476s] Level 5:colcon.colcon_core.verb:set package 'minibot_controllers' build argument 'cmake_args' from command line to 'None'
[0.477s] Level 5:colcon.colcon_core.verb:set package 'minibot_controllers' build argument 'cmake_target' from command line to 'None'
[0.477s] Level 5:colcon.colcon_core.verb:set package 'minibot_controllers' build argument 'cmake_target_skip_unavailable' from command line to 'False'
[0.477s] Level 5:colcon.colcon_core.verb:set package 'minibot_controllers' build argument 'cmake_clean_cache' from command line to 'False'
[0.477s] Level 5:colcon.colcon_core.verb:set package 'minibot_controllers' build argument 'cmake_clean_first' from command line to 'False'
[0.477s] Level 5:colcon.colcon_core.verb:set package 'minibot_controllers' build argument 'cmake_force_configure' from command line to 'False'
[0.477s] Level 5:colcon.colcon_core.verb:set package 'minibot_controllers' build argument 'ament_cmake_args' from command line to 'None'
[0.477s] Level 5:colcon.colcon_core.verb:set package 'minibot_controllers' build argument 'catkin_cmake_args' from command line to 'None'
[0.477s] Level 5:colcon.colcon_core.verb:set package 'minibot_controllers' build argument 'catkin_skip_building_tests' from command line to 'False'
[0.477s] DEBUG:colcon.colcon_core.verb:Building package 'minibot_controllers' with the following arguments: {'ament_cmake_args': None, 'build_base': '/home/kiro04/pinkbot/build/minibot_controllers', 'catkin_cmake_args': None, 'catkin_skip_building_tests': False, 'cmake_args': None, 'cmake_clean_cache': False, 'cmake_clean_first': False, 'cmake_force_configure': False, 'cmake_target': None, 'cmake_target_skip_unavailable': False, 'install_base': '/home/kiro04/pinkbot/install/minibot_controllers', 'merge_install': False, 'path': '/home/kiro04/pinkbot/src/pinklab_minibot_robot/minibot_controllers', 'symlink_install': False, 'test_result_base': None}
[0.478s] Level 5:colcon.colcon_core.verb:set package 'minibot_gazebo' build argument 'cmake_args' from command line to 'None'
[0.478s] Level 5:colcon.colcon_core.verb:set package 'minibot_gazebo' build argument 'cmake_target' from command line to 'None'
[0.478s] Level 5:colcon.colcon_core.verb:set package 'minibot_gazebo' build argument 'cmake_target_skip_unavailable' from command line to 'False'
[0.478s] Level 5:colcon.colcon_core.verb:set package 'minibot_gazebo' build argument 'cmake_clean_cache' from command line to 'False'
[0.478s] Level 5:colcon.colcon_core.verb:set package 'minibot_gazebo' build argument 'cmake_clean_first' from command line to 'False'
[0.478s] Level 5:colcon.colcon_core.verb:set package 'minibot_gazebo' build argument 'cmake_force_configure' from command line to 'False'
[0.478s] Level 5:colcon.colcon_core.verb:set package 'minibot_gazebo' build argument 'ament_cmake_args' from command line to 'None'
[0.478s] Level 5:colcon.colcon_core.verb:set package 'minibot_gazebo' build argument 'catkin_cmake_args' from command line to 'None'
[0.478s] Level 5:colcon.colcon_core.verb:set package 'minibot_gazebo' build argument 'catkin_skip_building_tests' from command line to 'False'
[0.478s] DEBUG:colcon.colcon_core.verb:Building package 'minibot_gazebo' with the following arguments: {'ament_cmake_args': None, 'build_base': '/home/kiro04/pinkbot/build/minibot_gazebo', 'catkin_cmake_args': None, 'catkin_skip_building_tests': False, 'cmake_args': None, 'cmake_clean_cache': False, 'cmake_clean_first': False, 'cmake_force_configure': False, 'cmake_target': None, 'cmake_target_skip_unavailable': False, 'install_base': '/home/kiro04/pinkbot/install/minibot_gazebo', 'merge_install': False, 'path': '/home/kiro04/pinkbot/src/pinklab_minibot_robot/minibot_gazebo', 'symlink_install': False, 'test_result_base': None}
[0.479s] Level 5:colcon.colcon_core.verb:set package 'minibot_bringup' build argument 'cmake_args' from command line to 'None'
[0.479s] Level 5:colcon.colcon_core.verb:set package 'minibot_bringup' build argument 'cmake_target' from command line to 'None'
[0.479s] Level 5:colcon.colcon_core.verb:set package 'minibot_bringup' build argument 'cmake_target_skip_unavailable' from command line to 'False'
[0.479s] Level 5:colcon.colcon_core.verb:set package 'minibot_bringup' build argument 'cmake_clean_cache' from command line to 'False'
[0.479s] Level 5:colcon.colcon_core.verb:set package 'minibot_bringup' build argument 'cmake_clean_first' from command line to 'False'
[0.479s] Level 5:colcon.colcon_core.verb:set package 'minibot_bringup' build argument 'cmake_force_configure' from command line to 'False'
[0.479s] Level 5:colcon.colcon_core.verb:set package 'minibot_bringup' build argument 'ament_cmake_args' from command line to 'None'
[0.479s] Level 5:colcon.colcon_core.verb:set package 'minibot_bringup' build argument 'catkin_cmake_args' from command line to 'None'
[0.479s] Level 5:colcon.colcon_core.verb:set package 'minibot_bringup' build argument 'catkin_skip_building_tests' from command line to 'False'
[0.479s] DEBUG:colcon.colcon_core.verb:Building package 'minibot_bringup' with the following arguments: {'ament_cmake_args': None, 'build_base': '/home/kiro04/pinkbot/build/minibot_bringup', 'catkin_cmake_args': None, 'catkin_skip_building_tests': False, 'cmake_args': None, 'cmake_clean_cache': False, 'cmake_clean_first': False, 'cmake_force_configure': False, 'cmake_target': None, 'cmake_target_skip_unavailable': False, 'install_base': '/home/kiro04/pinkbot/install/minibot_bringup', 'merge_install': False, 'path': '/home/kiro04/pinkbot/src/pinklab_minibot_robot/minibot_bringup', 'symlink_install': False, 'test_result_base': None}
[0.479s] INFO:colcon.colcon_core.executor:Executing jobs using 'parallel' executor
[0.483s] DEBUG:colcon.colcon_parallel_executor.executor.parallel:run_until_complete
[0.483s] INFO:colcon.colcon_ros.task.ament_cmake.build:Building ROS package in '/home/kiro04/pinkbot/src/pinklab_minibot_robot/minibot_description' with build type 'ament_cmake'
[0.483s] INFO:colcon.colcon_cmake.task.cmake.build:Building CMake package in '/home/kiro04/pinkbot/src/pinklab_minibot_robot/minibot_description'
[0.487s] INFO:colcon.colcon_core.plugin_system:Skipping extension 'colcon_core.shell.bat': Not used on non-Windows systems
[0.487s] INFO:colcon.colcon_core.shell:Skip shell extension 'powershell' for command environment: Not usable outside of PowerShell
[0.488s] DEBUG:colcon.colcon_core.shell:Skip shell extension 'dsv' for command environment
[0.491s] INFO:colcon.colcon_ros.task.ament_cmake.build:Building ROS package in '/home/kiro04/pinkbot/src/pinklab_minibot_robot/minibot_interfaces' with build type 'ament_cmake'
[0.491s] INFO:colcon.colcon_cmake.task.cmake.build:Building CMake package in '/home/kiro04/pinkbot/src/pinklab_minibot_robot/minibot_interfaces'
[0.493s] INFO:colcon.colcon_core.shell:Skip shell extension 'powershell' for command environment: Not usable outside of PowerShell
[0.493s] DEBUG:colcon.colcon_core.shell:Skip shell extension 'dsv' for command environment
[0.498s] INFO:colcon.colcon_ros.task.ament_cmake.build:Building ROS package in '/home/kiro04/pinkbot/src/pinklab_minibot_robot/minibot_hardware_interface' with build type 'ament_cmake'
[0.498s] INFO:colcon.colcon_cmake.task.cmake.build:Building CMake package in '/home/kiro04/pinkbot/src/pinklab_minibot_robot/minibot_hardware_interface'
[0.500s] INFO:colcon.colcon_core.shell:Skip shell extension 'powershell' for command environment: Not usable outside of PowerShell
[0.500s] DEBUG:colcon.colcon_core.shell:Skip shell extension 'dsv' for command environment
[0.503s] INFO:colcon.colcon_ros.task.ament_cmake.build:Building ROS package in '/home/kiro04/pinkbot/src/pinklab_minibot_robot/minibot_navigation2' with build type 'ament_cmake'
[0.504s] INFO:colcon.colcon_cmake.task.cmake.build:Building CMake package in '/home/kiro04/pinkbot/src/pinklab_minibot_robot/minibot_navigation2'
[0.505s] INFO:colcon.colcon_core.shell:Skip shell extension 'powershell' for command environment: Not usable outside of PowerShell
[0.505s] DEBUG:colcon.colcon_core.shell:Skip shell extension 'dsv' for command environment
[0.517s] DEBUG:colcon.colcon_core.event_handler.log_command:Invoking command in '/home/kiro04/pinkbot/build/minibot_description': CMAKE_PREFIX_PATH=/opt/ros/humble /home/kiro04/.local/bin/cmake --build /home/kiro04/pinkbot/build/minibot_description -- -j8 -l8
[0.521s] DEBUG:colcon.colcon_core.event_handler.log_command:Invoking command in '/home/kiro04/pinkbot/build/minibot_interfaces': CMAKE_PREFIX_PATH=/opt/ros/humble /home/kiro04/.local/bin/cmake --build /home/kiro04/pinkbot/build/minibot_interfaces -- -j8 -l8
[0.529s] DEBUG:colcon.colcon_core.event_handler.log_command:Invoking command in '/home/kiro04/pinkbot/build/minibot_hardware_interface': CMAKE_PREFIX_PATH=/opt/ros/humble /home/kiro04/.local/bin/cmake --build /home/kiro04/pinkbot/build/minibot_hardware_interface -- -j8 -l8
[0.538s] DEBUG:colcon.colcon_core.event_handler.log_command:Invoking command in '/home/kiro04/pinkbot/build/minibot_navigation2': CMAKE_PREFIX_PATH=/opt/ros/humble /home/kiro04/.local/bin/cmake --build /home/kiro04/pinkbot/build/minibot_navigation2 -- -j8 -l8
[0.647s] DEBUG:colcon.colcon_core.event_handler.log_command:Invoked command in '/home/kiro04/pinkbot/build/minibot_description' returned '0': CMAKE_PREFIX_PATH=/opt/ros/humble /home/kiro04/.local/bin/cmake --build /home/kiro04/pinkbot/build/minibot_description -- -j8 -l8
[0.686s] DEBUG:colcon.colcon_core.event_handler.log_command:Invoked command in '/home/kiro04/pinkbot/build/minibot_navigation2' returned '0': CMAKE_PREFIX_PATH=/opt/ros/humble /home/kiro04/.local/bin/cmake --build /home/kiro04/pinkbot/build/minibot_navigation2 -- -j8 -l8
[0.904s] DEBUG:colcon.colcon_core.event_handler.log_command:Invoking command in '/home/kiro04/pinkbot/build/minibot_description': CMAKE_PREFIX_PATH=/opt/ros/humble /home/kiro04/.local/bin/cmake --install /home/kiro04/pinkbot/build/minibot_description
[0.910s] DEBUG:colcon.colcon_core.event_handler.log_command:Invoking command in '/home/kiro04/pinkbot/build/minibot_navigation2': CMAKE_PREFIX_PATH=/opt/ros/humble /home/kiro04/.local/bin/cmake --install /home/kiro04/pinkbot/build/minibot_navigation2
[0.924s] DEBUG:colcon.colcon_core.event_handler.log_command:Invoked command in '/home/kiro04/pinkbot/build/minibot_hardware_interface' returned '2': CMAKE_PREFIX_PATH=/opt/ros/humble /home/kiro04/.local/bin/cmake --build /home/kiro04/pinkbot/build/minibot_hardware_interface -- -j8 -l8
[1.012s] Level 1:colcon.colcon_core.environment:create_environment_scripts_only(minibot_description)
[1.015s] DEBUG:colcon.colcon_core.event_handler.log_command:Invoked command in '/home/kiro04/pinkbot/build/minibot_description' returned '0': CMAKE_PREFIX_PATH=/opt/ros/humble /home/kiro04/.local/bin/cmake --install /home/kiro04/pinkbot/build/minibot_description
[1.025s] Level 1:colcon.colcon_core.environment:checking '/home/kiro04/pinkbot/install/minibot_description' for CMake module files
[1.025s] Level 1:colcon.colcon_core.environment:checking '/home/kiro04/pinkbot/install/minibot_description' for CMake config files
[1.026s] Level 1:colcon.colcon_core.shell:create_environment_hook('minibot_description', 'cmake_prefix_path')
[1.028s] INFO:colcon.colcon_core.shell:Creating environment hook '/home/kiro04/pinkbot/install/minibot_description/share/minibot_description/hook/cmake_prefix_path.ps1'
[1.029s] INFO:colcon.colcon_core.shell:Creating environment descriptor '/home/kiro04/pinkbot/install/minibot_description/share/minibot_description/hook/cmake_prefix_path.dsv'
[1.030s] INFO:colcon.colcon_core.shell:Creating environment hook '/home/kiro04/pinkbot/install/minibot_description/share/minibot_description/hook/cmake_prefix_path.sh'
[1.031s] Level 1:colcon.colcon_core.environment:checking '/home/kiro04/pinkbot/install/minibot_description/bin'
[1.032s] Level 1:colcon.colcon_core.environment:checking '/home/kiro04/pinkbot/install/minibot_description/lib/pkgconfig/minibot_description.pc'
[1.032s] Level 1:colcon.colcon_core.environment:checking '/home/kiro04/pinkbot/install/minibot_description/lib/python3.10/site-packages'
[1.032s] Level 1:colcon.colcon_core.environment:checking '/home/kiro04/pinkbot/install/minibot_description/bin'
[1.035s] INFO:colcon.colcon_core.shell:Creating package script '/home/kiro04/pinkbot/install/minibot_description/share/minibot_description/package.ps1'
[1.036s] INFO:colcon.colcon_core.shell:Creating package descriptor '/home/kiro04/pinkbot/install/minibot_description/share/minibot_description/package.dsv'
[1.037s] INFO:colcon.colcon_core.shell:Creating package script '/home/kiro04/pinkbot/install/minibot_description/share/minibot_description/package.sh'
[1.038s] INFO:colcon.colcon_core.shell:Creating package script '/home/kiro04/pinkbot/install/minibot_description/share/minibot_description/package.bash'
[1.039s] INFO:colcon.colcon_core.shell:Creating package script '/home/kiro04/pinkbot/install/minibot_description/share/minibot_description/package.zsh'
[1.039s] Level 1:colcon.colcon_core.environment:create_file_with_runtime_dependencies(/home/kiro04/pinkbot/install/minibot_description/share/colcon-core/packages/minibot_description)
[1.042s] Level 1:colcon.colcon_core.environment:create_environment_scripts_only(minibot_navigation2)
[1.046s] Level 1:colcon.colcon_core.environment:checking '/home/kiro04/pinkbot/install/minibot_navigation2' for CMake module files
[1.047s] DEBUG:colcon.colcon_core.event_handler.log_command:Invoked command in '/home/kiro04/pinkbot/build/minibot_navigation2' returned '0': CMAKE_PREFIX_PATH=/opt/ros/humble /home/kiro04/.local/bin/cmake --install /home/kiro04/pinkbot/build/minibot_navigation2
[1.047s] Level 1:colcon.colcon_core.environment:checking '/home/kiro04/pinkbot/install/minibot_navigation2' for CMake config files
[1.048s] Level 1:colcon.colcon_core.shell:create_environment_hook('minibot_navigation2', 'cmake_prefix_path')
[1.050s] INFO:colcon.colcon_core.shell:Creating environment hook '/home/kiro04/pinkbot/install/minibot_navigation2/share/minibot_navigation2/hook/cmake_prefix_path.ps1'
[1.051s] INFO:colcon.colcon_core.shell:Creating environment descriptor '/home/kiro04/pinkbot/install/minibot_navigation2/share/minibot_navigation2/hook/cmake_prefix_path.dsv'
[1.051s] INFO:colcon.colcon_core.shell:Creating environment hook '/home/kiro04/pinkbot/install/minibot_navigation2/share/minibot_navigation2/hook/cmake_prefix_path.sh'
[1.052s] Level 1:colcon.colcon_core.environment:checking '/home/kiro04/pinkbot/install/minibot_navigation2/bin'
[1.052s] Level 1:colcon.colcon_core.environment:checking '/home/kiro04/pinkbot/install/minibot_navigation2/lib/pkgconfig/minibot_navigation2.pc'
[1.053s] Level 1:colcon.colcon_core.environment:checking '/home/kiro04/pinkbot/install/minibot_navigation2/lib/python3.10/site-packages'
[1.053s] Level 1:colcon.colcon_core.environment:checking '/home/kiro04/pinkbot/install/minibot_navigation2/bin'
[1.055s] INFO:colcon.colcon_core.shell:Creating package script '/home/kiro04/pinkbot/install/minibot_navigation2/share/minibot_navigation2/package.ps1'
[1.055s] INFO:colcon.colcon_core.shell:Creating package descriptor '/home/kiro04/pinkbot/install/minibot_navigation2/share/minibot_navigation2/package.dsv'
[1.056s] INFO:colcon.colcon_core.shell:Creating package script '/home/kiro04/pinkbot/install/minibot_navigation2/share/minibot_navigation2/package.sh'
[1.056s] INFO:colcon.colcon_core.shell:Creating package script '/home/kiro04/pinkbot/install/minibot_navigation2/share/minibot_navigation2/package.bash'
[1.057s] INFO:colcon.colcon_core.shell:Creating package script '/home/kiro04/pinkbot/install/minibot_navigation2/share/minibot_navigation2/package.zsh'
[1.057s] Level 1:colcon.colcon_core.environment:create_file_with_runtime_dependencies(/home/kiro04/pinkbot/install/minibot_navigation2/share/colcon-core/packages/minibot_navigation2)
[1.061s] Level 1:colcon.colcon_core.environment:create_environment_scripts_only(minibot_hardware_interface)
[1.065s] Level 1:colcon.colcon_core.environment:checking '/home/kiro04/pinkbot/install/minibot_hardware_interface' for CMake module files
[1.065s] Level 1:colcon.colcon_core.environment:checking '/home/kiro04/pinkbot/install/minibot_hardware_interface' for CMake config files
[1.066s] Level 1:colcon.colcon_core.environment:checking '/home/kiro04/pinkbot/install/minibot_hardware_interface/bin'
[1.066s] Level 1:colcon.colcon_core.environment:checking '/home/kiro04/pinkbot/install/minibot_hardware_interface/lib/pkgconfig/minibot_hardware_interface.pc'
[1.066s] Level 1:colcon.colcon_core.environment:checking '/home/kiro04/pinkbot/install/minibot_hardware_interface/lib/python3.10/site-packages'
[1.067s] Level 1:colcon.colcon_core.environment:checking '/home/kiro04/pinkbot/install/minibot_hardware_interface/bin'
[1.069s] INFO:colcon.colcon_core.shell:Creating package script '/home/kiro04/pinkbot/install/minibot_hardware_interface/share/minibot_hardware_interface/package.ps1'
[1.070s] INFO:colcon.colcon_core.shell:Creating package descriptor '/home/kiro04/pinkbot/install/minibot_hardware_interface/share/minibot_hardware_interface/package.dsv'
[1.070s] INFO:colcon.colcon_core.shell:Creating package script '/home/kiro04/pinkbot/install/minibot_hardware_interface/share/minibot_hardware_interface/package.sh'
[1.071s] INFO:colcon.colcon_core.shell:Creating package script '/home/kiro04/pinkbot/install/minibot_hardware_interface/share/minibot_hardware_interface/package.bash'
[1.071s] INFO:colcon.colcon_core.shell:Creating package script '/home/kiro04/pinkbot/install/minibot_hardware_interface/share/minibot_hardware_interface/package.zsh'
[1.072s] Level 1:colcon.colcon_core.environment:create_file_with_runtime_dependencies(/home/kiro04/pinkbot/install/minibot_hardware_interface/share/colcon-core/packages/minibot_hardware_interface)
[1.204s] DEBUG:colcon.colcon_parallel_executor.executor.parallel:closing loop
[1.205s] DEBUG:colcon.colcon_parallel_executor.executor.parallel:loop closed
[1.205s] DEBUG:colcon.colcon_parallel_executor.executor.parallel:run_until_complete finished with '2'
[1.205s] DEBUG:colcon.colcon_core.event_reactor:joining thread
[1.211s] INFO:colcon.colcon_core.plugin_system:Skipping extension 'colcon_notification.desktop_notification.terminal_notifier': Not used on non-Darwin systems
[1.211s] INFO:colcon.colcon_core.plugin_system:Skipping extension 'colcon_notification.desktop_notification.win32': Not used on non-Windows systems
[1.211s] INFO:colcon.colcon_notification.desktop_notification:Sending desktop notification using 'notify2'
[1.223s] DEBUG:colcon.colcon_core.event_reactor:joined thread
[1.224s] INFO:colcon.colcon_core.shell:Creating prefix script '/home/kiro04/pinkbot/install/local_setup.ps1'
[1.225s] INFO:colcon.colcon_core.shell:Creating prefix util module '/home/kiro04/pinkbot/install/_local_setup_util_ps1.py'
[1.226s] INFO:colcon.colcon_core.shell:Creating prefix chain script '/home/kiro04/pinkbot/install/setup.ps1'
[1.227s] INFO:colcon.colcon_core.shell:Creating prefix script '/home/kiro04/pinkbot/install/local_setup.sh'
[1.228s] INFO:colcon.colcon_core.shell:Creating prefix util module '/home/kiro04/pinkbot/install/_local_setup_util_sh.py'
[1.228s] INFO:colcon.colcon_core.shell:Creating prefix chain script '/home/kiro04/pinkbot/install/setup.sh'
[1.229s] INFO:colcon.colcon_core.shell:Creating prefix script '/home/kiro04/pinkbot/install/local_setup.bash'
[1.229s] INFO:colcon.colcon_core.shell:Creating prefix chain script '/home/kiro04/pinkbot/install/setup.bash'
[1.230s] INFO:colcon.colcon_core.shell:Creating prefix script '/home/kiro04/pinkbot/install/local_setup.zsh'
[1.231s] INFO:colcon.colcon_core.shell:Creating prefix chain script '/home/kiro04/pinkbot/install/setup.zsh'
