[0.032s] Invoking command in '/home/kiro04/pinkbot/build/minibot_interfaces': CMAKE_PREFIX_PATH=/opt/ros/humble /home/kiro04/.local/bin/cmake --build /home/kiro04/pinkbot/build/minibot_interfaces -- -j8 -l8
[0.151s] [  2%] Built target minibot_interfaces__cpp
[0.153s] [ 12%] Built target minibot_interfaces__rosidl_generator_c
[0.158s] [ 12%] Built target ament_cmake_python_copy_minibot_interfaces
[0.181s] [ 23%] Built target minibot_interfaces__rosidl_typesupport_introspection_cpp
[0.185s] [ 33%] Built target minibot_interfaces__rosidl_typesupport_fastrtps_cpp
[0.189s] [ 43%] Built target minibot_interfaces__rosidl_typesupport_fastrtps_c
[0.189s] [ 53%] Built target minibot_interfaces__rosidl_typesupport_cpp
[0.190s] [ 64%] Built target minibot_interfaces__rosidl_typesupport_introspection_c
[0.191s] [ 74%] Built target minibot_interfaces__rosidl_typesupport_c
[0.219s] [ 74%] Built target minibot_interfaces
[0.232s] [ 76%] Built target minibot_interfaces__py
[0.257s] [ 84%] Built target minibot_interfaces__rosidl_generator_py
[0.277s] [ 89%] Built target minibot_interfaces__rosidl_typesupport_introspection_c__pyext
[0.280s] [ 94%] Built target minibot_interfaces__rosidl_typesupport_c__pyext
[0.281s] [100%] Built target minibot_interfaces__rosidl_typesupport_fastrtps_c__pyext
[0.695s] running egg_info
[0.696s] writing minibot_interfaces.egg-info/PKG-INFO
[0.696s] writing dependency_links to minibot_interfaces.egg-info/dependency_links.txt
[0.697s] writing top-level names to minibot_interfaces.egg-info/top_level.txt
[0.700s] reading manifest file 'minibot_interfaces.egg-info/SOURCES.txt'
[0.701s] writing manifest file 'minibot_interfaces.egg-info/SOURCES.txt'
[0.725s] [100%] Built target ament_cmake_python_build_minibot_interfaces_egg
