[0.391s] DEBUG:colcon:Command line arguments: ['/usr/bin/colcon', 'build']
[0.391s] DEBUG:colcon:Parsed command line arguments: Namespace(log_base=None, log_level=None, verb_name='build', build_base='build', install_base='install', merge_install=False, symlink_install=False, test_result_base=None, continue_on_error=False, executor='parallel', parallel_workers=8, event_handlers=None, ignore_user_meta=False, metas=['./colcon.meta'], base_paths=['.'], packages_ignore=None, packages_ignore_regex=None, paths=None, packages_up_to=None, packages_up_to_regex=None, packages_above=None, packages_above_and_dependencies=None, packages_above_depth=None, packages_select_by_dep=None, packages_skip_by_dep=None, packages_skip_up_to=None, packages_select_build_failed=False, packages_skip_build_finished=False, packages_select_test_failures=False, packages_skip_test_passed=False, packages_select=None, packages_skip=None, packages_select_regex=None, packages_skip_regex=None, packages_start=None, packages_end=None, allow_overriding=[], cmake_args=None, cmake_target=None, cmake_target_skip_unavailable=False, cmake_clean_cache=False, cmake_clean_first=False, cmake_force_configure=False, ament_cmake_args=None, catkin_cmake_args=None, catkin_skip_building_tests=False, verb_parser=<colcon_defaults.argument_parser.defaults.DefaultArgumentsDecorator object at 0x7fde9c697280>, verb_extension=<colcon_core.verb.build.BuildVerb object at 0x7fde9d0b59c0>, main=<bound method BuildVerb.main of <colcon_core.verb.build.BuildVerb object at 0x7fde9d0b59c0>>)
[0.414s] Level 1:colcon.colcon_core.package_discovery:discover_packages(colcon_meta) check parameters
[0.415s] Level 1:colcon.colcon_core.package_discovery:discover_packages(recursive) check parameters
[0.415s] Level 1:colcon.colcon_core.package_discovery:discover_packages(ignore) check parameters
[0.415s] Level 1:colcon.colcon_core.package_discovery:discover_packages(path) check parameters
[0.415s] Level 1:colcon.colcon_core.package_discovery:discover_packages(colcon_meta) discover
[0.415s] Level 1:colcon.colcon_core.package_discovery:discover_packages(recursive) discover
[0.415s] INFO:colcon.colcon_core.package_discovery:Crawling recursively for packages in '/home/kiro04/pinkbot'
[0.415s] Level 1:colcon.colcon_core.package_identification:_identify(.) by extensions ['ignore', 'ignore_ament_install']
[0.415s] Level 1:colcon.colcon_core.package_identification:_identify(.) by extension 'ignore'
[0.415s] Level 1:colcon.colcon_core.package_identification:_identify(.) by extension 'ignore_ament_install'
[0.415s] Level 1:colcon.colcon_core.package_identification:_identify(.) by extensions ['colcon_pkg']
[0.415s] Level 1:colcon.colcon_core.package_identification:_identify(.) by extension 'colcon_pkg'
[0.415s] Level 1:colcon.colcon_core.package_identification:_identify(.) by extensions ['colcon_meta']
[0.415s] Level 1:colcon.colcon_core.package_identification:_identify(.) by extension 'colcon_meta'
[0.415s] Level 1:colcon.colcon_core.package_identification:_identify(.) by extensions ['ros']
[0.415s] Level 1:colcon.colcon_core.package_identification:_identify(.) by extension 'ros'
[0.427s] Level 1:colcon.colcon_core.package_identification:_identify(.) by extensions ['cmake', 'python']
[0.427s] Level 1:colcon.colcon_core.package_identification:_identify(.) by extension 'cmake'
[0.427s] Level 1:colcon.colcon_core.package_identification:_identify(.) by extension 'python'
[0.427s] Level 1:colcon.colcon_core.package_identification:_identify(.) by extensions ['python_setup_py']
[0.427s] Level 1:colcon.colcon_core.package_identification:_identify(.) by extension 'python_setup_py'
[0.427s] Level 1:colcon.colcon_core.package_identification:_identify(build) by extensions ['ignore', 'ignore_ament_install']
[0.427s] Level 1:colcon.colcon_core.package_identification:_identify(build) by extension 'ignore'
[0.428s] Level 1:colcon.colcon_core.package_identification:_identify(build) ignored
[0.428s] Level 1:colcon.colcon_core.package_identification:_identify(install) by extensions ['ignore', 'ignore_ament_install']
[0.428s] Level 1:colcon.colcon_core.package_identification:_identify(install) by extension 'ignore'
[0.428s] Level 1:colcon.colcon_core.package_identification:_identify(install) ignored
[0.428s] Level 1:colcon.colcon_core.package_identification:_identify(log) by extensions ['ignore', 'ignore_ament_install']
[0.428s] Level 1:colcon.colcon_core.package_identification:_identify(log) by extension 'ignore'
[0.428s] Level 1:colcon.colcon_core.package_identification:_identify(log) ignored
[0.428s] Level 1:colcon.colcon_core.package_identification:_identify(src) by extensions ['ignore', 'ignore_ament_install']
[0.428s] Level 1:colcon.colcon_core.package_identification:_identify(src) by extension 'ignore'
[0.428s] Level 1:colcon.colcon_core.package_identification:_identify(src) by extension 'ignore_ament_install'
[0.428s] Level 1:colcon.colcon_core.package_identification:_identify(src) by extensions ['colcon_pkg']
[0.428s] Level 1:colcon.colcon_core.package_identification:_identify(src) by extension 'colcon_pkg'
[0.428s] Level 1:colcon.colcon_core.package_identification:_identify(src) by extensions ['colcon_meta']
[0.428s] Level 1:colcon.colcon_core.package_identification:_identify(src) by extension 'colcon_meta'
[0.428s] Level 1:colcon.colcon_core.package_identification:_identify(src) by extensions ['ros']
[0.429s] Level 1:colcon.colcon_core.package_identification:_identify(src) by extension 'ros'
[0.429s] Level 1:colcon.colcon_core.package_identification:_identify(src) by extensions ['cmake', 'python']
[0.429s] Level 1:colcon.colcon_core.package_identification:_identify(src) by extension 'cmake'
[0.429s] Level 1:colcon.colcon_core.package_identification:_identify(src) by extension 'python'
[0.429s] Level 1:colcon.colcon_core.package_identification:_identify(src) by extensions ['python_setup_py']
[0.429s] Level 1:colcon.colcon_core.package_identification:_identify(src) by extension 'python_setup_py'
[0.429s] Level 1:colcon.colcon_core.package_identification:_identify(src/pinklab_minibot_robot) by extensions ['ignore', 'ignore_ament_install']
[0.429s] Level 1:colcon.colcon_core.package_identification:_identify(src/pinklab_minibot_robot) by extension 'ignore'
[0.429s] Level 1:colcon.colcon_core.package_identification:_identify(src/pinklab_minibot_robot) by extension 'ignore_ament_install'
[0.429s] Level 1:colcon.colcon_core.package_identification:_identify(src/pinklab_minibot_robot) by extensions ['colcon_pkg']
[0.429s] Level 1:colcon.colcon_core.package_identification:_identify(src/pinklab_minibot_robot) by extension 'colcon_pkg'
[0.429s] Level 1:colcon.colcon_core.package_identification:_identify(src/pinklab_minibot_robot) by extensions ['colcon_meta']
[0.429s] Level 1:colcon.colcon_core.package_identification:_identify(src/pinklab_minibot_robot) by extension 'colcon_meta'
[0.429s] Level 1:colcon.colcon_core.package_identification:_identify(src/pinklab_minibot_robot) by extensions ['ros']
[0.429s] Level 1:colcon.colcon_core.package_identification:_identify(src/pinklab_minibot_robot) by extension 'ros'
[0.429s] Level 1:colcon.colcon_core.package_identification:_identify(src/pinklab_minibot_robot) by extensions ['cmake', 'python']
[0.429s] Level 1:colcon.colcon_core.package_identification:_identify(src/pinklab_minibot_robot) by extension 'cmake'
[0.429s] Level 1:colcon.colcon_core.package_identification:_identify(src/pinklab_minibot_robot) by extension 'python'
[0.429s] Level 1:colcon.colcon_core.package_identification:_identify(src/pinklab_minibot_robot) by extensions ['python_setup_py']
[0.429s] Level 1:colcon.colcon_core.package_identification:_identify(src/pinklab_minibot_robot) by extension 'python_setup_py'
[0.430s] Level 1:colcon.colcon_core.package_identification:_identify(src/pinklab_minibot_robot/docs) by extensions ['ignore', 'ignore_ament_install']
[0.430s] Level 1:colcon.colcon_core.package_identification:_identify(src/pinklab_minibot_robot/docs) by extension 'ignore'
[0.430s] Level 1:colcon.colcon_core.package_identification:_identify(src/pinklab_minibot_robot/docs) by extension 'ignore_ament_install'
[0.430s] Level 1:colcon.colcon_core.package_identification:_identify(src/pinklab_minibot_robot/docs) by extensions ['colcon_pkg']
[0.430s] Level 1:colcon.colcon_core.package_identification:_identify(src/pinklab_minibot_robot/docs) by extension 'colcon_pkg'
[0.430s] Level 1:colcon.colcon_core.package_identification:_identify(src/pinklab_minibot_robot/docs) by extensions ['colcon_meta']
[0.430s] Level 1:colcon.colcon_core.package_identification:_identify(src/pinklab_minibot_robot/docs) by extension 'colcon_meta'
[0.430s] Level 1:colcon.colcon_core.package_identification:_identify(src/pinklab_minibot_robot/docs) by extensions ['ros']
[0.430s] Level 1:colcon.colcon_core.package_identification:_identify(src/pinklab_minibot_robot/docs) by extension 'ros'
[0.430s] Level 1:colcon.colcon_core.package_identification:_identify(src/pinklab_minibot_robot/docs) by extensions ['cmake', 'python']
[0.430s] Level 1:colcon.colcon_core.package_identification:_identify(src/pinklab_minibot_robot/docs) by extension 'cmake'
[0.430s] Level 1:colcon.colcon_core.package_identification:_identify(src/pinklab_minibot_robot/docs) by extension 'python'
[0.430s] Level 1:colcon.colcon_core.package_identification:_identify(src/pinklab_minibot_robot/docs) by extensions ['python_setup_py']
[0.430s] Level 1:colcon.colcon_core.package_identification:_identify(src/pinklab_minibot_robot/docs) by extension 'python_setup_py'
[0.430s] Level 1:colcon.colcon_core.package_identification:_identify(src/pinklab_minibot_robot/docs/blender) by extensions ['ignore', 'ignore_ament_install']
[0.430s] Level 1:colcon.colcon_core.package_identification:_identify(src/pinklab_minibot_robot/docs/blender) by extension 'ignore'
[0.430s] Level 1:colcon.colcon_core.package_identification:_identify(src/pinklab_minibot_robot/docs/blender) by extension 'ignore_ament_install'
[0.430s] Level 1:colcon.colcon_core.package_identification:_identify(src/pinklab_minibot_robot/docs/blender) by extensions ['colcon_pkg']
[0.430s] Level 1:colcon.colcon_core.package_identification:_identify(src/pinklab_minibot_robot/docs/blender) by extension 'colcon_pkg'
[0.430s] Level 1:colcon.colcon_core.package_identification:_identify(src/pinklab_minibot_robot/docs/blender) by extensions ['colcon_meta']
[0.430s] Level 1:colcon.colcon_core.package_identification:_identify(src/pinklab_minibot_robot/docs/blender) by extension 'colcon_meta'
[0.430s] Level 1:colcon.colcon_core.package_identification:_identify(src/pinklab_minibot_robot/docs/blender) by extensions ['ros']
[0.430s] Level 1:colcon.colcon_core.package_identification:_identify(src/pinklab_minibot_robot/docs/blender) by extension 'ros'
[0.431s] Level 1:colcon.colcon_core.package_identification:_identify(src/pinklab_minibot_robot/docs/blender) by extensions ['cmake', 'python']
[0.431s] Level 1:colcon.colcon_core.package_identification:_identify(src/pinklab_minibot_robot/docs/blender) by extension 'cmake'
[0.431s] Level 1:colcon.colcon_core.package_identification:_identify(src/pinklab_minibot_robot/docs/blender) by extension 'python'
[0.431s] Level 1:colcon.colcon_core.package_identification:_identify(src/pinklab_minibot_robot/docs/blender) by extensions ['python_setup_py']
[0.431s] Level 1:colcon.colcon_core.package_identification:_identify(src/pinklab_minibot_robot/docs/blender) by extension 'python_setup_py'
[0.431s] Level 1:colcon.colcon_core.package_identification:_identify(src/pinklab_minibot_robot/minibot_bringup) by extensions ['ignore', 'ignore_ament_install']
[0.431s] Level 1:colcon.colcon_core.package_identification:_identify(src/pinklab_minibot_robot/minibot_bringup) by extension 'ignore'
[0.431s] Level 1:colcon.colcon_core.package_identification:_identify(src/pinklab_minibot_robot/minibot_bringup) by extension 'ignore_ament_install'
[0.431s] Level 1:colcon.colcon_core.package_identification:_identify(src/pinklab_minibot_robot/minibot_bringup) by extensions ['colcon_pkg']
[0.431s] Level 1:colcon.colcon_core.package_identification:_identify(src/pinklab_minibot_robot/minibot_bringup) by extension 'colcon_pkg'
[0.431s] Level 1:colcon.colcon_core.package_identification:_identify(src/pinklab_minibot_robot/minibot_bringup) by extensions ['colcon_meta']
[0.431s] Level 1:colcon.colcon_core.package_identification:_identify(src/pinklab_minibot_robot/minibot_bringup) by extension 'colcon_meta'
[0.431s] Level 1:colcon.colcon_core.package_identification:_identify(src/pinklab_minibot_robot/minibot_bringup) by extensions ['ros']
[0.431s] Level 1:colcon.colcon_core.package_identification:_identify(src/pinklab_minibot_robot/minibot_bringup) by extension 'ros'
[0.433s] DEBUG:colcon.colcon_core.package_identification:Package 'src/pinklab_minibot_robot/minibot_bringup' with type 'ros.ament_cmake' and name 'minibot_bringup'
[0.434s] Level 1:colcon.colcon_core.package_identification:_identify(src/pinklab_minibot_robot/minibot_controllers) by extensions ['ignore', 'ignore_ament_install']
[0.434s] Level 1:colcon.colcon_core.package_identification:_identify(src/pinklab_minibot_robot/minibot_controllers) by extension 'ignore'
[0.434s] Level 1:colcon.colcon_core.package_identification:_identify(src/pinklab_minibot_robot/minibot_controllers) by extension 'ignore_ament_install'
[0.434s] Level 1:colcon.colcon_core.package_identification:_identify(src/pinklab_minibot_robot/minibot_controllers) by extensions ['colcon_pkg']
[0.434s] Level 1:colcon.colcon_core.package_identification:_identify(src/pinklab_minibot_robot/minibot_controllers) by extension 'colcon_pkg'
[0.434s] Level 1:colcon.colcon_core.package_identification:_identify(src/pinklab_minibot_robot/minibot_controllers) by extensions ['colcon_meta']
[0.434s] Level 1:colcon.colcon_core.package_identification:_identify(src/pinklab_minibot_robot/minibot_controllers) by extension 'colcon_meta'
[0.434s] Level 1:colcon.colcon_core.package_identification:_identify(src/pinklab_minibot_robot/minibot_controllers) by extensions ['ros']
[0.434s] Level 1:colcon.colcon_core.package_identification:_identify(src/pinklab_minibot_robot/minibot_controllers) by extension 'ros'
[0.435s] DEBUG:colcon.colcon_core.package_identification:Package 'src/pinklab_minibot_robot/minibot_controllers' with type 'ros.ament_cmake' and name 'minibot_controllers'
[0.436s] Level 1:colcon.colcon_core.package_identification:_identify(src/pinklab_minibot_robot/minibot_description) by extensions ['ignore', 'ignore_ament_install']
[0.436s] Level 1:colcon.colcon_core.package_identification:_identify(src/pinklab_minibot_robot/minibot_description) by extension 'ignore'
[0.436s] Level 1:colcon.colcon_core.package_identification:_identify(src/pinklab_minibot_robot/minibot_description) by extension 'ignore_ament_install'
[0.436s] Level 1:colcon.colcon_core.package_identification:_identify(src/pinklab_minibot_robot/minibot_description) by extensions ['colcon_pkg']
[0.436s] Level 1:colcon.colcon_core.package_identification:_identify(src/pinklab_minibot_robot/minibot_description) by extension 'colcon_pkg'
[0.436s] Level 1:colcon.colcon_core.package_identification:_identify(src/pinklab_minibot_robot/minibot_description) by extensions ['colcon_meta']
[0.436s] Level 1:colcon.colcon_core.package_identification:_identify(src/pinklab_minibot_robot/minibot_description) by extension 'colcon_meta'
[0.436s] Level 1:colcon.colcon_core.package_identification:_identify(src/pinklab_minibot_robot/minibot_description) by extensions ['ros']
[0.436s] Level 1:colcon.colcon_core.package_identification:_identify(src/pinklab_minibot_robot/minibot_description) by extension 'ros'
[0.437s] DEBUG:colcon.colcon_core.package_identification:Package 'src/pinklab_minibot_robot/minibot_description' with type 'ros.ament_cmake' and name 'minibot_description'
[0.437s] Level 1:colcon.colcon_core.package_identification:_identify(src/pinklab_minibot_robot/minibot_gazebo) by extensions ['ignore', 'ignore_ament_install']
[0.437s] Level 1:colcon.colcon_core.package_identification:_identify(src/pinklab_minibot_robot/minibot_gazebo) by extension 'ignore'
[0.437s] Level 1:colcon.colcon_core.package_identification:_identify(src/pinklab_minibot_robot/minibot_gazebo) by extension 'ignore_ament_install'
[0.437s] Level 1:colcon.colcon_core.package_identification:_identify(src/pinklab_minibot_robot/minibot_gazebo) by extensions ['colcon_pkg']
[0.437s] Level 1:colcon.colcon_core.package_identification:_identify(src/pinklab_minibot_robot/minibot_gazebo) by extension 'colcon_pkg'
[0.437s] Level 1:colcon.colcon_core.package_identification:_identify(src/pinklab_minibot_robot/minibot_gazebo) by extensions ['colcon_meta']
[0.437s] Level 1:colcon.colcon_core.package_identification:_identify(src/pinklab_minibot_robot/minibot_gazebo) by extension 'colcon_meta'
[0.437s] Level 1:colcon.colcon_core.package_identification:_identify(src/pinklab_minibot_robot/minibot_gazebo) by extensions ['ros']
[0.437s] Level 1:colcon.colcon_core.package_identification:_identify(src/pinklab_minibot_robot/minibot_gazebo) by extension 'ros'
[0.438s] DEBUG:colcon.colcon_core.package_identification:Package 'src/pinklab_minibot_robot/minibot_gazebo' with type 'ros.ament_cmake' and name 'minibot_gazebo'
[0.438s] Level 1:colcon.colcon_core.package_identification:_identify(src/pinklab_minibot_robot/minibot_hardware_interface) by extensions ['ignore', 'ignore_ament_install']
[0.438s] Level 1:colcon.colcon_core.package_identification:_identify(src/pinklab_minibot_robot/minibot_hardware_interface) by extension 'ignore'
[0.438s] Level 1:colcon.colcon_core.package_identification:_identify(src/pinklab_minibot_robot/minibot_hardware_interface) by extension 'ignore_ament_install'
[0.438s] Level 1:colcon.colcon_core.package_identification:_identify(src/pinklab_minibot_robot/minibot_hardware_interface) by extensions ['colcon_pkg']
[0.438s] Level 1:colcon.colcon_core.package_identification:_identify(src/pinklab_minibot_robot/minibot_hardware_interface) by extension 'colcon_pkg'
[0.438s] Level 1:colcon.colcon_core.package_identification:_identify(src/pinklab_minibot_robot/minibot_hardware_interface) by extensions ['colcon_meta']
[0.438s] Level 1:colcon.colcon_core.package_identification:_identify(src/pinklab_minibot_robot/minibot_hardware_interface) by extension 'colcon_meta'
[0.438s] Level 1:colcon.colcon_core.package_identification:_identify(src/pinklab_minibot_robot/minibot_hardware_interface) by extensions ['ros']
[0.438s] Level 1:colcon.colcon_core.package_identification:_identify(src/pinklab_minibot_robot/minibot_hardware_interface) by extension 'ros'
[0.439s] DEBUG:colcon.colcon_core.package_identification:Package 'src/pinklab_minibot_robot/minibot_hardware_interface' with type 'ros.ament_cmake' and name 'minibot_hardware_interface'
[0.439s] Level 1:colcon.colcon_core.package_identification:_identify(src/pinklab_minibot_robot/minibot_interfaces) by extensions ['ignore', 'ignore_ament_install']
[0.439s] Level 1:colcon.colcon_core.package_identification:_identify(src/pinklab_minibot_robot/minibot_interfaces) by extension 'ignore'
[0.439s] Level 1:colcon.colcon_core.package_identification:_identify(src/pinklab_minibot_robot/minibot_interfaces) by extension 'ignore_ament_install'
[0.439s] Level 1:colcon.colcon_core.package_identification:_identify(src/pinklab_minibot_robot/minibot_interfaces) by extensions ['colcon_pkg']
[0.439s] Level 1:colcon.colcon_core.package_identification:_identify(src/pinklab_minibot_robot/minibot_interfaces) by extension 'colcon_pkg'
[0.439s] Level 1:colcon.colcon_core.package_identification:_identify(src/pinklab_minibot_robot/minibot_interfaces) by extensions ['colcon_meta']
[0.440s] Level 1:colcon.colcon_core.package_identification:_identify(src/pinklab_minibot_robot/minibot_interfaces) by extension 'colcon_meta'
[0.440s] Level 1:colcon.colcon_core.package_identification:_identify(src/pinklab_minibot_robot/minibot_interfaces) by extensions ['ros']
[0.440s] Level 1:colcon.colcon_core.package_identification:_identify(src/pinklab_minibot_robot/minibot_interfaces) by extension 'ros'
[0.440s] DEBUG:colcon.colcon_core.package_identification:Package 'src/pinklab_minibot_robot/minibot_interfaces' with type 'ros.ament_cmake' and name 'minibot_interfaces'
[0.440s] Level 1:colcon.colcon_core.package_identification:_identify(src/pinklab_minibot_robot/minibot_navigation2) by extensions ['ignore', 'ignore_ament_install']
[0.440s] Level 1:colcon.colcon_core.package_identification:_identify(src/pinklab_minibot_robot/minibot_navigation2) by extension 'ignore'
[0.440s] Level 1:colcon.colcon_core.package_identification:_identify(src/pinklab_minibot_robot/minibot_navigation2) by extension 'ignore_ament_install'
[0.440s] Level 1:colcon.colcon_core.package_identification:_identify(src/pinklab_minibot_robot/minibot_navigation2) by extensions ['colcon_pkg']
[0.440s] Level 1:colcon.colcon_core.package_identification:_identify(src/pinklab_minibot_robot/minibot_navigation2) by extension 'colcon_pkg'
[0.440s] Level 1:colcon.colcon_core.package_identification:_identify(src/pinklab_minibot_robot/minibot_navigation2) by extensions ['colcon_meta']
[0.440s] Level 1:colcon.colcon_core.package_identification:_identify(src/pinklab_minibot_robot/minibot_navigation2) by extension 'colcon_meta'
[0.440s] Level 1:colcon.colcon_core.package_identification:_identify(src/pinklab_minibot_robot/minibot_navigation2) by extensions ['ros']
[0.441s] Level 1:colcon.colcon_core.package_identification:_identify(src/pinklab_minibot_robot/minibot_navigation2) by extension 'ros'
[0.441s] DEBUG:colcon.colcon_core.package_identification:Package 'src/pinklab_minibot_robot/minibot_navigation2' with type 'ros.ament_cmake' and name 'minibot_navigation2'
[0.441s] Level 1:colcon.colcon_core.package_identification:_identify(src/yolo_package) by extensions ['ignore', 'ignore_ament_install']
[0.441s] Level 1:colcon.colcon_core.package_identification:_identify(src/yolo_package) by extension 'ignore'
[0.441s] Level 1:colcon.colcon_core.package_identification:_identify(src/yolo_package) by extension 'ignore_ament_install'
[0.442s] Level 1:colcon.colcon_core.package_identification:_identify(src/yolo_package) by extensions ['colcon_pkg']
[0.442s] Level 1:colcon.colcon_core.package_identification:_identify(src/yolo_package) by extension 'colcon_pkg'
[0.442s] Level 1:colcon.colcon_core.package_identification:_identify(src/yolo_package) by extensions ['colcon_meta']
[0.442s] Level 1:colcon.colcon_core.package_identification:_identify(src/yolo_package) by extension 'colcon_meta'
[0.442s] Level 1:colcon.colcon_core.package_identification:_identify(src/yolo_package) by extensions ['ros']
[0.442s] Level 1:colcon.colcon_core.package_identification:_identify(src/yolo_package) by extension 'ros'
[0.442s] DEBUG:colcon.colcon_core.package_identification:Package 'src/yolo_package' with type 'ros.ament_python' and name 'yolo_package'
[0.442s] Level 1:colcon.colcon_core.package_discovery:discover_packages(recursive) using defaults
[0.442s] Level 1:colcon.colcon_core.package_discovery:discover_packages(ignore) discover
[0.442s] Level 1:colcon.colcon_core.package_discovery:discover_packages(ignore) using defaults
[0.442s] Level 1:colcon.colcon_core.package_discovery:discover_packages(path) discover
[0.442s] Level 1:colcon.colcon_core.package_discovery:discover_packages(path) using defaults
[0.465s] Level 1:colcon.colcon_core.package_discovery:discover_packages(prefix_path) check parameters
[0.465s] Level 1:colcon.colcon_core.package_discovery:discover_packages(prefix_path) discover
[0.469s] DEBUG:colcon.colcon_installed_package_information.package_discovery:Found 364 installed packages in /opt/ros/humble
[0.471s] Level 1:colcon.colcon_core.package_discovery:discover_packages(prefix_path) using defaults
[0.540s] Level 5:colcon.colcon_core.verb:set package 'minibot_description' build argument 'cmake_args' from command line to 'None'
[0.540s] Level 5:colcon.colcon_core.verb:set package 'minibot_description' build argument 'cmake_target' from command line to 'None'
[0.541s] Level 5:colcon.colcon_core.verb:set package 'minibot_description' build argument 'cmake_target_skip_unavailable' from command line to 'False'
[0.541s] Level 5:colcon.colcon_core.verb:set package 'minibot_description' build argument 'cmake_clean_cache' from command line to 'False'
[0.541s] Level 5:colcon.colcon_core.verb:set package 'minibot_description' build argument 'cmake_clean_first' from command line to 'False'
[0.541s] Level 5:colcon.colcon_core.verb:set package 'minibot_description' build argument 'cmake_force_configure' from command line to 'False'
[0.541s] Level 5:colcon.colcon_core.verb:set package 'minibot_description' build argument 'ament_cmake_args' from command line to 'None'
[0.541s] Level 5:colcon.colcon_core.verb:set package 'minibot_description' build argument 'catkin_cmake_args' from command line to 'None'
[0.541s] Level 5:colcon.colcon_core.verb:set package 'minibot_description' build argument 'catkin_skip_building_tests' from command line to 'False'
[0.541s] DEBUG:colcon.colcon_core.verb:Building package 'minibot_description' with the following arguments: {'ament_cmake_args': None, 'build_base': '/home/kiro04/pinkbot/build/minibot_description', 'catkin_cmake_args': None, 'catkin_skip_building_tests': False, 'cmake_args': None, 'cmake_clean_cache': False, 'cmake_clean_first': False, 'cmake_force_configure': False, 'cmake_target': None, 'cmake_target_skip_unavailable': False, 'install_base': '/home/kiro04/pinkbot/install/minibot_description', 'merge_install': False, 'path': '/home/kiro04/pinkbot/src/pinklab_minibot_robot/minibot_description', 'symlink_install': False, 'test_result_base': None}
[0.542s] Level 5:colcon.colcon_core.verb:set package 'minibot_hardware_interface' build argument 'cmake_args' from command line to 'None'
[0.542s] Level 5:colcon.colcon_core.verb:set package 'minibot_hardware_interface' build argument 'cmake_target' from command line to 'None'
[0.542s] Level 5:colcon.colcon_core.verb:set package 'minibot_hardware_interface' build argument 'cmake_target_skip_unavailable' from command line to 'False'
[0.542s] Level 5:colcon.colcon_core.verb:set package 'minibot_hardware_interface' build argument 'cmake_clean_cache' from command line to 'False'
[0.542s] Level 5:colcon.colcon_core.verb:set package 'minibot_hardware_interface' build argument 'cmake_clean_first' from command line to 'False'
[0.542s] Level 5:colcon.colcon_core.verb:set package 'minibot_hardware_interface' build argument 'cmake_force_configure' from command line to 'False'
[0.542s] Level 5:colcon.colcon_core.verb:set package 'minibot_hardware_interface' build argument 'ament_cmake_args' from command line to 'None'
[0.542s] Level 5:colcon.colcon_core.verb:set package 'minibot_hardware_interface' build argument 'catkin_cmake_args' from command line to 'None'
[0.542s] Level 5:colcon.colcon_core.verb:set package 'minibot_hardware_interface' build argument 'catkin_skip_building_tests' from command line to 'False'
[0.542s] DEBUG:colcon.colcon_core.verb:Building package 'minibot_hardware_interface' with the following arguments: {'ament_cmake_args': None, 'build_base': '/home/kiro04/pinkbot/build/minibot_hardware_interface', 'catkin_cmake_args': None, 'catkin_skip_building_tests': False, 'cmake_args': None, 'cmake_clean_cache': False, 'cmake_clean_first': False, 'cmake_force_configure': False, 'cmake_target': None, 'cmake_target_skip_unavailable': False, 'install_base': '/home/kiro04/pinkbot/install/minibot_hardware_interface', 'merge_install': False, 'path': '/home/kiro04/pinkbot/src/pinklab_minibot_robot/minibot_hardware_interface', 'symlink_install': False, 'test_result_base': None}
[0.543s] Level 5:colcon.colcon_core.verb:set package 'minibot_interfaces' build argument 'cmake_args' from command line to 'None'
[0.543s] Level 5:colcon.colcon_core.verb:set package 'minibot_interfaces' build argument 'cmake_target' from command line to 'None'
[0.543s] Level 5:colcon.colcon_core.verb:set package 'minibot_interfaces' build argument 'cmake_target_skip_unavailable' from command line to 'False'
[0.543s] Level 5:colcon.colcon_core.verb:set package 'minibot_interfaces' build argument 'cmake_clean_cache' from command line to 'False'
[0.543s] Level 5:colcon.colcon_core.verb:set package 'minibot_interfaces' build argument 'cmake_clean_first' from command line to 'False'
[0.543s] Level 5:colcon.colcon_core.verb:set package 'minibot_interfaces' build argument 'cmake_force_configure' from command line to 'False'
[0.543s] Level 5:colcon.colcon_core.verb:set package 'minibot_interfaces' build argument 'ament_cmake_args' from command line to 'None'
[0.543s] Level 5:colcon.colcon_core.verb:set package 'minibot_interfaces' build argument 'catkin_cmake_args' from command line to 'None'
[0.543s] Level 5:colcon.colcon_core.verb:set package 'minibot_interfaces' build argument 'catkin_skip_building_tests' from command line to 'False'
[0.543s] DEBUG:colcon.colcon_core.verb:Building package 'minibot_interfaces' with the following arguments: {'ament_cmake_args': None, 'build_base': '/home/kiro04/pinkbot/build/minibot_interfaces', 'catkin_cmake_args': None, 'catkin_skip_building_tests': False, 'cmake_args': None, 'cmake_clean_cache': False, 'cmake_clean_first': False, 'cmake_force_configure': False, 'cmake_target': None, 'cmake_target_skip_unavailable': False, 'install_base': '/home/kiro04/pinkbot/install/minibot_interfaces', 'merge_install': False, 'path': '/home/kiro04/pinkbot/src/pinklab_minibot_robot/minibot_interfaces', 'symlink_install': False, 'test_result_base': None}
[0.544s] Level 5:colcon.colcon_core.verb:set package 'minibot_navigation2' build argument 'cmake_args' from command line to 'None'
[0.544s] Level 5:colcon.colcon_core.verb:set package 'minibot_navigation2' build argument 'cmake_target' from command line to 'None'
[0.544s] Level 5:colcon.colcon_core.verb:set package 'minibot_navigation2' build argument 'cmake_target_skip_unavailable' from command line to 'False'
[0.544s] Level 5:colcon.colcon_core.verb:set package 'minibot_navigation2' build argument 'cmake_clean_cache' from command line to 'False'
[0.544s] Level 5:colcon.colcon_core.verb:set package 'minibot_navigation2' build argument 'cmake_clean_first' from command line to 'False'
[0.544s] Level 5:colcon.colcon_core.verb:set package 'minibot_navigation2' build argument 'cmake_force_configure' from command line to 'False'
[0.544s] Level 5:colcon.colcon_core.verb:set package 'minibot_navigation2' build argument 'ament_cmake_args' from command line to 'None'
[0.544s] Level 5:colcon.colcon_core.verb:set package 'minibot_navigation2' build argument 'catkin_cmake_args' from command line to 'None'
[0.544s] Level 5:colcon.colcon_core.verb:set package 'minibot_navigation2' build argument 'catkin_skip_building_tests' from command line to 'False'
[0.544s] DEBUG:colcon.colcon_core.verb:Building package 'minibot_navigation2' with the following arguments: {'ament_cmake_args': None, 'build_base': '/home/kiro04/pinkbot/build/minibot_navigation2', 'catkin_cmake_args': None, 'catkin_skip_building_tests': False, 'cmake_args': None, 'cmake_clean_cache': False, 'cmake_clean_first': False, 'cmake_force_configure': False, 'cmake_target': None, 'cmake_target_skip_unavailable': False, 'install_base': '/home/kiro04/pinkbot/install/minibot_navigation2', 'merge_install': False, 'path': '/home/kiro04/pinkbot/src/pinklab_minibot_robot/minibot_navigation2', 'symlink_install': False, 'test_result_base': None}
[0.545s] Level 5:colcon.colcon_core.verb:set package 'yolo_package' build argument 'cmake_args' from command line to 'None'
[0.545s] Level 5:colcon.colcon_core.verb:set package 'yolo_package' build argument 'cmake_target' from command line to 'None'
[0.545s] Level 5:colcon.colcon_core.verb:set package 'yolo_package' build argument 'cmake_target_skip_unavailable' from command line to 'False'
[0.545s] Level 5:colcon.colcon_core.verb:set package 'yolo_package' build argument 'cmake_clean_cache' from command line to 'False'
[0.545s] Level 5:colcon.colcon_core.verb:set package 'yolo_package' build argument 'cmake_clean_first' from command line to 'False'
[0.545s] Level 5:colcon.colcon_core.verb:set package 'yolo_package' build argument 'cmake_force_configure' from command line to 'False'
[0.545s] Level 5:colcon.colcon_core.verb:set package 'yolo_package' build argument 'ament_cmake_args' from command line to 'None'
[0.545s] Level 5:colcon.colcon_core.verb:set package 'yolo_package' build argument 'catkin_cmake_args' from command line to 'None'
[0.545s] Level 5:colcon.colcon_core.verb:set package 'yolo_package' build argument 'catkin_skip_building_tests' from command line to 'False'
[0.545s] DEBUG:colcon.colcon_core.verb:Building package 'yolo_package' with the following arguments: {'ament_cmake_args': None, 'build_base': '/home/kiro04/pinkbot/build/yolo_package', 'catkin_cmake_args': None, 'catkin_skip_building_tests': False, 'cmake_args': None, 'cmake_clean_cache': False, 'cmake_clean_first': False, 'cmake_force_configure': False, 'cmake_target': None, 'cmake_target_skip_unavailable': False, 'install_base': '/home/kiro04/pinkbot/install/yolo_package', 'merge_install': False, 'path': '/home/kiro04/pinkbot/src/yolo_package', 'symlink_install': False, 'test_result_base': None}
[0.546s] Level 5:colcon.colcon_core.verb:set package 'minibot_controllers' build argument 'cmake_args' from command line to 'None'
[0.546s] Level 5:colcon.colcon_core.verb:set package 'minibot_controllers' build argument 'cmake_target' from command line to 'None'
[0.546s] Level 5:colcon.colcon_core.verb:set package 'minibot_controllers' build argument 'cmake_target_skip_unavailable' from command line to 'False'
[0.546s] Level 5:colcon.colcon_core.verb:set package 'minibot_controllers' build argument 'cmake_clean_cache' from command line to 'False'
[0.546s] Level 5:colcon.colcon_core.verb:set package 'minibot_controllers' build argument 'cmake_clean_first' from command line to 'False'
[0.546s] Level 5:colcon.colcon_core.verb:set package 'minibot_controllers' build argument 'cmake_force_configure' from command line to 'False'
[0.546s] Level 5:colcon.colcon_core.verb:set package 'minibot_controllers' build argument 'ament_cmake_args' from command line to 'None'
[0.546s] Level 5:colcon.colcon_core.verb:set package 'minibot_controllers' build argument 'catkin_cmake_args' from command line to 'None'
[0.546s] Level 5:colcon.colcon_core.verb:set package 'minibot_controllers' build argument 'catkin_skip_building_tests' from command line to 'False'
[0.546s] DEBUG:colcon.colcon_core.verb:Building package 'minibot_controllers' with the following arguments: {'ament_cmake_args': None, 'build_base': '/home/kiro04/pinkbot/build/minibot_controllers', 'catkin_cmake_args': None, 'catkin_skip_building_tests': False, 'cmake_args': None, 'cmake_clean_cache': False, 'cmake_clean_first': False, 'cmake_force_configure': False, 'cmake_target': None, 'cmake_target_skip_unavailable': False, 'install_base': '/home/kiro04/pinkbot/install/minibot_controllers', 'merge_install': False, 'path': '/home/kiro04/pinkbot/src/pinklab_minibot_robot/minibot_controllers', 'symlink_install': False, 'test_result_base': None}
[0.547s] Level 5:colcon.colcon_core.verb:set package 'minibot_gazebo' build argument 'cmake_args' from command line to 'None'
[0.547s] Level 5:colcon.colcon_core.verb:set package 'minibot_gazebo' build argument 'cmake_target' from command line to 'None'
[0.547s] Level 5:colcon.colcon_core.verb:set package 'minibot_gazebo' build argument 'cmake_target_skip_unavailable' from command line to 'False'
[0.547s] Level 5:colcon.colcon_core.verb:set package 'minibot_gazebo' build argument 'cmake_clean_cache' from command line to 'False'
[0.547s] Level 5:colcon.colcon_core.verb:set package 'minibot_gazebo' build argument 'cmake_clean_first' from command line to 'False'
[0.547s] Level 5:colcon.colcon_core.verb:set package 'minibot_gazebo' build argument 'cmake_force_configure' from command line to 'False'
[0.547s] Level 5:colcon.colcon_core.verb:set package 'minibot_gazebo' build argument 'ament_cmake_args' from command line to 'None'
[0.548s] Level 5:colcon.colcon_core.verb:set package 'minibot_gazebo' build argument 'catkin_cmake_args' from command line to 'None'
[0.548s] Level 5:colcon.colcon_core.verb:set package 'minibot_gazebo' build argument 'catkin_skip_building_tests' from command line to 'False'
[0.548s] DEBUG:colcon.colcon_core.verb:Building package 'minibot_gazebo' with the following arguments: {'ament_cmake_args': None, 'build_base': '/home/kiro04/pinkbot/build/minibot_gazebo', 'catkin_cmake_args': None, 'catkin_skip_building_tests': False, 'cmake_args': None, 'cmake_clean_cache': False, 'cmake_clean_first': False, 'cmake_force_configure': False, 'cmake_target': None, 'cmake_target_skip_unavailable': False, 'install_base': '/home/kiro04/pinkbot/install/minibot_gazebo', 'merge_install': False, 'path': '/home/kiro04/pinkbot/src/pinklab_minibot_robot/minibot_gazebo', 'symlink_install': False, 'test_result_base': None}
[0.548s] Level 5:colcon.colcon_core.verb:set package 'minibot_bringup' build argument 'cmake_args' from command line to 'None'
[0.548s] Level 5:colcon.colcon_core.verb:set package 'minibot_bringup' build argument 'cmake_target' from command line to 'None'
[0.548s] Level 5:colcon.colcon_core.verb:set package 'minibot_bringup' build argument 'cmake_target_skip_unavailable' from command line to 'False'
[0.548s] Level 5:colcon.colcon_core.verb:set package 'minibot_bringup' build argument 'cmake_clean_cache' from command line to 'False'
[0.549s] Level 5:colcon.colcon_core.verb:set package 'minibot_bringup' build argument 'cmake_clean_first' from command line to 'False'
[0.549s] Level 5:colcon.colcon_core.verb:set package 'minibot_bringup' build argument 'cmake_force_configure' from command line to 'False'
[0.549s] Level 5:colcon.colcon_core.verb:set package 'minibot_bringup' build argument 'ament_cmake_args' from command line to 'None'
[0.549s] Level 5:colcon.colcon_core.verb:set package 'minibot_bringup' build argument 'catkin_cmake_args' from command line to 'None'
[0.549s] Level 5:colcon.colcon_core.verb:set package 'minibot_bringup' build argument 'catkin_skip_building_tests' from command line to 'False'
[0.549s] DEBUG:colcon.colcon_core.verb:Building package 'minibot_bringup' with the following arguments: {'ament_cmake_args': None, 'build_base': '/home/kiro04/pinkbot/build/minibot_bringup', 'catkin_cmake_args': None, 'catkin_skip_building_tests': False, 'cmake_args': None, 'cmake_clean_cache': False, 'cmake_clean_first': False, 'cmake_force_configure': False, 'cmake_target': None, 'cmake_target_skip_unavailable': False, 'install_base': '/home/kiro04/pinkbot/install/minibot_bringup', 'merge_install': False, 'path': '/home/kiro04/pinkbot/src/pinklab_minibot_robot/minibot_bringup', 'symlink_install': False, 'test_result_base': None}
[0.549s] INFO:colcon.colcon_core.executor:Executing jobs using 'parallel' executor
[0.552s] DEBUG:colcon.colcon_parallel_executor.executor.parallel:run_until_complete
[0.553s] INFO:colcon.colcon_ros.task.ament_cmake.build:Building ROS package in '/home/kiro04/pinkbot/src/pinklab_minibot_robot/minibot_description' with build type 'ament_cmake'
[0.553s] INFO:colcon.colcon_cmake.task.cmake.build:Building CMake package in '/home/kiro04/pinkbot/src/pinklab_minibot_robot/minibot_description'
[0.558s] INFO:colcon.colcon_core.plugin_system:Skipping extension 'colcon_core.shell.bat': Not used on non-Windows systems
[0.559s] INFO:colcon.colcon_core.shell:Skip shell extension 'powershell' for command environment: Not usable outside of PowerShell
[0.559s] DEBUG:colcon.colcon_core.shell:Skip shell extension 'dsv' for command environment
[0.563s] INFO:colcon.colcon_ros.task.ament_cmake.build:Building ROS package in '/home/kiro04/pinkbot/src/pinklab_minibot_robot/minibot_interfaces' with build type 'ament_cmake'
[0.563s] INFO:colcon.colcon_cmake.task.cmake.build:Building CMake package in '/home/kiro04/pinkbot/src/pinklab_minibot_robot/minibot_interfaces'
[0.565s] INFO:colcon.colcon_core.shell:Skip shell extension 'powershell' for command environment: Not usable outside of PowerShell
[0.565s] DEBUG:colcon.colcon_core.shell:Skip shell extension 'dsv' for command environment
[0.570s] INFO:colcon.colcon_ros.task.ament_cmake.build:Building ROS package in '/home/kiro04/pinkbot/src/pinklab_minibot_robot/minibot_hardware_interface' with build type 'ament_cmake'
[0.570s] INFO:colcon.colcon_cmake.task.cmake.build:Building CMake package in '/home/kiro04/pinkbot/src/pinklab_minibot_robot/minibot_hardware_interface'
[0.572s] INFO:colcon.colcon_core.shell:Skip shell extension 'powershell' for command environment: Not usable outside of PowerShell
[0.572s] DEBUG:colcon.colcon_core.shell:Skip shell extension 'dsv' for command environment
[0.577s] INFO:colcon.colcon_ros.task.ament_cmake.build:Building ROS package in '/home/kiro04/pinkbot/src/pinklab_minibot_robot/minibot_navigation2' with build type 'ament_cmake'
[0.577s] INFO:colcon.colcon_cmake.task.cmake.build:Building CMake package in '/home/kiro04/pinkbot/src/pinklab_minibot_robot/minibot_navigation2'
[0.579s] INFO:colcon.colcon_core.shell:Skip shell extension 'powershell' for command environment: Not usable outside of PowerShell
[0.579s] DEBUG:colcon.colcon_core.shell:Skip shell extension 'dsv' for command environment
[0.585s] INFO:colcon.colcon_ros.task.ament_python.build:Building ROS package in '/home/kiro04/pinkbot/src/yolo_package' with build type 'ament_python'
[0.585s] Level 1:colcon.colcon_core.shell:create_environment_hook('yolo_package', 'ament_prefix_path')
[0.587s] INFO:colcon.colcon_core.shell:Creating environment hook '/home/kiro04/pinkbot/install/yolo_package/share/yolo_package/hook/ament_prefix_path.ps1'
[0.588s] INFO:colcon.colcon_core.shell:Creating environment descriptor '/home/kiro04/pinkbot/install/yolo_package/share/yolo_package/hook/ament_prefix_path.dsv'
[0.588s] INFO:colcon.colcon_core.shell:Creating environment hook '/home/kiro04/pinkbot/install/yolo_package/share/yolo_package/hook/ament_prefix_path.sh'
[0.590s] INFO:colcon.colcon_core.shell:Skip shell extension 'powershell' for command environment: Not usable outside of PowerShell
[0.590s] DEBUG:colcon.colcon_core.shell:Skip shell extension 'dsv' for command environment
[0.603s] DEBUG:colcon.colcon_core.event_handler.log_command:Invoking command in '/home/kiro04/pinkbot/build/minibot_description': CMAKE_PREFIX_PATH=/opt/ros/humble /home/kiro04/.local/bin/cmake --build /home/kiro04/pinkbot/build/minibot_description -- -j8 -l8
[0.607s] DEBUG:colcon.colcon_core.event_handler.log_command:Invoking command in '/home/kiro04/pinkbot/build/minibot_interfaces': CMAKE_PREFIX_PATH=/opt/ros/humble /home/kiro04/.local/bin/cmake --build /home/kiro04/pinkbot/build/minibot_interfaces -- -j8 -l8
[0.611s] DEBUG:colcon.colcon_core.event_handler.log_command:Invoking command in '/home/kiro04/pinkbot/build/minibot_hardware_interface': CMAKE_PREFIX_PATH=/opt/ros/humble /home/kiro04/.local/bin/cmake --build /home/kiro04/pinkbot/build/minibot_hardware_interface -- -j8 -l8
[0.620s] DEBUG:colcon.colcon_core.event_handler.log_command:Invoking command in '/home/kiro04/pinkbot/build/minibot_navigation2': CMAKE_PREFIX_PATH=/opt/ros/humble /home/kiro04/.local/bin/cmake --build /home/kiro04/pinkbot/build/minibot_navigation2 -- -j8 -l8
[1.134s] INFO:colcon.colcon_core.task.python.build:Building Python package in '/home/kiro04/pinkbot/src/yolo_package'
[1.136s] INFO:colcon.colcon_core.shell:Skip shell extension 'powershell' for command environment: Not usable outside of PowerShell
[1.136s] DEBUG:colcon.colcon_core.shell:Skip shell extension 'dsv' for command environment
[1.144s] DEBUG:colcon.colcon_core.event_handler.log_command:Invoked command in '/home/kiro04/pinkbot/build/minibot_description' returned '0': CMAKE_PREFIX_PATH=/opt/ros/humble /home/kiro04/.local/bin/cmake --build /home/kiro04/pinkbot/build/minibot_description -- -j8 -l8
[1.145s] DEBUG:colcon.colcon_core.event_handler.log_command:Invoked command in '/home/kiro04/pinkbot/build/minibot_hardware_interface' returned '0': CMAKE_PREFIX_PATH=/opt/ros/humble /home/kiro04/.local/bin/cmake --build /home/kiro04/pinkbot/build/minibot_hardware_interface -- -j8 -l8
[1.147s] DEBUG:colcon.colcon_core.event_handler.log_command:Invoked command in '/home/kiro04/pinkbot/build/minibot_navigation2' returned '0': CMAKE_PREFIX_PATH=/opt/ros/humble /home/kiro04/.local/bin/cmake --build /home/kiro04/pinkbot/build/minibot_navigation2 -- -j8 -l8
[1.223s] DEBUG:colcon.colcon_core.event_handler.log_command:Invoked command in '/home/kiro04/pinkbot/build/minibot_interfaces' returned '0': CMAKE_PREFIX_PATH=/opt/ros/humble /home/kiro04/.local/bin/cmake --build /home/kiro04/pinkbot/build/minibot_interfaces -- -j8 -l8
[1.380s] DEBUG:colcon.colcon_core.event_handler.log_command:Invoking command in '/home/kiro04/pinkbot/build/minibot_description': CMAKE_PREFIX_PATH=/opt/ros/humble /home/kiro04/.local/bin/cmake --install /home/kiro04/pinkbot/build/minibot_description
[1.384s] DEBUG:colcon.colcon_core.event_handler.log_command:Invoking command in '/home/kiro04/pinkbot/build/minibot_navigation2': CMAKE_PREFIX_PATH=/opt/ros/humble /home/kiro04/.local/bin/cmake --install /home/kiro04/pinkbot/build/minibot_navigation2
[1.387s] DEBUG:colcon.colcon_core.event_handler.log_command:Invoking command in '/home/kiro04/pinkbot/build/minibot_hardware_interface': CMAKE_PREFIX_PATH=/opt/ros/humble /home/kiro04/.local/bin/cmake --install /home/kiro04/pinkbot/build/minibot_hardware_interface
[1.425s] DEBUG:colcon.colcon_core.event_handler.log_command:Invoking command in '/home/kiro04/pinkbot/build/minibot_interfaces': CMAKE_PREFIX_PATH=/opt/ros/humble /home/kiro04/.local/bin/cmake --install /home/kiro04/pinkbot/build/minibot_interfaces
[1.488s] Level 1:colcon.colcon_core.environment:create_environment_scripts_only(minibot_description)
[1.490s] DEBUG:colcon.colcon_core.event_handler.log_command:Invoked command in '/home/kiro04/pinkbot/build/minibot_description' returned '0': CMAKE_PREFIX_PATH=/opt/ros/humble /home/kiro04/.local/bin/cmake --install /home/kiro04/pinkbot/build/minibot_description
[1.498s] Level 1:colcon.colcon_core.environment:checking '/home/kiro04/pinkbot/install/minibot_description' for CMake module files
[1.499s] Level 1:colcon.colcon_core.environment:checking '/home/kiro04/pinkbot/install/minibot_description' for CMake config files
[1.499s] Level 1:colcon.colcon_core.shell:create_environment_hook('minibot_description', 'cmake_prefix_path')
[1.502s] INFO:colcon.colcon_core.shell:Creating environment hook '/home/kiro04/pinkbot/install/minibot_description/share/minibot_description/hook/cmake_prefix_path.ps1'
[1.503s] INFO:colcon.colcon_core.shell:Creating environment descriptor '/home/kiro04/pinkbot/install/minibot_description/share/minibot_description/hook/cmake_prefix_path.dsv'
[1.506s] INFO:colcon.colcon_core.shell:Creating environment hook '/home/kiro04/pinkbot/install/minibot_description/share/minibot_description/hook/cmake_prefix_path.sh'
[1.509s] Level 1:colcon.colcon_core.environment:checking '/home/kiro04/pinkbot/install/minibot_description/bin'
[1.509s] Level 1:colcon.colcon_core.environment:checking '/home/kiro04/pinkbot/install/minibot_description/lib/pkgconfig/minibot_description.pc'
[1.509s] Level 1:colcon.colcon_core.environment:checking '/home/kiro04/pinkbot/install/minibot_description/lib/python3.10/site-packages'
[1.509s] Level 1:colcon.colcon_core.environment:checking '/home/kiro04/pinkbot/install/minibot_description/bin'
[1.512s] INFO:colcon.colcon_core.shell:Creating package script '/home/kiro04/pinkbot/install/minibot_description/share/minibot_description/package.ps1'
[1.513s] INFO:colcon.colcon_core.shell:Creating package descriptor '/home/kiro04/pinkbot/install/minibot_description/share/minibot_description/package.dsv'
[1.514s] INFO:colcon.colcon_core.shell:Creating package script '/home/kiro04/pinkbot/install/minibot_description/share/minibot_description/package.sh'
[1.515s] INFO:colcon.colcon_core.shell:Creating package script '/home/kiro04/pinkbot/install/minibot_description/share/minibot_description/package.bash'
[1.516s] INFO:colcon.colcon_core.shell:Creating package script '/home/kiro04/pinkbot/install/minibot_description/share/minibot_description/package.zsh'
[1.517s] Level 1:colcon.colcon_core.environment:create_file_with_runtime_dependencies(/home/kiro04/pinkbot/install/minibot_description/share/colcon-core/packages/minibot_description)
[1.520s] Level 1:colcon.colcon_core.environment:create_environment_scripts_only(minibot_navigation2)
[1.523s] Level 1:colcon.colcon_core.environment:checking '/home/kiro04/pinkbot/install/minibot_navigation2' for CMake module files
[1.524s] DEBUG:colcon.colcon_core.event_handler.log_command:Invoked command in '/home/kiro04/pinkbot/build/minibot_navigation2' returned '0': CMAKE_PREFIX_PATH=/opt/ros/humble /home/kiro04/.local/bin/cmake --install /home/kiro04/pinkbot/build/minibot_navigation2
[1.524s] Level 1:colcon.colcon_core.environment:checking '/home/kiro04/pinkbot/install/minibot_navigation2' for CMake config files
[1.525s] Level 1:colcon.colcon_core.shell:create_environment_hook('minibot_navigation2', 'cmake_prefix_path')
[1.527s] INFO:colcon.colcon_core.shell:Creating environment hook '/home/kiro04/pinkbot/install/minibot_navigation2/share/minibot_navigation2/hook/cmake_prefix_path.ps1'
[1.527s] INFO:colcon.colcon_core.shell:Creating environment descriptor '/home/kiro04/pinkbot/install/minibot_navigation2/share/minibot_navigation2/hook/cmake_prefix_path.dsv'
[1.528s] INFO:colcon.colcon_core.shell:Creating environment hook '/home/kiro04/pinkbot/install/minibot_navigation2/share/minibot_navigation2/hook/cmake_prefix_path.sh'
[1.529s] Level 1:colcon.colcon_core.environment:checking '/home/kiro04/pinkbot/install/minibot_navigation2/bin'
[1.529s] Level 1:colcon.colcon_core.environment:checking '/home/kiro04/pinkbot/install/minibot_navigation2/lib/pkgconfig/minibot_navigation2.pc'
[1.529s] Level 1:colcon.colcon_core.environment:checking '/home/kiro04/pinkbot/install/minibot_navigation2/lib/python3.10/site-packages'
[1.529s] Level 1:colcon.colcon_core.environment:checking '/home/kiro04/pinkbot/install/minibot_navigation2/bin'
[1.532s] INFO:colcon.colcon_core.shell:Creating package script '/home/kiro04/pinkbot/install/minibot_navigation2/share/minibot_navigation2/package.ps1'
[1.532s] INFO:colcon.colcon_core.shell:Creating package descriptor '/home/kiro04/pinkbot/install/minibot_navigation2/share/minibot_navigation2/package.dsv'
[1.533s] INFO:colcon.colcon_core.shell:Creating package script '/home/kiro04/pinkbot/install/minibot_navigation2/share/minibot_navigation2/package.sh'
[1.533s] INFO:colcon.colcon_core.shell:Creating package script '/home/kiro04/pinkbot/install/minibot_navigation2/share/minibot_navigation2/package.bash'
[1.534s] INFO:colcon.colcon_core.shell:Creating package script '/home/kiro04/pinkbot/install/minibot_navigation2/share/minibot_navigation2/package.zsh'
[1.534s] Level 1:colcon.colcon_core.environment:create_file_with_runtime_dependencies(/home/kiro04/pinkbot/install/minibot_navigation2/share/colcon-core/packages/minibot_navigation2)
[1.536s] Level 1:colcon.colcon_core.environment:create_environment_scripts_only(minibot_hardware_interface)
[1.540s] Level 1:colcon.colcon_core.environment:checking '/home/kiro04/pinkbot/install/minibot_hardware_interface' for CMake module files
[1.540s] DEBUG:colcon.colcon_core.event_handler.log_command:Invoked command in '/home/kiro04/pinkbot/build/minibot_hardware_interface' returned '0': CMAKE_PREFIX_PATH=/opt/ros/humble /home/kiro04/.local/bin/cmake --install /home/kiro04/pinkbot/build/minibot_hardware_interface
[1.541s] Level 1:colcon.colcon_core.environment:checking '/home/kiro04/pinkbot/install/minibot_hardware_interface' for CMake config files
[1.542s] Level 1:colcon.colcon_core.shell:create_environment_hook('minibot_hardware_interface', 'cmake_prefix_path')
[1.544s] INFO:colcon.colcon_core.shell:Creating environment hook '/home/kiro04/pinkbot/install/minibot_hardware_interface/share/minibot_hardware_interface/hook/cmake_prefix_path.ps1'
[1.545s] INFO:colcon.colcon_core.shell:Creating environment descriptor '/home/kiro04/pinkbot/install/minibot_hardware_interface/share/minibot_hardware_interface/hook/cmake_prefix_path.dsv'
[1.545s] INFO:colcon.colcon_core.shell:Creating environment hook '/home/kiro04/pinkbot/install/minibot_hardware_interface/share/minibot_hardware_interface/hook/cmake_prefix_path.sh'
[1.546s] Level 1:colcon.colcon_core.environment:checking '/home/kiro04/pinkbot/install/minibot_hardware_interface/lib'
[1.546s] Level 1:colcon.colcon_core.shell:create_environment_hook('minibot_hardware_interface', 'ld_library_path_lib')
[1.549s] INFO:colcon.colcon_core.shell:Creating environment hook '/home/kiro04/pinkbot/install/minibot_hardware_interface/share/minibot_hardware_interface/hook/ld_library_path_lib.ps1'
[1.549s] INFO:colcon.colcon_core.shell:Creating environment descriptor '/home/kiro04/pinkbot/install/minibot_hardware_interface/share/minibot_hardware_interface/hook/ld_library_path_lib.dsv'
[1.550s] INFO:colcon.colcon_core.shell:Creating environment hook '/home/kiro04/pinkbot/install/minibot_hardware_interface/share/minibot_hardware_interface/hook/ld_library_path_lib.sh'
[1.550s] Level 1:colcon.colcon_core.environment:checking '/home/kiro04/pinkbot/install/minibot_hardware_interface/bin'
[1.550s] Level 1:colcon.colcon_core.environment:checking '/home/kiro04/pinkbot/install/minibot_hardware_interface/lib/pkgconfig/minibot_hardware_interface.pc'
[1.551s] Level 1:colcon.colcon_core.environment:checking '/home/kiro04/pinkbot/install/minibot_hardware_interface/lib/python3.10/site-packages'
[1.551s] Level 1:colcon.colcon_core.environment:checking '/home/kiro04/pinkbot/install/minibot_hardware_interface/bin'
[1.554s] INFO:colcon.colcon_core.shell:Creating package script '/home/kiro04/pinkbot/install/minibot_hardware_interface/share/minibot_hardware_interface/package.ps1'
[1.555s] INFO:colcon.colcon_core.shell:Creating package descriptor '/home/kiro04/pinkbot/install/minibot_hardware_interface/share/minibot_hardware_interface/package.dsv'
[1.556s] INFO:colcon.colcon_core.shell:Creating package script '/home/kiro04/pinkbot/install/minibot_hardware_interface/share/minibot_hardware_interface/package.sh'
[1.557s] INFO:colcon.colcon_core.shell:Creating package script '/home/kiro04/pinkbot/install/minibot_hardware_interface/share/minibot_hardware_interface/package.bash'
[1.557s] INFO:colcon.colcon_core.shell:Creating package script '/home/kiro04/pinkbot/install/minibot_hardware_interface/share/minibot_hardware_interface/package.zsh'
[1.558s] Level 1:colcon.colcon_core.environment:create_file_with_runtime_dependencies(/home/kiro04/pinkbot/install/minibot_hardware_interface/share/colcon-core/packages/minibot_hardware_interface)
[1.658s] Level 1:colcon.colcon_core.environment:create_environment_scripts_only(minibot_description)
[1.664s] Level 1:colcon.colcon_core.environment:checking '/home/kiro04/pinkbot/install/minibot_description' for CMake module files
[1.668s] Level 1:colcon.colcon_core.environment:checking '/home/kiro04/pinkbot/install/minibot_description' for CMake config files
[1.670s] Level 1:colcon.colcon_core.shell:create_environment_hook('minibot_description', 'cmake_prefix_path')
[1.673s] INFO:colcon.colcon_core.shell:Creating environment hook '/home/kiro04/pinkbot/install/minibot_description/share/minibot_description/hook/cmake_prefix_path.ps1'
[1.674s] INFO:colcon.colcon_core.shell:Creating environment descriptor '/home/kiro04/pinkbot/install/minibot_description/share/minibot_description/hook/cmake_prefix_path.dsv'
[1.676s] INFO:colcon.colcon_core.shell:Creating environment hook '/home/kiro04/pinkbot/install/minibot_description/share/minibot_description/hook/cmake_prefix_path.sh'
[1.679s] Level 1:colcon.colcon_core.environment:checking '/home/kiro04/pinkbot/install/minibot_description/bin'
[1.680s] Level 1:colcon.colcon_core.environment:checking '/home/kiro04/pinkbot/install/minibot_description/lib/pkgconfig/minibot_description.pc'
[1.680s] Level 1:colcon.colcon_core.environment:checking '/home/kiro04/pinkbot/install/minibot_description/lib/python3.10/site-packages'
[1.681s] Level 1:colcon.colcon_core.environment:checking '/home/kiro04/pinkbot/install/minibot_description/bin'
[1.685s] INFO:colcon.colcon_core.shell:Creating package script '/home/kiro04/pinkbot/install/minibot_description/share/minibot_description/package.ps1'
[1.687s] INFO:colcon.colcon_core.shell:Creating package descriptor '/home/kiro04/pinkbot/install/minibot_description/share/minibot_description/package.dsv'
[1.687s] INFO:colcon.colcon_core.shell:Creating package script '/home/kiro04/pinkbot/install/minibot_description/share/minibot_description/package.sh'
[1.688s] INFO:colcon.colcon_core.shell:Creating package script '/home/kiro04/pinkbot/install/minibot_description/share/minibot_description/package.bash'
[1.689s] INFO:colcon.colcon_core.shell:Creating package script '/home/kiro04/pinkbot/install/minibot_description/share/minibot_description/package.zsh'
[1.689s] Level 1:colcon.colcon_core.environment:create_file_with_runtime_dependencies(/home/kiro04/pinkbot/install/minibot_description/share/colcon-core/packages/minibot_description)
[1.690s] INFO:colcon.colcon_ros.task.ament_cmake.build:Building ROS package in '/home/kiro04/pinkbot/src/pinklab_minibot_robot/minibot_gazebo' with build type 'ament_cmake'
[1.691s] INFO:colcon.colcon_cmake.task.cmake.build:Building CMake package in '/home/kiro04/pinkbot/src/pinklab_minibot_robot/minibot_gazebo'
[1.694s] INFO:colcon.colcon_core.shell:Skip shell extension 'powershell' for command environment: Not usable outside of PowerShell
[1.694s] DEBUG:colcon.colcon_core.shell:Skip shell extension 'dsv' for command environment
[1.703s] Level 1:colcon.colcon_core.environment:create_environment_scripts_only(minibot_navigation2)
[1.705s] Level 1:colcon.colcon_core.environment:checking '/home/kiro04/pinkbot/install/minibot_navigation2' for CMake module files
[1.706s] Level 1:colcon.colcon_core.environment:checking '/home/kiro04/pinkbot/install/minibot_navigation2' for CMake config files
[1.706s] Level 1:colcon.colcon_core.shell:create_environment_hook('minibot_navigation2', 'cmake_prefix_path')
[1.708s] INFO:colcon.colcon_core.shell:Creating environment hook '/home/kiro04/pinkbot/install/minibot_navigation2/share/minibot_navigation2/hook/cmake_prefix_path.ps1'
[1.709s] INFO:colcon.colcon_core.shell:Creating environment descriptor '/home/kiro04/pinkbot/install/minibot_navigation2/share/minibot_navigation2/hook/cmake_prefix_path.dsv'
[1.710s] INFO:colcon.colcon_core.shell:Creating environment hook '/home/kiro04/pinkbot/install/minibot_navigation2/share/minibot_navigation2/hook/cmake_prefix_path.sh'
[1.710s] Level 1:colcon.colcon_core.environment:checking '/home/kiro04/pinkbot/install/minibot_navigation2/bin'
[1.711s] Level 1:colcon.colcon_core.environment:checking '/home/kiro04/pinkbot/install/minibot_navigation2/lib/pkgconfig/minibot_navigation2.pc'
[1.711s] Level 1:colcon.colcon_core.environment:checking '/home/kiro04/pinkbot/install/minibot_navigation2/lib/python3.10/site-packages'
[1.711s] Level 1:colcon.colcon_core.environment:checking '/home/kiro04/pinkbot/install/minibot_navigation2/bin'
[1.713s] INFO:colcon.colcon_core.shell:Creating package script '/home/kiro04/pinkbot/install/minibot_navigation2/share/minibot_navigation2/package.ps1'
[1.714s] INFO:colcon.colcon_core.shell:Creating package descriptor '/home/kiro04/pinkbot/install/minibot_navigation2/share/minibot_navigation2/package.dsv'
[1.714s] INFO:colcon.colcon_core.shell:Creating package script '/home/kiro04/pinkbot/install/minibot_navigation2/share/minibot_navigation2/package.sh'
[1.715s] INFO:colcon.colcon_core.shell:Creating package script '/home/kiro04/pinkbot/install/minibot_navigation2/share/minibot_navigation2/package.bash'
[1.715s] INFO:colcon.colcon_core.shell:Creating package script '/home/kiro04/pinkbot/install/minibot_navigation2/share/minibot_navigation2/package.zsh'
[1.716s] Level 1:colcon.colcon_core.environment:create_file_with_runtime_dependencies(/home/kiro04/pinkbot/install/minibot_navigation2/share/colcon-core/packages/minibot_navigation2)
[1.719s] Level 1:colcon.colcon_core.environment:create_environment_scripts_only(minibot_hardware_interface)
[1.722s] Level 1:colcon.colcon_core.environment:checking '/home/kiro04/pinkbot/install/minibot_hardware_interface' for CMake module files
[1.723s] Level 1:colcon.colcon_core.environment:checking '/home/kiro04/pinkbot/install/minibot_hardware_interface' for CMake config files
[1.724s] Level 1:colcon.colcon_core.shell:create_environment_hook('minibot_hardware_interface', 'cmake_prefix_path')
[1.726s] INFO:colcon.colcon_core.shell:Creating environment hook '/home/kiro04/pinkbot/install/minibot_hardware_interface/share/minibot_hardware_interface/hook/cmake_prefix_path.ps1'
[1.727s] INFO:colcon.colcon_core.shell:Creating environment descriptor '/home/kiro04/pinkbot/install/minibot_hardware_interface/share/minibot_hardware_interface/hook/cmake_prefix_path.dsv'
[1.727s] INFO:colcon.colcon_core.shell:Creating environment hook '/home/kiro04/pinkbot/install/minibot_hardware_interface/share/minibot_hardware_interface/hook/cmake_prefix_path.sh'
[1.728s] Level 1:colcon.colcon_core.environment:checking '/home/kiro04/pinkbot/install/minibot_hardware_interface/lib'
[1.728s] Level 1:colcon.colcon_core.shell:create_environment_hook('minibot_hardware_interface', 'ld_library_path_lib')
[1.730s] INFO:colcon.colcon_core.shell:Creating environment hook '/home/kiro04/pinkbot/install/minibot_hardware_interface/share/minibot_hardware_interface/hook/ld_library_path_lib.ps1'
[1.730s] INFO:colcon.colcon_core.shell:Creating environment descriptor '/home/kiro04/pinkbot/install/minibot_hardware_interface/share/minibot_hardware_interface/hook/ld_library_path_lib.dsv'
[1.731s] INFO:colcon.colcon_core.shell:Creating environment hook '/home/kiro04/pinkbot/install/minibot_hardware_interface/share/minibot_hardware_interface/hook/ld_library_path_lib.sh'
[1.731s] Level 1:colcon.colcon_core.environment:checking '/home/kiro04/pinkbot/install/minibot_hardware_interface/bin'
[1.731s] Level 1:colcon.colcon_core.environment:checking '/home/kiro04/pinkbot/install/minibot_hardware_interface/lib/pkgconfig/minibot_hardware_interface.pc'
[1.731s] Level 1:colcon.colcon_core.environment:checking '/home/kiro04/pinkbot/install/minibot_hardware_interface/lib/python3.10/site-packages'
[1.732s] Level 1:colcon.colcon_core.environment:checking '/home/kiro04/pinkbot/install/minibot_hardware_interface/bin'
[1.734s] INFO:colcon.colcon_core.shell:Creating package script '/home/kiro04/pinkbot/install/minibot_hardware_interface/share/minibot_hardware_interface/package.ps1'
[1.734s] INFO:colcon.colcon_core.shell:Creating package descriptor '/home/kiro04/pinkbot/install/minibot_hardware_interface/share/minibot_hardware_interface/package.dsv'
[1.735s] INFO:colcon.colcon_core.shell:Creating package script '/home/kiro04/pinkbot/install/minibot_hardware_interface/share/minibot_hardware_interface/package.sh'
[1.735s] INFO:colcon.colcon_core.shell:Creating package script '/home/kiro04/pinkbot/install/minibot_hardware_interface/share/minibot_hardware_interface/package.bash'
[1.736s] INFO:colcon.colcon_core.shell:Creating package script '/home/kiro04/pinkbot/install/minibot_hardware_interface/share/minibot_hardware_interface/package.zsh'
[1.736s] Level 1:colcon.colcon_core.environment:create_file_with_runtime_dependencies(/home/kiro04/pinkbot/install/minibot_hardware_interface/share/colcon-core/packages/minibot_hardware_interface)
[1.737s] Level 1:colcon.colcon_core.environment:create_environment_scripts_only(minibot_interfaces)
[1.739s] Level 1:colcon.colcon_core.environment:checking '/home/kiro04/pinkbot/install/minibot_interfaces' for CMake module files
[1.741s] DEBUG:colcon.colcon_core.event_handler.log_command:Invoked command in '/home/kiro04/pinkbot/build/minibot_interfaces' returned '0': CMAKE_PREFIX_PATH=/opt/ros/humble /home/kiro04/.local/bin/cmake --install /home/kiro04/pinkbot/build/minibot_interfaces
[1.742s] Level 1:colcon.colcon_core.environment:checking '/home/kiro04/pinkbot/install/minibot_interfaces' for CMake config files
[1.743s] Level 1:colcon.colcon_core.shell:create_environment_hook('minibot_interfaces', 'cmake_prefix_path')
[1.745s] INFO:colcon.colcon_core.shell:Creating environment hook '/home/kiro04/pinkbot/install/minibot_interfaces/share/minibot_interfaces/hook/cmake_prefix_path.ps1'
[1.745s] INFO:colcon.colcon_core.shell:Creating environment descriptor '/home/kiro04/pinkbot/install/minibot_interfaces/share/minibot_interfaces/hook/cmake_prefix_path.dsv'
[1.746s] INFO:colcon.colcon_core.shell:Creating environment hook '/home/kiro04/pinkbot/install/minibot_interfaces/share/minibot_interfaces/hook/cmake_prefix_path.sh'
[1.746s] Level 1:colcon.colcon_core.environment:checking '/home/kiro04/pinkbot/install/minibot_interfaces/lib'
[1.746s] Level 1:colcon.colcon_core.shell:create_environment_hook('minibot_interfaces', 'ld_library_path_lib')
[1.748s] INFO:colcon.colcon_core.shell:Creating environment hook '/home/kiro04/pinkbot/install/minibot_interfaces/share/minibot_interfaces/hook/ld_library_path_lib.ps1'
[1.749s] INFO:colcon.colcon_core.shell:Creating environment descriptor '/home/kiro04/pinkbot/install/minibot_interfaces/share/minibot_interfaces/hook/ld_library_path_lib.dsv'
[1.749s] INFO:colcon.colcon_core.shell:Creating environment hook '/home/kiro04/pinkbot/install/minibot_interfaces/share/minibot_interfaces/hook/ld_library_path_lib.sh'
[1.749s] Level 1:colcon.colcon_core.environment:checking '/home/kiro04/pinkbot/install/minibot_interfaces/bin'
[1.750s] Level 1:colcon.colcon_core.environment:checking '/home/kiro04/pinkbot/install/minibot_interfaces/lib/pkgconfig/minibot_interfaces.pc'
[1.750s] Level 1:colcon.colcon_core.environment:checking '/home/kiro04/pinkbot/install/minibot_interfaces/lib/python3.10/site-packages'
[1.750s] Level 1:colcon.colcon_core.environment:checking '/home/kiro04/pinkbot/install/minibot_interfaces/bin'
[1.752s] INFO:colcon.colcon_core.shell:Creating package script '/home/kiro04/pinkbot/install/minibot_interfaces/share/minibot_interfaces/package.ps1'
[1.753s] INFO:colcon.colcon_core.shell:Creating package descriptor '/home/kiro04/pinkbot/install/minibot_interfaces/share/minibot_interfaces/package.dsv'
[1.753s] INFO:colcon.colcon_core.shell:Creating package script '/home/kiro04/pinkbot/install/minibot_interfaces/share/minibot_interfaces/package.sh'
[1.754s] INFO:colcon.colcon_core.shell:Creating package script '/home/kiro04/pinkbot/install/minibot_interfaces/share/minibot_interfaces/package.bash'
[1.755s] INFO:colcon.colcon_core.shell:Creating package script '/home/kiro04/pinkbot/install/minibot_interfaces/share/minibot_interfaces/package.zsh'
[1.755s] Level 1:colcon.colcon_core.environment:create_file_with_runtime_dependencies(/home/kiro04/pinkbot/install/minibot_interfaces/share/colcon-core/packages/minibot_interfaces)
[1.763s] DEBUG:colcon.colcon_core.event_handler.log_command:Invoking command in '/home/kiro04/pinkbot/build/minibot_gazebo': AMENT_PREFIX_PATH=/home/kiro04/pinkbot/install/minibot_description:${AMENT_PREFIX_PATH} CMAKE_PREFIX_PATH=/home/kiro04/pinkbot/install/minibot_description:/opt/ros/humble /home/kiro04/.local/bin/cmake --build /home/kiro04/pinkbot/build/minibot_gazebo -- -j8 -l8
[1.871s] DEBUG:colcon.colcon_core.event_handler.log_command:Invoked command in '/home/kiro04/pinkbot/build/minibot_gazebo' returned '0': AMENT_PREFIX_PATH=/home/kiro04/pinkbot/install/minibot_description:${AMENT_PREFIX_PATH} CMAKE_PREFIX_PATH=/home/kiro04/pinkbot/install/minibot_description:/opt/ros/humble /home/kiro04/.local/bin/cmake --build /home/kiro04/pinkbot/build/minibot_gazebo -- -j8 -l8
[1.933s] Level 1:colcon.colcon_core.environment:create_environment_scripts_only(minibot_interfaces)
[1.936s] Level 1:colcon.colcon_core.environment:checking '/home/kiro04/pinkbot/install/minibot_interfaces' for CMake module files
[1.937s] Level 1:colcon.colcon_core.environment:checking '/home/kiro04/pinkbot/install/minibot_interfaces' for CMake config files
[1.938s] Level 1:colcon.colcon_core.shell:create_environment_hook('minibot_interfaces', 'cmake_prefix_path')
[1.940s] INFO:colcon.colcon_core.shell:Creating environment hook '/home/kiro04/pinkbot/install/minibot_interfaces/share/minibot_interfaces/hook/cmake_prefix_path.ps1'
[1.941s] INFO:colcon.colcon_core.shell:Creating environment descriptor '/home/kiro04/pinkbot/install/minibot_interfaces/share/minibot_interfaces/hook/cmake_prefix_path.dsv'
[1.941s] INFO:colcon.colcon_core.shell:Creating environment hook '/home/kiro04/pinkbot/install/minibot_interfaces/share/minibot_interfaces/hook/cmake_prefix_path.sh'
[1.942s] Level 1:colcon.colcon_core.environment:checking '/home/kiro04/pinkbot/install/minibot_interfaces/lib'
[1.942s] Level 1:colcon.colcon_core.shell:create_environment_hook('minibot_interfaces', 'ld_library_path_lib')
[1.944s] INFO:colcon.colcon_core.shell:Creating environment hook '/home/kiro04/pinkbot/install/minibot_interfaces/share/minibot_interfaces/hook/ld_library_path_lib.ps1'
[1.945s] INFO:colcon.colcon_core.shell:Creating environment descriptor '/home/kiro04/pinkbot/install/minibot_interfaces/share/minibot_interfaces/hook/ld_library_path_lib.dsv'
[1.945s] INFO:colcon.colcon_core.shell:Creating environment hook '/home/kiro04/pinkbot/install/minibot_interfaces/share/minibot_interfaces/hook/ld_library_path_lib.sh'
[1.946s] Level 1:colcon.colcon_core.environment:checking '/home/kiro04/pinkbot/install/minibot_interfaces/bin'
[1.946s] Level 1:colcon.colcon_core.environment:checking '/home/kiro04/pinkbot/install/minibot_interfaces/lib/pkgconfig/minibot_interfaces.pc'
[1.946s] Level 1:colcon.colcon_core.environment:checking '/home/kiro04/pinkbot/install/minibot_interfaces/lib/python3.10/site-packages'
[1.946s] Level 1:colcon.colcon_core.environment:checking '/home/kiro04/pinkbot/install/minibot_interfaces/bin'
[1.948s] INFO:colcon.colcon_core.shell:Creating package script '/home/kiro04/pinkbot/install/minibot_interfaces/share/minibot_interfaces/package.ps1'
[1.949s] INFO:colcon.colcon_core.shell:Creating package descriptor '/home/kiro04/pinkbot/install/minibot_interfaces/share/minibot_interfaces/package.dsv'
[1.950s] INFO:colcon.colcon_core.shell:Creating package script '/home/kiro04/pinkbot/install/minibot_interfaces/share/minibot_interfaces/package.sh'
[1.950s] INFO:colcon.colcon_core.shell:Creating package script '/home/kiro04/pinkbot/install/minibot_interfaces/share/minibot_interfaces/package.bash'
[1.951s] INFO:colcon.colcon_core.shell:Creating package script '/home/kiro04/pinkbot/install/minibot_interfaces/share/minibot_interfaces/package.zsh'
[1.951s] Level 1:colcon.colcon_core.environment:create_file_with_runtime_dependencies(/home/kiro04/pinkbot/install/minibot_interfaces/share/colcon-core/packages/minibot_interfaces)
[1.952s] INFO:colcon.colcon_ros.task.ament_cmake.build:Building ROS package in '/home/kiro04/pinkbot/src/pinklab_minibot_robot/minibot_controllers' with build type 'ament_cmake'
[1.952s] INFO:colcon.colcon_cmake.task.cmake.build:Building CMake package in '/home/kiro04/pinkbot/src/pinklab_minibot_robot/minibot_controllers'
[1.954s] INFO:colcon.colcon_core.shell:Skip shell extension 'powershell' for command environment: Not usable outside of PowerShell
[1.954s] DEBUG:colcon.colcon_core.shell:Skip shell extension 'dsv' for command environment
[1.971s] DEBUG:colcon.colcon_core.event_handler.log_command:Invoking command in '/home/kiro04/pinkbot/build/minibot_controllers': AMENT_PREFIX_PATH=/home/kiro04/pinkbot/install/minibot_interfaces:${AMENT_PREFIX_PATH} CMAKE_PREFIX_PATH=/home/kiro04/pinkbot/install/minibot_interfaces:/opt/ros/humble LD_LIBRARY_PATH=/home/kiro04/pinkbot/install/minibot_interfaces/lib:${LD_LIBRARY_PATH} PYTHONPATH=/home/kiro04/pinkbot/install/minibot_interfaces/local/lib/python3.10/dist-packages:${PYTHONPATH} /home/kiro04/.local/bin/cmake --build /home/kiro04/pinkbot/build/minibot_controllers -- -j8 -l8
[2.001s] DEBUG:colcon.colcon_core.event_handler.log_command:Invoking command in '/home/kiro04/pinkbot/build/minibot_gazebo': AMENT_PREFIX_PATH=/home/kiro04/pinkbot/install/minibot_description:${AMENT_PREFIX_PATH} CMAKE_PREFIX_PATH=/home/kiro04/pinkbot/install/minibot_description:/opt/ros/humble /home/kiro04/.local/bin/cmake --install /home/kiro04/pinkbot/build/minibot_gazebo
[2.041s] DEBUG:colcon.colcon_core.event_handler.log_command:Invoking command in '/home/kiro04/pinkbot/src/yolo_package': PYTHONPATH=/home/kiro04/pinkbot/build/yolo_package/prefix_override:/home/kiro04/pinkbot/install/yolo_package/lib/python3.10/site-packages:${PYTHONPATH} /usr/bin/python3 setup.py egg_info --egg-base ../../build/yolo_package build --build-base /home/kiro04/pinkbot/build/yolo_package/build install --record /home/kiro04/pinkbot/build/yolo_package/install.log --single-version-externally-managed
[2.102s] Level 1:colcon.colcon_core.environment:create_environment_scripts_only(minibot_gazebo)
[2.108s] DEBUG:colcon.colcon_core.event_handler.log_command:Invoked command in '/home/kiro04/pinkbot/build/minibot_gazebo' returned '0': AMENT_PREFIX_PATH=/home/kiro04/pinkbot/install/minibot_description:${AMENT_PREFIX_PATH} CMAKE_PREFIX_PATH=/home/kiro04/pinkbot/install/minibot_description:/opt/ros/humble /home/kiro04/.local/bin/cmake --install /home/kiro04/pinkbot/build/minibot_gazebo
[2.108s] Level 1:colcon.colcon_core.environment:checking '/home/kiro04/pinkbot/install/minibot_gazebo' for CMake module files
[2.110s] Level 1:colcon.colcon_core.environment:checking '/home/kiro04/pinkbot/install/minibot_gazebo' for CMake config files
[2.110s] Level 1:colcon.colcon_core.shell:create_environment_hook('minibot_gazebo', 'cmake_prefix_path')
[2.114s] INFO:colcon.colcon_core.shell:Creating environment hook '/home/kiro04/pinkbot/install/minibot_gazebo/share/minibot_gazebo/hook/cmake_prefix_path.ps1'
[2.114s] INFO:colcon.colcon_core.shell:Creating environment descriptor '/home/kiro04/pinkbot/install/minibot_gazebo/share/minibot_gazebo/hook/cmake_prefix_path.dsv'
[2.115s] INFO:colcon.colcon_core.shell:Creating environment hook '/home/kiro04/pinkbot/install/minibot_gazebo/share/minibot_gazebo/hook/cmake_prefix_path.sh'
[2.116s] Level 1:colcon.colcon_core.environment:checking '/home/kiro04/pinkbot/install/minibot_gazebo/bin'
[2.116s] Level 1:colcon.colcon_core.environment:checking '/home/kiro04/pinkbot/install/minibot_gazebo/lib/pkgconfig/minibot_gazebo.pc'
[2.117s] Level 1:colcon.colcon_core.environment:checking '/home/kiro04/pinkbot/install/minibot_gazebo/lib/python3.10/site-packages'
[2.117s] Level 1:colcon.colcon_core.environment:checking '/home/kiro04/pinkbot/install/minibot_gazebo/bin'
[2.120s] INFO:colcon.colcon_core.shell:Creating package script '/home/kiro04/pinkbot/install/minibot_gazebo/share/minibot_gazebo/package.ps1'
[2.121s] INFO:colcon.colcon_core.shell:Creating package descriptor '/home/kiro04/pinkbot/install/minibot_gazebo/share/minibot_gazebo/package.dsv'
[2.121s] INFO:colcon.colcon_core.shell:Creating package script '/home/kiro04/pinkbot/install/minibot_gazebo/share/minibot_gazebo/package.sh'
[2.122s] INFO:colcon.colcon_core.shell:Creating package script '/home/kiro04/pinkbot/install/minibot_gazebo/share/minibot_gazebo/package.bash'
[2.122s] INFO:colcon.colcon_core.shell:Creating package script '/home/kiro04/pinkbot/install/minibot_gazebo/share/minibot_gazebo/package.zsh'
[2.123s] Level 1:colcon.colcon_core.environment:create_file_with_runtime_dependencies(/home/kiro04/pinkbot/install/minibot_gazebo/share/colcon-core/packages/minibot_gazebo)
[2.126s] DEBUG:colcon.colcon_core.event_handler.log_command:Invoked command in '/home/kiro04/pinkbot/build/minibot_controllers' returned '0': AMENT_PREFIX_PATH=/home/kiro04/pinkbot/install/minibot_interfaces:${AMENT_PREFIX_PATH} CMAKE_PREFIX_PATH=/home/kiro04/pinkbot/install/minibot_interfaces:/opt/ros/humble LD_LIBRARY_PATH=/home/kiro04/pinkbot/install/minibot_interfaces/lib:${LD_LIBRARY_PATH} PYTHONPATH=/home/kiro04/pinkbot/install/minibot_interfaces/local/lib/python3.10/dist-packages:${PYTHONPATH} /home/kiro04/.local/bin/cmake --build /home/kiro04/pinkbot/build/minibot_controllers -- -j8 -l8
[2.234s] Level 1:colcon.colcon_core.environment:create_environment_scripts_only(minibot_gazebo)
[2.239s] Level 1:colcon.colcon_core.environment:checking '/home/kiro04/pinkbot/install/minibot_gazebo' for CMake module files
[2.240s] Level 1:colcon.colcon_core.environment:checking '/home/kiro04/pinkbot/install/minibot_gazebo' for CMake config files
[2.240s] Level 1:colcon.colcon_core.shell:create_environment_hook('minibot_gazebo', 'cmake_prefix_path')
[2.243s] INFO:colcon.colcon_core.shell:Creating environment hook '/home/kiro04/pinkbot/install/minibot_gazebo/share/minibot_gazebo/hook/cmake_prefix_path.ps1'
[2.244s] INFO:colcon.colcon_core.shell:Creating environment descriptor '/home/kiro04/pinkbot/install/minibot_gazebo/share/minibot_gazebo/hook/cmake_prefix_path.dsv'
[2.244s] INFO:colcon.colcon_core.shell:Creating environment hook '/home/kiro04/pinkbot/install/minibot_gazebo/share/minibot_gazebo/hook/cmake_prefix_path.sh'
[2.245s] Level 1:colcon.colcon_core.environment:checking '/home/kiro04/pinkbot/install/minibot_gazebo/bin'
[2.245s] Level 1:colcon.colcon_core.environment:checking '/home/kiro04/pinkbot/install/minibot_gazebo/lib/pkgconfig/minibot_gazebo.pc'
[2.246s] Level 1:colcon.colcon_core.environment:checking '/home/kiro04/pinkbot/install/minibot_gazebo/lib/python3.10/site-packages'
[2.246s] Level 1:colcon.colcon_core.environment:checking '/home/kiro04/pinkbot/install/minibot_gazebo/bin'
[2.248s] INFO:colcon.colcon_core.shell:Creating package script '/home/kiro04/pinkbot/install/minibot_gazebo/share/minibot_gazebo/package.ps1'
[2.249s] INFO:colcon.colcon_core.shell:Creating package descriptor '/home/kiro04/pinkbot/install/minibot_gazebo/share/minibot_gazebo/package.dsv'
[2.250s] INFO:colcon.colcon_core.shell:Creating package script '/home/kiro04/pinkbot/install/minibot_gazebo/share/minibot_gazebo/package.sh'
[2.250s] INFO:colcon.colcon_core.shell:Creating package script '/home/kiro04/pinkbot/install/minibot_gazebo/share/minibot_gazebo/package.bash'
[2.250s] INFO:colcon.colcon_core.shell:Creating package script '/home/kiro04/pinkbot/install/minibot_gazebo/share/minibot_gazebo/package.zsh'
[2.251s] Level 1:colcon.colcon_core.environment:create_file_with_runtime_dependencies(/home/kiro04/pinkbot/install/minibot_gazebo/share/colcon-core/packages/minibot_gazebo)
[2.252s] INFO:colcon.colcon_ros.task.ament_cmake.build:Building ROS package in '/home/kiro04/pinkbot/src/pinklab_minibot_robot/minibot_bringup' with build type 'ament_cmake'
[2.252s] INFO:colcon.colcon_cmake.task.cmake.build:Building CMake package in '/home/kiro04/pinkbot/src/pinklab_minibot_robot/minibot_bringup'
[2.254s] INFO:colcon.colcon_core.shell:Skip shell extension 'powershell' for command environment: Not usable outside of PowerShell
[2.254s] DEBUG:colcon.colcon_core.shell:Skip shell extension 'dsv' for command environment
[2.261s] DEBUG:colcon.colcon_core.event_handler.log_command:Invoking command in '/home/kiro04/pinkbot/build/minibot_controllers': AMENT_PREFIX_PATH=/home/kiro04/pinkbot/install/minibot_interfaces:${AMENT_PREFIX_PATH} CMAKE_PREFIX_PATH=/home/kiro04/pinkbot/install/minibot_interfaces:/opt/ros/humble LD_LIBRARY_PATH=/home/kiro04/pinkbot/install/minibot_interfaces/lib:${LD_LIBRARY_PATH} PYTHONPATH=/home/kiro04/pinkbot/install/minibot_interfaces/local/lib/python3.10/dist-packages:${PYTHONPATH} /home/kiro04/.local/bin/cmake --install /home/kiro04/pinkbot/build/minibot_controllers
[2.270s] DEBUG:colcon.colcon_core.event_handler.log_command:Invoking command in '/home/kiro04/pinkbot/build/minibot_bringup': AMENT_PREFIX_PATH=/home/kiro04/pinkbot/install/minibot_gazebo:/home/kiro04/pinkbot/install/minibot_description:${AMENT_PREFIX_PATH} CMAKE_PREFIX_PATH=/home/kiro04/pinkbot/install/minibot_gazebo:/home/kiro04/pinkbot/install/minibot_description:/opt/ros/humble /home/kiro04/.local/bin/cmake --build /home/kiro04/pinkbot/build/minibot_bringup -- -j8 -l8
[2.357s] Level 1:colcon.colcon_core.environment:create_environment_scripts_only(minibot_controllers)
[2.358s] DEBUG:colcon.colcon_core.event_handler.log_command:Invoked command in '/home/kiro04/pinkbot/build/minibot_controllers' returned '0': AMENT_PREFIX_PATH=/home/kiro04/pinkbot/install/minibot_interfaces:${AMENT_PREFIX_PATH} CMAKE_PREFIX_PATH=/home/kiro04/pinkbot/install/minibot_interfaces:/opt/ros/humble LD_LIBRARY_PATH=/home/kiro04/pinkbot/install/minibot_interfaces/lib:${LD_LIBRARY_PATH} PYTHONPATH=/home/kiro04/pinkbot/install/minibot_interfaces/local/lib/python3.10/dist-packages:${PYTHONPATH} /home/kiro04/.local/bin/cmake --install /home/kiro04/pinkbot/build/minibot_controllers
[2.362s] Level 1:colcon.colcon_core.environment:checking '/home/kiro04/pinkbot/install/minibot_controllers' for CMake module files
[2.362s] Level 1:colcon.colcon_core.environment:checking '/home/kiro04/pinkbot/install/minibot_controllers' for CMake config files
[2.363s] Level 1:colcon.colcon_core.shell:create_environment_hook('minibot_controllers', 'cmake_prefix_path')
[2.365s] INFO:colcon.colcon_core.shell:Creating environment hook '/home/kiro04/pinkbot/install/minibot_controllers/share/minibot_controllers/hook/cmake_prefix_path.ps1'
[2.366s] INFO:colcon.colcon_core.shell:Creating environment descriptor '/home/kiro04/pinkbot/install/minibot_controllers/share/minibot_controllers/hook/cmake_prefix_path.dsv'
[2.366s] INFO:colcon.colcon_core.shell:Creating environment hook '/home/kiro04/pinkbot/install/minibot_controllers/share/minibot_controllers/hook/cmake_prefix_path.sh'
[2.367s] Level 1:colcon.colcon_core.environment:checking '/home/kiro04/pinkbot/install/minibot_controllers/lib'
[2.368s] Level 1:colcon.colcon_core.shell:create_environment_hook('minibot_controllers', 'ld_library_path_lib')
[2.369s] INFO:colcon.colcon_core.shell:Creating environment hook '/home/kiro04/pinkbot/install/minibot_controllers/share/minibot_controllers/hook/ld_library_path_lib.ps1'
[2.370s] INFO:colcon.colcon_core.shell:Creating environment descriptor '/home/kiro04/pinkbot/install/minibot_controllers/share/minibot_controllers/hook/ld_library_path_lib.dsv'
[2.370s] INFO:colcon.colcon_core.shell:Creating environment hook '/home/kiro04/pinkbot/install/minibot_controllers/share/minibot_controllers/hook/ld_library_path_lib.sh'
[2.371s] Level 1:colcon.colcon_core.environment:checking '/home/kiro04/pinkbot/install/minibot_controllers/bin'
[2.371s] Level 1:colcon.colcon_core.environment:checking '/home/kiro04/pinkbot/install/minibot_controllers/lib/pkgconfig/minibot_controllers.pc'
[2.371s] Level 1:colcon.colcon_core.environment:checking '/home/kiro04/pinkbot/install/minibot_controllers/lib/python3.10/site-packages'
[2.372s] Level 1:colcon.colcon_core.environment:checking '/home/kiro04/pinkbot/install/minibot_controllers/bin'
[2.374s] INFO:colcon.colcon_core.shell:Creating package script '/home/kiro04/pinkbot/install/minibot_controllers/share/minibot_controllers/package.ps1'
[2.375s] INFO:colcon.colcon_core.shell:Creating package descriptor '/home/kiro04/pinkbot/install/minibot_controllers/share/minibot_controllers/package.dsv'
[2.375s] INFO:colcon.colcon_core.shell:Creating package script '/home/kiro04/pinkbot/install/minibot_controllers/share/minibot_controllers/package.sh'
[2.376s] INFO:colcon.colcon_core.shell:Creating package script '/home/kiro04/pinkbot/install/minibot_controllers/share/minibot_controllers/package.bash'
[2.377s] INFO:colcon.colcon_core.shell:Creating package script '/home/kiro04/pinkbot/install/minibot_controllers/share/minibot_controllers/package.zsh'
[2.377s] Level 1:colcon.colcon_core.environment:create_file_with_runtime_dependencies(/home/kiro04/pinkbot/install/minibot_controllers/share/colcon-core/packages/minibot_controllers)
[2.380s] DEBUG:colcon.colcon_core.event_handler.log_command:Invoked command in '/home/kiro04/pinkbot/build/minibot_bringup' returned '0': AMENT_PREFIX_PATH=/home/kiro04/pinkbot/install/minibot_gazebo:/home/kiro04/pinkbot/install/minibot_description:${AMENT_PREFIX_PATH} CMAKE_PREFIX_PATH=/home/kiro04/pinkbot/install/minibot_gazebo:/home/kiro04/pinkbot/install/minibot_description:/opt/ros/humble /home/kiro04/.local/bin/cmake --build /home/kiro04/pinkbot/build/minibot_bringup -- -j8 -l8
[2.490s] DEBUG:colcon.colcon_core.event_handler.log_command:Invoking command in '/home/kiro04/pinkbot/build/minibot_bringup': AMENT_PREFIX_PATH=/home/kiro04/pinkbot/install/minibot_gazebo:/home/kiro04/pinkbot/install/minibot_description:${AMENT_PREFIX_PATH} CMAKE_PREFIX_PATH=/home/kiro04/pinkbot/install/minibot_gazebo:/home/kiro04/pinkbot/install/minibot_description:/opt/ros/humble /home/kiro04/.local/bin/cmake --install /home/kiro04/pinkbot/build/minibot_bringup
[2.493s] Level 1:colcon.colcon_core.environment:create_environment_scripts_only(minibot_controllers)
[2.497s] Level 1:colcon.colcon_core.environment:checking '/home/kiro04/pinkbot/install/minibot_controllers' for CMake module files
[2.498s] Level 1:colcon.colcon_core.environment:checking '/home/kiro04/pinkbot/install/minibot_controllers' for CMake config files
[2.498s] Level 1:colcon.colcon_core.shell:create_environment_hook('minibot_controllers', 'cmake_prefix_path')
[2.500s] INFO:colcon.colcon_core.shell:Creating environment hook '/home/kiro04/pinkbot/install/minibot_controllers/share/minibot_controllers/hook/cmake_prefix_path.ps1'
[2.500s] INFO:colcon.colcon_core.shell:Creating environment descriptor '/home/kiro04/pinkbot/install/minibot_controllers/share/minibot_controllers/hook/cmake_prefix_path.dsv'
[2.501s] INFO:colcon.colcon_core.shell:Creating environment hook '/home/kiro04/pinkbot/install/minibot_controllers/share/minibot_controllers/hook/cmake_prefix_path.sh'
[2.502s] Level 1:colcon.colcon_core.environment:checking '/home/kiro04/pinkbot/install/minibot_controllers/lib'
[2.502s] Level 1:colcon.colcon_core.shell:create_environment_hook('minibot_controllers', 'ld_library_path_lib')
[2.504s] INFO:colcon.colcon_core.shell:Creating environment hook '/home/kiro04/pinkbot/install/minibot_controllers/share/minibot_controllers/hook/ld_library_path_lib.ps1'
[2.504s] INFO:colcon.colcon_core.shell:Creating environment descriptor '/home/kiro04/pinkbot/install/minibot_controllers/share/minibot_controllers/hook/ld_library_path_lib.dsv'
[2.505s] INFO:colcon.colcon_core.shell:Creating environment hook '/home/kiro04/pinkbot/install/minibot_controllers/share/minibot_controllers/hook/ld_library_path_lib.sh'
[2.505s] Level 1:colcon.colcon_core.environment:checking '/home/kiro04/pinkbot/install/minibot_controllers/bin'
[2.505s] Level 1:colcon.colcon_core.environment:checking '/home/kiro04/pinkbot/install/minibot_controllers/lib/pkgconfig/minibot_controllers.pc'
[2.506s] Level 1:colcon.colcon_core.environment:checking '/home/kiro04/pinkbot/install/minibot_controllers/lib/python3.10/site-packages'
[2.506s] Level 1:colcon.colcon_core.environment:checking '/home/kiro04/pinkbot/install/minibot_controllers/bin'
[2.510s] INFO:colcon.colcon_core.shell:Creating package script '/home/kiro04/pinkbot/install/minibot_controllers/share/minibot_controllers/package.ps1'
[2.511s] INFO:colcon.colcon_core.shell:Creating package descriptor '/home/kiro04/pinkbot/install/minibot_controllers/share/minibot_controllers/package.dsv'
[2.512s] INFO:colcon.colcon_core.shell:Creating package script '/home/kiro04/pinkbot/install/minibot_controllers/share/minibot_controllers/package.sh'
[2.513s] INFO:colcon.colcon_core.shell:Creating package script '/home/kiro04/pinkbot/install/minibot_controllers/share/minibot_controllers/package.bash'
[2.513s] INFO:colcon.colcon_core.shell:Creating package script '/home/kiro04/pinkbot/install/minibot_controllers/share/minibot_controllers/package.zsh'
[2.514s] Level 1:colcon.colcon_core.environment:create_file_with_runtime_dependencies(/home/kiro04/pinkbot/install/minibot_controllers/share/colcon-core/packages/minibot_controllers)
[2.584s] Level 1:colcon.colcon_core.environment:create_environment_scripts_only(minibot_bringup)
[2.587s] Level 1:colcon.colcon_core.environment:checking '/home/kiro04/pinkbot/install/minibot_bringup' for CMake module files
[2.587s] DEBUG:colcon.colcon_core.event_handler.log_command:Invoked command in '/home/kiro04/pinkbot/build/minibot_bringup' returned '0': AMENT_PREFIX_PATH=/home/kiro04/pinkbot/install/minibot_gazebo:/home/kiro04/pinkbot/install/minibot_description:${AMENT_PREFIX_PATH} CMAKE_PREFIX_PATH=/home/kiro04/pinkbot/install/minibot_gazebo:/home/kiro04/pinkbot/install/minibot_description:/opt/ros/humble /home/kiro04/.local/bin/cmake --install /home/kiro04/pinkbot/build/minibot_bringup
[2.588s] Level 1:colcon.colcon_core.environment:checking '/home/kiro04/pinkbot/install/minibot_bringup' for CMake config files
[2.588s] Level 1:colcon.colcon_core.shell:create_environment_hook('minibot_bringup', 'cmake_prefix_path')
[2.590s] INFO:colcon.colcon_core.shell:Creating environment hook '/home/kiro04/pinkbot/install/minibot_bringup/share/minibot_bringup/hook/cmake_prefix_path.ps1'
[2.590s] INFO:colcon.colcon_core.shell:Creating environment descriptor '/home/kiro04/pinkbot/install/minibot_bringup/share/minibot_bringup/hook/cmake_prefix_path.dsv'
[2.591s] INFO:colcon.colcon_core.shell:Creating environment hook '/home/kiro04/pinkbot/install/minibot_bringup/share/minibot_bringup/hook/cmake_prefix_path.sh'
[2.591s] Level 1:colcon.colcon_core.environment:checking '/home/kiro04/pinkbot/install/minibot_bringup/bin'
[2.591s] Level 1:colcon.colcon_core.environment:checking '/home/kiro04/pinkbot/install/minibot_bringup/lib/pkgconfig/minibot_bringup.pc'
[2.592s] Level 1:colcon.colcon_core.environment:checking '/home/kiro04/pinkbot/install/minibot_bringup/lib/python3.10/site-packages'
[2.592s] Level 1:colcon.colcon_core.environment:checking '/home/kiro04/pinkbot/install/minibot_bringup/bin'
[2.595s] INFO:colcon.colcon_core.shell:Creating package script '/home/kiro04/pinkbot/install/minibot_bringup/share/minibot_bringup/package.ps1'
[2.596s] INFO:colcon.colcon_core.shell:Creating package descriptor '/home/kiro04/pinkbot/install/minibot_bringup/share/minibot_bringup/package.dsv'
[2.596s] INFO:colcon.colcon_core.shell:Creating package script '/home/kiro04/pinkbot/install/minibot_bringup/share/minibot_bringup/package.sh'
[2.597s] INFO:colcon.colcon_core.shell:Creating package script '/home/kiro04/pinkbot/install/minibot_bringup/share/minibot_bringup/package.bash'
[2.597s] INFO:colcon.colcon_core.shell:Creating package script '/home/kiro04/pinkbot/install/minibot_bringup/share/minibot_bringup/package.zsh'
[2.597s] Level 1:colcon.colcon_core.environment:create_file_with_runtime_dependencies(/home/kiro04/pinkbot/install/minibot_bringup/share/colcon-core/packages/minibot_bringup)
[2.613s] Level 1:colcon.colcon_core.environment:checking '/home/kiro04/pinkbot/install/yolo_package' for CMake module files
[2.614s] DEBUG:colcon.colcon_core.event_handler.log_command:Invoked command in '/home/kiro04/pinkbot/src/yolo_package' returned '0': PYTHONPATH=/home/kiro04/pinkbot/build/yolo_package/prefix_override:/home/kiro04/pinkbot/install/yolo_package/lib/python3.10/site-packages:${PYTHONPATH} /usr/bin/python3 setup.py egg_info --egg-base ../../build/yolo_package build --build-base /home/kiro04/pinkbot/build/yolo_package/build install --record /home/kiro04/pinkbot/build/yolo_package/install.log --single-version-externally-managed
[2.614s] Level 1:colcon.colcon_core.environment:checking '/home/kiro04/pinkbot/install/yolo_package' for CMake config files
[2.615s] Level 1:colcon.colcon_core.environment:checking '/home/kiro04/pinkbot/install/yolo_package/lib'
[2.615s] Level 1:colcon.colcon_core.environment:checking '/home/kiro04/pinkbot/install/yolo_package/bin'
[2.615s] Level 1:colcon.colcon_core.environment:checking '/home/kiro04/pinkbot/install/yolo_package/lib/pkgconfig/yolo_package.pc'
[2.616s] Level 1:colcon.colcon_core.environment:checking '/home/kiro04/pinkbot/install/yolo_package/lib/python3.10/site-packages'
[2.616s] Level 1:colcon.colcon_core.shell:create_environment_hook('yolo_package', 'pythonpath')
[2.618s] INFO:colcon.colcon_core.shell:Creating environment hook '/home/kiro04/pinkbot/install/yolo_package/share/yolo_package/hook/pythonpath.ps1'
[2.618s] INFO:colcon.colcon_core.shell:Creating environment descriptor '/home/kiro04/pinkbot/install/yolo_package/share/yolo_package/hook/pythonpath.dsv'
[2.619s] INFO:colcon.colcon_core.shell:Creating environment hook '/home/kiro04/pinkbot/install/yolo_package/share/yolo_package/hook/pythonpath.sh'
[2.619s] Level 1:colcon.colcon_core.environment:checking '/home/kiro04/pinkbot/install/yolo_package/bin'
[2.619s] Level 1:colcon.colcon_core.environment:create_environment_scripts_only(yolo_package)
[2.621s] INFO:colcon.colcon_core.shell:Creating package script '/home/kiro04/pinkbot/install/yolo_package/share/yolo_package/package.ps1'
[2.622s] INFO:colcon.colcon_core.shell:Creating package descriptor '/home/kiro04/pinkbot/install/yolo_package/share/yolo_package/package.dsv'
[2.622s] INFO:colcon.colcon_core.shell:Creating package script '/home/kiro04/pinkbot/install/yolo_package/share/yolo_package/package.sh'
[2.623s] INFO:colcon.colcon_core.shell:Creating package script '/home/kiro04/pinkbot/install/yolo_package/share/yolo_package/package.bash'
[2.623s] INFO:colcon.colcon_core.shell:Creating package script '/home/kiro04/pinkbot/install/yolo_package/share/yolo_package/package.zsh'
[2.624s] Level 1:colcon.colcon_core.environment:create_file_with_runtime_dependencies(/home/kiro04/pinkbot/install/yolo_package/share/colcon-core/packages/yolo_package)
[2.683s] Level 1:colcon.colcon_core.environment:create_environment_scripts_only(minibot_bringup)
[2.685s] Level 1:colcon.colcon_core.environment:checking '/home/kiro04/pinkbot/install/minibot_bringup' for CMake module files
[2.686s] Level 1:colcon.colcon_core.environment:checking '/home/kiro04/pinkbot/install/minibot_bringup' for CMake config files
[2.686s] Level 1:colcon.colcon_core.shell:create_environment_hook('minibot_bringup', 'cmake_prefix_path')
[2.688s] INFO:colcon.colcon_core.shell:Creating environment hook '/home/kiro04/pinkbot/install/minibot_bringup/share/minibot_bringup/hook/cmake_prefix_path.ps1'
[2.688s] INFO:colcon.colcon_core.shell:Creating environment descriptor '/home/kiro04/pinkbot/install/minibot_bringup/share/minibot_bringup/hook/cmake_prefix_path.dsv'
[2.688s] INFO:colcon.colcon_core.shell:Creating environment hook '/home/kiro04/pinkbot/install/minibot_bringup/share/minibot_bringup/hook/cmake_prefix_path.sh'
[2.689s] Level 1:colcon.colcon_core.environment:checking '/home/kiro04/pinkbot/install/minibot_bringup/bin'
[2.689s] Level 1:colcon.colcon_core.environment:checking '/home/kiro04/pinkbot/install/minibot_bringup/lib/pkgconfig/minibot_bringup.pc'
[2.689s] Level 1:colcon.colcon_core.environment:checking '/home/kiro04/pinkbot/install/minibot_bringup/lib/python3.10/site-packages'
[2.690s] Level 1:colcon.colcon_core.environment:checking '/home/kiro04/pinkbot/install/minibot_bringup/bin'
[2.691s] INFO:colcon.colcon_core.shell:Creating package script '/home/kiro04/pinkbot/install/minibot_bringup/share/minibot_bringup/package.ps1'
[2.692s] INFO:colcon.colcon_core.shell:Creating package descriptor '/home/kiro04/pinkbot/install/minibot_bringup/share/minibot_bringup/package.dsv'
[2.693s] INFO:colcon.colcon_core.shell:Creating package script '/home/kiro04/pinkbot/install/minibot_bringup/share/minibot_bringup/package.sh'
[2.694s] INFO:colcon.colcon_core.shell:Creating package script '/home/kiro04/pinkbot/install/minibot_bringup/share/minibot_bringup/package.bash'
[2.694s] INFO:colcon.colcon_core.shell:Creating package script '/home/kiro04/pinkbot/install/minibot_bringup/share/minibot_bringup/package.zsh'
[2.694s] Level 1:colcon.colcon_core.environment:create_file_with_runtime_dependencies(/home/kiro04/pinkbot/install/minibot_bringup/share/colcon-core/packages/minibot_bringup)
[2.695s] DEBUG:colcon.colcon_parallel_executor.executor.parallel:closing loop
[2.695s] DEBUG:colcon.colcon_parallel_executor.executor.parallel:loop closed
[2.696s] DEBUG:colcon.colcon_parallel_executor.executor.parallel:run_until_complete finished with '0'
[2.696s] DEBUG:colcon.colcon_core.event_reactor:joining thread
[2.704s] INFO:colcon.colcon_core.plugin_system:Skipping extension 'colcon_notification.desktop_notification.terminal_notifier': Not used on non-Darwin systems
[2.704s] INFO:colcon.colcon_core.plugin_system:Skipping extension 'colcon_notification.desktop_notification.win32': Not used on non-Windows systems
[2.704s] INFO:colcon.colcon_notification.desktop_notification:Sending desktop notification using 'notify2'
[2.721s] DEBUG:colcon.colcon_core.event_reactor:joined thread
[2.724s] INFO:colcon.colcon_core.shell:Creating prefix script '/home/kiro04/pinkbot/install/local_setup.ps1'
[2.725s] INFO:colcon.colcon_core.shell:Creating prefix util module '/home/kiro04/pinkbot/install/_local_setup_util_ps1.py'
[2.727s] INFO:colcon.colcon_core.shell:Creating prefix chain script '/home/kiro04/pinkbot/install/setup.ps1'
[2.729s] INFO:colcon.colcon_core.shell:Creating prefix script '/home/kiro04/pinkbot/install/local_setup.sh'
[2.729s] INFO:colcon.colcon_core.shell:Creating prefix util module '/home/kiro04/pinkbot/install/_local_setup_util_sh.py'
[2.731s] INFO:colcon.colcon_core.shell:Creating prefix chain script '/home/kiro04/pinkbot/install/setup.sh'
[2.734s] INFO:colcon.colcon_core.shell:Creating prefix script '/home/kiro04/pinkbot/install/local_setup.bash'
[2.734s] INFO:colcon.colcon_core.shell:Creating prefix chain script '/home/kiro04/pinkbot/install/setup.bash'
[2.736s] INFO:colcon.colcon_core.shell:Creating prefix script '/home/kiro04/pinkbot/install/local_setup.zsh'
[2.737s] INFO:colcon.colcon_core.shell:Creating prefix chain script '/home/kiro04/pinkbot/install/setup.zsh'
