[0.277s] Invoking command in '/home/kiro04/pinkbot/build/minibot_gazebo': CMAKE_PREFIX_PATH=/home/kiro04/pinkbot/install/minibot_description:/home/kiro04/pinkbot/install/minibot_navigation2:/home/kiro04/pinkbot/install/minibot_controllers:/home/kiro04/pinkbot/install/minibot_interfaces:/home/kiro04/pinkbot/install/minibot_hardware_interface:/home/kiro04/pinkbot/install/minibot_bringup:/home/kiro04/pinkbot/install/minibot_gazebo:/opt/ros/humble /home/kiro04/.local/bin/cmake --build /home/kiro04/pinkbot/build/minibot_gazebo -- -j8 -l8
[1.018s] Invoked command in '/home/kiro04/pinkbot/build/minibot_gazebo' returned '0': CMAKE_PREFIX_PATH=/home/kiro04/pinkbot/install/minibot_description:/home/kiro04/pinkbot/install/minibot_navigation2:/home/kiro04/pinkbot/install/minibot_controllers:/home/kiro04/pinkbot/install/minibot_interfaces:/home/kiro04/pinkbot/install/minibot_hardware_interface:/home/kiro04/pinkbot/install/minibot_bringup:/home/kiro04/pinkbot/install/minibot_gazebo:/opt/ros/humble /home/kiro04/.local/bin/cmake --build /home/kiro04/pinkbot/build/minibot_gazebo -- -j8 -l8
[1.754s] Invoking command in '/home/kiro04/pinkbot/build/minibot_gazebo': CMAKE_PREFIX_PATH=/home/kiro04/pinkbot/install/minibot_description:/home/kiro04/pinkbot/install/minibot_navigation2:/home/kiro04/pinkbot/install/minibot_controllers:/home/kiro04/pinkbot/install/minibot_interfaces:/home/kiro04/pinkbot/install/minibot_hardware_interface:/home/kiro04/pinkbot/install/minibot_bringup:/home/kiro04/pinkbot/install/minibot_gazebo:/opt/ros/humble /home/kiro04/.local/bin/cmake --install /home/kiro04/pinkbot/build/minibot_gazebo
[2.250s] -- Install configuration: ""
[2.251s] -- Up-to-date: /home/kiro04/pinkbot/install/minibot_gazebo/share/minibot_gazebo/launch
[2.252s] -- Up-to-date: /home/kiro04/pinkbot/install/minibot_gazebo/share/minibot_gazebo/launch/bringup_gazebo.launch.py
[2.254s] -- Up-to-date: /home/kiro04/pinkbot/install/minibot_gazebo/share/minibot_gazebo/worlds
[2.255s] -- Up-to-date: /home/kiro04/pinkbot/install/minibot_gazebo/share/minibot_gazebo/worlds/empty.world
[2.255s] -- Up-to-date: /home/kiro04/pinkbot/install/minibot_gazebo/share/minibot_gazebo/worlds/simple_building.world
[2.256s] -- Up-to-date: /home/kiro04/pinkbot/install/minibot_gazebo/share/minibot_gazebo/models
[2.256s] -- Up-to-date: /home/kiro04/pinkbot/install/minibot_gazebo/share/minibot_gazebo/models/.empty
[2.256s] -- Up-to-date: /home/kiro04/pinkbot/install/minibot_gazebo/share/minibot_gazebo/models/simple_building
[2.257s] -- Up-to-date: /home/kiro04/pinkbot/install/minibot_gazebo/share/minibot_gazebo/models/simple_building/model.sdf
[2.257s] -- Up-to-date: /home/kiro04/pinkbot/install/minibot_gazebo/share/minibot_gazebo/models/simple_building/model.config
[2.257s] -- Up-to-date: /home/kiro04/pinkbot/install/minibot_gazebo/share/ament_index/resource_index/package_run_dependencies/minibot_gazebo
[2.258s] -- Up-to-date: /home/kiro04/pinkbot/install/minibot_gazebo/share/ament_index/resource_index/parent_prefix_path/minibot_gazebo
[2.258s] -- Up-to-date: /home/kiro04/pinkbot/install/minibot_gazebo/share/minibot_gazebo/environment/ament_prefix_path.sh
[2.259s] -- Up-to-date: /home/kiro04/pinkbot/install/minibot_gazebo/share/minibot_gazebo/environment/ament_prefix_path.dsv
[2.260s] -- Up-to-date: /home/kiro04/pinkbot/install/minibot_gazebo/share/minibot_gazebo/environment/path.sh
[2.260s] -- Up-to-date: /home/kiro04/pinkbot/install/minibot_gazebo/share/minibot_gazebo/environment/path.dsv
[2.261s] -- Up-to-date: /home/kiro04/pinkbot/install/minibot_gazebo/share/minibot_gazebo/local_setup.bash
[2.261s] -- Up-to-date: /home/kiro04/pinkbot/install/minibot_gazebo/share/minibot_gazebo/local_setup.sh
[2.261s] -- Up-to-date: /home/kiro04/pinkbot/install/minibot_gazebo/share/minibot_gazebo/local_setup.zsh
[2.261s] -- Up-to-date: /home/kiro04/pinkbot/install/minibot_gazebo/share/minibot_gazebo/local_setup.dsv
[2.262s] -- Installing: /home/kiro04/pinkbot/install/minibot_gazebo/share/minibot_gazebo/package.dsv
[2.264s] -- Up-to-date: /home/kiro04/pinkbot/install/minibot_gazebo/share/ament_index/resource_index/packages/minibot_gazebo
[2.266s] -- Up-to-date: /home/kiro04/pinkbot/install/minibot_gazebo/share/minibot_gazebo/cmake/minibot_gazeboConfig.cmake
[2.272s] -- Up-to-date: /home/kiro04/pinkbot/install/minibot_gazebo/share/minibot_gazebo/cmake/minibot_gazeboConfig-version.cmake
[2.274s] -- Up-to-date: /home/kiro04/pinkbot/install/minibot_gazebo/share/minibot_gazebo/package.xml
[2.452s] Invoked command in '/home/kiro04/pinkbot/build/minibot_gazebo' returned '0': CMAKE_PREFIX_PATH=/home/kiro04/pinkbot/install/minibot_description:/home/kiro04/pinkbot/install/minibot_navigation2:/home/kiro04/pinkbot/install/minibot_controllers:/home/kiro04/pinkbot/install/minibot_interfaces:/home/kiro04/pinkbot/install/minibot_hardware_interface:/home/kiro04/pinkbot/install/minibot_bringup:/home/kiro04/pinkbot/install/minibot_gazebo:/opt/ros/humble /home/kiro04/.local/bin/cmake --install /home/kiro04/pinkbot/build/minibot_gazebo
