[0.554s] Invoking command in '/home/kiro04/pinkbot/build/minibot_navigation2': CMAKE_PREFIX_PATH=/opt/ros/humble /home/kiro04/.local/bin/cmake --build /home/kiro04/pinkbot/build/minibot_navigation2 -- -j8 -l8
[1.004s] Invoked command in '/home/kiro04/pinkbot/build/minibot_navigation2' returned '0': CMAKE_PREFIX_PATH=/opt/ros/humble /home/kiro04/.local/bin/cmake --build /home/kiro04/pinkbot/build/minibot_navigation2 -- -j8 -l8
[1.326s] Invoking command in '/home/kiro04/pinkbot/build/minibot_navigation2': CMAKE_PREFIX_PATH=/opt/ros/humble /home/kiro04/.local/bin/cmake --install /home/kiro04/pinkbot/build/minibot_navigation2
[1.508s] -- Install configuration: ""
[1.508s] -- Up-to-date: /home/kiro04/pinkbot/install/minibot_navigation2/share/minibot_navigation2/config
[1.508s] -- Up-to-date: /home/kiro04/pinkbot/install/minibot_navigation2/share/minibot_navigation2/config/mapper_params.yaml
[1.509s] -- Up-to-date: /home/kiro04/pinkbot/install/minibot_navigation2/share/minibot_navigation2/launch
[1.509s] -- Up-to-date: /home/kiro04/pinkbot/install/minibot_navigation2/share/minibot_navigation2/launch/navigation_launch.py
[1.509s] -- Up-to-date: /home/kiro04/pinkbot/install/minibot_navigation2/share/minibot_navigation2/launch/bringup_launch.py
[1.509s] -- Up-to-date: /home/kiro04/pinkbot/install/minibot_navigation2/share/minibot_navigation2/launch/rviz_launch.py
[1.509s] -- Up-to-date: /home/kiro04/pinkbot/install/minibot_navigation2/share/minibot_navigation2/launch/localization_launch.py
[1.509s] -- Up-to-date: /home/kiro04/pinkbot/install/minibot_navigation2/share/minibot_navigation2/launch/map_building.launch.py
[1.510s] -- Up-to-date: /home/kiro04/pinkbot/install/minibot_navigation2/share/minibot_navigation2/maps
[1.510s] -- Up-to-date: /home/kiro04/pinkbot/install/minibot_navigation2/share/minibot_navigation2/maps/pinklab_test1.yaml
[1.511s] -- Up-to-date: /home/kiro04/pinkbot/install/minibot_navigation2/share/minibot_navigation2/maps/.empty
[1.511s] -- Up-to-date: /home/kiro04/pinkbot/install/minibot_navigation2/share/minibot_navigation2/maps/simple_building.yaml
[1.511s] -- Up-to-date: /home/kiro04/pinkbot/install/minibot_navigation2/share/minibot_navigation2/maps/simple_building.pgm
[1.511s] -- Up-to-date: /home/kiro04/pinkbot/install/minibot_navigation2/share/minibot_navigation2/maps/pinklab_test1.pgm
[1.511s] -- Up-to-date: /home/kiro04/pinkbot/install/minibot_navigation2/share/minibot_navigation2/params
[1.512s] -- Up-to-date: /home/kiro04/pinkbot/install/minibot_navigation2/share/minibot_navigation2/params/nav2_params.yaml
[1.512s] -- Up-to-date: /home/kiro04/pinkbot/install/minibot_navigation2/share/minibot_navigation2/rviz
[1.512s] -- Up-to-date: /home/kiro04/pinkbot/install/minibot_navigation2/share/minibot_navigation2/rviz/map_building.rviz
[1.512s] -- Up-to-date: /home/kiro04/pinkbot/install/minibot_navigation2/share/minibot_navigation2/rviz/nav2_view.rviz
[1.512s] -- Up-to-date: /home/kiro04/pinkbot/install/minibot_navigation2/share/ament_index/resource_index/package_run_dependencies/minibot_navigation2
[1.512s] -- Up-to-date: /home/kiro04/pinkbot/install/minibot_navigation2/share/ament_index/resource_index/parent_prefix_path/minibot_navigation2
[1.513s] -- Up-to-date: /home/kiro04/pinkbot/install/minibot_navigation2/share/minibot_navigation2/environment/ament_prefix_path.sh
[1.513s] -- Up-to-date: /home/kiro04/pinkbot/install/minibot_navigation2/share/minibot_navigation2/environment/ament_prefix_path.dsv
[1.514s] -- Up-to-date: /home/kiro04/pinkbot/install/minibot_navigation2/share/minibot_navigation2/environment/path.sh
[1.515s] -- Up-to-date: /home/kiro04/pinkbot/install/minibot_navigation2/share/minibot_navigation2/environment/path.dsv
[1.515s] -- Up-to-date: /home/kiro04/pinkbot/install/minibot_navigation2/share/minibot_navigation2/local_setup.bash
[1.515s] -- Up-to-date: /home/kiro04/pinkbot/install/minibot_navigation2/share/minibot_navigation2/local_setup.sh
[1.515s] -- Up-to-date: /home/kiro04/pinkbot/install/minibot_navigation2/share/minibot_navigation2/local_setup.zsh
[1.515s] -- Up-to-date: /home/kiro04/pinkbot/install/minibot_navigation2/share/minibot_navigation2/local_setup.dsv
[1.517s] -- Installing: /home/kiro04/pinkbot/install/minibot_navigation2/share/minibot_navigation2/package.dsv
[1.517s] -- Up-to-date: /home/kiro04/pinkbot/install/minibot_navigation2/share/ament_index/resource_index/packages/minibot_navigation2
[1.518s] -- Up-to-date: /home/kiro04/pinkbot/install/minibot_navigation2/share/minibot_navigation2/cmake/minibot_navigation2Config.cmake
[1.518s] -- Up-to-date: /home/kiro04/pinkbot/install/minibot_navigation2/share/minibot_navigation2/cmake/minibot_navigation2Config-version.cmake
[1.518s] -- Up-to-date: /home/kiro04/pinkbot/install/minibot_navigation2/share/minibot_navigation2/package.xml
[1.574s] Invoked command in '/home/kiro04/pinkbot/build/minibot_navigation2' returned '0': CMAKE_PREFIX_PATH=/opt/ros/humble /home/kiro04/.local/bin/cmake --install /home/kiro04/pinkbot/build/minibot_navigation2
