[0.037s] Invoking command in '/home/kiro04/pinkbot/build/minibot_bringup': AMENT_PREFIX_PATH=/home/kiro04/pinkbot/install/minibot_gazebo:/home/kiro04/pinkbot/install/minibot_description:${AMENT_PREFIX_PATH} CMAKE_PREFIX_PATH=/home/kiro04/pinkbot/install/minibot_gazebo:/home/kiro04/pinkbot/install/minibot_description:/opt/ros/humble /home/kiro04/.local/bin/cmake --build /home/kiro04/pinkbot/build/minibot_bringup -- -j8 -l8
[0.204s] Invoked command in '/home/kiro04/pinkbot/build/minibot_bringup' returned '0': AMENT_PREFIX_PATH=/home/kiro04/pinkbot/install/minibot_gazebo:/home/kiro04/pinkbot/install/minibot_description:${AMENT_PREFIX_PATH} CMAKE_PREFIX_PATH=/home/kiro04/pinkbot/install/minibot_gazebo:/home/kiro04/pinkbot/install/minibot_description:/opt/ros/humble /home/kiro04/.local/bin/cmake --build /home/kiro04/pinkbot/build/minibot_bringup -- -j8 -l8
[0.333s] Invoking command in '/home/kiro04/pinkbot/build/minibot_bringup': AMENT_PREFIX_PATH=/home/kiro04/pinkbot/install/minibot_gazebo:/home/kiro04/pinkbot/install/minibot_description:${AMENT_PREFIX_PATH} CMAKE_PREFIX_PATH=/home/kiro04/pinkbot/install/minibot_gazebo:/home/kiro04/pinkbot/install/minibot_description:/opt/ros/humble /home/kiro04/.local/bin/cmake --install /home/kiro04/pinkbot/build/minibot_bringup
[0.456s] -- Install configuration: ""
[0.456s] -- Up-to-date: /home/kiro04/pinkbot/install/minibot_bringup/share/minibot_bringup/config
[0.456s] -- Up-to-date: /home/kiro04/pinkbot/install/minibot_bringup/share/minibot_bringup/config/ydlidar.yaml
[0.457s] -- Up-to-date: /home/kiro04/pinkbot/install/minibot_bringup/share/minibot_bringup/config/minibot_controllers_gazebo.yaml
[0.457s] -- Up-to-date: /home/kiro04/pinkbot/install/minibot_bringup/share/minibot_bringup/config/minibot_controllers.yaml
[0.458s] -- Up-to-date: /home/kiro04/pinkbot/install/minibot_bringup/share/minibot_bringup/launch
[0.458s] -- Up-to-date: /home/kiro04/pinkbot/install/minibot_bringup/share/minibot_bringup/launch/bringup_robot_gazebo.launch.py
[0.458s] -- Up-to-date: /home/kiro04/pinkbot/install/minibot_bringup/share/minibot_bringup/launch/bringup_robot.launch.py
[0.458s] -- Up-to-date: /home/kiro04/pinkbot/install/minibot_bringup/share/minibot_bringup/rviz
[0.458s] -- Up-to-date: /home/kiro04/pinkbot/install/minibot_bringup/share/minibot_bringup/rviz/robot.rviz
[0.458s] -- Up-to-date: /home/kiro04/pinkbot/install/minibot_bringup/share/minibot_bringup/rviz/.empty
[0.459s] -- Up-to-date: /home/kiro04/pinkbot/install/minibot_bringup/share/ament_index/resource_index/package_run_dependencies/minibot_bringup
[0.459s] -- Up-to-date: /home/kiro04/pinkbot/install/minibot_bringup/share/ament_index/resource_index/parent_prefix_path/minibot_bringup
[0.459s] -- Up-to-date: /home/kiro04/pinkbot/install/minibot_bringup/share/minibot_bringup/environment/ament_prefix_path.sh
[0.460s] -- Up-to-date: /home/kiro04/pinkbot/install/minibot_bringup/share/minibot_bringup/environment/ament_prefix_path.dsv
[0.460s] -- Up-to-date: /home/kiro04/pinkbot/install/minibot_bringup/share/minibot_bringup/environment/path.sh
[0.460s] -- Up-to-date: /home/kiro04/pinkbot/install/minibot_bringup/share/minibot_bringup/environment/path.dsv
[0.467s] -- Up-to-date: /home/kiro04/pinkbot/install/minibot_bringup/share/minibot_bringup/local_setup.bash
[0.472s] -- Up-to-date: /home/kiro04/pinkbot/install/minibot_bringup/share/minibot_bringup/local_setup.sh
[0.477s] -- Up-to-date: /home/kiro04/pinkbot/install/minibot_bringup/share/minibot_bringup/local_setup.zsh
[0.478s] -- Up-to-date: /home/kiro04/pinkbot/install/minibot_bringup/share/minibot_bringup/local_setup.dsv
[0.478s] -- Installing: /home/kiro04/pinkbot/install/minibot_bringup/share/minibot_bringup/package.dsv
[0.479s] -- Up-to-date: /home/kiro04/pinkbot/install/minibot_bringup/share/ament_index/resource_index/packages/minibot_bringup
[0.479s] -- Up-to-date: /home/kiro04/pinkbot/install/minibot_bringup/share/minibot_bringup/cmake/minibot_bringupConfig.cmake
[0.480s] -- Up-to-date: /home/kiro04/pinkbot/install/minibot_bringup/share/minibot_bringup/cmake/minibot_bringupConfig-version.cmake
[0.488s] -- Up-to-date: /home/kiro04/pinkbot/install/minibot_bringup/share/minibot_bringup/package.xml
[0.504s] Invoked command in '/home/kiro04/pinkbot/build/minibot_bringup' returned '0': AMENT_PREFIX_PATH=/home/kiro04/pinkbot/install/minibot_gazebo:/home/kiro04/pinkbot/install/minibot_description:${AMENT_PREFIX_PATH} CMAKE_PREFIX_PATH=/home/kiro04/pinkbot/install/minibot_gazebo:/home/kiro04/pinkbot/install/minibot_description:/opt/ros/humble /home/kiro04/.local/bin/cmake --install /home/kiro04/pinkbot/build/minibot_bringup
