[3.465s] Invoking command in '/home/kiro04/pinkbot/src/pinklab_minibot_robot/minibot_marker': PYTHONPATH=/home/kiro04/pinkbot/build/minibot_marker/prefix_override:/home/kiro04/pinkbot/install/minibot_marker/lib/python3.10/site-packages:${PYTHONPATH} /usr/bin/python3 setup.py egg_info --egg-base ../../../build/minibot_marker build --build-base /home/kiro04/pinkbot/build/minibot_marker/build install --record /home/kiro04/pinkbot/build/minibot_marker/install.log --single-version-externally-managed
[4.041s] running egg_info
[4.043s] writing ../../../build/minibot_marker/minibot_marker.egg-info/PKG-INFO
[4.044s] writing dependency_links to ../../../build/minibot_marker/minibot_marker.egg-info/dependency_links.txt
[4.045s] writing entry points to ../../../build/minibot_marker/minibot_marker.egg-info/entry_points.txt
[4.048s] writing requirements to ../../../build/minibot_marker/minibot_marker.egg-info/requires.txt
[4.049s] writing top-level names to ../../../build/minibot_marker/minibot_marker.egg-info/top_level.txt
[4.049s] reading manifest file '../../../build/minibot_marker/minibot_marker.egg-info/SOURCES.txt'
[4.050s] writing manifest file '../../../build/minibot_marker/minibot_marker.egg-info/SOURCES.txt'
[4.055s] running build
[4.056s] running build_py
[4.057s] running install
[4.057s] /usr/lib/python3/dist-packages/setuptools/command/install.py:34: SetuptoolsDeprecationWarning: setup.py install is deprecated. Use build and pip and other standards-based tools.
[4.058s]   warnings.warn(
[4.058s] running install_lib
[4.059s] running install_data
[4.059s] running install_egg_info
[4.060s] removing '/home/kiro04/pinkbot/install/minibot_marker/lib/python3.10/site-packages/minibot_marker-0.0.0-py3.10.egg-info' (and everything under it)
[4.061s] Copying ../../../build/minibot_marker/minibot_marker.egg-info to /home/kiro04/pinkbot/install/minibot_marker/lib/python3.10/site-packages/minibot_marker-0.0.0-py3.10.egg-info
[4.061s] running install_scripts
[4.100s] Installing cmd_vel_publisher script to /home/kiro04/pinkbot/install/minibot_marker/lib/minibot_marker
[4.100s] Installing marker_publisher script to /home/kiro04/pinkbot/install/minibot_marker/lib/minibot_marker
[4.101s] writing list of installed files to '/home/kiro04/pinkbot/build/minibot_marker/install.log'
[4.156s] Invoked command in '/home/kiro04/pinkbot/src/pinklab_minibot_robot/minibot_marker' returned '0': PYTHONPATH=/home/kiro04/pinkbot/build/minibot_marker/prefix_override:/home/kiro04/pinkbot/install/minibot_marker/lib/python3.10/site-packages:${PYTHONPATH} /usr/bin/python3 setup.py egg_info --egg-base ../../../build/minibot_marker build --build-base /home/kiro04/pinkbot/build/minibot_marker/build install --record /home/kiro04/pinkbot/build/minibot_marker/install.log --single-version-externally-managed
