[0.038s] Invoking command in '/home/kiro04/pinkbot/build/minibot_hardware_interface': CMAKE_PREFIX_PATH=/opt/ros/humble /home/kiro04/.local/bin/cmake --build /home/kiro04/pinkbot/build/minibot_hardware_interface -- -j8 -l8
[0.251s] [100%] Built target minibot_hardware_interface
[0.585s] Invoked command in '/home/kiro04/pinkbot/build/minibot_hardware_interface' returned '0': CMAKE_PREFIX_PATH=/opt/ros/humble /home/kiro04/.local/bin/cmake --build /home/kiro04/pinkbot/build/minibot_hardware_interface -- -j8 -l8
[0.812s] Invoking command in '/home/kiro04/pinkbot/build/minibot_hardware_interface': CMAKE_PREFIX_PATH=/opt/ros/humble /home/kiro04/.local/bin/cmake --install /home/kiro04/pinkbot/build/minibot_hardware_interface
[0.945s] -- Install configuration: ""
[0.945s] -- Up-to-date: /home/kiro04/pinkbot/install/minibot_hardware_interface/share/minibot_hardware_interface/minibot_hardware.xml
[0.947s] -- Up-to-date: /home/kiro04/pinkbot/install/minibot_hardware_interface/lib/libminibot_hardware_interface.so
[0.947s] -- Up-to-date: /home/kiro04/pinkbot/install/minibot_hardware_interface/include
[0.948s] -- Up-to-date: /home/kiro04/pinkbot/install/minibot_hardware_interface/include/minibot_hardware_interface
[0.948s] -- Up-to-date: /home/kiro04/pinkbot/install/minibot_hardware_interface/include/minibot_hardware_interface/minibot_system.hpp
[0.949s] -- Up-to-date: /home/kiro04/pinkbot/install/minibot_hardware_interface/share/minibot_hardware_interface/environment/library_path.sh
[0.949s] -- Up-to-date: /home/kiro04/pinkbot/install/minibot_hardware_interface/share/minibot_hardware_interface/environment/library_path.dsv
[0.949s] -- Up-to-date: /home/kiro04/pinkbot/install/minibot_hardware_interface/share/ament_index/resource_index/package_run_dependencies/minibot_hardware_interface
[0.951s] -- Up-to-date: /home/kiro04/pinkbot/install/minibot_hardware_interface/share/ament_index/resource_index/parent_prefix_path/minibot_hardware_interface
[0.951s] -- Up-to-date: /home/kiro04/pinkbot/install/minibot_hardware_interface/share/minibot_hardware_interface/environment/ament_prefix_path.sh
[0.952s] -- Up-to-date: /home/kiro04/pinkbot/install/minibot_hardware_interface/share/minibot_hardware_interface/environment/ament_prefix_path.dsv
[0.952s] -- Up-to-date: /home/kiro04/pinkbot/install/minibot_hardware_interface/share/minibot_hardware_interface/environment/path.sh
[0.952s] -- Up-to-date: /home/kiro04/pinkbot/install/minibot_hardware_interface/share/minibot_hardware_interface/environment/path.dsv
[0.953s] -- Up-to-date: /home/kiro04/pinkbot/install/minibot_hardware_interface/share/minibot_hardware_interface/local_setup.bash
[0.953s] -- Up-to-date: /home/kiro04/pinkbot/install/minibot_hardware_interface/share/minibot_hardware_interface/local_setup.sh
[0.954s] -- Up-to-date: /home/kiro04/pinkbot/install/minibot_hardware_interface/share/minibot_hardware_interface/local_setup.zsh
[0.955s] -- Up-to-date: /home/kiro04/pinkbot/install/minibot_hardware_interface/share/minibot_hardware_interface/local_setup.dsv
[0.956s] -- Installing: /home/kiro04/pinkbot/install/minibot_hardware_interface/share/minibot_hardware_interface/package.dsv
[0.957s] -- Up-to-date: /home/kiro04/pinkbot/install/minibot_hardware_interface/share/ament_index/resource_index/packages/minibot_hardware_interface
[0.964s] -- Up-to-date: /home/kiro04/pinkbot/install/minibot_hardware_interface/share/ament_index/resource_index/hardware_interface__pluginlib__plugin/minibot_hardware_interface
[0.965s] -- Up-to-date: /home/kiro04/pinkbot/install/minibot_hardware_interface/share/minibot_hardware_interface/cmake/ament_cmake_export_include_directories-extras.cmake
[0.965s] -- Up-to-date: /home/kiro04/pinkbot/install/minibot_hardware_interface/share/minibot_hardware_interface/cmake/ament_cmake_export_libraries-extras.cmake
[0.965s] -- Up-to-date: /home/kiro04/pinkbot/install/minibot_hardware_interface/share/minibot_hardware_interface/cmake/ament_cmake_export_dependencies-extras.cmake
[0.965s] -- Up-to-date: /home/kiro04/pinkbot/install/minibot_hardware_interface/share/minibot_hardware_interface/cmake/minibot_hardware_interfaceConfig.cmake
[0.966s] -- Up-to-date: /home/kiro04/pinkbot/install/minibot_hardware_interface/share/minibot_hardware_interface/cmake/minibot_hardware_interfaceConfig-version.cmake
[0.966s] -- Up-to-date: /home/kiro04/pinkbot/install/minibot_hardware_interface/share/minibot_hardware_interface/package.xml
[0.991s] Invoked command in '/home/kiro04/pinkbot/build/minibot_hardware_interface' returned '0': CMAKE_PREFIX_PATH=/opt/ros/humble /home/kiro04/.local/bin/cmake --install /home/kiro04/pinkbot/build/minibot_hardware_interface
