[0.364s] DEBUG:colcon:Command line arguments: ['/usr/bin/colcon', 'build']
[0.364s] DEBUG:colcon:Parsed command line arguments: Namespace(log_base=None, log_level=None, verb_name='build', build_base='build', install_base='install', merge_install=False, symlink_install=False, test_result_base=None, continue_on_error=False, executor='parallel', parallel_workers=8, event_handlers=None, ignore_user_meta=False, metas=['./colcon.meta'], base_paths=['.'], packages_ignore=None, packages_ignore_regex=None, paths=None, packages_up_to=None, packages_up_to_regex=None, packages_above=None, packages_above_and_dependencies=None, packages_above_depth=None, packages_select_by_dep=None, packages_skip_by_dep=None, packages_skip_up_to=None, packages_select_build_failed=False, packages_skip_build_finished=False, packages_select_test_failures=False, packages_skip_test_passed=False, packages_select=None, packages_skip=None, packages_select_regex=None, packages_skip_regex=None, packages_start=None, packages_end=None, allow_overriding=[], cmake_args=None, cmake_target=None, cmake_target_skip_unavailable=False, cmake_clean_cache=False, cmake_clean_first=False, cmake_force_configure=False, ament_cmake_args=None, catkin_cmake_args=None, catkin_skip_building_tests=False, verb_parser=<colcon_defaults.argument_parser.defaults.DefaultArgumentsDecorator object at 0x7f37a7e37070>, verb_extension=<colcon_core.verb.build.BuildVerb object at 0x7f37a88a99c0>, main=<bound method BuildVerb.main of <colcon_core.verb.build.BuildVerb object at 0x7f37a88a99c0>>)
[0.387s] Level 1:colcon.colcon_core.package_discovery:discover_packages(colcon_meta) check parameters
[0.387s] Level 1:colcon.colcon_core.package_discovery:discover_packages(recursive) check parameters
[0.387s] Level 1:colcon.colcon_core.package_discovery:discover_packages(ignore) check parameters
[0.387s] Level 1:colcon.colcon_core.package_discovery:discover_packages(path) check parameters
[0.387s] Level 1:colcon.colcon_core.package_discovery:discover_packages(colcon_meta) discover
[0.387s] Level 1:colcon.colcon_core.package_discovery:discover_packages(recursive) discover
[0.387s] INFO:colcon.colcon_core.package_discovery:Crawling recursively for packages in '/home/kiro04/pinkbot'
[0.387s] Level 1:colcon.colcon_core.package_identification:_identify(.) by extensions ['ignore', 'ignore_ament_install']
[0.387s] Level 1:colcon.colcon_core.package_identification:_identify(.) by extension 'ignore'
[0.387s] Level 1:colcon.colcon_core.package_identification:_identify(.) by extension 'ignore_ament_install'
[0.387s] Level 1:colcon.colcon_core.package_identification:_identify(.) by extensions ['colcon_pkg']
[0.387s] Level 1:colcon.colcon_core.package_identification:_identify(.) by extension 'colcon_pkg'
[0.387s] Level 1:colcon.colcon_core.package_identification:_identify(.) by extensions ['colcon_meta']
[0.387s] Level 1:colcon.colcon_core.package_identification:_identify(.) by extension 'colcon_meta'
[0.387s] Level 1:colcon.colcon_core.package_identification:_identify(.) by extensions ['ros']
[0.387s] Level 1:colcon.colcon_core.package_identification:_identify(.) by extension 'ros'
[0.398s] Level 1:colcon.colcon_core.package_identification:_identify(.) by extensions ['cmake', 'python']
[0.398s] Level 1:colcon.colcon_core.package_identification:_identify(.) by extension 'cmake'
[0.398s] Level 1:colcon.colcon_core.package_identification:_identify(.) by extension 'python'
[0.398s] Level 1:colcon.colcon_core.package_identification:_identify(.) by extensions ['python_setup_py']
[0.398s] Level 1:colcon.colcon_core.package_identification:_identify(.) by extension 'python_setup_py'
[0.398s] Level 1:colcon.colcon_core.package_identification:_identify(build) by extensions ['ignore', 'ignore_ament_install']
[0.399s] Level 1:colcon.colcon_core.package_identification:_identify(build) by extension 'ignore'
[0.399s] Level 1:colcon.colcon_core.package_identification:_identify(build) ignored
[0.399s] Level 1:colcon.colcon_core.package_identification:_identify(install) by extensions ['ignore', 'ignore_ament_install']
[0.399s] Level 1:colcon.colcon_core.package_identification:_identify(install) by extension 'ignore'
[0.399s] Level 1:colcon.colcon_core.package_identification:_identify(install) ignored
[0.399s] Level 1:colcon.colcon_core.package_identification:_identify(log) by extensions ['ignore', 'ignore_ament_install']
[0.399s] Level 1:colcon.colcon_core.package_identification:_identify(log) by extension 'ignore'
[0.399s] Level 1:colcon.colcon_core.package_identification:_identify(log) ignored
[0.399s] Level 1:colcon.colcon_core.package_identification:_identify(src) by extensions ['ignore', 'ignore_ament_install']
[0.399s] Level 1:colcon.colcon_core.package_identification:_identify(src) by extension 'ignore'
[0.399s] Level 1:colcon.colcon_core.package_identification:_identify(src) by extension 'ignore_ament_install'
[0.399s] Level 1:colcon.colcon_core.package_identification:_identify(src) by extensions ['colcon_pkg']
[0.399s] Level 1:colcon.colcon_core.package_identification:_identify(src) by extension 'colcon_pkg'
[0.399s] Level 1:colcon.colcon_core.package_identification:_identify(src) by extensions ['colcon_meta']
[0.399s] Level 1:colcon.colcon_core.package_identification:_identify(src) by extension 'colcon_meta'
[0.399s] Level 1:colcon.colcon_core.package_identification:_identify(src) by extensions ['ros']
[0.399s] Level 1:colcon.colcon_core.package_identification:_identify(src) by extension 'ros'
[0.399s] Level 1:colcon.colcon_core.package_identification:_identify(src) by extensions ['cmake', 'python']
[0.400s] Level 1:colcon.colcon_core.package_identification:_identify(src) by extension 'cmake'
[0.400s] Level 1:colcon.colcon_core.package_identification:_identify(src) by extension 'python'
[0.400s] Level 1:colcon.colcon_core.package_identification:_identify(src) by extensions ['python_setup_py']
[0.400s] Level 1:colcon.colcon_core.package_identification:_identify(src) by extension 'python_setup_py'
[0.400s] Level 1:colcon.colcon_core.package_identification:_identify(src/pinklab_minibot_robot) by extensions ['ignore', 'ignore_ament_install']
[0.400s] Level 1:colcon.colcon_core.package_identification:_identify(src/pinklab_minibot_robot) by extension 'ignore'
[0.400s] Level 1:colcon.colcon_core.package_identification:_identify(src/pinklab_minibot_robot) by extension 'ignore_ament_install'
[0.400s] Level 1:colcon.colcon_core.package_identification:_identify(src/pinklab_minibot_robot) by extensions ['colcon_pkg']
[0.400s] Level 1:colcon.colcon_core.package_identification:_identify(src/pinklab_minibot_robot) by extension 'colcon_pkg'
[0.400s] Level 1:colcon.colcon_core.package_identification:_identify(src/pinklab_minibot_robot) by extensions ['colcon_meta']
[0.400s] Level 1:colcon.colcon_core.package_identification:_identify(src/pinklab_minibot_robot) by extension 'colcon_meta'
[0.400s] Level 1:colcon.colcon_core.package_identification:_identify(src/pinklab_minibot_robot) by extensions ['ros']
[0.400s] Level 1:colcon.colcon_core.package_identification:_identify(src/pinklab_minibot_robot) by extension 'ros'
[0.400s] Level 1:colcon.colcon_core.package_identification:_identify(src/pinklab_minibot_robot) by extensions ['cmake', 'python']
[0.400s] Level 1:colcon.colcon_core.package_identification:_identify(src/pinklab_minibot_robot) by extension 'cmake'
[0.400s] Level 1:colcon.colcon_core.package_identification:_identify(src/pinklab_minibot_robot) by extension 'python'
[0.400s] Level 1:colcon.colcon_core.package_identification:_identify(src/pinklab_minibot_robot) by extensions ['python_setup_py']
[0.400s] Level 1:colcon.colcon_core.package_identification:_identify(src/pinklab_minibot_robot) by extension 'python_setup_py'
[0.400s] Level 1:colcon.colcon_core.package_identification:_identify(src/pinklab_minibot_robot/docs) by extensions ['ignore', 'ignore_ament_install']
[0.400s] Level 1:colcon.colcon_core.package_identification:_identify(src/pinklab_minibot_robot/docs) by extension 'ignore'
[0.400s] Level 1:colcon.colcon_core.package_identification:_identify(src/pinklab_minibot_robot/docs) by extension 'ignore_ament_install'
[0.400s] Level 1:colcon.colcon_core.package_identification:_identify(src/pinklab_minibot_robot/docs) by extensions ['colcon_pkg']
[0.400s] Level 1:colcon.colcon_core.package_identification:_identify(src/pinklab_minibot_robot/docs) by extension 'colcon_pkg'
[0.401s] Level 1:colcon.colcon_core.package_identification:_identify(src/pinklab_minibot_robot/docs) by extensions ['colcon_meta']
[0.401s] Level 1:colcon.colcon_core.package_identification:_identify(src/pinklab_minibot_robot/docs) by extension 'colcon_meta'
[0.401s] Level 1:colcon.colcon_core.package_identification:_identify(src/pinklab_minibot_robot/docs) by extensions ['ros']
[0.401s] Level 1:colcon.colcon_core.package_identification:_identify(src/pinklab_minibot_robot/docs) by extension 'ros'
[0.401s] Level 1:colcon.colcon_core.package_identification:_identify(src/pinklab_minibot_robot/docs) by extensions ['cmake', 'python']
[0.401s] Level 1:colcon.colcon_core.package_identification:_identify(src/pinklab_minibot_robot/docs) by extension 'cmake'
[0.401s] Level 1:colcon.colcon_core.package_identification:_identify(src/pinklab_minibot_robot/docs) by extension 'python'
[0.401s] Level 1:colcon.colcon_core.package_identification:_identify(src/pinklab_minibot_robot/docs) by extensions ['python_setup_py']
[0.401s] Level 1:colcon.colcon_core.package_identification:_identify(src/pinklab_minibot_robot/docs) by extension 'python_setup_py'
[0.401s] Level 1:colcon.colcon_core.package_identification:_identify(src/pinklab_minibot_robot/docs/blender) by extensions ['ignore', 'ignore_ament_install']
[0.401s] Level 1:colcon.colcon_core.package_identification:_identify(src/pinklab_minibot_robot/docs/blender) by extension 'ignore'
[0.401s] Level 1:colcon.colcon_core.package_identification:_identify(src/pinklab_minibot_robot/docs/blender) by extension 'ignore_ament_install'
[0.401s] Level 1:colcon.colcon_core.package_identification:_identify(src/pinklab_minibot_robot/docs/blender) by extensions ['colcon_pkg']
[0.401s] Level 1:colcon.colcon_core.package_identification:_identify(src/pinklab_minibot_robot/docs/blender) by extension 'colcon_pkg'
[0.401s] Level 1:colcon.colcon_core.package_identification:_identify(src/pinklab_minibot_robot/docs/blender) by extensions ['colcon_meta']
[0.401s] Level 1:colcon.colcon_core.package_identification:_identify(src/pinklab_minibot_robot/docs/blender) by extension 'colcon_meta'
[0.401s] Level 1:colcon.colcon_core.package_identification:_identify(src/pinklab_minibot_robot/docs/blender) by extensions ['ros']
[0.401s] Level 1:colcon.colcon_core.package_identification:_identify(src/pinklab_minibot_robot/docs/blender) by extension 'ros'
[0.401s] Level 1:colcon.colcon_core.package_identification:_identify(src/pinklab_minibot_robot/docs/blender) by extensions ['cmake', 'python']
[0.401s] Level 1:colcon.colcon_core.package_identification:_identify(src/pinklab_minibot_robot/docs/blender) by extension 'cmake'
[0.401s] Level 1:colcon.colcon_core.package_identification:_identify(src/pinklab_minibot_robot/docs/blender) by extension 'python'
[0.401s] Level 1:colcon.colcon_core.package_identification:_identify(src/pinklab_minibot_robot/docs/blender) by extensions ['python_setup_py']
[0.402s] Level 1:colcon.colcon_core.package_identification:_identify(src/pinklab_minibot_robot/docs/blender) by extension 'python_setup_py'
[0.402s] Level 1:colcon.colcon_core.package_identification:_identify(src/pinklab_minibot_robot/minibot_bringup) by extensions ['ignore', 'ignore_ament_install']
[0.402s] Level 1:colcon.colcon_core.package_identification:_identify(src/pinklab_minibot_robot/minibot_bringup) by extension 'ignore'
[0.402s] Level 1:colcon.colcon_core.package_identification:_identify(src/pinklab_minibot_robot/minibot_bringup) by extension 'ignore_ament_install'
[0.402s] Level 1:colcon.colcon_core.package_identification:_identify(src/pinklab_minibot_robot/minibot_bringup) by extensions ['colcon_pkg']
[0.402s] Level 1:colcon.colcon_core.package_identification:_identify(src/pinklab_minibot_robot/minibot_bringup) by extension 'colcon_pkg'
[0.402s] Level 1:colcon.colcon_core.package_identification:_identify(src/pinklab_minibot_robot/minibot_bringup) by extensions ['colcon_meta']
[0.402s] Level 1:colcon.colcon_core.package_identification:_identify(src/pinklab_minibot_robot/minibot_bringup) by extension 'colcon_meta'
[0.402s] Level 1:colcon.colcon_core.package_identification:_identify(src/pinklab_minibot_robot/minibot_bringup) by extensions ['ros']
[0.402s] Level 1:colcon.colcon_core.package_identification:_identify(src/pinklab_minibot_robot/minibot_bringup) by extension 'ros'
[0.404s] DEBUG:colcon.colcon_core.package_identification:Package 'src/pinklab_minibot_robot/minibot_bringup' with type 'ros.ament_cmake' and name 'minibot_bringup'
[0.404s] Level 1:colcon.colcon_core.package_identification:_identify(src/pinklab_minibot_robot/minibot_controllers) by extensions ['ignore', 'ignore_ament_install']
[0.404s] Level 1:colcon.colcon_core.package_identification:_identify(src/pinklab_minibot_robot/minibot_controllers) by extension 'ignore'
[0.404s] Level 1:colcon.colcon_core.package_identification:_identify(src/pinklab_minibot_robot/minibot_controllers) by extension 'ignore_ament_install'
[0.405s] Level 1:colcon.colcon_core.package_identification:_identify(src/pinklab_minibot_robot/minibot_controllers) by extensions ['colcon_pkg']
[0.405s] Level 1:colcon.colcon_core.package_identification:_identify(src/pinklab_minibot_robot/minibot_controllers) by extension 'colcon_pkg'
[0.405s] Level 1:colcon.colcon_core.package_identification:_identify(src/pinklab_minibot_robot/minibot_controllers) by extensions ['colcon_meta']
[0.405s] Level 1:colcon.colcon_core.package_identification:_identify(src/pinklab_minibot_robot/minibot_controllers) by extension 'colcon_meta'
[0.405s] Level 1:colcon.colcon_core.package_identification:_identify(src/pinklab_minibot_robot/minibot_controllers) by extensions ['ros']
[0.405s] Level 1:colcon.colcon_core.package_identification:_identify(src/pinklab_minibot_robot/minibot_controllers) by extension 'ros'
[0.406s] DEBUG:colcon.colcon_core.package_identification:Package 'src/pinklab_minibot_robot/minibot_controllers' with type 'ros.ament_cmake' and name 'minibot_controllers'
[0.406s] Level 1:colcon.colcon_core.package_identification:_identify(src/pinklab_minibot_robot/minibot_description) by extensions ['ignore', 'ignore_ament_install']
[0.406s] Level 1:colcon.colcon_core.package_identification:_identify(src/pinklab_minibot_robot/minibot_description) by extension 'ignore'
[0.406s] Level 1:colcon.colcon_core.package_identification:_identify(src/pinklab_minibot_robot/minibot_description) by extension 'ignore_ament_install'
[0.406s] Level 1:colcon.colcon_core.package_identification:_identify(src/pinklab_minibot_robot/minibot_description) by extensions ['colcon_pkg']
[0.406s] Level 1:colcon.colcon_core.package_identification:_identify(src/pinklab_minibot_robot/minibot_description) by extension 'colcon_pkg'
[0.406s] Level 1:colcon.colcon_core.package_identification:_identify(src/pinklab_minibot_robot/minibot_description) by extensions ['colcon_meta']
[0.406s] Level 1:colcon.colcon_core.package_identification:_identify(src/pinklab_minibot_robot/minibot_description) by extension 'colcon_meta'
[0.406s] Level 1:colcon.colcon_core.package_identification:_identify(src/pinklab_minibot_robot/minibot_description) by extensions ['ros']
[0.406s] Level 1:colcon.colcon_core.package_identification:_identify(src/pinklab_minibot_robot/minibot_description) by extension 'ros'
[0.407s] DEBUG:colcon.colcon_core.package_identification:Package 'src/pinklab_minibot_robot/minibot_description' with type 'ros.ament_cmake' and name 'minibot_description'
[0.407s] Level 1:colcon.colcon_core.package_identification:_identify(src/pinklab_minibot_robot/minibot_gazebo) by extensions ['ignore', 'ignore_ament_install']
[0.407s] Level 1:colcon.colcon_core.package_identification:_identify(src/pinklab_minibot_robot/minibot_gazebo) by extension 'ignore'
[0.407s] Level 1:colcon.colcon_core.package_identification:_identify(src/pinklab_minibot_robot/minibot_gazebo) by extension 'ignore_ament_install'
[0.407s] Level 1:colcon.colcon_core.package_identification:_identify(src/pinklab_minibot_robot/minibot_gazebo) by extensions ['colcon_pkg']
[0.407s] Level 1:colcon.colcon_core.package_identification:_identify(src/pinklab_minibot_robot/minibot_gazebo) by extension 'colcon_pkg'
[0.407s] Level 1:colcon.colcon_core.package_identification:_identify(src/pinklab_minibot_robot/minibot_gazebo) by extensions ['colcon_meta']
[0.407s] Level 1:colcon.colcon_core.package_identification:_identify(src/pinklab_minibot_robot/minibot_gazebo) by extension 'colcon_meta'
[0.408s] Level 1:colcon.colcon_core.package_identification:_identify(src/pinklab_minibot_robot/minibot_gazebo) by extensions ['ros']
[0.408s] Level 1:colcon.colcon_core.package_identification:_identify(src/pinklab_minibot_robot/minibot_gazebo) by extension 'ros'
[0.408s] DEBUG:colcon.colcon_core.package_identification:Package 'src/pinklab_minibot_robot/minibot_gazebo' with type 'ros.ament_cmake' and name 'minibot_gazebo'
[0.408s] Level 1:colcon.colcon_core.package_identification:_identify(src/pinklab_minibot_robot/minibot_hardware_interface) by extensions ['ignore', 'ignore_ament_install']
[0.408s] Level 1:colcon.colcon_core.package_identification:_identify(src/pinklab_minibot_robot/minibot_hardware_interface) by extension 'ignore'
[0.408s] Level 1:colcon.colcon_core.package_identification:_identify(src/pinklab_minibot_robot/minibot_hardware_interface) by extension 'ignore_ament_install'
[0.408s] Level 1:colcon.colcon_core.package_identification:_identify(src/pinklab_minibot_robot/minibot_hardware_interface) by extensions ['colcon_pkg']
[0.408s] Level 1:colcon.colcon_core.package_identification:_identify(src/pinklab_minibot_robot/minibot_hardware_interface) by extension 'colcon_pkg'
[0.408s] Level 1:colcon.colcon_core.package_identification:_identify(src/pinklab_minibot_robot/minibot_hardware_interface) by extensions ['colcon_meta']
[0.409s] Level 1:colcon.colcon_core.package_identification:_identify(src/pinklab_minibot_robot/minibot_hardware_interface) by extension 'colcon_meta'
[0.409s] Level 1:colcon.colcon_core.package_identification:_identify(src/pinklab_minibot_robot/minibot_hardware_interface) by extensions ['ros']
[0.409s] Level 1:colcon.colcon_core.package_identification:_identify(src/pinklab_minibot_robot/minibot_hardware_interface) by extension 'ros'
[0.409s] DEBUG:colcon.colcon_core.package_identification:Package 'src/pinklab_minibot_robot/minibot_hardware_interface' with type 'ros.ament_cmake' and name 'minibot_hardware_interface'
[0.409s] Level 1:colcon.colcon_core.package_identification:_identify(src/pinklab_minibot_robot/minibot_interfaces) by extensions ['ignore', 'ignore_ament_install']
[0.409s] Level 1:colcon.colcon_core.package_identification:_identify(src/pinklab_minibot_robot/minibot_interfaces) by extension 'ignore'
[0.410s] Level 1:colcon.colcon_core.package_identification:_identify(src/pinklab_minibot_robot/minibot_interfaces) by extension 'ignore_ament_install'
[0.410s] Level 1:colcon.colcon_core.package_identification:_identify(src/pinklab_minibot_robot/minibot_interfaces) by extensions ['colcon_pkg']
[0.410s] Level 1:colcon.colcon_core.package_identification:_identify(src/pinklab_minibot_robot/minibot_interfaces) by extension 'colcon_pkg'
[0.410s] Level 1:colcon.colcon_core.package_identification:_identify(src/pinklab_minibot_robot/minibot_interfaces) by extensions ['colcon_meta']
[0.410s] Level 1:colcon.colcon_core.package_identification:_identify(src/pinklab_minibot_robot/minibot_interfaces) by extension 'colcon_meta'
[0.410s] Level 1:colcon.colcon_core.package_identification:_identify(src/pinklab_minibot_robot/minibot_interfaces) by extensions ['ros']
[0.410s] Level 1:colcon.colcon_core.package_identification:_identify(src/pinklab_minibot_robot/minibot_interfaces) by extension 'ros'
[0.410s] DEBUG:colcon.colcon_core.package_identification:Package 'src/pinklab_minibot_robot/minibot_interfaces' with type 'ros.ament_cmake' and name 'minibot_interfaces'
[0.410s] Level 1:colcon.colcon_core.package_identification:_identify(src/pinklab_minibot_robot/minibot_navigation2) by extensions ['ignore', 'ignore_ament_install']
[0.410s] Level 1:colcon.colcon_core.package_identification:_identify(src/pinklab_minibot_robot/minibot_navigation2) by extension 'ignore'
[0.410s] Level 1:colcon.colcon_core.package_identification:_identify(src/pinklab_minibot_robot/minibot_navigation2) by extension 'ignore_ament_install'
[0.410s] Level 1:colcon.colcon_core.package_identification:_identify(src/pinklab_minibot_robot/minibot_navigation2) by extensions ['colcon_pkg']
[0.411s] Level 1:colcon.colcon_core.package_identification:_identify(src/pinklab_minibot_robot/minibot_navigation2) by extension 'colcon_pkg'
[0.411s] Level 1:colcon.colcon_core.package_identification:_identify(src/pinklab_minibot_robot/minibot_navigation2) by extensions ['colcon_meta']
[0.411s] Level 1:colcon.colcon_core.package_identification:_identify(src/pinklab_minibot_robot/minibot_navigation2) by extension 'colcon_meta'
[0.411s] Level 1:colcon.colcon_core.package_identification:_identify(src/pinklab_minibot_robot/minibot_navigation2) by extensions ['ros']
[0.411s] Level 1:colcon.colcon_core.package_identification:_identify(src/pinklab_minibot_robot/minibot_navigation2) by extension 'ros'
[0.411s] DEBUG:colcon.colcon_core.package_identification:Package 'src/pinklab_minibot_robot/minibot_navigation2' with type 'ros.ament_cmake' and name 'minibot_navigation2'
[0.411s] Level 1:colcon.colcon_core.package_identification:_identify(src/yolo_package) by extensions ['ignore', 'ignore_ament_install']
[0.411s] Level 1:colcon.colcon_core.package_identification:_identify(src/yolo_package) by extension 'ignore'
[0.411s] Level 1:colcon.colcon_core.package_identification:_identify(src/yolo_package) by extension 'ignore_ament_install'
[0.411s] Level 1:colcon.colcon_core.package_identification:_identify(src/yolo_package) by extensions ['colcon_pkg']
[0.411s] Level 1:colcon.colcon_core.package_identification:_identify(src/yolo_package) by extension 'colcon_pkg'
[0.412s] Level 1:colcon.colcon_core.package_identification:_identify(src/yolo_package) by extensions ['colcon_meta']
[0.412s] Level 1:colcon.colcon_core.package_identification:_identify(src/yolo_package) by extension 'colcon_meta'
[0.412s] Level 1:colcon.colcon_core.package_identification:_identify(src/yolo_package) by extensions ['ros']
[0.412s] Level 1:colcon.colcon_core.package_identification:_identify(src/yolo_package) by extension 'ros'
[0.412s] DEBUG:colcon.colcon_core.package_identification:Package 'src/yolo_package' with type 'ros.ament_python' and name 'yolo_package'
[0.412s] Level 1:colcon.colcon_core.package_discovery:discover_packages(recursive) using defaults
[0.412s] Level 1:colcon.colcon_core.package_discovery:discover_packages(ignore) discover
[0.412s] Level 1:colcon.colcon_core.package_discovery:discover_packages(ignore) using defaults
[0.412s] Level 1:colcon.colcon_core.package_discovery:discover_packages(path) discover
[0.412s] Level 1:colcon.colcon_core.package_discovery:discover_packages(path) using defaults
[0.434s] Level 1:colcon.colcon_core.package_discovery:discover_packages(prefix_path) check parameters
[0.434s] Level 1:colcon.colcon_core.package_discovery:discover_packages(prefix_path) discover
[0.437s] DEBUG:colcon.colcon_installed_package_information.package_discovery:Found 364 installed packages in /opt/ros/humble
[0.438s] Level 1:colcon.colcon_core.package_discovery:discover_packages(prefix_path) using defaults
[0.500s] Level 5:colcon.colcon_core.verb:set package 'minibot_description' build argument 'cmake_args' from command line to 'None'
[0.500s] Level 5:colcon.colcon_core.verb:set package 'minibot_description' build argument 'cmake_target' from command line to 'None'
[0.500s] Level 5:colcon.colcon_core.verb:set package 'minibot_description' build argument 'cmake_target_skip_unavailable' from command line to 'False'
[0.500s] Level 5:colcon.colcon_core.verb:set package 'minibot_description' build argument 'cmake_clean_cache' from command line to 'False'
[0.500s] Level 5:colcon.colcon_core.verb:set package 'minibot_description' build argument 'cmake_clean_first' from command line to 'False'
[0.500s] Level 5:colcon.colcon_core.verb:set package 'minibot_description' build argument 'cmake_force_configure' from command line to 'False'
[0.500s] Level 5:colcon.colcon_core.verb:set package 'minibot_description' build argument 'ament_cmake_args' from command line to 'None'
[0.500s] Level 5:colcon.colcon_core.verb:set package 'minibot_description' build argument 'catkin_cmake_args' from command line to 'None'
[0.500s] Level 5:colcon.colcon_core.verb:set package 'minibot_description' build argument 'catkin_skip_building_tests' from command line to 'False'
[0.500s] DEBUG:colcon.colcon_core.verb:Building package 'minibot_description' with the following arguments: {'ament_cmake_args': None, 'build_base': '/home/kiro04/pinkbot/build/minibot_description', 'catkin_cmake_args': None, 'catkin_skip_building_tests': False, 'cmake_args': None, 'cmake_clean_cache': False, 'cmake_clean_first': False, 'cmake_force_configure': False, 'cmake_target': None, 'cmake_target_skip_unavailable': False, 'install_base': '/home/kiro04/pinkbot/install/minibot_description', 'merge_install': False, 'path': '/home/kiro04/pinkbot/src/pinklab_minibot_robot/minibot_description', 'symlink_install': False, 'test_result_base': None}
[0.501s] Level 5:colcon.colcon_core.verb:set package 'minibot_hardware_interface' build argument 'cmake_args' from command line to 'None'
[0.501s] Level 5:colcon.colcon_core.verb:set package 'minibot_hardware_interface' build argument 'cmake_target' from command line to 'None'
[0.501s] Level 5:colcon.colcon_core.verb:set package 'minibot_hardware_interface' build argument 'cmake_target_skip_unavailable' from command line to 'False'
[0.501s] Level 5:colcon.colcon_core.verb:set package 'minibot_hardware_interface' build argument 'cmake_clean_cache' from command line to 'False'
[0.501s] Level 5:colcon.colcon_core.verb:set package 'minibot_hardware_interface' build argument 'cmake_clean_first' from command line to 'False'
[0.501s] Level 5:colcon.colcon_core.verb:set package 'minibot_hardware_interface' build argument 'cmake_force_configure' from command line to 'False'
[0.501s] Level 5:colcon.colcon_core.verb:set package 'minibot_hardware_interface' build argument 'ament_cmake_args' from command line to 'None'
[0.501s] Level 5:colcon.colcon_core.verb:set package 'minibot_hardware_interface' build argument 'catkin_cmake_args' from command line to 'None'
[0.501s] Level 5:colcon.colcon_core.verb:set package 'minibot_hardware_interface' build argument 'catkin_skip_building_tests' from command line to 'False'
[0.501s] DEBUG:colcon.colcon_core.verb:Building package 'minibot_hardware_interface' with the following arguments: {'ament_cmake_args': None, 'build_base': '/home/kiro04/pinkbot/build/minibot_hardware_interface', 'catkin_cmake_args': None, 'catkin_skip_building_tests': False, 'cmake_args': None, 'cmake_clean_cache': False, 'cmake_clean_first': False, 'cmake_force_configure': False, 'cmake_target': None, 'cmake_target_skip_unavailable': False, 'install_base': '/home/kiro04/pinkbot/install/minibot_hardware_interface', 'merge_install': False, 'path': '/home/kiro04/pinkbot/src/pinklab_minibot_robot/minibot_hardware_interface', 'symlink_install': False, 'test_result_base': None}
[0.502s] Level 5:colcon.colcon_core.verb:set package 'minibot_interfaces' build argument 'cmake_args' from command line to 'None'
[0.502s] Level 5:colcon.colcon_core.verb:set package 'minibot_interfaces' build argument 'cmake_target' from command line to 'None'
[0.502s] Level 5:colcon.colcon_core.verb:set package 'minibot_interfaces' build argument 'cmake_target_skip_unavailable' from command line to 'False'
[0.502s] Level 5:colcon.colcon_core.verb:set package 'minibot_interfaces' build argument 'cmake_clean_cache' from command line to 'False'
[0.502s] Level 5:colcon.colcon_core.verb:set package 'minibot_interfaces' build argument 'cmake_clean_first' from command line to 'False'
[0.502s] Level 5:colcon.colcon_core.verb:set package 'minibot_interfaces' build argument 'cmake_force_configure' from command line to 'False'
[0.502s] Level 5:colcon.colcon_core.verb:set package 'minibot_interfaces' build argument 'ament_cmake_args' from command line to 'None'
[0.502s] Level 5:colcon.colcon_core.verb:set package 'minibot_interfaces' build argument 'catkin_cmake_args' from command line to 'None'
[0.502s] Level 5:colcon.colcon_core.verb:set package 'minibot_interfaces' build argument 'catkin_skip_building_tests' from command line to 'False'
[0.502s] DEBUG:colcon.colcon_core.verb:Building package 'minibot_interfaces' with the following arguments: {'ament_cmake_args': None, 'build_base': '/home/kiro04/pinkbot/build/minibot_interfaces', 'catkin_cmake_args': None, 'catkin_skip_building_tests': False, 'cmake_args': None, 'cmake_clean_cache': False, 'cmake_clean_first': False, 'cmake_force_configure': False, 'cmake_target': None, 'cmake_target_skip_unavailable': False, 'install_base': '/home/kiro04/pinkbot/install/minibot_interfaces', 'merge_install': False, 'path': '/home/kiro04/pinkbot/src/pinklab_minibot_robot/minibot_interfaces', 'symlink_install': False, 'test_result_base': None}
[0.503s] Level 5:colcon.colcon_core.verb:set package 'minibot_navigation2' build argument 'cmake_args' from command line to 'None'
[0.503s] Level 5:colcon.colcon_core.verb:set package 'minibot_navigation2' build argument 'cmake_target' from command line to 'None'
[0.503s] Level 5:colcon.colcon_core.verb:set package 'minibot_navigation2' build argument 'cmake_target_skip_unavailable' from command line to 'False'
[0.503s] Level 5:colcon.colcon_core.verb:set package 'minibot_navigation2' build argument 'cmake_clean_cache' from command line to 'False'
[0.503s] Level 5:colcon.colcon_core.verb:set package 'minibot_navigation2' build argument 'cmake_clean_first' from command line to 'False'
[0.503s] Level 5:colcon.colcon_core.verb:set package 'minibot_navigation2' build argument 'cmake_force_configure' from command line to 'False'
[0.503s] Level 5:colcon.colcon_core.verb:set package 'minibot_navigation2' build argument 'ament_cmake_args' from command line to 'None'
[0.503s] Level 5:colcon.colcon_core.verb:set package 'minibot_navigation2' build argument 'catkin_cmake_args' from command line to 'None'
[0.503s] Level 5:colcon.colcon_core.verb:set package 'minibot_navigation2' build argument 'catkin_skip_building_tests' from command line to 'False'
[0.504s] DEBUG:colcon.colcon_core.verb:Building package 'minibot_navigation2' with the following arguments: {'ament_cmake_args': None, 'build_base': '/home/kiro04/pinkbot/build/minibot_navigation2', 'catkin_cmake_args': None, 'catkin_skip_building_tests': False, 'cmake_args': None, 'cmake_clean_cache': False, 'cmake_clean_first': False, 'cmake_force_configure': False, 'cmake_target': None, 'cmake_target_skip_unavailable': False, 'install_base': '/home/kiro04/pinkbot/install/minibot_navigation2', 'merge_install': False, 'path': '/home/kiro04/pinkbot/src/pinklab_minibot_robot/minibot_navigation2', 'symlink_install': False, 'test_result_base': None}
[0.504s] Level 5:colcon.colcon_core.verb:set package 'yolo_package' build argument 'cmake_args' from command line to 'None'
[0.504s] Level 5:colcon.colcon_core.verb:set package 'yolo_package' build argument 'cmake_target' from command line to 'None'
[0.505s] Level 5:colcon.colcon_core.verb:set package 'yolo_package' build argument 'cmake_target_skip_unavailable' from command line to 'False'
[0.505s] Level 5:colcon.colcon_core.verb:set package 'yolo_package' build argument 'cmake_clean_cache' from command line to 'False'
[0.505s] Level 5:colcon.colcon_core.verb:set package 'yolo_package' build argument 'cmake_clean_first' from command line to 'False'
[0.505s] Level 5:colcon.colcon_core.verb:set package 'yolo_package' build argument 'cmake_force_configure' from command line to 'False'
[0.505s] Level 5:colcon.colcon_core.verb:set package 'yolo_package' build argument 'ament_cmake_args' from command line to 'None'
[0.505s] Level 5:colcon.colcon_core.verb:set package 'yolo_package' build argument 'catkin_cmake_args' from command line to 'None'
[0.505s] Level 5:colcon.colcon_core.verb:set package 'yolo_package' build argument 'catkin_skip_building_tests' from command line to 'False'
[0.505s] DEBUG:colcon.colcon_core.verb:Building package 'yolo_package' with the following arguments: {'ament_cmake_args': None, 'build_base': '/home/kiro04/pinkbot/build/yolo_package', 'catkin_cmake_args': None, 'catkin_skip_building_tests': False, 'cmake_args': None, 'cmake_clean_cache': False, 'cmake_clean_first': False, 'cmake_force_configure': False, 'cmake_target': None, 'cmake_target_skip_unavailable': False, 'install_base': '/home/kiro04/pinkbot/install/yolo_package', 'merge_install': False, 'path': '/home/kiro04/pinkbot/src/yolo_package', 'symlink_install': False, 'test_result_base': None}
[0.506s] Level 5:colcon.colcon_core.verb:set package 'minibot_controllers' build argument 'cmake_args' from command line to 'None'
[0.506s] Level 5:colcon.colcon_core.verb:set package 'minibot_controllers' build argument 'cmake_target' from command line to 'None'
[0.506s] Level 5:colcon.colcon_core.verb:set package 'minibot_controllers' build argument 'cmake_target_skip_unavailable' from command line to 'False'
[0.506s] Level 5:colcon.colcon_core.verb:set package 'minibot_controllers' build argument 'cmake_clean_cache' from command line to 'False'
[0.506s] Level 5:colcon.colcon_core.verb:set package 'minibot_controllers' build argument 'cmake_clean_first' from command line to 'False'
[0.506s] Level 5:colcon.colcon_core.verb:set package 'minibot_controllers' build argument 'cmake_force_configure' from command line to 'False'
[0.506s] Level 5:colcon.colcon_core.verb:set package 'minibot_controllers' build argument 'ament_cmake_args' from command line to 'None'
[0.506s] Level 5:colcon.colcon_core.verb:set package 'minibot_controllers' build argument 'catkin_cmake_args' from command line to 'None'
[0.506s] Level 5:colcon.colcon_core.verb:set package 'minibot_controllers' build argument 'catkin_skip_building_tests' from command line to 'False'
[0.506s] DEBUG:colcon.colcon_core.verb:Building package 'minibot_controllers' with the following arguments: {'ament_cmake_args': None, 'build_base': '/home/kiro04/pinkbot/build/minibot_controllers', 'catkin_cmake_args': None, 'catkin_skip_building_tests': False, 'cmake_args': None, 'cmake_clean_cache': False, 'cmake_clean_first': False, 'cmake_force_configure': False, 'cmake_target': None, 'cmake_target_skip_unavailable': False, 'install_base': '/home/kiro04/pinkbot/install/minibot_controllers', 'merge_install': False, 'path': '/home/kiro04/pinkbot/src/pinklab_minibot_robot/minibot_controllers', 'symlink_install': False, 'test_result_base': None}
[0.507s] Level 5:colcon.colcon_core.verb:set package 'minibot_gazebo' build argument 'cmake_args' from command line to 'None'
[0.507s] Level 5:colcon.colcon_core.verb:set package 'minibot_gazebo' build argument 'cmake_target' from command line to 'None'
[0.507s] Level 5:colcon.colcon_core.verb:set package 'minibot_gazebo' build argument 'cmake_target_skip_unavailable' from command line to 'False'
[0.507s] Level 5:colcon.colcon_core.verb:set package 'minibot_gazebo' build argument 'cmake_clean_cache' from command line to 'False'
[0.507s] Level 5:colcon.colcon_core.verb:set package 'minibot_gazebo' build argument 'cmake_clean_first' from command line to 'False'
[0.507s] Level 5:colcon.colcon_core.verb:set package 'minibot_gazebo' build argument 'cmake_force_configure' from command line to 'False'
[0.507s] Level 5:colcon.colcon_core.verb:set package 'minibot_gazebo' build argument 'ament_cmake_args' from command line to 'None'
[0.507s] Level 5:colcon.colcon_core.verb:set package 'minibot_gazebo' build argument 'catkin_cmake_args' from command line to 'None'
[0.507s] Level 5:colcon.colcon_core.verb:set package 'minibot_gazebo' build argument 'catkin_skip_building_tests' from command line to 'False'
[0.507s] DEBUG:colcon.colcon_core.verb:Building package 'minibot_gazebo' with the following arguments: {'ament_cmake_args': None, 'build_base': '/home/kiro04/pinkbot/build/minibot_gazebo', 'catkin_cmake_args': None, 'catkin_skip_building_tests': False, 'cmake_args': None, 'cmake_clean_cache': False, 'cmake_clean_first': False, 'cmake_force_configure': False, 'cmake_target': None, 'cmake_target_skip_unavailable': False, 'install_base': '/home/kiro04/pinkbot/install/minibot_gazebo', 'merge_install': False, 'path': '/home/kiro04/pinkbot/src/pinklab_minibot_robot/minibot_gazebo', 'symlink_install': False, 'test_result_base': None}
[0.508s] Level 5:colcon.colcon_core.verb:set package 'minibot_bringup' build argument 'cmake_args' from command line to 'None'
[0.508s] Level 5:colcon.colcon_core.verb:set package 'minibot_bringup' build argument 'cmake_target' from command line to 'None'
[0.508s] Level 5:colcon.colcon_core.verb:set package 'minibot_bringup' build argument 'cmake_target_skip_unavailable' from command line to 'False'
[0.508s] Level 5:colcon.colcon_core.verb:set package 'minibot_bringup' build argument 'cmake_clean_cache' from command line to 'False'
[0.508s] Level 5:colcon.colcon_core.verb:set package 'minibot_bringup' build argument 'cmake_clean_first' from command line to 'False'
[0.508s] Level 5:colcon.colcon_core.verb:set package 'minibot_bringup' build argument 'cmake_force_configure' from command line to 'False'
[0.508s] Level 5:colcon.colcon_core.verb:set package 'minibot_bringup' build argument 'ament_cmake_args' from command line to 'None'
[0.508s] Level 5:colcon.colcon_core.verb:set package 'minibot_bringup' build argument 'catkin_cmake_args' from command line to 'None'
[0.508s] Level 5:colcon.colcon_core.verb:set package 'minibot_bringup' build argument 'catkin_skip_building_tests' from command line to 'False'
[0.508s] DEBUG:colcon.colcon_core.verb:Building package 'minibot_bringup' with the following arguments: {'ament_cmake_args': None, 'build_base': '/home/kiro04/pinkbot/build/minibot_bringup', 'catkin_cmake_args': None, 'catkin_skip_building_tests': False, 'cmake_args': None, 'cmake_clean_cache': False, 'cmake_clean_first': False, 'cmake_force_configure': False, 'cmake_target': None, 'cmake_target_skip_unavailable': False, 'install_base': '/home/kiro04/pinkbot/install/minibot_bringup', 'merge_install': False, 'path': '/home/kiro04/pinkbot/src/pinklab_minibot_robot/minibot_bringup', 'symlink_install': False, 'test_result_base': None}
[0.509s] INFO:colcon.colcon_core.executor:Executing jobs using 'parallel' executor
[0.512s] DEBUG:colcon.colcon_parallel_executor.executor.parallel:run_until_complete
[0.513s] INFO:colcon.colcon_ros.task.ament_cmake.build:Building ROS package in '/home/kiro04/pinkbot/src/pinklab_minibot_robot/minibot_description' with build type 'ament_cmake'
[0.513s] INFO:colcon.colcon_cmake.task.cmake.build:Building CMake package in '/home/kiro04/pinkbot/src/pinklab_minibot_robot/minibot_description'
[0.517s] INFO:colcon.colcon_core.plugin_system:Skipping extension 'colcon_core.shell.bat': Not used on non-Windows systems
[0.517s] INFO:colcon.colcon_core.shell:Skip shell extension 'powershell' for command environment: Not usable outside of PowerShell
[0.517s] DEBUG:colcon.colcon_core.shell:Skip shell extension 'dsv' for command environment
[0.520s] INFO:colcon.colcon_ros.task.ament_cmake.build:Building ROS package in '/home/kiro04/pinkbot/src/pinklab_minibot_robot/minibot_interfaces' with build type 'ament_cmake'
[0.521s] INFO:colcon.colcon_cmake.task.cmake.build:Building CMake package in '/home/kiro04/pinkbot/src/pinklab_minibot_robot/minibot_interfaces'
[0.523s] INFO:colcon.colcon_core.shell:Skip shell extension 'powershell' for command environment: Not usable outside of PowerShell
[0.524s] DEBUG:colcon.colcon_core.shell:Skip shell extension 'dsv' for command environment
[0.529s] INFO:colcon.colcon_ros.task.ament_cmake.build:Building ROS package in '/home/kiro04/pinkbot/src/pinklab_minibot_robot/minibot_hardware_interface' with build type 'ament_cmake'
[0.529s] INFO:colcon.colcon_cmake.task.cmake.build:Building CMake package in '/home/kiro04/pinkbot/src/pinklab_minibot_robot/minibot_hardware_interface'
[0.531s] INFO:colcon.colcon_core.shell:Skip shell extension 'powershell' for command environment: Not usable outside of PowerShell
[0.531s] DEBUG:colcon.colcon_core.shell:Skip shell extension 'dsv' for command environment
[0.535s] INFO:colcon.colcon_ros.task.ament_cmake.build:Building ROS package in '/home/kiro04/pinkbot/src/pinklab_minibot_robot/minibot_navigation2' with build type 'ament_cmake'
[0.536s] INFO:colcon.colcon_cmake.task.cmake.build:Building CMake package in '/home/kiro04/pinkbot/src/pinklab_minibot_robot/minibot_navigation2'
[0.538s] INFO:colcon.colcon_core.shell:Skip shell extension 'powershell' for command environment: Not usable outside of PowerShell
[0.538s] DEBUG:colcon.colcon_core.shell:Skip shell extension 'dsv' for command environment
[0.544s] INFO:colcon.colcon_ros.task.ament_python.build:Building ROS package in '/home/kiro04/pinkbot/src/yolo_package' with build type 'ament_python'
[0.545s] Level 1:colcon.colcon_core.shell:create_environment_hook('yolo_package', 'ament_prefix_path')
[0.547s] INFO:colcon.colcon_core.shell:Creating environment hook '/home/kiro04/pinkbot/install/yolo_package/share/yolo_package/hook/ament_prefix_path.ps1'
[0.548s] INFO:colcon.colcon_core.shell:Creating environment descriptor '/home/kiro04/pinkbot/install/yolo_package/share/yolo_package/hook/ament_prefix_path.dsv'
[0.548s] INFO:colcon.colcon_core.shell:Creating environment hook '/home/kiro04/pinkbot/install/yolo_package/share/yolo_package/hook/ament_prefix_path.sh'
[0.550s] INFO:colcon.colcon_core.shell:Skip shell extension 'powershell' for command environment: Not usable outside of PowerShell
[0.550s] DEBUG:colcon.colcon_core.shell:Skip shell extension 'dsv' for command environment
[0.562s] DEBUG:colcon.colcon_core.event_handler.log_command:Invoking command in '/home/kiro04/pinkbot/build/minibot_description': CMAKE_PREFIX_PATH=/opt/ros/humble /home/kiro04/.local/bin/cmake --build /home/kiro04/pinkbot/build/minibot_description -- -j8 -l8
[0.567s] DEBUG:colcon.colcon_core.event_handler.log_command:Invoking command in '/home/kiro04/pinkbot/build/minibot_interfaces': CMAKE_PREFIX_PATH=/opt/ros/humble /home/kiro04/.local/bin/cmake --build /home/kiro04/pinkbot/build/minibot_interfaces -- -j8 -l8
[0.574s] DEBUG:colcon.colcon_core.event_handler.log_command:Invoking command in '/home/kiro04/pinkbot/build/minibot_hardware_interface': CMAKE_PREFIX_PATH=/opt/ros/humble /home/kiro04/.local/bin/cmake --build /home/kiro04/pinkbot/build/minibot_hardware_interface -- -j8 -l8
[0.581s] DEBUG:colcon.colcon_core.event_handler.log_command:Invoking command in '/home/kiro04/pinkbot/build/minibot_navigation2': CMAKE_PREFIX_PATH=/opt/ros/humble /home/kiro04/.local/bin/cmake --build /home/kiro04/pinkbot/build/minibot_navigation2 -- -j8 -l8
[1.097s] INFO:colcon.colcon_core.task.python.build:Building Python package in '/home/kiro04/pinkbot/src/yolo_package'
[1.099s] INFO:colcon.colcon_core.shell:Skip shell extension 'powershell' for command environment: Not usable outside of PowerShell
[1.099s] DEBUG:colcon.colcon_core.shell:Skip shell extension 'dsv' for command environment
[1.107s] DEBUG:colcon.colcon_core.event_handler.log_command:Invoked command in '/home/kiro04/pinkbot/build/minibot_navigation2' returned '0': CMAKE_PREFIX_PATH=/opt/ros/humble /home/kiro04/.local/bin/cmake --build /home/kiro04/pinkbot/build/minibot_navigation2 -- -j8 -l8
[1.113s] DEBUG:colcon.colcon_core.event_handler.log_command:Invoked command in '/home/kiro04/pinkbot/build/minibot_description' returned '0': CMAKE_PREFIX_PATH=/opt/ros/humble /home/kiro04/.local/bin/cmake --build /home/kiro04/pinkbot/build/minibot_description -- -j8 -l8
[1.116s] DEBUG:colcon.colcon_core.event_handler.log_command:Invoked command in '/home/kiro04/pinkbot/build/minibot_hardware_interface' returned '0': CMAKE_PREFIX_PATH=/opt/ros/humble /home/kiro04/.local/bin/cmake --build /home/kiro04/pinkbot/build/minibot_hardware_interface -- -j8 -l8
[1.229s] DEBUG:colcon.colcon_core.event_handler.log_command:Invoked command in '/home/kiro04/pinkbot/build/minibot_interfaces' returned '0': CMAKE_PREFIX_PATH=/opt/ros/humble /home/kiro04/.local/bin/cmake --build /home/kiro04/pinkbot/build/minibot_interfaces -- -j8 -l8
[1.352s] DEBUG:colcon.colcon_core.event_handler.log_command:Invoking command in '/home/kiro04/pinkbot/build/minibot_description': CMAKE_PREFIX_PATH=/opt/ros/humble /home/kiro04/.local/bin/cmake --install /home/kiro04/pinkbot/build/minibot_description
[1.356s] DEBUG:colcon.colcon_core.event_handler.log_command:Invoking command in '/home/kiro04/pinkbot/build/minibot_navigation2': CMAKE_PREFIX_PATH=/opt/ros/humble /home/kiro04/.local/bin/cmake --install /home/kiro04/pinkbot/build/minibot_navigation2
[1.360s] DEBUG:colcon.colcon_core.event_handler.log_command:Invoking command in '/home/kiro04/pinkbot/build/minibot_hardware_interface': CMAKE_PREFIX_PATH=/opt/ros/humble /home/kiro04/.local/bin/cmake --install /home/kiro04/pinkbot/build/minibot_hardware_interface
[1.429s] DEBUG:colcon.colcon_core.event_handler.log_command:Invoking command in '/home/kiro04/pinkbot/build/minibot_interfaces': CMAKE_PREFIX_PATH=/opt/ros/humble /home/kiro04/.local/bin/cmake --install /home/kiro04/pinkbot/build/minibot_interfaces
[1.473s] Level 1:colcon.colcon_core.environment:create_environment_scripts_only(minibot_description)
[1.487s] Level 1:colcon.colcon_core.environment:checking '/home/kiro04/pinkbot/install/minibot_description' for CMake module files
[1.489s] DEBUG:colcon.colcon_core.event_handler.log_command:Invoked command in '/home/kiro04/pinkbot/build/minibot_description' returned '0': CMAKE_PREFIX_PATH=/opt/ros/humble /home/kiro04/.local/bin/cmake --install /home/kiro04/pinkbot/build/minibot_description
[1.490s] Level 1:colcon.colcon_core.environment:checking '/home/kiro04/pinkbot/install/minibot_description' for CMake config files
[1.490s] Level 1:colcon.colcon_core.shell:create_environment_hook('minibot_description', 'cmake_prefix_path')
[1.495s] INFO:colcon.colcon_core.shell:Creating environment hook '/home/kiro04/pinkbot/install/minibot_description/share/minibot_description/hook/cmake_prefix_path.ps1'
[1.497s] INFO:colcon.colcon_core.shell:Creating environment descriptor '/home/kiro04/pinkbot/install/minibot_description/share/minibot_description/hook/cmake_prefix_path.dsv'
[1.506s] INFO:colcon.colcon_core.shell:Creating environment hook '/home/kiro04/pinkbot/install/minibot_description/share/minibot_description/hook/cmake_prefix_path.sh'
[1.509s] Level 1:colcon.colcon_core.environment:checking '/home/kiro04/pinkbot/install/minibot_description/bin'
[1.509s] Level 1:colcon.colcon_core.environment:checking '/home/kiro04/pinkbot/install/minibot_description/lib/pkgconfig/minibot_description.pc'
[1.510s] Level 1:colcon.colcon_core.environment:checking '/home/kiro04/pinkbot/install/minibot_description/lib/python3.10/site-packages'
[1.511s] Level 1:colcon.colcon_core.environment:checking '/home/kiro04/pinkbot/install/minibot_description/bin'
[1.517s] INFO:colcon.colcon_core.shell:Creating package script '/home/kiro04/pinkbot/install/minibot_description/share/minibot_description/package.ps1'
[1.523s] INFO:colcon.colcon_core.shell:Creating package descriptor '/home/kiro04/pinkbot/install/minibot_description/share/minibot_description/package.dsv'
[1.526s] INFO:colcon.colcon_core.shell:Creating package script '/home/kiro04/pinkbot/install/minibot_description/share/minibot_description/package.sh'
[1.527s] INFO:colcon.colcon_core.shell:Creating package script '/home/kiro04/pinkbot/install/minibot_description/share/minibot_description/package.bash'
[1.528s] INFO:colcon.colcon_core.shell:Creating package script '/home/kiro04/pinkbot/install/minibot_description/share/minibot_description/package.zsh'
[1.529s] Level 1:colcon.colcon_core.environment:create_file_with_runtime_dependencies(/home/kiro04/pinkbot/install/minibot_description/share/colcon-core/packages/minibot_description)
[1.531s] Level 1:colcon.colcon_core.environment:create_environment_scripts_only(minibot_navigation2)
[1.535s] Level 1:colcon.colcon_core.environment:checking '/home/kiro04/pinkbot/install/minibot_navigation2' for CMake module files
[1.536s] DEBUG:colcon.colcon_core.event_handler.log_command:Invoked command in '/home/kiro04/pinkbot/build/minibot_navigation2' returned '0': CMAKE_PREFIX_PATH=/opt/ros/humble /home/kiro04/.local/bin/cmake --install /home/kiro04/pinkbot/build/minibot_navigation2
[1.537s] Level 1:colcon.colcon_core.environment:checking '/home/kiro04/pinkbot/install/minibot_navigation2' for CMake config files
[1.537s] Level 1:colcon.colcon_core.shell:create_environment_hook('minibot_navigation2', 'cmake_prefix_path')
[1.539s] INFO:colcon.colcon_core.shell:Creating environment hook '/home/kiro04/pinkbot/install/minibot_navigation2/share/minibot_navigation2/hook/cmake_prefix_path.ps1'
[1.540s] INFO:colcon.colcon_core.shell:Creating environment descriptor '/home/kiro04/pinkbot/install/minibot_navigation2/share/minibot_navigation2/hook/cmake_prefix_path.dsv'
[1.540s] INFO:colcon.colcon_core.shell:Creating environment hook '/home/kiro04/pinkbot/install/minibot_navigation2/share/minibot_navigation2/hook/cmake_prefix_path.sh'
[1.541s] Level 1:colcon.colcon_core.environment:checking '/home/kiro04/pinkbot/install/minibot_navigation2/bin'
[1.542s] Level 1:colcon.colcon_core.environment:checking '/home/kiro04/pinkbot/install/minibot_navigation2/lib/pkgconfig/minibot_navigation2.pc'
[1.542s] Level 1:colcon.colcon_core.environment:checking '/home/kiro04/pinkbot/install/minibot_navigation2/lib/python3.10/site-packages'
[1.542s] Level 1:colcon.colcon_core.environment:checking '/home/kiro04/pinkbot/install/minibot_navigation2/bin'
[1.545s] INFO:colcon.colcon_core.shell:Creating package script '/home/kiro04/pinkbot/install/minibot_navigation2/share/minibot_navigation2/package.ps1'
[1.548s] INFO:colcon.colcon_core.shell:Creating package descriptor '/home/kiro04/pinkbot/install/minibot_navigation2/share/minibot_navigation2/package.dsv'
[1.553s] INFO:colcon.colcon_core.shell:Creating package script '/home/kiro04/pinkbot/install/minibot_navigation2/share/minibot_navigation2/package.sh'
[1.558s] INFO:colcon.colcon_core.shell:Creating package script '/home/kiro04/pinkbot/install/minibot_navigation2/share/minibot_navigation2/package.bash'
[1.560s] INFO:colcon.colcon_core.shell:Creating package script '/home/kiro04/pinkbot/install/minibot_navigation2/share/minibot_navigation2/package.zsh'
[1.561s] Level 1:colcon.colcon_core.environment:create_file_with_runtime_dependencies(/home/kiro04/pinkbot/install/minibot_navigation2/share/colcon-core/packages/minibot_navigation2)
[1.563s] Level 1:colcon.colcon_core.environment:create_environment_scripts_only(minibot_hardware_interface)
[1.569s] Level 1:colcon.colcon_core.environment:checking '/home/kiro04/pinkbot/install/minibot_hardware_interface' for CMake module files
[1.570s] DEBUG:colcon.colcon_core.event_handler.log_command:Invoked command in '/home/kiro04/pinkbot/build/minibot_hardware_interface' returned '0': CMAKE_PREFIX_PATH=/opt/ros/humble /home/kiro04/.local/bin/cmake --install /home/kiro04/pinkbot/build/minibot_hardware_interface
[1.571s] Level 1:colcon.colcon_core.environment:checking '/home/kiro04/pinkbot/install/minibot_hardware_interface' for CMake config files
[1.572s] Level 1:colcon.colcon_core.shell:create_environment_hook('minibot_hardware_interface', 'cmake_prefix_path')
[1.576s] INFO:colcon.colcon_core.shell:Creating environment hook '/home/kiro04/pinkbot/install/minibot_hardware_interface/share/minibot_hardware_interface/hook/cmake_prefix_path.ps1'
[1.577s] INFO:colcon.colcon_core.shell:Creating environment descriptor '/home/kiro04/pinkbot/install/minibot_hardware_interface/share/minibot_hardware_interface/hook/cmake_prefix_path.dsv'
[1.578s] INFO:colcon.colcon_core.shell:Creating environment hook '/home/kiro04/pinkbot/install/minibot_hardware_interface/share/minibot_hardware_interface/hook/cmake_prefix_path.sh'
[1.579s] Level 1:colcon.colcon_core.environment:checking '/home/kiro04/pinkbot/install/minibot_hardware_interface/lib'
[1.580s] Level 1:colcon.colcon_core.shell:create_environment_hook('minibot_hardware_interface', 'ld_library_path_lib')
[1.584s] INFO:colcon.colcon_core.shell:Creating environment hook '/home/kiro04/pinkbot/install/minibot_hardware_interface/share/minibot_hardware_interface/hook/ld_library_path_lib.ps1'
[1.585s] INFO:colcon.colcon_core.shell:Creating environment descriptor '/home/kiro04/pinkbot/install/minibot_hardware_interface/share/minibot_hardware_interface/hook/ld_library_path_lib.dsv'
[1.586s] INFO:colcon.colcon_core.shell:Creating environment hook '/home/kiro04/pinkbot/install/minibot_hardware_interface/share/minibot_hardware_interface/hook/ld_library_path_lib.sh'
[1.587s] Level 1:colcon.colcon_core.environment:checking '/home/kiro04/pinkbot/install/minibot_hardware_interface/bin'
[1.587s] Level 1:colcon.colcon_core.environment:checking '/home/kiro04/pinkbot/install/minibot_hardware_interface/lib/pkgconfig/minibot_hardware_interface.pc'
[1.588s] Level 1:colcon.colcon_core.environment:checking '/home/kiro04/pinkbot/install/minibot_hardware_interface/lib/python3.10/site-packages'
[1.588s] Level 1:colcon.colcon_core.environment:checking '/home/kiro04/pinkbot/install/minibot_hardware_interface/bin'
[1.593s] INFO:colcon.colcon_core.shell:Creating package script '/home/kiro04/pinkbot/install/minibot_hardware_interface/share/minibot_hardware_interface/package.ps1'
[1.594s] INFO:colcon.colcon_core.shell:Creating package descriptor '/home/kiro04/pinkbot/install/minibot_hardware_interface/share/minibot_hardware_interface/package.dsv'
[1.595s] INFO:colcon.colcon_core.shell:Creating package script '/home/kiro04/pinkbot/install/minibot_hardware_interface/share/minibot_hardware_interface/package.sh'
[1.596s] INFO:colcon.colcon_core.shell:Creating package script '/home/kiro04/pinkbot/install/minibot_hardware_interface/share/minibot_hardware_interface/package.bash'
[1.597s] INFO:colcon.colcon_core.shell:Creating package script '/home/kiro04/pinkbot/install/minibot_hardware_interface/share/minibot_hardware_interface/package.zsh'
[1.598s] Level 1:colcon.colcon_core.environment:create_file_with_runtime_dependencies(/home/kiro04/pinkbot/install/minibot_hardware_interface/share/colcon-core/packages/minibot_hardware_interface)
[1.672s] Level 1:colcon.colcon_core.environment:create_environment_scripts_only(minibot_interfaces)
[1.678s] Level 1:colcon.colcon_core.environment:checking '/home/kiro04/pinkbot/install/minibot_interfaces' for CMake module files
[1.679s] DEBUG:colcon.colcon_core.event_handler.log_command:Invoked command in '/home/kiro04/pinkbot/build/minibot_interfaces' returned '0': CMAKE_PREFIX_PATH=/opt/ros/humble /home/kiro04/.local/bin/cmake --install /home/kiro04/pinkbot/build/minibot_interfaces
[1.680s] Level 1:colcon.colcon_core.environment:checking '/home/kiro04/pinkbot/install/minibot_interfaces' for CMake config files
[1.682s] Level 1:colcon.colcon_core.shell:create_environment_hook('minibot_interfaces', 'cmake_prefix_path')
[1.685s] INFO:colcon.colcon_core.shell:Creating environment hook '/home/kiro04/pinkbot/install/minibot_interfaces/share/minibot_interfaces/hook/cmake_prefix_path.ps1'
[1.686s] INFO:colcon.colcon_core.shell:Creating environment descriptor '/home/kiro04/pinkbot/install/minibot_interfaces/share/minibot_interfaces/hook/cmake_prefix_path.dsv'
[1.687s] INFO:colcon.colcon_core.shell:Creating environment hook '/home/kiro04/pinkbot/install/minibot_interfaces/share/minibot_interfaces/hook/cmake_prefix_path.sh'
[1.688s] Level 1:colcon.colcon_core.environment:checking '/home/kiro04/pinkbot/install/minibot_interfaces/lib'
[1.689s] Level 1:colcon.colcon_core.shell:create_environment_hook('minibot_interfaces', 'ld_library_path_lib')
[1.693s] INFO:colcon.colcon_core.shell:Creating environment hook '/home/kiro04/pinkbot/install/minibot_interfaces/share/minibot_interfaces/hook/ld_library_path_lib.ps1'
[1.694s] INFO:colcon.colcon_core.shell:Creating environment descriptor '/home/kiro04/pinkbot/install/minibot_interfaces/share/minibot_interfaces/hook/ld_library_path_lib.dsv'
[1.694s] INFO:colcon.colcon_core.shell:Creating environment hook '/home/kiro04/pinkbot/install/minibot_interfaces/share/minibot_interfaces/hook/ld_library_path_lib.sh'
[1.695s] Level 1:colcon.colcon_core.environment:checking '/home/kiro04/pinkbot/install/minibot_interfaces/bin'
[1.695s] Level 1:colcon.colcon_core.environment:checking '/home/kiro04/pinkbot/install/minibot_interfaces/lib/pkgconfig/minibot_interfaces.pc'
[1.696s] Level 1:colcon.colcon_core.environment:checking '/home/kiro04/pinkbot/install/minibot_interfaces/lib/python3.10/site-packages'
[1.697s] Level 1:colcon.colcon_core.environment:checking '/home/kiro04/pinkbot/install/minibot_interfaces/bin'
[1.701s] INFO:colcon.colcon_core.shell:Creating package script '/home/kiro04/pinkbot/install/minibot_interfaces/share/minibot_interfaces/package.ps1'
[1.702s] INFO:colcon.colcon_core.shell:Creating package descriptor '/home/kiro04/pinkbot/install/minibot_interfaces/share/minibot_interfaces/package.dsv'
[1.703s] INFO:colcon.colcon_core.shell:Creating package script '/home/kiro04/pinkbot/install/minibot_interfaces/share/minibot_interfaces/package.sh'
[1.704s] INFO:colcon.colcon_core.shell:Creating package script '/home/kiro04/pinkbot/install/minibot_interfaces/share/minibot_interfaces/package.bash'
[1.704s] INFO:colcon.colcon_core.shell:Creating package script '/home/kiro04/pinkbot/install/minibot_interfaces/share/minibot_interfaces/package.zsh'
[1.705s] Level 1:colcon.colcon_core.environment:create_file_with_runtime_dependencies(/home/kiro04/pinkbot/install/minibot_interfaces/share/colcon-core/packages/minibot_interfaces)
[1.712s] Level 1:colcon.colcon_core.environment:create_environment_scripts_only(minibot_description)
[1.718s] Level 1:colcon.colcon_core.environment:checking '/home/kiro04/pinkbot/install/minibot_description' for CMake module files
[1.719s] Level 1:colcon.colcon_core.environment:checking '/home/kiro04/pinkbot/install/minibot_description' for CMake config files
[1.720s] Level 1:colcon.colcon_core.shell:create_environment_hook('minibot_description', 'cmake_prefix_path')
[1.724s] INFO:colcon.colcon_core.shell:Creating environment hook '/home/kiro04/pinkbot/install/minibot_description/share/minibot_description/hook/cmake_prefix_path.ps1'
[1.725s] INFO:colcon.colcon_core.shell:Creating environment descriptor '/home/kiro04/pinkbot/install/minibot_description/share/minibot_description/hook/cmake_prefix_path.dsv'
[1.726s] INFO:colcon.colcon_core.shell:Creating environment hook '/home/kiro04/pinkbot/install/minibot_description/share/minibot_description/hook/cmake_prefix_path.sh'
[1.727s] Level 1:colcon.colcon_core.environment:checking '/home/kiro04/pinkbot/install/minibot_description/bin'
[1.727s] Level 1:colcon.colcon_core.environment:checking '/home/kiro04/pinkbot/install/minibot_description/lib/pkgconfig/minibot_description.pc'
[1.728s] Level 1:colcon.colcon_core.environment:checking '/home/kiro04/pinkbot/install/minibot_description/lib/python3.10/site-packages'
[1.728s] Level 1:colcon.colcon_core.environment:checking '/home/kiro04/pinkbot/install/minibot_description/bin'
[1.732s] INFO:colcon.colcon_core.shell:Creating package script '/home/kiro04/pinkbot/install/minibot_description/share/minibot_description/package.ps1'
[1.734s] INFO:colcon.colcon_core.shell:Creating package descriptor '/home/kiro04/pinkbot/install/minibot_description/share/minibot_description/package.dsv'
[1.736s] INFO:colcon.colcon_core.shell:Creating package script '/home/kiro04/pinkbot/install/minibot_description/share/minibot_description/package.sh'
[1.737s] INFO:colcon.colcon_core.shell:Creating package script '/home/kiro04/pinkbot/install/minibot_description/share/minibot_description/package.bash'
[1.738s] INFO:colcon.colcon_core.shell:Creating package script '/home/kiro04/pinkbot/install/minibot_description/share/minibot_description/package.zsh'
[1.739s] Level 1:colcon.colcon_core.environment:create_file_with_runtime_dependencies(/home/kiro04/pinkbot/install/minibot_description/share/colcon-core/packages/minibot_description)
[1.741s] INFO:colcon.colcon_ros.task.ament_cmake.build:Building ROS package in '/home/kiro04/pinkbot/src/pinklab_minibot_robot/minibot_gazebo' with build type 'ament_cmake'
[1.741s] INFO:colcon.colcon_cmake.task.cmake.build:Building CMake package in '/home/kiro04/pinkbot/src/pinklab_minibot_robot/minibot_gazebo'
[1.745s] INFO:colcon.colcon_core.shell:Skip shell extension 'powershell' for command environment: Not usable outside of PowerShell
[1.746s] DEBUG:colcon.colcon_core.shell:Skip shell extension 'dsv' for command environment
[1.760s] Level 1:colcon.colcon_core.environment:create_environment_scripts_only(minibot_navigation2)
[1.765s] Level 1:colcon.colcon_core.environment:checking '/home/kiro04/pinkbot/install/minibot_navigation2' for CMake module files
[1.766s] Level 1:colcon.colcon_core.environment:checking '/home/kiro04/pinkbot/install/minibot_navigation2' for CMake config files
[1.766s] Level 1:colcon.colcon_core.shell:create_environment_hook('minibot_navigation2', 'cmake_prefix_path')
[1.770s] INFO:colcon.colcon_core.shell:Creating environment hook '/home/kiro04/pinkbot/install/minibot_navigation2/share/minibot_navigation2/hook/cmake_prefix_path.ps1'
[1.771s] INFO:colcon.colcon_core.shell:Creating environment descriptor '/home/kiro04/pinkbot/install/minibot_navigation2/share/minibot_navigation2/hook/cmake_prefix_path.dsv'
[1.772s] INFO:colcon.colcon_core.shell:Creating environment hook '/home/kiro04/pinkbot/install/minibot_navigation2/share/minibot_navigation2/hook/cmake_prefix_path.sh'
[1.773s] Level 1:colcon.colcon_core.environment:checking '/home/kiro04/pinkbot/install/minibot_navigation2/bin'
[1.773s] Level 1:colcon.colcon_core.environment:checking '/home/kiro04/pinkbot/install/minibot_navigation2/lib/pkgconfig/minibot_navigation2.pc'
[1.773s] Level 1:colcon.colcon_core.environment:checking '/home/kiro04/pinkbot/install/minibot_navigation2/lib/python3.10/site-packages'
[1.774s] Level 1:colcon.colcon_core.environment:checking '/home/kiro04/pinkbot/install/minibot_navigation2/bin'
[1.776s] INFO:colcon.colcon_core.shell:Creating package script '/home/kiro04/pinkbot/install/minibot_navigation2/share/minibot_navigation2/package.ps1'
[1.778s] INFO:colcon.colcon_core.shell:Creating package descriptor '/home/kiro04/pinkbot/install/minibot_navigation2/share/minibot_navigation2/package.dsv'
[1.779s] INFO:colcon.colcon_core.shell:Creating package script '/home/kiro04/pinkbot/install/minibot_navigation2/share/minibot_navigation2/package.sh'
[1.780s] INFO:colcon.colcon_core.shell:Creating package script '/home/kiro04/pinkbot/install/minibot_navigation2/share/minibot_navigation2/package.bash'
[1.780s] INFO:colcon.colcon_core.shell:Creating package script '/home/kiro04/pinkbot/install/minibot_navigation2/share/minibot_navigation2/package.zsh'
[1.781s] Level 1:colcon.colcon_core.environment:create_file_with_runtime_dependencies(/home/kiro04/pinkbot/install/minibot_navigation2/share/colcon-core/packages/minibot_navigation2)
[1.786s] Level 1:colcon.colcon_core.environment:create_environment_scripts_only(minibot_hardware_interface)
[1.791s] Level 1:colcon.colcon_core.environment:checking '/home/kiro04/pinkbot/install/minibot_hardware_interface' for CMake module files
[1.793s] Level 1:colcon.colcon_core.environment:checking '/home/kiro04/pinkbot/install/minibot_hardware_interface' for CMake config files
[1.793s] Level 1:colcon.colcon_core.shell:create_environment_hook('minibot_hardware_interface', 'cmake_prefix_path')
[1.796s] INFO:colcon.colcon_core.shell:Creating environment hook '/home/kiro04/pinkbot/install/minibot_hardware_interface/share/minibot_hardware_interface/hook/cmake_prefix_path.ps1'
[1.797s] INFO:colcon.colcon_core.shell:Creating environment descriptor '/home/kiro04/pinkbot/install/minibot_hardware_interface/share/minibot_hardware_interface/hook/cmake_prefix_path.dsv'
[1.798s] INFO:colcon.colcon_core.shell:Creating environment hook '/home/kiro04/pinkbot/install/minibot_hardware_interface/share/minibot_hardware_interface/hook/cmake_prefix_path.sh'
[1.799s] Level 1:colcon.colcon_core.environment:checking '/home/kiro04/pinkbot/install/minibot_hardware_interface/lib'
[1.799s] Level 1:colcon.colcon_core.shell:create_environment_hook('minibot_hardware_interface', 'ld_library_path_lib')
[1.804s] INFO:colcon.colcon_core.shell:Creating environment hook '/home/kiro04/pinkbot/install/minibot_hardware_interface/share/minibot_hardware_interface/hook/ld_library_path_lib.ps1'
[1.805s] INFO:colcon.colcon_core.shell:Creating environment descriptor '/home/kiro04/pinkbot/install/minibot_hardware_interface/share/minibot_hardware_interface/hook/ld_library_path_lib.dsv'
[1.806s] INFO:colcon.colcon_core.shell:Creating environment hook '/home/kiro04/pinkbot/install/minibot_hardware_interface/share/minibot_hardware_interface/hook/ld_library_path_lib.sh'
[1.806s] Level 1:colcon.colcon_core.environment:checking '/home/kiro04/pinkbot/install/minibot_hardware_interface/bin'
[1.807s] Level 1:colcon.colcon_core.environment:checking '/home/kiro04/pinkbot/install/minibot_hardware_interface/lib/pkgconfig/minibot_hardware_interface.pc'
[1.807s] Level 1:colcon.colcon_core.environment:checking '/home/kiro04/pinkbot/install/minibot_hardware_interface/lib/python3.10/site-packages'
[1.808s] Level 1:colcon.colcon_core.environment:checking '/home/kiro04/pinkbot/install/minibot_hardware_interface/bin'
[1.812s] INFO:colcon.colcon_core.shell:Creating package script '/home/kiro04/pinkbot/install/minibot_hardware_interface/share/minibot_hardware_interface/package.ps1'
[1.813s] INFO:colcon.colcon_core.shell:Creating package descriptor '/home/kiro04/pinkbot/install/minibot_hardware_interface/share/minibot_hardware_interface/package.dsv'
[1.815s] INFO:colcon.colcon_core.shell:Creating package script '/home/kiro04/pinkbot/install/minibot_hardware_interface/share/minibot_hardware_interface/package.sh'
[1.816s] INFO:colcon.colcon_core.shell:Creating package script '/home/kiro04/pinkbot/install/minibot_hardware_interface/share/minibot_hardware_interface/package.bash'
[1.818s] INFO:colcon.colcon_core.shell:Creating package script '/home/kiro04/pinkbot/install/minibot_hardware_interface/share/minibot_hardware_interface/package.zsh'
[1.820s] Level 1:colcon.colcon_core.environment:create_file_with_runtime_dependencies(/home/kiro04/pinkbot/install/minibot_hardware_interface/share/colcon-core/packages/minibot_hardware_interface)
[1.828s] DEBUG:colcon.colcon_core.event_handler.log_command:Invoking command in '/home/kiro04/pinkbot/build/minibot_gazebo': AMENT_PREFIX_PATH=/home/kiro04/pinkbot/install/minibot_description:${AMENT_PREFIX_PATH} CMAKE_PREFIX_PATH=/home/kiro04/pinkbot/install/minibot_description:/opt/ros/humble /home/kiro04/.local/bin/cmake --build /home/kiro04/pinkbot/build/minibot_gazebo -- -j8 -l8
[1.890s] Level 1:colcon.colcon_core.environment:create_environment_scripts_only(minibot_interfaces)
[1.893s] Level 1:colcon.colcon_core.environment:checking '/home/kiro04/pinkbot/install/minibot_interfaces' for CMake module files
[1.894s] Level 1:colcon.colcon_core.environment:checking '/home/kiro04/pinkbot/install/minibot_interfaces' for CMake config files
[1.894s] Level 1:colcon.colcon_core.shell:create_environment_hook('minibot_interfaces', 'cmake_prefix_path')
[1.896s] INFO:colcon.colcon_core.shell:Creating environment hook '/home/kiro04/pinkbot/install/minibot_interfaces/share/minibot_interfaces/hook/cmake_prefix_path.ps1'
[1.897s] INFO:colcon.colcon_core.shell:Creating environment descriptor '/home/kiro04/pinkbot/install/minibot_interfaces/share/minibot_interfaces/hook/cmake_prefix_path.dsv'
[1.898s] INFO:colcon.colcon_core.shell:Creating environment hook '/home/kiro04/pinkbot/install/minibot_interfaces/share/minibot_interfaces/hook/cmake_prefix_path.sh'
[1.898s] Level 1:colcon.colcon_core.environment:checking '/home/kiro04/pinkbot/install/minibot_interfaces/lib'
[1.898s] Level 1:colcon.colcon_core.shell:create_environment_hook('minibot_interfaces', 'ld_library_path_lib')
[1.900s] INFO:colcon.colcon_core.shell:Creating environment hook '/home/kiro04/pinkbot/install/minibot_interfaces/share/minibot_interfaces/hook/ld_library_path_lib.ps1'
[1.901s] INFO:colcon.colcon_core.shell:Creating environment descriptor '/home/kiro04/pinkbot/install/minibot_interfaces/share/minibot_interfaces/hook/ld_library_path_lib.dsv'
[1.901s] INFO:colcon.colcon_core.shell:Creating environment hook '/home/kiro04/pinkbot/install/minibot_interfaces/share/minibot_interfaces/hook/ld_library_path_lib.sh'
[1.902s] Level 1:colcon.colcon_core.environment:checking '/home/kiro04/pinkbot/install/minibot_interfaces/bin'
[1.902s] Level 1:colcon.colcon_core.environment:checking '/home/kiro04/pinkbot/install/minibot_interfaces/lib/pkgconfig/minibot_interfaces.pc'
[1.902s] Level 1:colcon.colcon_core.environment:checking '/home/kiro04/pinkbot/install/minibot_interfaces/lib/python3.10/site-packages'
[1.903s] Level 1:colcon.colcon_core.environment:checking '/home/kiro04/pinkbot/install/minibot_interfaces/bin'
[1.905s] INFO:colcon.colcon_core.shell:Creating package script '/home/kiro04/pinkbot/install/minibot_interfaces/share/minibot_interfaces/package.ps1'
[1.906s] INFO:colcon.colcon_core.shell:Creating package descriptor '/home/kiro04/pinkbot/install/minibot_interfaces/share/minibot_interfaces/package.dsv'
[1.906s] INFO:colcon.colcon_core.shell:Creating package script '/home/kiro04/pinkbot/install/minibot_interfaces/share/minibot_interfaces/package.sh'
[1.907s] INFO:colcon.colcon_core.shell:Creating package script '/home/kiro04/pinkbot/install/minibot_interfaces/share/minibot_interfaces/package.bash'
[1.907s] INFO:colcon.colcon_core.shell:Creating package script '/home/kiro04/pinkbot/install/minibot_interfaces/share/minibot_interfaces/package.zsh'
[1.908s] Level 1:colcon.colcon_core.environment:create_file_with_runtime_dependencies(/home/kiro04/pinkbot/install/minibot_interfaces/share/colcon-core/packages/minibot_interfaces)
[1.908s] INFO:colcon.colcon_ros.task.ament_cmake.build:Building ROS package in '/home/kiro04/pinkbot/src/pinklab_minibot_robot/minibot_controllers' with build type 'ament_cmake'
[1.909s] INFO:colcon.colcon_cmake.task.cmake.build:Building CMake package in '/home/kiro04/pinkbot/src/pinklab_minibot_robot/minibot_controllers'
[1.911s] INFO:colcon.colcon_core.shell:Skip shell extension 'powershell' for command environment: Not usable outside of PowerShell
[1.911s] DEBUG:colcon.colcon_core.shell:Skip shell extension 'dsv' for command environment
[1.929s] DEBUG:colcon.colcon_core.event_handler.log_command:Invoking command in '/home/kiro04/pinkbot/build/minibot_controllers': AMENT_PREFIX_PATH=/home/kiro04/pinkbot/install/minibot_interfaces:${AMENT_PREFIX_PATH} CMAKE_PREFIX_PATH=/home/kiro04/pinkbot/install/minibot_interfaces:/opt/ros/humble LD_LIBRARY_PATH=/home/kiro04/pinkbot/install/minibot_interfaces/lib:${LD_LIBRARY_PATH} PYTHONPATH=/home/kiro04/pinkbot/install/minibot_interfaces/local/lib/python3.10/dist-packages:${PYTHONPATH} /home/kiro04/.local/bin/cmake --build /home/kiro04/pinkbot/build/minibot_controllers -- -j8 -l8
[1.952s] DEBUG:colcon.colcon_core.event_handler.log_command:Invoked command in '/home/kiro04/pinkbot/build/minibot_gazebo' returned '0': AMENT_PREFIX_PATH=/home/kiro04/pinkbot/install/minibot_description:${AMENT_PREFIX_PATH} CMAKE_PREFIX_PATH=/home/kiro04/pinkbot/install/minibot_description:/opt/ros/humble /home/kiro04/.local/bin/cmake --build /home/kiro04/pinkbot/build/minibot_gazebo -- -j8 -l8
[2.021s] DEBUG:colcon.colcon_core.event_handler.log_command:Invoking command in '/home/kiro04/pinkbot/src/yolo_package': PYTHONPATH=/home/kiro04/pinkbot/build/yolo_package/prefix_override:/home/kiro04/pinkbot/install/yolo_package/lib/python3.10/site-packages:${PYTHONPATH} /usr/bin/python3 setup.py egg_info --egg-base ../../build/yolo_package build --build-base /home/kiro04/pinkbot/build/yolo_package/build install --record /home/kiro04/pinkbot/build/yolo_package/install.log --single-version-externally-managed
[2.067s] DEBUG:colcon.colcon_core.event_handler.log_command:Invoking command in '/home/kiro04/pinkbot/build/minibot_gazebo': AMENT_PREFIX_PATH=/home/kiro04/pinkbot/install/minibot_description:${AMENT_PREFIX_PATH} CMAKE_PREFIX_PATH=/home/kiro04/pinkbot/install/minibot_description:/opt/ros/humble /home/kiro04/.local/bin/cmake --install /home/kiro04/pinkbot/build/minibot_gazebo
[2.070s] DEBUG:colcon.colcon_core.event_handler.log_command:Invoked command in '/home/kiro04/pinkbot/build/minibot_controllers' returned '0': AMENT_PREFIX_PATH=/home/kiro04/pinkbot/install/minibot_interfaces:${AMENT_PREFIX_PATH} CMAKE_PREFIX_PATH=/home/kiro04/pinkbot/install/minibot_interfaces:/opt/ros/humble LD_LIBRARY_PATH=/home/kiro04/pinkbot/install/minibot_interfaces/lib:${LD_LIBRARY_PATH} PYTHONPATH=/home/kiro04/pinkbot/install/minibot_interfaces/local/lib/python3.10/dist-packages:${PYTHONPATH} /home/kiro04/.local/bin/cmake --build /home/kiro04/pinkbot/build/minibot_controllers -- -j8 -l8
[2.163s] Level 1:colcon.colcon_core.environment:create_environment_scripts_only(minibot_gazebo)
[2.164s] DEBUG:colcon.colcon_core.event_handler.log_command:Invoked command in '/home/kiro04/pinkbot/build/minibot_gazebo' returned '0': AMENT_PREFIX_PATH=/home/kiro04/pinkbot/install/minibot_description:${AMENT_PREFIX_PATH} CMAKE_PREFIX_PATH=/home/kiro04/pinkbot/install/minibot_description:/opt/ros/humble /home/kiro04/.local/bin/cmake --install /home/kiro04/pinkbot/build/minibot_gazebo
[2.167s] Level 1:colcon.colcon_core.environment:checking '/home/kiro04/pinkbot/install/minibot_gazebo' for CMake module files
[2.168s] Level 1:colcon.colcon_core.environment:checking '/home/kiro04/pinkbot/install/minibot_gazebo' for CMake config files
[2.168s] Level 1:colcon.colcon_core.shell:create_environment_hook('minibot_gazebo', 'cmake_prefix_path')
[2.171s] INFO:colcon.colcon_core.shell:Creating environment hook '/home/kiro04/pinkbot/install/minibot_gazebo/share/minibot_gazebo/hook/cmake_prefix_path.ps1'
[2.171s] INFO:colcon.colcon_core.shell:Creating environment descriptor '/home/kiro04/pinkbot/install/minibot_gazebo/share/minibot_gazebo/hook/cmake_prefix_path.dsv'
[2.172s] INFO:colcon.colcon_core.shell:Creating environment hook '/home/kiro04/pinkbot/install/minibot_gazebo/share/minibot_gazebo/hook/cmake_prefix_path.sh'
[2.173s] Level 1:colcon.colcon_core.environment:checking '/home/kiro04/pinkbot/install/minibot_gazebo/bin'
[2.173s] Level 1:colcon.colcon_core.environment:checking '/home/kiro04/pinkbot/install/minibot_gazebo/lib/pkgconfig/minibot_gazebo.pc'
[2.173s] Level 1:colcon.colcon_core.environment:checking '/home/kiro04/pinkbot/install/minibot_gazebo/lib/python3.10/site-packages'
[2.173s] Level 1:colcon.colcon_core.environment:checking '/home/kiro04/pinkbot/install/minibot_gazebo/bin'
[2.176s] INFO:colcon.colcon_core.shell:Creating package script '/home/kiro04/pinkbot/install/minibot_gazebo/share/minibot_gazebo/package.ps1'
[2.176s] INFO:colcon.colcon_core.shell:Creating package descriptor '/home/kiro04/pinkbot/install/minibot_gazebo/share/minibot_gazebo/package.dsv'
[2.177s] INFO:colcon.colcon_core.shell:Creating package script '/home/kiro04/pinkbot/install/minibot_gazebo/share/minibot_gazebo/package.sh'
[2.177s] INFO:colcon.colcon_core.shell:Creating package script '/home/kiro04/pinkbot/install/minibot_gazebo/share/minibot_gazebo/package.bash'
[2.178s] INFO:colcon.colcon_core.shell:Creating package script '/home/kiro04/pinkbot/install/minibot_gazebo/share/minibot_gazebo/package.zsh'
[2.178s] Level 1:colcon.colcon_core.environment:create_file_with_runtime_dependencies(/home/kiro04/pinkbot/install/minibot_gazebo/share/colcon-core/packages/minibot_gazebo)
[2.183s] DEBUG:colcon.colcon_core.event_handler.log_command:Invoking command in '/home/kiro04/pinkbot/build/minibot_controllers': AMENT_PREFIX_PATH=/home/kiro04/pinkbot/install/minibot_interfaces:${AMENT_PREFIX_PATH} CMAKE_PREFIX_PATH=/home/kiro04/pinkbot/install/minibot_interfaces:/opt/ros/humble LD_LIBRARY_PATH=/home/kiro04/pinkbot/install/minibot_interfaces/lib:${LD_LIBRARY_PATH} PYTHONPATH=/home/kiro04/pinkbot/install/minibot_interfaces/local/lib/python3.10/dist-packages:${PYTHONPATH} /home/kiro04/.local/bin/cmake --install /home/kiro04/pinkbot/build/minibot_controllers
[2.282s] Level 1:colcon.colcon_core.environment:create_environment_scripts_only(minibot_controllers)
[2.283s] DEBUG:colcon.colcon_core.event_handler.log_command:Invoked command in '/home/kiro04/pinkbot/build/minibot_controllers' returned '0': AMENT_PREFIX_PATH=/home/kiro04/pinkbot/install/minibot_interfaces:${AMENT_PREFIX_PATH} CMAKE_PREFIX_PATH=/home/kiro04/pinkbot/install/minibot_interfaces:/opt/ros/humble LD_LIBRARY_PATH=/home/kiro04/pinkbot/install/minibot_interfaces/lib:${LD_LIBRARY_PATH} PYTHONPATH=/home/kiro04/pinkbot/install/minibot_interfaces/local/lib/python3.10/dist-packages:${PYTHONPATH} /home/kiro04/.local/bin/cmake --install /home/kiro04/pinkbot/build/minibot_controllers
[2.286s] Level 1:colcon.colcon_core.environment:checking '/home/kiro04/pinkbot/install/minibot_controllers' for CMake module files
[2.287s] Level 1:colcon.colcon_core.environment:checking '/home/kiro04/pinkbot/install/minibot_controllers' for CMake config files
[2.288s] Level 1:colcon.colcon_core.shell:create_environment_hook('minibot_controllers', 'cmake_prefix_path')
[2.289s] INFO:colcon.colcon_core.shell:Creating environment hook '/home/kiro04/pinkbot/install/minibot_controllers/share/minibot_controllers/hook/cmake_prefix_path.ps1'
[2.290s] INFO:colcon.colcon_core.shell:Creating environment descriptor '/home/kiro04/pinkbot/install/minibot_controllers/share/minibot_controllers/hook/cmake_prefix_path.dsv'
[2.290s] INFO:colcon.colcon_core.shell:Creating environment hook '/home/kiro04/pinkbot/install/minibot_controllers/share/minibot_controllers/hook/cmake_prefix_path.sh'
[2.291s] Level 1:colcon.colcon_core.environment:checking '/home/kiro04/pinkbot/install/minibot_controllers/lib'
[2.291s] Level 1:colcon.colcon_core.shell:create_environment_hook('minibot_controllers', 'ld_library_path_lib')
[2.293s] INFO:colcon.colcon_core.shell:Creating environment hook '/home/kiro04/pinkbot/install/minibot_controllers/share/minibot_controllers/hook/ld_library_path_lib.ps1'
[2.293s] INFO:colcon.colcon_core.shell:Creating environment descriptor '/home/kiro04/pinkbot/install/minibot_controllers/share/minibot_controllers/hook/ld_library_path_lib.dsv'
[2.294s] INFO:colcon.colcon_core.shell:Creating environment hook '/home/kiro04/pinkbot/install/minibot_controllers/share/minibot_controllers/hook/ld_library_path_lib.sh'
[2.294s] Level 1:colcon.colcon_core.environment:checking '/home/kiro04/pinkbot/install/minibot_controllers/bin'
[2.294s] Level 1:colcon.colcon_core.environment:checking '/home/kiro04/pinkbot/install/minibot_controllers/lib/pkgconfig/minibot_controllers.pc'
[2.294s] Level 1:colcon.colcon_core.environment:checking '/home/kiro04/pinkbot/install/minibot_controllers/lib/python3.10/site-packages'
[2.295s] Level 1:colcon.colcon_core.environment:checking '/home/kiro04/pinkbot/install/minibot_controllers/bin'
[2.297s] INFO:colcon.colcon_core.shell:Creating package script '/home/kiro04/pinkbot/install/minibot_controllers/share/minibot_controllers/package.ps1'
[2.297s] INFO:colcon.colcon_core.shell:Creating package descriptor '/home/kiro04/pinkbot/install/minibot_controllers/share/minibot_controllers/package.dsv'
[2.298s] INFO:colcon.colcon_core.shell:Creating package script '/home/kiro04/pinkbot/install/minibot_controllers/share/minibot_controllers/package.sh'
[2.298s] INFO:colcon.colcon_core.shell:Creating package script '/home/kiro04/pinkbot/install/minibot_controllers/share/minibot_controllers/package.bash'
[2.299s] INFO:colcon.colcon_core.shell:Creating package script '/home/kiro04/pinkbot/install/minibot_controllers/share/minibot_controllers/package.zsh'
[2.299s] Level 1:colcon.colcon_core.environment:create_file_with_runtime_dependencies(/home/kiro04/pinkbot/install/minibot_controllers/share/colcon-core/packages/minibot_controllers)
[2.303s] Level 1:colcon.colcon_core.environment:create_environment_scripts_only(minibot_gazebo)
[2.306s] Level 1:colcon.colcon_core.environment:checking '/home/kiro04/pinkbot/install/minibot_gazebo' for CMake module files
[2.307s] Level 1:colcon.colcon_core.environment:checking '/home/kiro04/pinkbot/install/minibot_gazebo' for CMake config files
[2.307s] Level 1:colcon.colcon_core.shell:create_environment_hook('minibot_gazebo', 'cmake_prefix_path')
[2.309s] INFO:colcon.colcon_core.shell:Creating environment hook '/home/kiro04/pinkbot/install/minibot_gazebo/share/minibot_gazebo/hook/cmake_prefix_path.ps1'
[2.310s] INFO:colcon.colcon_core.shell:Creating environment descriptor '/home/kiro04/pinkbot/install/minibot_gazebo/share/minibot_gazebo/hook/cmake_prefix_path.dsv'
[2.310s] INFO:colcon.colcon_core.shell:Creating environment hook '/home/kiro04/pinkbot/install/minibot_gazebo/share/minibot_gazebo/hook/cmake_prefix_path.sh'
[2.311s] Level 1:colcon.colcon_core.environment:checking '/home/kiro04/pinkbot/install/minibot_gazebo/bin'
[2.311s] Level 1:colcon.colcon_core.environment:checking '/home/kiro04/pinkbot/install/minibot_gazebo/lib/pkgconfig/minibot_gazebo.pc'
[2.312s] Level 1:colcon.colcon_core.environment:checking '/home/kiro04/pinkbot/install/minibot_gazebo/lib/python3.10/site-packages'
[2.312s] Level 1:colcon.colcon_core.environment:checking '/home/kiro04/pinkbot/install/minibot_gazebo/bin'
[2.314s] INFO:colcon.colcon_core.shell:Creating package script '/home/kiro04/pinkbot/install/minibot_gazebo/share/minibot_gazebo/package.ps1'
[2.315s] INFO:colcon.colcon_core.shell:Creating package descriptor '/home/kiro04/pinkbot/install/minibot_gazebo/share/minibot_gazebo/package.dsv'
[2.315s] INFO:colcon.colcon_core.shell:Creating package script '/home/kiro04/pinkbot/install/minibot_gazebo/share/minibot_gazebo/package.sh'
[2.316s] INFO:colcon.colcon_core.shell:Creating package script '/home/kiro04/pinkbot/install/minibot_gazebo/share/minibot_gazebo/package.bash'
[2.316s] INFO:colcon.colcon_core.shell:Creating package script '/home/kiro04/pinkbot/install/minibot_gazebo/share/minibot_gazebo/package.zsh'
[2.317s] Level 1:colcon.colcon_core.environment:create_file_with_runtime_dependencies(/home/kiro04/pinkbot/install/minibot_gazebo/share/colcon-core/packages/minibot_gazebo)
[2.317s] INFO:colcon.colcon_ros.task.ament_cmake.build:Building ROS package in '/home/kiro04/pinkbot/src/pinklab_minibot_robot/minibot_bringup' with build type 'ament_cmake'
[2.318s] INFO:colcon.colcon_cmake.task.cmake.build:Building CMake package in '/home/kiro04/pinkbot/src/pinklab_minibot_robot/minibot_bringup'
[2.320s] INFO:colcon.colcon_core.shell:Skip shell extension 'powershell' for command environment: Not usable outside of PowerShell
[2.320s] DEBUG:colcon.colcon_core.shell:Skip shell extension 'dsv' for command environment
[2.337s] DEBUG:colcon.colcon_core.event_handler.log_command:Invoking command in '/home/kiro04/pinkbot/build/minibot_bringup': AMENT_PREFIX_PATH=/home/kiro04/pinkbot/install/minibot_gazebo:/home/kiro04/pinkbot/install/minibot_description:${AMENT_PREFIX_PATH} CMAKE_PREFIX_PATH=/home/kiro04/pinkbot/install/minibot_gazebo:/home/kiro04/pinkbot/install/minibot_description:/opt/ros/humble /home/kiro04/.local/bin/cmake --build /home/kiro04/pinkbot/build/minibot_bringup -- -j8 -l8
[2.415s] Level 1:colcon.colcon_core.environment:create_environment_scripts_only(minibot_controllers)
[2.419s] Level 1:colcon.colcon_core.environment:checking '/home/kiro04/pinkbot/install/minibot_controllers' for CMake module files
[2.420s] Level 1:colcon.colcon_core.environment:checking '/home/kiro04/pinkbot/install/minibot_controllers' for CMake config files
[2.421s] Level 1:colcon.colcon_core.shell:create_environment_hook('minibot_controllers', 'cmake_prefix_path')
[2.424s] INFO:colcon.colcon_core.shell:Creating environment hook '/home/kiro04/pinkbot/install/minibot_controllers/share/minibot_controllers/hook/cmake_prefix_path.ps1'
[2.426s] INFO:colcon.colcon_core.shell:Creating environment descriptor '/home/kiro04/pinkbot/install/minibot_controllers/share/minibot_controllers/hook/cmake_prefix_path.dsv'
[2.426s] INFO:colcon.colcon_core.shell:Creating environment hook '/home/kiro04/pinkbot/install/minibot_controllers/share/minibot_controllers/hook/cmake_prefix_path.sh'
[2.428s] Level 1:colcon.colcon_core.environment:checking '/home/kiro04/pinkbot/install/minibot_controllers/lib'
[2.428s] Level 1:colcon.colcon_core.shell:create_environment_hook('minibot_controllers', 'ld_library_path_lib')
[2.430s] INFO:colcon.colcon_core.shell:Creating environment hook '/home/kiro04/pinkbot/install/minibot_controllers/share/minibot_controllers/hook/ld_library_path_lib.ps1'
[2.431s] INFO:colcon.colcon_core.shell:Creating environment descriptor '/home/kiro04/pinkbot/install/minibot_controllers/share/minibot_controllers/hook/ld_library_path_lib.dsv'
[2.431s] INFO:colcon.colcon_core.shell:Creating environment hook '/home/kiro04/pinkbot/install/minibot_controllers/share/minibot_controllers/hook/ld_library_path_lib.sh'
[2.432s] Level 1:colcon.colcon_core.environment:checking '/home/kiro04/pinkbot/install/minibot_controllers/bin'
[2.432s] Level 1:colcon.colcon_core.environment:checking '/home/kiro04/pinkbot/install/minibot_controllers/lib/pkgconfig/minibot_controllers.pc'
[2.432s] Level 1:colcon.colcon_core.environment:checking '/home/kiro04/pinkbot/install/minibot_controllers/lib/python3.10/site-packages'
[2.433s] Level 1:colcon.colcon_core.environment:checking '/home/kiro04/pinkbot/install/minibot_controllers/bin'
[2.435s] INFO:colcon.colcon_core.shell:Creating package script '/home/kiro04/pinkbot/install/minibot_controllers/share/minibot_controllers/package.ps1'
[2.436s] INFO:colcon.colcon_core.shell:Creating package descriptor '/home/kiro04/pinkbot/install/minibot_controllers/share/minibot_controllers/package.dsv'
[2.437s] INFO:colcon.colcon_core.shell:Creating package script '/home/kiro04/pinkbot/install/minibot_controllers/share/minibot_controllers/package.sh'
[2.438s] INFO:colcon.colcon_core.shell:Creating package script '/home/kiro04/pinkbot/install/minibot_controllers/share/minibot_controllers/package.bash'
[2.439s] INFO:colcon.colcon_core.shell:Creating package script '/home/kiro04/pinkbot/install/minibot_controllers/share/minibot_controllers/package.zsh'
[2.439s] Level 1:colcon.colcon_core.environment:create_file_with_runtime_dependencies(/home/kiro04/pinkbot/install/minibot_controllers/share/colcon-core/packages/minibot_controllers)
[2.445s] DEBUG:colcon.colcon_core.event_handler.log_command:Invoked command in '/home/kiro04/pinkbot/build/minibot_bringup' returned '0': AMENT_PREFIX_PATH=/home/kiro04/pinkbot/install/minibot_gazebo:/home/kiro04/pinkbot/install/minibot_description:${AMENT_PREFIX_PATH} CMAKE_PREFIX_PATH=/home/kiro04/pinkbot/install/minibot_gazebo:/home/kiro04/pinkbot/install/minibot_description:/opt/ros/humble /home/kiro04/.local/bin/cmake --build /home/kiro04/pinkbot/build/minibot_bringup -- -j8 -l8
[2.543s] DEBUG:colcon.colcon_core.event_handler.log_command:Invoking command in '/home/kiro04/pinkbot/build/minibot_bringup': AMENT_PREFIX_PATH=/home/kiro04/pinkbot/install/minibot_gazebo:/home/kiro04/pinkbot/install/minibot_description:${AMENT_PREFIX_PATH} CMAKE_PREFIX_PATH=/home/kiro04/pinkbot/install/minibot_gazebo:/home/kiro04/pinkbot/install/minibot_description:/opt/ros/humble /home/kiro04/.local/bin/cmake --install /home/kiro04/pinkbot/build/minibot_bringup
[2.569s] Level 1:colcon.colcon_core.environment:checking '/home/kiro04/pinkbot/install/yolo_package' for CMake module files
[2.570s] DEBUG:colcon.colcon_core.event_handler.log_command:Invoked command in '/home/kiro04/pinkbot/src/yolo_package' returned '0': PYTHONPATH=/home/kiro04/pinkbot/build/yolo_package/prefix_override:/home/kiro04/pinkbot/install/yolo_package/lib/python3.10/site-packages:${PYTHONPATH} /usr/bin/python3 setup.py egg_info --egg-base ../../build/yolo_package build --build-base /home/kiro04/pinkbot/build/yolo_package/build install --record /home/kiro04/pinkbot/build/yolo_package/install.log --single-version-externally-managed
[2.570s] Level 1:colcon.colcon_core.environment:checking '/home/kiro04/pinkbot/install/yolo_package' for CMake config files
[2.571s] Level 1:colcon.colcon_core.environment:checking '/home/kiro04/pinkbot/install/yolo_package/lib'
[2.571s] Level 1:colcon.colcon_core.environment:checking '/home/kiro04/pinkbot/install/yolo_package/bin'
[2.571s] Level 1:colcon.colcon_core.environment:checking '/home/kiro04/pinkbot/install/yolo_package/lib/pkgconfig/yolo_package.pc'
[2.572s] Level 1:colcon.colcon_core.environment:checking '/home/kiro04/pinkbot/install/yolo_package/lib/python3.10/site-packages'
[2.572s] Level 1:colcon.colcon_core.shell:create_environment_hook('yolo_package', 'pythonpath')
[2.574s] INFO:colcon.colcon_core.shell:Creating environment hook '/home/kiro04/pinkbot/install/yolo_package/share/yolo_package/hook/pythonpath.ps1'
[2.575s] INFO:colcon.colcon_core.shell:Creating environment descriptor '/home/kiro04/pinkbot/install/yolo_package/share/yolo_package/hook/pythonpath.dsv'
[2.576s] INFO:colcon.colcon_core.shell:Creating environment hook '/home/kiro04/pinkbot/install/yolo_package/share/yolo_package/hook/pythonpath.sh'
[2.578s] Level 1:colcon.colcon_core.environment:checking '/home/kiro04/pinkbot/install/yolo_package/bin'
[2.578s] Level 1:colcon.colcon_core.environment:create_environment_scripts_only(yolo_package)
[2.581s] INFO:colcon.colcon_core.shell:Creating package script '/home/kiro04/pinkbot/install/yolo_package/share/yolo_package/package.ps1'
[2.582s] INFO:colcon.colcon_core.shell:Creating package descriptor '/home/kiro04/pinkbot/install/yolo_package/share/yolo_package/package.dsv'
[2.584s] INFO:colcon.colcon_core.shell:Creating package script '/home/kiro04/pinkbot/install/yolo_package/share/yolo_package/package.sh'
[2.585s] INFO:colcon.colcon_core.shell:Creating package script '/home/kiro04/pinkbot/install/yolo_package/share/yolo_package/package.bash'
[2.586s] INFO:colcon.colcon_core.shell:Creating package script '/home/kiro04/pinkbot/install/yolo_package/share/yolo_package/package.zsh'
[2.587s] Level 1:colcon.colcon_core.environment:create_file_with_runtime_dependencies(/home/kiro04/pinkbot/install/yolo_package/share/colcon-core/packages/yolo_package)
[2.688s] Level 1:colcon.colcon_core.environment:create_environment_scripts_only(minibot_bringup)
[2.694s] Level 1:colcon.colcon_core.environment:checking '/home/kiro04/pinkbot/install/minibot_bringup' for CMake module files
[2.695s] Level 1:colcon.colcon_core.environment:checking '/home/kiro04/pinkbot/install/minibot_bringup' for CMake config files
[2.696s] Level 1:colcon.colcon_core.shell:create_environment_hook('minibot_bringup', 'cmake_prefix_path')
[2.700s] INFO:colcon.colcon_core.shell:Creating environment hook '/home/kiro04/pinkbot/install/minibot_bringup/share/minibot_bringup/hook/cmake_prefix_path.ps1'
[2.701s] DEBUG:colcon.colcon_core.event_handler.log_command:Invoked command in '/home/kiro04/pinkbot/build/minibot_bringup' returned '0': AMENT_PREFIX_PATH=/home/kiro04/pinkbot/install/minibot_gazebo:/home/kiro04/pinkbot/install/minibot_description:${AMENT_PREFIX_PATH} CMAKE_PREFIX_PATH=/home/kiro04/pinkbot/install/minibot_gazebo:/home/kiro04/pinkbot/install/minibot_description:/opt/ros/humble /home/kiro04/.local/bin/cmake --install /home/kiro04/pinkbot/build/minibot_bringup
[2.702s] INFO:colcon.colcon_core.shell:Creating environment descriptor '/home/kiro04/pinkbot/install/minibot_bringup/share/minibot_bringup/hook/cmake_prefix_path.dsv'
[2.703s] INFO:colcon.colcon_core.shell:Creating environment hook '/home/kiro04/pinkbot/install/minibot_bringup/share/minibot_bringup/hook/cmake_prefix_path.sh'
[2.706s] Level 1:colcon.colcon_core.environment:checking '/home/kiro04/pinkbot/install/minibot_bringup/bin'
[2.706s] Level 1:colcon.colcon_core.environment:checking '/home/kiro04/pinkbot/install/minibot_bringup/lib/pkgconfig/minibot_bringup.pc'
[2.707s] Level 1:colcon.colcon_core.environment:checking '/home/kiro04/pinkbot/install/minibot_bringup/lib/python3.10/site-packages'
[2.707s] Level 1:colcon.colcon_core.environment:checking '/home/kiro04/pinkbot/install/minibot_bringup/bin'
[2.710s] INFO:colcon.colcon_core.shell:Creating package script '/home/kiro04/pinkbot/install/minibot_bringup/share/minibot_bringup/package.ps1'
[2.711s] INFO:colcon.colcon_core.shell:Creating package descriptor '/home/kiro04/pinkbot/install/minibot_bringup/share/minibot_bringup/package.dsv'
[2.712s] INFO:colcon.colcon_core.shell:Creating package script '/home/kiro04/pinkbot/install/minibot_bringup/share/minibot_bringup/package.sh'
[2.712s] INFO:colcon.colcon_core.shell:Creating package script '/home/kiro04/pinkbot/install/minibot_bringup/share/minibot_bringup/package.bash'
[2.712s] INFO:colcon.colcon_core.shell:Creating package script '/home/kiro04/pinkbot/install/minibot_bringup/share/minibot_bringup/package.zsh'
[2.713s] Level 1:colcon.colcon_core.environment:create_file_with_runtime_dependencies(/home/kiro04/pinkbot/install/minibot_bringup/share/colcon-core/packages/minibot_bringup)
[2.822s] Level 1:colcon.colcon_core.environment:create_environment_scripts_only(minibot_bringup)
[2.823s] Level 1:colcon.colcon_core.environment:checking '/home/kiro04/pinkbot/install/minibot_bringup' for CMake module files
[2.824s] Level 1:colcon.colcon_core.environment:checking '/home/kiro04/pinkbot/install/minibot_bringup' for CMake config files
[2.824s] Level 1:colcon.colcon_core.shell:create_environment_hook('minibot_bringup', 'cmake_prefix_path')
[2.825s] INFO:colcon.colcon_core.shell:Creating environment hook '/home/kiro04/pinkbot/install/minibot_bringup/share/minibot_bringup/hook/cmake_prefix_path.ps1'
[2.826s] INFO:colcon.colcon_core.shell:Creating environment descriptor '/home/kiro04/pinkbot/install/minibot_bringup/share/minibot_bringup/hook/cmake_prefix_path.dsv'
[2.827s] INFO:colcon.colcon_core.shell:Creating environment hook '/home/kiro04/pinkbot/install/minibot_bringup/share/minibot_bringup/hook/cmake_prefix_path.sh'
[2.827s] Level 1:colcon.colcon_core.environment:checking '/home/kiro04/pinkbot/install/minibot_bringup/bin'
[2.827s] Level 1:colcon.colcon_core.environment:checking '/home/kiro04/pinkbot/install/minibot_bringup/lib/pkgconfig/minibot_bringup.pc'
[2.827s] Level 1:colcon.colcon_core.environment:checking '/home/kiro04/pinkbot/install/minibot_bringup/lib/python3.10/site-packages'
[2.828s] Level 1:colcon.colcon_core.environment:checking '/home/kiro04/pinkbot/install/minibot_bringup/bin'
[2.829s] INFO:colcon.colcon_core.shell:Creating package script '/home/kiro04/pinkbot/install/minibot_bringup/share/minibot_bringup/package.ps1'
[2.829s] INFO:colcon.colcon_core.shell:Creating package descriptor '/home/kiro04/pinkbot/install/minibot_bringup/share/minibot_bringup/package.dsv'
[2.830s] INFO:colcon.colcon_core.shell:Creating package script '/home/kiro04/pinkbot/install/minibot_bringup/share/minibot_bringup/package.sh'
[2.830s] INFO:colcon.colcon_core.shell:Creating package script '/home/kiro04/pinkbot/install/minibot_bringup/share/minibot_bringup/package.bash'
[2.831s] INFO:colcon.colcon_core.shell:Creating package script '/home/kiro04/pinkbot/install/minibot_bringup/share/minibot_bringup/package.zsh'
[2.831s] Level 1:colcon.colcon_core.environment:create_file_with_runtime_dependencies(/home/kiro04/pinkbot/install/minibot_bringup/share/colcon-core/packages/minibot_bringup)
[2.832s] DEBUG:colcon.colcon_parallel_executor.executor.parallel:closing loop
[2.832s] DEBUG:colcon.colcon_parallel_executor.executor.parallel:loop closed
[2.832s] DEBUG:colcon.colcon_parallel_executor.executor.parallel:run_until_complete finished with '0'
[2.832s] DEBUG:colcon.colcon_core.event_reactor:joining thread
[2.840s] INFO:colcon.colcon_core.plugin_system:Skipping extension 'colcon_notification.desktop_notification.terminal_notifier': Not used on non-Darwin systems
[2.840s] INFO:colcon.colcon_core.plugin_system:Skipping extension 'colcon_notification.desktop_notification.win32': Not used on non-Windows systems
[2.840s] INFO:colcon.colcon_notification.desktop_notification:Sending desktop notification using 'notify2'
[2.850s] DEBUG:colcon.colcon_core.event_reactor:joined thread
[2.852s] INFO:colcon.colcon_core.shell:Creating prefix script '/home/kiro04/pinkbot/install/local_setup.ps1'
[2.855s] INFO:colcon.colcon_core.shell:Creating prefix util module '/home/kiro04/pinkbot/install/_local_setup_util_ps1.py'
[2.857s] INFO:colcon.colcon_core.shell:Creating prefix chain script '/home/kiro04/pinkbot/install/setup.ps1'
[2.859s] INFO:colcon.colcon_core.shell:Creating prefix script '/home/kiro04/pinkbot/install/local_setup.sh'
[2.859s] INFO:colcon.colcon_core.shell:Creating prefix util module '/home/kiro04/pinkbot/install/_local_setup_util_sh.py'
[2.860s] INFO:colcon.colcon_core.shell:Creating prefix chain script '/home/kiro04/pinkbot/install/setup.sh'
[2.861s] INFO:colcon.colcon_core.shell:Creating prefix script '/home/kiro04/pinkbot/install/local_setup.bash'
[2.862s] INFO:colcon.colcon_core.shell:Creating prefix chain script '/home/kiro04/pinkbot/install/setup.bash'
[2.863s] INFO:colcon.colcon_core.shell:Creating prefix script '/home/kiro04/pinkbot/install/local_setup.zsh'
[2.863s] INFO:colcon.colcon_core.shell:Creating prefix chain script '/home/kiro04/pinkbot/install/setup.zsh'
