[0.743s] Invoking command in '/home/kiro04/pinkbot/build/minibot_navigation2': CMAKE_PREFIX_PATH=${CMAKE_PREFIX_PATH}:/home/kiro04/pinkbot/install/yolo_package:/home/kiro04/pinkbot/install/minibot_marker:/opt/ros/humble /home/kiro04/.local/bin/cmake --build /home/kiro04/pinkbot/build/minibot_navigation2 -- -j8 -l8
[1.257s] Invoked command in '/home/kiro04/pinkbot/build/minibot_navigation2' returned '0': CMAKE_PREFIX_PATH=${CMAKE_PREFIX_PATH}:/home/kiro04/pinkbot/install/yolo_package:/home/kiro04/pinkbot/install/minibot_marker:/opt/ros/humble /home/kiro04/.local/bin/cmake --build /home/kiro04/pinkbot/build/minibot_navigation2 -- -j8 -l8
[1.690s] Invoking command in '/home/kiro04/pinkbot/build/minibot_navigation2': CMAKE_PREFIX_PATH=${CMAKE_PREFIX_PATH}:/home/kiro04/pinkbot/install/yolo_package:/home/kiro04/pinkbot/install/minibot_marker:/opt/ros/humble /home/kiro04/.local/bin/cmake --install /home/kiro04/pinkbot/build/minibot_navigation2
[1.841s] -- Install configuration: ""
[1.842s] -- Up-to-date: /home/kiro04/pinkbot/install/minibot_navigation2/share/minibot_navigation2/config
[1.842s] -- Up-to-date: /home/kiro04/pinkbot/install/minibot_navigation2/share/minibot_navigation2/config/mapper_params.yaml
[1.842s] -- Up-to-date: /home/kiro04/pinkbot/install/minibot_navigation2/share/minibot_navigation2/launch
[1.843s] -- Up-to-date: /home/kiro04/pinkbot/install/minibot_navigation2/share/minibot_navigation2/launch/navigation_launch.py
[1.843s] -- Up-to-date: /home/kiro04/pinkbot/install/minibot_navigation2/share/minibot_navigation2/launch/bringup_launch.py
[1.843s] -- Up-to-date: /home/kiro04/pinkbot/install/minibot_navigation2/share/minibot_navigation2/launch/rviz_launch.py
[1.843s] -- Up-to-date: /home/kiro04/pinkbot/install/minibot_navigation2/share/minibot_navigation2/launch/localization_launch.py
[1.844s] -- Up-to-date: /home/kiro04/pinkbot/install/minibot_navigation2/share/minibot_navigation2/launch/map_building.launch.py
[1.844s] -- Up-to-date: /home/kiro04/pinkbot/install/minibot_navigation2/share/minibot_navigation2/maps
[1.844s] -- Up-to-date: /home/kiro04/pinkbot/install/minibot_navigation2/share/minibot_navigation2/maps/pinklab_test1.yaml
[1.844s] -- Up-to-date: /home/kiro04/pinkbot/install/minibot_navigation2/share/minibot_navigation2/maps/.empty
[1.844s] -- Up-to-date: /home/kiro04/pinkbot/install/minibot_navigation2/share/minibot_navigation2/maps/simple_building.yaml
[1.845s] -- Up-to-date: /home/kiro04/pinkbot/install/minibot_navigation2/share/minibot_navigation2/maps/simple_building.pgm
[1.845s] -- Up-to-date: /home/kiro04/pinkbot/install/minibot_navigation2/share/minibot_navigation2/maps/pinklab_test1.pgm
[1.845s] -- Up-to-date: /home/kiro04/pinkbot/install/minibot_navigation2/share/minibot_navigation2/params
[1.846s] -- Up-to-date: /home/kiro04/pinkbot/install/minibot_navigation2/share/minibot_navigation2/params/nav2_params.yaml
[1.846s] -- Up-to-date: /home/kiro04/pinkbot/install/minibot_navigation2/share/minibot_navigation2/rviz
[1.846s] -- Up-to-date: /home/kiro04/pinkbot/install/minibot_navigation2/share/minibot_navigation2/rviz/map_building.rviz
[1.846s] -- Up-to-date: /home/kiro04/pinkbot/install/minibot_navigation2/share/minibot_navigation2/rviz/nav2_view.rviz
[1.847s] -- Up-to-date: /home/kiro04/pinkbot/install/minibot_navigation2/share/ament_index/resource_index/package_run_dependencies/minibot_navigation2
[1.847s] -- Up-to-date: /home/kiro04/pinkbot/install/minibot_navigation2/share/ament_index/resource_index/parent_prefix_path/minibot_navigation2
[1.847s] -- Up-to-date: /home/kiro04/pinkbot/install/minibot_navigation2/share/minibot_navigation2/environment/ament_prefix_path.sh
[1.847s] -- Up-to-date: /home/kiro04/pinkbot/install/minibot_navigation2/share/minibot_navigation2/environment/ament_prefix_path.dsv
[1.847s] -- Up-to-date: /home/kiro04/pinkbot/install/minibot_navigation2/share/minibot_navigation2/environment/path.sh
[1.848s] -- Up-to-date: /home/kiro04/pinkbot/install/minibot_navigation2/share/minibot_navigation2/environment/path.dsv
[1.848s] -- Up-to-date: /home/kiro04/pinkbot/install/minibot_navigation2/share/minibot_navigation2/local_setup.bash
[1.848s] -- Up-to-date: /home/kiro04/pinkbot/install/minibot_navigation2/share/minibot_navigation2/local_setup.sh
[1.848s] -- Up-to-date: /home/kiro04/pinkbot/install/minibot_navigation2/share/minibot_navigation2/local_setup.zsh
[1.848s] -- Up-to-date: /home/kiro04/pinkbot/install/minibot_navigation2/share/minibot_navigation2/local_setup.dsv
[1.848s] -- Installing: /home/kiro04/pinkbot/install/minibot_navigation2/share/minibot_navigation2/package.dsv
[1.849s] -- Up-to-date: /home/kiro04/pinkbot/install/minibot_navigation2/share/ament_index/resource_index/packages/minibot_navigation2
[1.849s] -- Up-to-date: /home/kiro04/pinkbot/install/minibot_navigation2/share/minibot_navigation2/cmake/minibot_navigation2Config.cmake
[1.849s] -- Up-to-date: /home/kiro04/pinkbot/install/minibot_navigation2/share/minibot_navigation2/cmake/minibot_navigation2Config-version.cmake
[1.849s] -- Up-to-date: /home/kiro04/pinkbot/install/minibot_navigation2/share/minibot_navigation2/package.xml
[1.885s] Invoked command in '/home/kiro04/pinkbot/build/minibot_navigation2' returned '0': CMAKE_PREFIX_PATH=${CMAKE_PREFIX_PATH}:/home/kiro04/pinkbot/install/yolo_package:/home/kiro04/pinkbot/install/minibot_marker:/opt/ros/humble /home/kiro04/.local/bin/cmake --install /home/kiro04/pinkbot/build/minibot_navigation2
