running egg_info
creating ../../../build/minibot_marker/minibot_marker.egg-info
writing ../../../build/minibot_marker/minibot_marker.egg-info/PKG-INFO
writing dependency_links to ../../../build/minibot_marker/minibot_marker.egg-info/dependency_links.txt
writing entry points to ../../../build/minibot_marker/minibot_marker.egg-info/entry_points.txt
writing requirements to ../../../build/minibot_marker/minibot_marker.egg-info/requires.txt
writing top-level names to ../../../build/minibot_marker/minibot_marker.egg-info/top_level.txt
writing manifest file '../../../build/minibot_marker/minibot_marker.egg-info/SOURCES.txt'
reading manifest file '../../../build/minibot_marker/minibot_marker.egg-info/SOURCES.txt'
writing manifest file '../../../build/minibot_marker/minibot_marker.egg-info/SOURCES.txt'
running build
running build_py
creating /home/kiro04/pinkbot/build/minibot_marker/build
creating /home/kiro04/pinkbot/build/minibot_marker/build/lib
creating /home/kiro04/pinkbot/build/minibot_marker/build/lib/minibot_marker
copying minibot_marker/__init__.py -> /home/kiro04/pinkbot/build/minibot_marker/build/lib/minibot_marker
copying minibot_marker/marker_publisher.py -> /home/kiro04/pinkbot/build/minibot_marker/build/lib/minibot_marker
running install
running install_lib
creating /home/kiro04/pinkbot/install/minibot_marker/lib/python3.10/site-packages/minibot_marker
copying /home/kiro04/pinkbot/build/minibot_marker/build/lib/minibot_marker/__init__.py -> /home/kiro04/pinkbot/install/minibot_marker/lib/python3.10/site-packages/minibot_marker
copying /home/kiro04/pinkbot/build/minibot_marker/build/lib/minibot_marker/marker_publisher.py -> /home/kiro04/pinkbot/install/minibot_marker/lib/python3.10/site-packages/minibot_marker
byte-compiling /home/kiro04/pinkbot/install/minibot_marker/lib/python3.10/site-packages/minibot_marker/__init__.py to __init__.cpython-310.pyc
byte-compiling /home/kiro04/pinkbot/install/minibot_marker/lib/python3.10/site-packages/minibot_marker/marker_publisher.py to marker_publisher.cpython-310.pyc
running install_data
creating /home/kiro04/pinkbot/install/minibot_marker/share/ament_index
creating /home/kiro04/pinkbot/install/minibot_marker/share/ament_index/resource_index
creating /home/kiro04/pinkbot/install/minibot_marker/share/ament_index/resource_index/packages
copying resource/minibot_marker -> /home/kiro04/pinkbot/install/minibot_marker/share/ament_index/resource_index/packages
copying package.xml -> /home/kiro04/pinkbot/install/minibot_marker/share/minibot_marker
running install_egg_info
Copying ../../../build/minibot_marker/minibot_marker.egg-info to /home/kiro04/pinkbot/install/minibot_marker/lib/python3.10/site-packages/minibot_marker-0.0.0-py3.10.egg-info
running install_scripts
Installing marker_publisher script to /home/kiro04/pinkbot/install/minibot_marker/lib/minibot_marker
writing list of installed files to '/home/kiro04/pinkbot/build/minibot_marker/install.log'
