[1.802s] Invoking command in '/home/kiro04/pinkbot/src/pinklab_minibot_robot/minibot_marker': PYTHONPATH=/home/kiro04/pinkbot/build/minibot_marker/prefix_override:/home/kiro04/pinkbot/install/minibot_marker/lib/python3.10/site-packages:${PYTHONPATH} /usr/bin/python3 setup.py egg_info --egg-base ../../../build/minibot_marker build --build-base /home/kiro04/pinkbot/build/minibot_marker/build install --record /home/kiro04/pinkbot/build/minibot_marker/install.log --single-version-externally-managed
[2.316s] running egg_info
[2.317s] creating ../../../build/minibot_marker/minibot_marker.egg-info
[2.317s] writing ../../../build/minibot_marker/minibot_marker.egg-info/PKG-INFO
[2.318s] writing dependency_links to ../../../build/minibot_marker/minibot_marker.egg-info/dependency_links.txt
[2.318s] writing entry points to ../../../build/minibot_marker/minibot_marker.egg-info/entry_points.txt
[2.318s] writing requirements to ../../../build/minibot_marker/minibot_marker.egg-info/requires.txt
[2.318s] writing top-level names to ../../../build/minibot_marker/minibot_marker.egg-info/top_level.txt
[2.318s] writing manifest file '../../../build/minibot_marker/minibot_marker.egg-info/SOURCES.txt'
[2.322s] reading manifest file '../../../build/minibot_marker/minibot_marker.egg-info/SOURCES.txt'
[2.324s] writing manifest file '../../../build/minibot_marker/minibot_marker.egg-info/SOURCES.txt'
[2.325s] running build
[2.326s] running build_py
[2.326s] creating /home/kiro04/pinkbot/build/minibot_marker/build
[2.326s] creating /home/kiro04/pinkbot/build/minibot_marker/build/lib
[2.327s] creating /home/kiro04/pinkbot/build/minibot_marker/build/lib/minibot_marker
[2.327s] copying minibot_marker/__init__.py -> /home/kiro04/pinkbot/build/minibot_marker/build/lib/minibot_marker
[2.327s] copying minibot_marker/marker_publisher.py -> /home/kiro04/pinkbot/build/minibot_marker/build/lib/minibot_marker
[2.327s] running install
[2.327s] /usr/lib/python3/dist-packages/setuptools/command/install.py:34: SetuptoolsDeprecationWarning: setup.py install is deprecated. Use build and pip and other standards-based tools.
[2.327s]   warnings.warn(
[2.328s] running install_lib
[2.329s] creating /home/kiro04/pinkbot/install/minibot_marker/lib/python3.10/site-packages/minibot_marker
[2.329s] copying /home/kiro04/pinkbot/build/minibot_marker/build/lib/minibot_marker/__init__.py -> /home/kiro04/pinkbot/install/minibot_marker/lib/python3.10/site-packages/minibot_marker
[2.329s] copying /home/kiro04/pinkbot/build/minibot_marker/build/lib/minibot_marker/marker_publisher.py -> /home/kiro04/pinkbot/install/minibot_marker/lib/python3.10/site-packages/minibot_marker
[2.331s] byte-compiling /home/kiro04/pinkbot/install/minibot_marker/lib/python3.10/site-packages/minibot_marker/__init__.py to __init__.cpython-310.pyc
[2.331s] byte-compiling /home/kiro04/pinkbot/install/minibot_marker/lib/python3.10/site-packages/minibot_marker/marker_publisher.py to marker_publisher.cpython-310.pyc
[2.332s] running install_data
[2.334s] creating /home/kiro04/pinkbot/install/minibot_marker/share/ament_index
[2.334s] creating /home/kiro04/pinkbot/install/minibot_marker/share/ament_index/resource_index
[2.335s] creating /home/kiro04/pinkbot/install/minibot_marker/share/ament_index/resource_index/packages
[2.335s] copying resource/minibot_marker -> /home/kiro04/pinkbot/install/minibot_marker/share/ament_index/resource_index/packages
[2.335s] copying package.xml -> /home/kiro04/pinkbot/install/minibot_marker/share/minibot_marker
[2.335s] running install_egg_info
[2.338s] Copying ../../../build/minibot_marker/minibot_marker.egg-info to /home/kiro04/pinkbot/install/minibot_marker/lib/python3.10/site-packages/minibot_marker-0.0.0-py3.10.egg-info
[2.339s] running install_scripts
[2.371s] Installing marker_publisher script to /home/kiro04/pinkbot/install/minibot_marker/lib/minibot_marker
[2.371s] writing list of installed files to '/home/kiro04/pinkbot/build/minibot_marker/install.log'
[2.418s] Invoked command in '/home/kiro04/pinkbot/src/pinklab_minibot_robot/minibot_marker' returned '0': PYTHONPATH=/home/kiro04/pinkbot/build/minibot_marker/prefix_override:/home/kiro04/pinkbot/install/minibot_marker/lib/python3.10/site-packages:${PYTHONPATH} /usr/bin/python3 setup.py egg_info --egg-base ../../../build/minibot_marker build --build-base /home/kiro04/pinkbot/build/minibot_marker/build install --record /home/kiro04/pinkbot/build/minibot_marker/install.log --single-version-externally-managed
