[0.123s] Invoking command in '/home/kiro04/pinkbot/build/minibot_controllers': CMAKE_PREFIX_PATH=/home/kiro04/pinkbot/install/minibot_interfaces:/home/kiro04/pinkbot/install/minibot_navigation2:/home/kiro04/pinkbot/install/minibot_controllers:/home/kiro04/pinkbot/install/minibot_hardware_interface:/home/kiro04/pinkbot/install/minibot_bringup:/home/kiro04/pinkbot/install/minibot_gazebo:/home/kiro04/pinkbot/install/minibot_description:/opt/ros/humble LD_LIBRARY_PATH=/home/kiro04/pinkbot/install/minibot_interfaces/lib:/home/kiro04/pinkbot/install/minibot_controllers/lib:/home/kiro04/pinkbot/install/minibot_hardware_interface/lib:/usr/lib/x86_64-linux-gnu/gazebo-11/plugins:/opt/ros/humble/opt/rviz_ogre_vendor/lib:/opt/ros/humble/lib/x86_64-linux-gnu:/opt/ros/humble/lib /home/kiro04/.local/bin/cmake --build /home/kiro04/pinkbot/build/minibot_controllers -- -j8 -l8
[0.841s] [100%] Built target minibot_controllers
[1.010s] Invoked command in '/home/kiro04/pinkbot/build/minibot_controllers' returned '0': CMAKE_PREFIX_PATH=/home/kiro04/pinkbot/install/minibot_interfaces:/home/kiro04/pinkbot/install/minibot_navigation2:/home/kiro04/pinkbot/install/minibot_controllers:/home/kiro04/pinkbot/install/minibot_hardware_interface:/home/kiro04/pinkbot/install/minibot_bringup:/home/kiro04/pinkbot/install/minibot_gazebo:/home/kiro04/pinkbot/install/minibot_description:/opt/ros/humble LD_LIBRARY_PATH=/home/kiro04/pinkbot/install/minibot_interfaces/lib:/home/kiro04/pinkbot/install/minibot_controllers/lib:/home/kiro04/pinkbot/install/minibot_hardware_interface/lib:/usr/lib/x86_64-linux-gnu/gazebo-11/plugins:/opt/ros/humble/opt/rviz_ogre_vendor/lib:/opt/ros/humble/lib/x86_64-linux-gnu:/opt/ros/humble/lib /home/kiro04/.local/bin/cmake --build /home/kiro04/pinkbot/build/minibot_controllers -- -j8 -l8
[1.811s] Invoking command in '/home/kiro04/pinkbot/build/minibot_controllers': CMAKE_PREFIX_PATH=/home/kiro04/pinkbot/install/minibot_interfaces:/home/kiro04/pinkbot/install/minibot_navigation2:/home/kiro04/pinkbot/install/minibot_controllers:/home/kiro04/pinkbot/install/minibot_hardware_interface:/home/kiro04/pinkbot/install/minibot_bringup:/home/kiro04/pinkbot/install/minibot_gazebo:/home/kiro04/pinkbot/install/minibot_description:/opt/ros/humble LD_LIBRARY_PATH=/home/kiro04/pinkbot/install/minibot_interfaces/lib:/home/kiro04/pinkbot/install/minibot_controllers/lib:/home/kiro04/pinkbot/install/minibot_hardware_interface/lib:/usr/lib/x86_64-linux-gnu/gazebo-11/plugins:/opt/ros/humble/opt/rviz_ogre_vendor/lib:/opt/ros/humble/lib/x86_64-linux-gnu:/opt/ros/humble/lib /home/kiro04/.local/bin/cmake --install /home/kiro04/pinkbot/build/minibot_controllers
[2.307s] -- Install configuration: ""
[2.308s] -- Up-to-date: /home/kiro04/pinkbot/install/minibot_controllers/share/minibot_controllers/controller_plugins.xml
[2.327s] -- Up-to-date: /home/kiro04/pinkbot/install/minibot_controllers/lib/libminibot_controllers.so
[2.329s] -- Up-to-date: /home/kiro04/pinkbot/install/minibot_controllers/include
[2.331s] -- Up-to-date: /home/kiro04/pinkbot/install/minibot_controllers/include/minibot_gpio_controller
[2.332s] -- Up-to-date: /home/kiro04/pinkbot/install/minibot_controllers/include/minibot_gpio_controller/gpio_controller.hpp
[2.334s] -- Up-to-date: /home/kiro04/pinkbot/install/minibot_controllers/share/minibot_controllers/controller_plugins.xml
[2.335s] -- Up-to-date: /home/kiro04/pinkbot/install/minibot_controllers/share/minibot_controllers/environment/library_path.sh
[2.335s] -- Up-to-date: /home/kiro04/pinkbot/install/minibot_controllers/share/minibot_controllers/environment/library_path.dsv
[2.336s] -- Up-to-date: /home/kiro04/pinkbot/install/minibot_controllers/share/ament_index/resource_index/package_run_dependencies/minibot_controllers
[2.336s] -- Up-to-date: /home/kiro04/pinkbot/install/minibot_controllers/share/ament_index/resource_index/parent_prefix_path/minibot_controllers
[2.336s] -- Up-to-date: /home/kiro04/pinkbot/install/minibot_controllers/share/minibot_controllers/environment/ament_prefix_path.sh
[2.336s] -- Up-to-date: /home/kiro04/pinkbot/install/minibot_controllers/share/minibot_controllers/environment/ament_prefix_path.dsv
[2.338s] -- Up-to-date: /home/kiro04/pinkbot/install/minibot_controllers/share/minibot_controllers/environment/path.sh
[2.338s] -- Up-to-date: /home/kiro04/pinkbot/install/minibot_controllers/share/minibot_controllers/environment/path.dsv
[2.339s] -- Up-to-date: /home/kiro04/pinkbot/install/minibot_controllers/share/minibot_controllers/local_setup.bash
[2.339s] -- Up-to-date: /home/kiro04/pinkbot/install/minibot_controllers/share/minibot_controllers/local_setup.sh
[2.340s] -- Up-to-date: /home/kiro04/pinkbot/install/minibot_controllers/share/minibot_controllers/local_setup.zsh
[2.341s] -- Up-to-date: /home/kiro04/pinkbot/install/minibot_controllers/share/minibot_controllers/local_setup.dsv
[2.344s] -- Installing: /home/kiro04/pinkbot/install/minibot_controllers/share/minibot_controllers/package.dsv
[2.345s] -- Up-to-date: /home/kiro04/pinkbot/install/minibot_controllers/share/ament_index/resource_index/packages/minibot_controllers
[2.346s] -- Up-to-date: /home/kiro04/pinkbot/install/minibot_controllers/share/ament_index/resource_index/controller_interface__pluginlib__plugin/minibot_controllers
[2.347s] -- Up-to-date: /home/kiro04/pinkbot/install/minibot_controllers/share/minibot_controllers/cmake/ament_cmake_export_dependencies-extras.cmake
[2.348s] -- Up-to-date: /home/kiro04/pinkbot/install/minibot_controllers/share/minibot_controllers/cmake/ament_cmake_export_include_directories-extras.cmake
[2.350s] -- Up-to-date: /home/kiro04/pinkbot/install/minibot_controllers/share/minibot_controllers/cmake/ament_cmake_export_libraries-extras.cmake
[2.355s] -- Up-to-date: /home/kiro04/pinkbot/install/minibot_controllers/share/minibot_controllers/cmake/minibot_controllersConfig.cmake
[2.357s] -- Up-to-date: /home/kiro04/pinkbot/install/minibot_controllers/share/minibot_controllers/cmake/minibot_controllersConfig-version.cmake
[2.359s] -- Up-to-date: /home/kiro04/pinkbot/install/minibot_controllers/share/minibot_controllers/package.xml
[2.485s] Invoked command in '/home/kiro04/pinkbot/build/minibot_controllers' returned '0': CMAKE_PREFIX_PATH=/home/kiro04/pinkbot/install/minibot_interfaces:/home/kiro04/pinkbot/install/minibot_navigation2:/home/kiro04/pinkbot/install/minibot_controllers:/home/kiro04/pinkbot/install/minibot_hardware_interface:/home/kiro04/pinkbot/install/minibot_bringup:/home/kiro04/pinkbot/install/minibot_gazebo:/home/kiro04/pinkbot/install/minibot_description:/opt/ros/humble LD_LIBRARY_PATH=/home/kiro04/pinkbot/install/minibot_interfaces/lib:/home/kiro04/pinkbot/install/minibot_controllers/lib:/home/kiro04/pinkbot/install/minibot_hardware_interface/lib:/usr/lib/x86_64-linux-gnu/gazebo-11/plugins:/opt/ros/humble/opt/rviz_ogre_vendor/lib:/opt/ros/humble/lib/x86_64-linux-gnu:/opt/ros/humble/lib /home/kiro04/.local/bin/cmake --install /home/kiro04/pinkbot/build/minibot_controllers
