[0.352s] DEBUG:colcon:Command line arguments: ['/usr/bin/colcon', 'build']
[0.352s] DEBUG:colcon:Parsed command line arguments: Namespace(log_base=None, log_level=None, verb_name='build', build_base='build', install_base='install', merge_install=False, symlink_install=False, test_result_base=None, continue_on_error=False, executor='parallel', parallel_workers=8, event_handlers=None, ignore_user_meta=False, metas=['./colcon.meta'], base_paths=['.'], packages_ignore=None, packages_ignore_regex=None, paths=None, packages_up_to=None, packages_up_to_regex=None, packages_above=None, packages_above_and_dependencies=None, packages_above_depth=None, packages_select_by_dep=None, packages_skip_by_dep=None, packages_skip_up_to=None, packages_select_build_failed=False, packages_skip_build_finished=False, packages_select_test_failures=False, packages_skip_test_passed=False, packages_select=None, packages_skip=None, packages_select_regex=None, packages_skip_regex=None, packages_start=None, packages_end=None, allow_overriding=[], cmake_args=None, cmake_target=None, cmake_target_skip_unavailable=False, cmake_clean_cache=False, cmake_clean_first=False, cmake_force_configure=False, ament_cmake_args=None, catkin_cmake_args=None, catkin_skip_building_tests=False, verb_parser=<colcon_defaults.argument_parser.defaults.DefaultArgumentsDecorator object at 0x7f1665836ef0>, verb_extension=<colcon_core.verb.build.BuildVerb object at 0x7f16662899c0>, main=<bound method BuildVerb.main of <colcon_core.verb.build.BuildVerb object at 0x7f16662899c0>>)
[0.376s] Level 1:colcon.colcon_core.package_discovery:discover_packages(colcon_meta) check parameters
[0.376s] Level 1:colcon.colcon_core.package_discovery:discover_packages(recursive) check parameters
[0.376s] Level 1:colcon.colcon_core.package_discovery:discover_packages(ignore) check parameters
[0.376s] Level 1:colcon.colcon_core.package_discovery:discover_packages(path) check parameters
[0.376s] Level 1:colcon.colcon_core.package_discovery:discover_packages(colcon_meta) discover
[0.376s] Level 1:colcon.colcon_core.package_discovery:discover_packages(recursive) discover
[0.376s] INFO:colcon.colcon_core.package_discovery:Crawling recursively for packages in '/home/kiro04/pinkbot'
[0.376s] Level 1:colcon.colcon_core.package_identification:_identify(.) by extensions ['ignore', 'ignore_ament_install']
[0.376s] Level 1:colcon.colcon_core.package_identification:_identify(.) by extension 'ignore'
[0.376s] Level 1:colcon.colcon_core.package_identification:_identify(.) by extension 'ignore_ament_install'
[0.377s] Level 1:colcon.colcon_core.package_identification:_identify(.) by extensions ['colcon_pkg']
[0.377s] Level 1:colcon.colcon_core.package_identification:_identify(.) by extension 'colcon_pkg'
[0.377s] Level 1:colcon.colcon_core.package_identification:_identify(.) by extensions ['colcon_meta']
[0.377s] Level 1:colcon.colcon_core.package_identification:_identify(.) by extension 'colcon_meta'
[0.377s] Level 1:colcon.colcon_core.package_identification:_identify(.) by extensions ['ros']
[0.377s] Level 1:colcon.colcon_core.package_identification:_identify(.) by extension 'ros'
[0.387s] Level 1:colcon.colcon_core.package_identification:_identify(.) by extensions ['cmake', 'python']
[0.387s] Level 1:colcon.colcon_core.package_identification:_identify(.) by extension 'cmake'
[0.387s] Level 1:colcon.colcon_core.package_identification:_identify(.) by extension 'python'
[0.387s] Level 1:colcon.colcon_core.package_identification:_identify(.) by extensions ['python_setup_py']
[0.387s] Level 1:colcon.colcon_core.package_identification:_identify(.) by extension 'python_setup_py'
[0.387s] Level 1:colcon.colcon_core.package_identification:_identify(build) by extensions ['ignore', 'ignore_ament_install']
[0.387s] Level 1:colcon.colcon_core.package_identification:_identify(build) by extension 'ignore'
[0.387s] Level 1:colcon.colcon_core.package_identification:_identify(build) ignored
[0.388s] Level 1:colcon.colcon_core.package_identification:_identify(install) by extensions ['ignore', 'ignore_ament_install']
[0.388s] Level 1:colcon.colcon_core.package_identification:_identify(install) by extension 'ignore'
[0.388s] Level 1:colcon.colcon_core.package_identification:_identify(install) ignored
[0.388s] Level 1:colcon.colcon_core.package_identification:_identify(log) by extensions ['ignore', 'ignore_ament_install']
[0.388s] Level 1:colcon.colcon_core.package_identification:_identify(log) by extension 'ignore'
[0.388s] Level 1:colcon.colcon_core.package_identification:_identify(log) ignored
[0.389s] Level 1:colcon.colcon_core.package_identification:_identify(src) by extensions ['ignore', 'ignore_ament_install']
[0.389s] Level 1:colcon.colcon_core.package_identification:_identify(src) by extension 'ignore'
[0.389s] Level 1:colcon.colcon_core.package_identification:_identify(src) by extension 'ignore_ament_install'
[0.389s] Level 1:colcon.colcon_core.package_identification:_identify(src) by extensions ['colcon_pkg']
[0.389s] Level 1:colcon.colcon_core.package_identification:_identify(src) by extension 'colcon_pkg'
[0.389s] Level 1:colcon.colcon_core.package_identification:_identify(src) by extensions ['colcon_meta']
[0.389s] Level 1:colcon.colcon_core.package_identification:_identify(src) by extension 'colcon_meta'
[0.389s] Level 1:colcon.colcon_core.package_identification:_identify(src) by extensions ['ros']
[0.389s] Level 1:colcon.colcon_core.package_identification:_identify(src) by extension 'ros'
[0.389s] Level 1:colcon.colcon_core.package_identification:_identify(src) by extensions ['cmake', 'python']
[0.389s] Level 1:colcon.colcon_core.package_identification:_identify(src) by extension 'cmake'
[0.389s] Level 1:colcon.colcon_core.package_identification:_identify(src) by extension 'python'
[0.389s] Level 1:colcon.colcon_core.package_identification:_identify(src) by extensions ['python_setup_py']
[0.389s] Level 1:colcon.colcon_core.package_identification:_identify(src) by extension 'python_setup_py'
[0.390s] Level 1:colcon.colcon_core.package_identification:_identify(src/pinklab_minibot_robot) by extensions ['ignore', 'ignore_ament_install']
[0.390s] Level 1:colcon.colcon_core.package_identification:_identify(src/pinklab_minibot_robot) by extension 'ignore'
[0.390s] Level 1:colcon.colcon_core.package_identification:_identify(src/pinklab_minibot_robot) by extension 'ignore_ament_install'
[0.390s] Level 1:colcon.colcon_core.package_identification:_identify(src/pinklab_minibot_robot) by extensions ['colcon_pkg']
[0.390s] Level 1:colcon.colcon_core.package_identification:_identify(src/pinklab_minibot_robot) by extension 'colcon_pkg'
[0.390s] Level 1:colcon.colcon_core.package_identification:_identify(src/pinklab_minibot_robot) by extensions ['colcon_meta']
[0.390s] Level 1:colcon.colcon_core.package_identification:_identify(src/pinklab_minibot_robot) by extension 'colcon_meta'
[0.390s] Level 1:colcon.colcon_core.package_identification:_identify(src/pinklab_minibot_robot) by extensions ['ros']
[0.390s] Level 1:colcon.colcon_core.package_identification:_identify(src/pinklab_minibot_robot) by extension 'ros'
[0.390s] Level 1:colcon.colcon_core.package_identification:_identify(src/pinklab_minibot_robot) by extensions ['cmake', 'python']
[0.390s] Level 1:colcon.colcon_core.package_identification:_identify(src/pinklab_minibot_robot) by extension 'cmake'
[0.390s] Level 1:colcon.colcon_core.package_identification:_identify(src/pinklab_minibot_robot) by extension 'python'
[0.390s] Level 1:colcon.colcon_core.package_identification:_identify(src/pinklab_minibot_robot) by extensions ['python_setup_py']
[0.390s] Level 1:colcon.colcon_core.package_identification:_identify(src/pinklab_minibot_robot) by extension 'python_setup_py'
[0.391s] Level 1:colcon.colcon_core.package_identification:_identify(src/pinklab_minibot_robot/docs) by extensions ['ignore', 'ignore_ament_install']
[0.391s] Level 1:colcon.colcon_core.package_identification:_identify(src/pinklab_minibot_robot/docs) by extension 'ignore'
[0.391s] Level 1:colcon.colcon_core.package_identification:_identify(src/pinklab_minibot_robot/docs) by extension 'ignore_ament_install'
[0.391s] Level 1:colcon.colcon_core.package_identification:_identify(src/pinklab_minibot_robot/docs) by extensions ['colcon_pkg']
[0.391s] Level 1:colcon.colcon_core.package_identification:_identify(src/pinklab_minibot_robot/docs) by extension 'colcon_pkg'
[0.391s] Level 1:colcon.colcon_core.package_identification:_identify(src/pinklab_minibot_robot/docs) by extensions ['colcon_meta']
[0.391s] Level 1:colcon.colcon_core.package_identification:_identify(src/pinklab_minibot_robot/docs) by extension 'colcon_meta'
[0.391s] Level 1:colcon.colcon_core.package_identification:_identify(src/pinklab_minibot_robot/docs) by extensions ['ros']
[0.391s] Level 1:colcon.colcon_core.package_identification:_identify(src/pinklab_minibot_robot/docs) by extension 'ros'
[0.391s] Level 1:colcon.colcon_core.package_identification:_identify(src/pinklab_minibot_robot/docs) by extensions ['cmake', 'python']
[0.391s] Level 1:colcon.colcon_core.package_identification:_identify(src/pinklab_minibot_robot/docs) by extension 'cmake'
[0.391s] Level 1:colcon.colcon_core.package_identification:_identify(src/pinklab_minibot_robot/docs) by extension 'python'
[0.391s] Level 1:colcon.colcon_core.package_identification:_identify(src/pinklab_minibot_robot/docs) by extensions ['python_setup_py']
[0.391s] Level 1:colcon.colcon_core.package_identification:_identify(src/pinklab_minibot_robot/docs) by extension 'python_setup_py'
[0.392s] Level 1:colcon.colcon_core.package_identification:_identify(src/pinklab_minibot_robot/docs/blender) by extensions ['ignore', 'ignore_ament_install']
[0.392s] Level 1:colcon.colcon_core.package_identification:_identify(src/pinklab_minibot_robot/docs/blender) by extension 'ignore'
[0.392s] Level 1:colcon.colcon_core.package_identification:_identify(src/pinklab_minibot_robot/docs/blender) by extension 'ignore_ament_install'
[0.392s] Level 1:colcon.colcon_core.package_identification:_identify(src/pinklab_minibot_robot/docs/blender) by extensions ['colcon_pkg']
[0.392s] Level 1:colcon.colcon_core.package_identification:_identify(src/pinklab_minibot_robot/docs/blender) by extension 'colcon_pkg'
[0.392s] Level 1:colcon.colcon_core.package_identification:_identify(src/pinklab_minibot_robot/docs/blender) by extensions ['colcon_meta']
[0.392s] Level 1:colcon.colcon_core.package_identification:_identify(src/pinklab_minibot_robot/docs/blender) by extension 'colcon_meta'
[0.392s] Level 1:colcon.colcon_core.package_identification:_identify(src/pinklab_minibot_robot/docs/blender) by extensions ['ros']
[0.392s] Level 1:colcon.colcon_core.package_identification:_identify(src/pinklab_minibot_robot/docs/blender) by extension 'ros'
[0.392s] Level 1:colcon.colcon_core.package_identification:_identify(src/pinklab_minibot_robot/docs/blender) by extensions ['cmake', 'python']
[0.392s] Level 1:colcon.colcon_core.package_identification:_identify(src/pinklab_minibot_robot/docs/blender) by extension 'cmake'
[0.392s] Level 1:colcon.colcon_core.package_identification:_identify(src/pinklab_minibot_robot/docs/blender) by extension 'python'
[0.392s] Level 1:colcon.colcon_core.package_identification:_identify(src/pinklab_minibot_robot/docs/blender) by extensions ['python_setup_py']
[0.392s] Level 1:colcon.colcon_core.package_identification:_identify(src/pinklab_minibot_robot/docs/blender) by extension 'python_setup_py'
[0.393s] Level 1:colcon.colcon_core.package_identification:_identify(src/pinklab_minibot_robot/minibot_bringup) by extensions ['ignore', 'ignore_ament_install']
[0.393s] Level 1:colcon.colcon_core.package_identification:_identify(src/pinklab_minibot_robot/minibot_bringup) by extension 'ignore'
[0.393s] Level 1:colcon.colcon_core.package_identification:_identify(src/pinklab_minibot_robot/minibot_bringup) by extension 'ignore_ament_install'
[0.393s] Level 1:colcon.colcon_core.package_identification:_identify(src/pinklab_minibot_robot/minibot_bringup) by extensions ['colcon_pkg']
[0.393s] Level 1:colcon.colcon_core.package_identification:_identify(src/pinklab_minibot_robot/minibot_bringup) by extension 'colcon_pkg'
[0.393s] Level 1:colcon.colcon_core.package_identification:_identify(src/pinklab_minibot_robot/minibot_bringup) by extensions ['colcon_meta']
[0.393s] Level 1:colcon.colcon_core.package_identification:_identify(src/pinklab_minibot_robot/minibot_bringup) by extension 'colcon_meta'
[0.393s] Level 1:colcon.colcon_core.package_identification:_identify(src/pinklab_minibot_robot/minibot_bringup) by extensions ['ros']
[0.393s] Level 1:colcon.colcon_core.package_identification:_identify(src/pinklab_minibot_robot/minibot_bringup) by extension 'ros'
[0.395s] DEBUG:colcon.colcon_core.package_identification:Package 'src/pinklab_minibot_robot/minibot_bringup' with type 'ros.ament_cmake' and name 'minibot_bringup'
[0.395s] Level 1:colcon.colcon_core.package_identification:_identify(src/pinklab_minibot_robot/minibot_controllers) by extensions ['ignore', 'ignore_ament_install']
[0.396s] Level 1:colcon.colcon_core.package_identification:_identify(src/pinklab_minibot_robot/minibot_controllers) by extension 'ignore'
[0.396s] Level 1:colcon.colcon_core.package_identification:_identify(src/pinklab_minibot_robot/minibot_controllers) by extension 'ignore_ament_install'
[0.396s] Level 1:colcon.colcon_core.package_identification:_identify(src/pinklab_minibot_robot/minibot_controllers) by extensions ['colcon_pkg']
[0.396s] Level 1:colcon.colcon_core.package_identification:_identify(src/pinklab_minibot_robot/minibot_controllers) by extension 'colcon_pkg'
[0.396s] Level 1:colcon.colcon_core.package_identification:_identify(src/pinklab_minibot_robot/minibot_controllers) by extensions ['colcon_meta']
[0.396s] Level 1:colcon.colcon_core.package_identification:_identify(src/pinklab_minibot_robot/minibot_controllers) by extension 'colcon_meta'
[0.396s] Level 1:colcon.colcon_core.package_identification:_identify(src/pinklab_minibot_robot/minibot_controllers) by extensions ['ros']
[0.396s] Level 1:colcon.colcon_core.package_identification:_identify(src/pinklab_minibot_robot/minibot_controllers) by extension 'ros'
[0.397s] DEBUG:colcon.colcon_core.package_identification:Package 'src/pinklab_minibot_robot/minibot_controllers' with type 'ros.ament_cmake' and name 'minibot_controllers'
[0.397s] Level 1:colcon.colcon_core.package_identification:_identify(src/pinklab_minibot_robot/minibot_description) by extensions ['ignore', 'ignore_ament_install']
[0.398s] Level 1:colcon.colcon_core.package_identification:_identify(src/pinklab_minibot_robot/minibot_description) by extension 'ignore'
[0.398s] Level 1:colcon.colcon_core.package_identification:_identify(src/pinklab_minibot_robot/minibot_description) by extension 'ignore_ament_install'
[0.398s] Level 1:colcon.colcon_core.package_identification:_identify(src/pinklab_minibot_robot/minibot_description) by extensions ['colcon_pkg']
[0.398s] Level 1:colcon.colcon_core.package_identification:_identify(src/pinklab_minibot_robot/minibot_description) by extension 'colcon_pkg'
[0.398s] Level 1:colcon.colcon_core.package_identification:_identify(src/pinklab_minibot_robot/minibot_description) by extensions ['colcon_meta']
[0.398s] Level 1:colcon.colcon_core.package_identification:_identify(src/pinklab_minibot_robot/minibot_description) by extension 'colcon_meta'
[0.398s] Level 1:colcon.colcon_core.package_identification:_identify(src/pinklab_minibot_robot/minibot_description) by extensions ['ros']
[0.398s] Level 1:colcon.colcon_core.package_identification:_identify(src/pinklab_minibot_robot/minibot_description) by extension 'ros'
[0.399s] DEBUG:colcon.colcon_core.package_identification:Package 'src/pinklab_minibot_robot/minibot_description' with type 'ros.ament_cmake' and name 'minibot_description'
[0.399s] Level 1:colcon.colcon_core.package_identification:_identify(src/pinklab_minibot_robot/minibot_gazebo) by extensions ['ignore', 'ignore_ament_install']
[0.399s] Level 1:colcon.colcon_core.package_identification:_identify(src/pinklab_minibot_robot/minibot_gazebo) by extension 'ignore'
[0.399s] Level 1:colcon.colcon_core.package_identification:_identify(src/pinklab_minibot_robot/minibot_gazebo) by extension 'ignore_ament_install'
[0.399s] Level 1:colcon.colcon_core.package_identification:_identify(src/pinklab_minibot_robot/minibot_gazebo) by extensions ['colcon_pkg']
[0.399s] Level 1:colcon.colcon_core.package_identification:_identify(src/pinklab_minibot_robot/minibot_gazebo) by extension 'colcon_pkg'
[0.399s] Level 1:colcon.colcon_core.package_identification:_identify(src/pinklab_minibot_robot/minibot_gazebo) by extensions ['colcon_meta']
[0.399s] Level 1:colcon.colcon_core.package_identification:_identify(src/pinklab_minibot_robot/minibot_gazebo) by extension 'colcon_meta'
[0.400s] Level 1:colcon.colcon_core.package_identification:_identify(src/pinklab_minibot_robot/minibot_gazebo) by extensions ['ros']
[0.400s] Level 1:colcon.colcon_core.package_identification:_identify(src/pinklab_minibot_robot/minibot_gazebo) by extension 'ros'
[0.400s] DEBUG:colcon.colcon_core.package_identification:Package 'src/pinklab_minibot_robot/minibot_gazebo' with type 'ros.ament_cmake' and name 'minibot_gazebo'
[0.401s] Level 1:colcon.colcon_core.package_identification:_identify(src/pinklab_minibot_robot/minibot_hardware_interface) by extensions ['ignore', 'ignore_ament_install']
[0.401s] Level 1:colcon.colcon_core.package_identification:_identify(src/pinklab_minibot_robot/minibot_hardware_interface) by extension 'ignore'
[0.401s] Level 1:colcon.colcon_core.package_identification:_identify(src/pinklab_minibot_robot/minibot_hardware_interface) by extension 'ignore_ament_install'
[0.401s] Level 1:colcon.colcon_core.package_identification:_identify(src/pinklab_minibot_robot/minibot_hardware_interface) by extensions ['colcon_pkg']
[0.401s] Level 1:colcon.colcon_core.package_identification:_identify(src/pinklab_minibot_robot/minibot_hardware_interface) by extension 'colcon_pkg'
[0.401s] Level 1:colcon.colcon_core.package_identification:_identify(src/pinklab_minibot_robot/minibot_hardware_interface) by extensions ['colcon_meta']
[0.401s] Level 1:colcon.colcon_core.package_identification:_identify(src/pinklab_minibot_robot/minibot_hardware_interface) by extension 'colcon_meta'
[0.401s] Level 1:colcon.colcon_core.package_identification:_identify(src/pinklab_minibot_robot/minibot_hardware_interface) by extensions ['ros']
[0.401s] Level 1:colcon.colcon_core.package_identification:_identify(src/pinklab_minibot_robot/minibot_hardware_interface) by extension 'ros'
[0.402s] DEBUG:colcon.colcon_core.package_identification:Package 'src/pinklab_minibot_robot/minibot_hardware_interface' with type 'ros.ament_cmake' and name 'minibot_hardware_interface'
[0.402s] Level 1:colcon.colcon_core.package_identification:_identify(src/pinklab_minibot_robot/minibot_interfaces) by extensions ['ignore', 'ignore_ament_install']
[0.403s] Level 1:colcon.colcon_core.package_identification:_identify(src/pinklab_minibot_robot/minibot_interfaces) by extension 'ignore'
[0.403s] Level 1:colcon.colcon_core.package_identification:_identify(src/pinklab_minibot_robot/minibot_interfaces) by extension 'ignore_ament_install'
[0.403s] Level 1:colcon.colcon_core.package_identification:_identify(src/pinklab_minibot_robot/minibot_interfaces) by extensions ['colcon_pkg']
[0.403s] Level 1:colcon.colcon_core.package_identification:_identify(src/pinklab_minibot_robot/minibot_interfaces) by extension 'colcon_pkg'
[0.403s] Level 1:colcon.colcon_core.package_identification:_identify(src/pinklab_minibot_robot/minibot_interfaces) by extensions ['colcon_meta']
[0.403s] Level 1:colcon.colcon_core.package_identification:_identify(src/pinklab_minibot_robot/minibot_interfaces) by extension 'colcon_meta'
[0.403s] Level 1:colcon.colcon_core.package_identification:_identify(src/pinklab_minibot_robot/minibot_interfaces) by extensions ['ros']
[0.403s] Level 1:colcon.colcon_core.package_identification:_identify(src/pinklab_minibot_robot/minibot_interfaces) by extension 'ros'
[0.404s] DEBUG:colcon.colcon_core.package_identification:Package 'src/pinklab_minibot_robot/minibot_interfaces' with type 'ros.ament_cmake' and name 'minibot_interfaces'
[0.404s] Level 1:colcon.colcon_core.package_identification:_identify(src/pinklab_minibot_robot/minibot_navigation2) by extensions ['ignore', 'ignore_ament_install']
[0.404s] Level 1:colcon.colcon_core.package_identification:_identify(src/pinklab_minibot_robot/minibot_navigation2) by extension 'ignore'
[0.404s] Level 1:colcon.colcon_core.package_identification:_identify(src/pinklab_minibot_robot/minibot_navigation2) by extension 'ignore_ament_install'
[0.404s] Level 1:colcon.colcon_core.package_identification:_identify(src/pinklab_minibot_robot/minibot_navigation2) by extensions ['colcon_pkg']
[0.404s] Level 1:colcon.colcon_core.package_identification:_identify(src/pinklab_minibot_robot/minibot_navigation2) by extension 'colcon_pkg'
[0.404s] Level 1:colcon.colcon_core.package_identification:_identify(src/pinklab_minibot_robot/minibot_navigation2) by extensions ['colcon_meta']
[0.404s] Level 1:colcon.colcon_core.package_identification:_identify(src/pinklab_minibot_robot/minibot_navigation2) by extension 'colcon_meta'
[0.405s] Level 1:colcon.colcon_core.package_identification:_identify(src/pinklab_minibot_robot/minibot_navigation2) by extensions ['ros']
[0.405s] Level 1:colcon.colcon_core.package_identification:_identify(src/pinklab_minibot_robot/minibot_navigation2) by extension 'ros'
[0.405s] DEBUG:colcon.colcon_core.package_identification:Package 'src/pinklab_minibot_robot/minibot_navigation2' with type 'ros.ament_cmake' and name 'minibot_navigation2'
[0.405s] Level 1:colcon.colcon_core.package_identification:_identify(src/yolo_package) by extensions ['ignore', 'ignore_ament_install']
[0.406s] Level 1:colcon.colcon_core.package_identification:_identify(src/yolo_package) by extension 'ignore'
[0.406s] Level 1:colcon.colcon_core.package_identification:_identify(src/yolo_package) by extension 'ignore_ament_install'
[0.406s] Level 1:colcon.colcon_core.package_identification:_identify(src/yolo_package) by extensions ['colcon_pkg']
[0.406s] Level 1:colcon.colcon_core.package_identification:_identify(src/yolo_package) by extension 'colcon_pkg'
[0.406s] Level 1:colcon.colcon_core.package_identification:_identify(src/yolo_package) by extensions ['colcon_meta']
[0.406s] Level 1:colcon.colcon_core.package_identification:_identify(src/yolo_package) by extension 'colcon_meta'
[0.406s] Level 1:colcon.colcon_core.package_identification:_identify(src/yolo_package) by extensions ['ros']
[0.406s] Level 1:colcon.colcon_core.package_identification:_identify(src/yolo_package) by extension 'ros'
[0.406s] DEBUG:colcon.colcon_core.package_identification:Package 'src/yolo_package' with type 'ros.ament_python' and name 'yolo_package'
[0.406s] Level 1:colcon.colcon_core.package_discovery:discover_packages(recursive) using defaults
[0.407s] Level 1:colcon.colcon_core.package_discovery:discover_packages(ignore) discover
[0.407s] Level 1:colcon.colcon_core.package_discovery:discover_packages(ignore) using defaults
[0.407s] Level 1:colcon.colcon_core.package_discovery:discover_packages(path) discover
[0.407s] Level 1:colcon.colcon_core.package_discovery:discover_packages(path) using defaults
[0.429s] Level 1:colcon.colcon_core.package_discovery:discover_packages(prefix_path) check parameters
[0.429s] Level 1:colcon.colcon_core.package_discovery:discover_packages(prefix_path) discover
[0.432s] DEBUG:colcon.colcon_installed_package_information.package_discovery:Found 364 installed packages in /opt/ros/humble
[0.434s] Level 1:colcon.colcon_core.package_discovery:discover_packages(prefix_path) using defaults
[0.495s] Level 5:colcon.colcon_core.verb:set package 'minibot_description' build argument 'cmake_args' from command line to 'None'
[0.495s] Level 5:colcon.colcon_core.verb:set package 'minibot_description' build argument 'cmake_target' from command line to 'None'
[0.495s] Level 5:colcon.colcon_core.verb:set package 'minibot_description' build argument 'cmake_target_skip_unavailable' from command line to 'False'
[0.495s] Level 5:colcon.colcon_core.verb:set package 'minibot_description' build argument 'cmake_clean_cache' from command line to 'False'
[0.495s] Level 5:colcon.colcon_core.verb:set package 'minibot_description' build argument 'cmake_clean_first' from command line to 'False'
[0.495s] Level 5:colcon.colcon_core.verb:set package 'minibot_description' build argument 'cmake_force_configure' from command line to 'False'
[0.495s] Level 5:colcon.colcon_core.verb:set package 'minibot_description' build argument 'ament_cmake_args' from command line to 'None'
[0.495s] Level 5:colcon.colcon_core.verb:set package 'minibot_description' build argument 'catkin_cmake_args' from command line to 'None'
[0.495s] Level 5:colcon.colcon_core.verb:set package 'minibot_description' build argument 'catkin_skip_building_tests' from command line to 'False'
[0.495s] DEBUG:colcon.colcon_core.verb:Building package 'minibot_description' with the following arguments: {'ament_cmake_args': None, 'build_base': '/home/kiro04/pinkbot/build/minibot_description', 'catkin_cmake_args': None, 'catkin_skip_building_tests': False, 'cmake_args': None, 'cmake_clean_cache': False, 'cmake_clean_first': False, 'cmake_force_configure': False, 'cmake_target': None, 'cmake_target_skip_unavailable': False, 'install_base': '/home/kiro04/pinkbot/install/minibot_description', 'merge_install': False, 'path': '/home/kiro04/pinkbot/src/pinklab_minibot_robot/minibot_description', 'symlink_install': False, 'test_result_base': None}
[0.496s] Level 5:colcon.colcon_core.verb:set package 'minibot_hardware_interface' build argument 'cmake_args' from command line to 'None'
[0.496s] Level 5:colcon.colcon_core.verb:set package 'minibot_hardware_interface' build argument 'cmake_target' from command line to 'None'
[0.496s] Level 5:colcon.colcon_core.verb:set package 'minibot_hardware_interface' build argument 'cmake_target_skip_unavailable' from command line to 'False'
[0.497s] Level 5:colcon.colcon_core.verb:set package 'minibot_hardware_interface' build argument 'cmake_clean_cache' from command line to 'False'
[0.497s] Level 5:colcon.colcon_core.verb:set package 'minibot_hardware_interface' build argument 'cmake_clean_first' from command line to 'False'
[0.497s] Level 5:colcon.colcon_core.verb:set package 'minibot_hardware_interface' build argument 'cmake_force_configure' from command line to 'False'
[0.497s] Level 5:colcon.colcon_core.verb:set package 'minibot_hardware_interface' build argument 'ament_cmake_args' from command line to 'None'
[0.497s] Level 5:colcon.colcon_core.verb:set package 'minibot_hardware_interface' build argument 'catkin_cmake_args' from command line to 'None'
[0.497s] Level 5:colcon.colcon_core.verb:set package 'minibot_hardware_interface' build argument 'catkin_skip_building_tests' from command line to 'False'
[0.497s] DEBUG:colcon.colcon_core.verb:Building package 'minibot_hardware_interface' with the following arguments: {'ament_cmake_args': None, 'build_base': '/home/kiro04/pinkbot/build/minibot_hardware_interface', 'catkin_cmake_args': None, 'catkin_skip_building_tests': False, 'cmake_args': None, 'cmake_clean_cache': False, 'cmake_clean_first': False, 'cmake_force_configure': False, 'cmake_target': None, 'cmake_target_skip_unavailable': False, 'install_base': '/home/kiro04/pinkbot/install/minibot_hardware_interface', 'merge_install': False, 'path': '/home/kiro04/pinkbot/src/pinklab_minibot_robot/minibot_hardware_interface', 'symlink_install': False, 'test_result_base': None}
[0.498s] Level 5:colcon.colcon_core.verb:set package 'minibot_interfaces' build argument 'cmake_args' from command line to 'None'
[0.498s] Level 5:colcon.colcon_core.verb:set package 'minibot_interfaces' build argument 'cmake_target' from command line to 'None'
[0.498s] Level 5:colcon.colcon_core.verb:set package 'minibot_interfaces' build argument 'cmake_target_skip_unavailable' from command line to 'False'
[0.498s] Level 5:colcon.colcon_core.verb:set package 'minibot_interfaces' build argument 'cmake_clean_cache' from command line to 'False'
[0.498s] Level 5:colcon.colcon_core.verb:set package 'minibot_interfaces' build argument 'cmake_clean_first' from command line to 'False'
[0.498s] Level 5:colcon.colcon_core.verb:set package 'minibot_interfaces' build argument 'cmake_force_configure' from command line to 'False'
[0.498s] Level 5:colcon.colcon_core.verb:set package 'minibot_interfaces' build argument 'ament_cmake_args' from command line to 'None'
[0.498s] Level 5:colcon.colcon_core.verb:set package 'minibot_interfaces' build argument 'catkin_cmake_args' from command line to 'None'
[0.498s] Level 5:colcon.colcon_core.verb:set package 'minibot_interfaces' build argument 'catkin_skip_building_tests' from command line to 'False'
[0.498s] DEBUG:colcon.colcon_core.verb:Building package 'minibot_interfaces' with the following arguments: {'ament_cmake_args': None, 'build_base': '/home/kiro04/pinkbot/build/minibot_interfaces', 'catkin_cmake_args': None, 'catkin_skip_building_tests': False, 'cmake_args': None, 'cmake_clean_cache': False, 'cmake_clean_first': False, 'cmake_force_configure': False, 'cmake_target': None, 'cmake_target_skip_unavailable': False, 'install_base': '/home/kiro04/pinkbot/install/minibot_interfaces', 'merge_install': False, 'path': '/home/kiro04/pinkbot/src/pinklab_minibot_robot/minibot_interfaces', 'symlink_install': False, 'test_result_base': None}
[0.499s] Level 5:colcon.colcon_core.verb:set package 'minibot_navigation2' build argument 'cmake_args' from command line to 'None'
[0.499s] Level 5:colcon.colcon_core.verb:set package 'minibot_navigation2' build argument 'cmake_target' from command line to 'None'
[0.499s] Level 5:colcon.colcon_core.verb:set package 'minibot_navigation2' build argument 'cmake_target_skip_unavailable' from command line to 'False'
[0.499s] Level 5:colcon.colcon_core.verb:set package 'minibot_navigation2' build argument 'cmake_clean_cache' from command line to 'False'
[0.499s] Level 5:colcon.colcon_core.verb:set package 'minibot_navigation2' build argument 'cmake_clean_first' from command line to 'False'
[0.499s] Level 5:colcon.colcon_core.verb:set package 'minibot_navigation2' build argument 'cmake_force_configure' from command line to 'False'
[0.499s] Level 5:colcon.colcon_core.verb:set package 'minibot_navigation2' build argument 'ament_cmake_args' from command line to 'None'
[0.499s] Level 5:colcon.colcon_core.verb:set package 'minibot_navigation2' build argument 'catkin_cmake_args' from command line to 'None'
[0.499s] Level 5:colcon.colcon_core.verb:set package 'minibot_navigation2' build argument 'catkin_skip_building_tests' from command line to 'False'
[0.499s] DEBUG:colcon.colcon_core.verb:Building package 'minibot_navigation2' with the following arguments: {'ament_cmake_args': None, 'build_base': '/home/kiro04/pinkbot/build/minibot_navigation2', 'catkin_cmake_args': None, 'catkin_skip_building_tests': False, 'cmake_args': None, 'cmake_clean_cache': False, 'cmake_clean_first': False, 'cmake_force_configure': False, 'cmake_target': None, 'cmake_target_skip_unavailable': False, 'install_base': '/home/kiro04/pinkbot/install/minibot_navigation2', 'merge_install': False, 'path': '/home/kiro04/pinkbot/src/pinklab_minibot_robot/minibot_navigation2', 'symlink_install': False, 'test_result_base': None}
[0.500s] Level 5:colcon.colcon_core.verb:set package 'yolo_package' build argument 'cmake_args' from command line to 'None'
[0.500s] Level 5:colcon.colcon_core.verb:set package 'yolo_package' build argument 'cmake_target' from command line to 'None'
[0.500s] Level 5:colcon.colcon_core.verb:set package 'yolo_package' build argument 'cmake_target_skip_unavailable' from command line to 'False'
[0.500s] Level 5:colcon.colcon_core.verb:set package 'yolo_package' build argument 'cmake_clean_cache' from command line to 'False'
[0.500s] Level 5:colcon.colcon_core.verb:set package 'yolo_package' build argument 'cmake_clean_first' from command line to 'False'
[0.500s] Level 5:colcon.colcon_core.verb:set package 'yolo_package' build argument 'cmake_force_configure' from command line to 'False'
[0.500s] Level 5:colcon.colcon_core.verb:set package 'yolo_package' build argument 'ament_cmake_args' from command line to 'None'
[0.500s] Level 5:colcon.colcon_core.verb:set package 'yolo_package' build argument 'catkin_cmake_args' from command line to 'None'
[0.501s] Level 5:colcon.colcon_core.verb:set package 'yolo_package' build argument 'catkin_skip_building_tests' from command line to 'False'
[0.501s] DEBUG:colcon.colcon_core.verb:Building package 'yolo_package' with the following arguments: {'ament_cmake_args': None, 'build_base': '/home/kiro04/pinkbot/build/yolo_package', 'catkin_cmake_args': None, 'catkin_skip_building_tests': False, 'cmake_args': None, 'cmake_clean_cache': False, 'cmake_clean_first': False, 'cmake_force_configure': False, 'cmake_target': None, 'cmake_target_skip_unavailable': False, 'install_base': '/home/kiro04/pinkbot/install/yolo_package', 'merge_install': False, 'path': '/home/kiro04/pinkbot/src/yolo_package', 'symlink_install': False, 'test_result_base': None}
[0.502s] Level 5:colcon.colcon_core.verb:set package 'minibot_controllers' build argument 'cmake_args' from command line to 'None'
[0.502s] Level 5:colcon.colcon_core.verb:set package 'minibot_controllers' build argument 'cmake_target' from command line to 'None'
[0.502s] Level 5:colcon.colcon_core.verb:set package 'minibot_controllers' build argument 'cmake_target_skip_unavailable' from command line to 'False'
[0.502s] Level 5:colcon.colcon_core.verb:set package 'minibot_controllers' build argument 'cmake_clean_cache' from command line to 'False'
[0.502s] Level 5:colcon.colcon_core.verb:set package 'minibot_controllers' build argument 'cmake_clean_first' from command line to 'False'
[0.502s] Level 5:colcon.colcon_core.verb:set package 'minibot_controllers' build argument 'cmake_force_configure' from command line to 'False'
[0.502s] Level 5:colcon.colcon_core.verb:set package 'minibot_controllers' build argument 'ament_cmake_args' from command line to 'None'
[0.502s] Level 5:colcon.colcon_core.verb:set package 'minibot_controllers' build argument 'catkin_cmake_args' from command line to 'None'
[0.502s] Level 5:colcon.colcon_core.verb:set package 'minibot_controllers' build argument 'catkin_skip_building_tests' from command line to 'False'
[0.502s] DEBUG:colcon.colcon_core.verb:Building package 'minibot_controllers' with the following arguments: {'ament_cmake_args': None, 'build_base': '/home/kiro04/pinkbot/build/minibot_controllers', 'catkin_cmake_args': None, 'catkin_skip_building_tests': False, 'cmake_args': None, 'cmake_clean_cache': False, 'cmake_clean_first': False, 'cmake_force_configure': False, 'cmake_target': None, 'cmake_target_skip_unavailable': False, 'install_base': '/home/kiro04/pinkbot/install/minibot_controllers', 'merge_install': False, 'path': '/home/kiro04/pinkbot/src/pinklab_minibot_robot/minibot_controllers', 'symlink_install': False, 'test_result_base': None}
[0.503s] Level 5:colcon.colcon_core.verb:set package 'minibot_gazebo' build argument 'cmake_args' from command line to 'None'
[0.503s] Level 5:colcon.colcon_core.verb:set package 'minibot_gazebo' build argument 'cmake_target' from command line to 'None'
[0.503s] Level 5:colcon.colcon_core.verb:set package 'minibot_gazebo' build argument 'cmake_target_skip_unavailable' from command line to 'False'
[0.503s] Level 5:colcon.colcon_core.verb:set package 'minibot_gazebo' build argument 'cmake_clean_cache' from command line to 'False'
[0.503s] Level 5:colcon.colcon_core.verb:set package 'minibot_gazebo' build argument 'cmake_clean_first' from command line to 'False'
[0.503s] Level 5:colcon.colcon_core.verb:set package 'minibot_gazebo' build argument 'cmake_force_configure' from command line to 'False'
[0.503s] Level 5:colcon.colcon_core.verb:set package 'minibot_gazebo' build argument 'ament_cmake_args' from command line to 'None'
[0.503s] Level 5:colcon.colcon_core.verb:set package 'minibot_gazebo' build argument 'catkin_cmake_args' from command line to 'None'
[0.503s] Level 5:colcon.colcon_core.verb:set package 'minibot_gazebo' build argument 'catkin_skip_building_tests' from command line to 'False'
[0.503s] DEBUG:colcon.colcon_core.verb:Building package 'minibot_gazebo' with the following arguments: {'ament_cmake_args': None, 'build_base': '/home/kiro04/pinkbot/build/minibot_gazebo', 'catkin_cmake_args': None, 'catkin_skip_building_tests': False, 'cmake_args': None, 'cmake_clean_cache': False, 'cmake_clean_first': False, 'cmake_force_configure': False, 'cmake_target': None, 'cmake_target_skip_unavailable': False, 'install_base': '/home/kiro04/pinkbot/install/minibot_gazebo', 'merge_install': False, 'path': '/home/kiro04/pinkbot/src/pinklab_minibot_robot/minibot_gazebo', 'symlink_install': False, 'test_result_base': None}
[0.504s] Level 5:colcon.colcon_core.verb:set package 'minibot_bringup' build argument 'cmake_args' from command line to 'None'
[0.504s] Level 5:colcon.colcon_core.verb:set package 'minibot_bringup' build argument 'cmake_target' from command line to 'None'
[0.504s] Level 5:colcon.colcon_core.verb:set package 'minibot_bringup' build argument 'cmake_target_skip_unavailable' from command line to 'False'
[0.504s] Level 5:colcon.colcon_core.verb:set package 'minibot_bringup' build argument 'cmake_clean_cache' from command line to 'False'
[0.504s] Level 5:colcon.colcon_core.verb:set package 'minibot_bringup' build argument 'cmake_clean_first' from command line to 'False'
[0.504s] Level 5:colcon.colcon_core.verb:set package 'minibot_bringup' build argument 'cmake_force_configure' from command line to 'False'
[0.504s] Level 5:colcon.colcon_core.verb:set package 'minibot_bringup' build argument 'ament_cmake_args' from command line to 'None'
[0.504s] Level 5:colcon.colcon_core.verb:set package 'minibot_bringup' build argument 'catkin_cmake_args' from command line to 'None'
[0.504s] Level 5:colcon.colcon_core.verb:set package 'minibot_bringup' build argument 'catkin_skip_building_tests' from command line to 'False'
[0.504s] DEBUG:colcon.colcon_core.verb:Building package 'minibot_bringup' with the following arguments: {'ament_cmake_args': None, 'build_base': '/home/kiro04/pinkbot/build/minibot_bringup', 'catkin_cmake_args': None, 'catkin_skip_building_tests': False, 'cmake_args': None, 'cmake_clean_cache': False, 'cmake_clean_first': False, 'cmake_force_configure': False, 'cmake_target': None, 'cmake_target_skip_unavailable': False, 'install_base': '/home/kiro04/pinkbot/install/minibot_bringup', 'merge_install': False, 'path': '/home/kiro04/pinkbot/src/pinklab_minibot_robot/minibot_bringup', 'symlink_install': False, 'test_result_base': None}
[0.505s] INFO:colcon.colcon_core.executor:Executing jobs using 'parallel' executor
[0.508s] DEBUG:colcon.colcon_parallel_executor.executor.parallel:run_until_complete
[0.509s] INFO:colcon.colcon_ros.task.ament_cmake.build:Building ROS package in '/home/kiro04/pinkbot/src/pinklab_minibot_robot/minibot_description' with build type 'ament_cmake'
[0.509s] INFO:colcon.colcon_cmake.task.cmake.build:Building CMake package in '/home/kiro04/pinkbot/src/pinklab_minibot_robot/minibot_description'
[0.513s] INFO:colcon.colcon_core.plugin_system:Skipping extension 'colcon_core.shell.bat': Not used on non-Windows systems
[0.514s] INFO:colcon.colcon_core.shell:Skip shell extension 'powershell' for command environment: Not usable outside of PowerShell
[0.514s] DEBUG:colcon.colcon_core.shell:Skip shell extension 'dsv' for command environment
[0.517s] INFO:colcon.colcon_ros.task.ament_cmake.build:Building ROS package in '/home/kiro04/pinkbot/src/pinklab_minibot_robot/minibot_interfaces' with build type 'ament_cmake'
[0.518s] INFO:colcon.colcon_cmake.task.cmake.build:Building CMake package in '/home/kiro04/pinkbot/src/pinklab_minibot_robot/minibot_interfaces'
[0.519s] INFO:colcon.colcon_core.shell:Skip shell extension 'powershell' for command environment: Not usable outside of PowerShell
[0.519s] DEBUG:colcon.colcon_core.shell:Skip shell extension 'dsv' for command environment
[0.525s] INFO:colcon.colcon_ros.task.ament_cmake.build:Building ROS package in '/home/kiro04/pinkbot/src/pinklab_minibot_robot/minibot_hardware_interface' with build type 'ament_cmake'
[0.525s] INFO:colcon.colcon_cmake.task.cmake.build:Building CMake package in '/home/kiro04/pinkbot/src/pinklab_minibot_robot/minibot_hardware_interface'
[0.527s] INFO:colcon.colcon_core.shell:Skip shell extension 'powershell' for command environment: Not usable outside of PowerShell
[0.527s] DEBUG:colcon.colcon_core.shell:Skip shell extension 'dsv' for command environment
[0.531s] INFO:colcon.colcon_ros.task.ament_cmake.build:Building ROS package in '/home/kiro04/pinkbot/src/pinklab_minibot_robot/minibot_navigation2' with build type 'ament_cmake'
[0.531s] INFO:colcon.colcon_cmake.task.cmake.build:Building CMake package in '/home/kiro04/pinkbot/src/pinklab_minibot_robot/minibot_navigation2'
[0.534s] INFO:colcon.colcon_core.shell:Skip shell extension 'powershell' for command environment: Not usable outside of PowerShell
[0.534s] DEBUG:colcon.colcon_core.shell:Skip shell extension 'dsv' for command environment
[0.539s] INFO:colcon.colcon_ros.task.ament_python.build:Building ROS package in '/home/kiro04/pinkbot/src/yolo_package' with build type 'ament_python'
[0.540s] Level 1:colcon.colcon_core.shell:create_environment_hook('yolo_package', 'ament_prefix_path')
[0.541s] INFO:colcon.colcon_core.shell:Creating environment hook '/home/kiro04/pinkbot/install/yolo_package/share/yolo_package/hook/ament_prefix_path.ps1'
[0.543s] INFO:colcon.colcon_core.shell:Creating environment descriptor '/home/kiro04/pinkbot/install/yolo_package/share/yolo_package/hook/ament_prefix_path.dsv'
[0.543s] INFO:colcon.colcon_core.shell:Creating environment hook '/home/kiro04/pinkbot/install/yolo_package/share/yolo_package/hook/ament_prefix_path.sh'
[0.545s] INFO:colcon.colcon_core.shell:Skip shell extension 'powershell' for command environment: Not usable outside of PowerShell
[0.545s] DEBUG:colcon.colcon_core.shell:Skip shell extension 'dsv' for command environment
[0.557s] DEBUG:colcon.colcon_core.event_handler.log_command:Invoking command in '/home/kiro04/pinkbot/build/minibot_description': CMAKE_PREFIX_PATH=/opt/ros/humble /home/kiro04/.local/bin/cmake --build /home/kiro04/pinkbot/build/minibot_description -- -j8 -l8
[0.562s] DEBUG:colcon.colcon_core.event_handler.log_command:Invoking command in '/home/kiro04/pinkbot/build/minibot_interfaces': CMAKE_PREFIX_PATH=/opt/ros/humble /home/kiro04/.local/bin/cmake --build /home/kiro04/pinkbot/build/minibot_interfaces -- -j8 -l8
[0.570s] DEBUG:colcon.colcon_core.event_handler.log_command:Invoking command in '/home/kiro04/pinkbot/build/minibot_hardware_interface': CMAKE_PREFIX_PATH=/opt/ros/humble /home/kiro04/.local/bin/cmake --build /home/kiro04/pinkbot/build/minibot_hardware_interface -- -j8 -l8
[0.577s] DEBUG:colcon.colcon_core.event_handler.log_command:Invoking command in '/home/kiro04/pinkbot/build/minibot_navigation2': CMAKE_PREFIX_PATH=/opt/ros/humble /home/kiro04/.local/bin/cmake --build /home/kiro04/pinkbot/build/minibot_navigation2 -- -j8 -l8
[1.075s] INFO:colcon.colcon_core.task.python.build:Building Python package in '/home/kiro04/pinkbot/src/yolo_package'
[1.077s] INFO:colcon.colcon_core.shell:Skip shell extension 'powershell' for command environment: Not usable outside of PowerShell
[1.077s] DEBUG:colcon.colcon_core.shell:Skip shell extension 'dsv' for command environment
[1.083s] DEBUG:colcon.colcon_core.event_handler.log_command:Invoked command in '/home/kiro04/pinkbot/build/minibot_navigation2' returned '0': CMAKE_PREFIX_PATH=/opt/ros/humble /home/kiro04/.local/bin/cmake --build /home/kiro04/pinkbot/build/minibot_navigation2 -- -j8 -l8
[1.086s] DEBUG:colcon.colcon_core.event_handler.log_command:Invoked command in '/home/kiro04/pinkbot/build/minibot_description' returned '0': CMAKE_PREFIX_PATH=/opt/ros/humble /home/kiro04/.local/bin/cmake --build /home/kiro04/pinkbot/build/minibot_description -- -j8 -l8
[1.087s] DEBUG:colcon.colcon_core.event_handler.log_command:Invoked command in '/home/kiro04/pinkbot/build/minibot_hardware_interface' returned '0': CMAKE_PREFIX_PATH=/opt/ros/humble /home/kiro04/.local/bin/cmake --build /home/kiro04/pinkbot/build/minibot_hardware_interface -- -j8 -l8
[1.215s] DEBUG:colcon.colcon_core.event_handler.log_command:Invoked command in '/home/kiro04/pinkbot/build/minibot_interfaces' returned '0': CMAKE_PREFIX_PATH=/opt/ros/humble /home/kiro04/.local/bin/cmake --build /home/kiro04/pinkbot/build/minibot_interfaces -- -j8 -l8
[1.332s] DEBUG:colcon.colcon_core.event_handler.log_command:Invoking command in '/home/kiro04/pinkbot/build/minibot_navigation2': CMAKE_PREFIX_PATH=/opt/ros/humble /home/kiro04/.local/bin/cmake --install /home/kiro04/pinkbot/build/minibot_navigation2
[1.337s] DEBUG:colcon.colcon_core.event_handler.log_command:Invoking command in '/home/kiro04/pinkbot/build/minibot_hardware_interface': CMAKE_PREFIX_PATH=/opt/ros/humble /home/kiro04/.local/bin/cmake --install /home/kiro04/pinkbot/build/minibot_hardware_interface
[1.340s] DEBUG:colcon.colcon_core.event_handler.log_command:Invoking command in '/home/kiro04/pinkbot/build/minibot_description': CMAKE_PREFIX_PATH=/opt/ros/humble /home/kiro04/.local/bin/cmake --install /home/kiro04/pinkbot/build/minibot_description
[1.424s] DEBUG:colcon.colcon_core.event_handler.log_command:Invoking command in '/home/kiro04/pinkbot/build/minibot_interfaces': CMAKE_PREFIX_PATH=/opt/ros/humble /home/kiro04/.local/bin/cmake --install /home/kiro04/pinkbot/build/minibot_interfaces
[1.469s] Level 1:colcon.colcon_core.environment:create_environment_scripts_only(minibot_navigation2)
[1.472s] DEBUG:colcon.colcon_core.event_handler.log_command:Invoked command in '/home/kiro04/pinkbot/build/minibot_navigation2' returned '0': CMAKE_PREFIX_PATH=/opt/ros/humble /home/kiro04/.local/bin/cmake --install /home/kiro04/pinkbot/build/minibot_navigation2
[1.482s] Level 1:colcon.colcon_core.environment:checking '/home/kiro04/pinkbot/install/minibot_navigation2' for CMake module files
[1.483s] Level 1:colcon.colcon_core.environment:checking '/home/kiro04/pinkbot/install/minibot_navigation2' for CMake config files
[1.484s] Level 1:colcon.colcon_core.shell:create_environment_hook('minibot_navigation2', 'cmake_prefix_path')
[1.487s] INFO:colcon.colcon_core.shell:Creating environment hook '/home/kiro04/pinkbot/install/minibot_navigation2/share/minibot_navigation2/hook/cmake_prefix_path.ps1'
[1.488s] INFO:colcon.colcon_core.shell:Creating environment descriptor '/home/kiro04/pinkbot/install/minibot_navigation2/share/minibot_navigation2/hook/cmake_prefix_path.dsv'
[1.489s] INFO:colcon.colcon_core.shell:Creating environment hook '/home/kiro04/pinkbot/install/minibot_navigation2/share/minibot_navigation2/hook/cmake_prefix_path.sh'
[1.490s] Level 1:colcon.colcon_core.environment:checking '/home/kiro04/pinkbot/install/minibot_navigation2/bin'
[1.490s] Level 1:colcon.colcon_core.environment:checking '/home/kiro04/pinkbot/install/minibot_navigation2/lib/pkgconfig/minibot_navigation2.pc'
[1.491s] Level 1:colcon.colcon_core.environment:checking '/home/kiro04/pinkbot/install/minibot_navigation2/lib/python3.10/site-packages'
[1.491s] Level 1:colcon.colcon_core.environment:checking '/home/kiro04/pinkbot/install/minibot_navigation2/bin'
[1.495s] INFO:colcon.colcon_core.shell:Creating package script '/home/kiro04/pinkbot/install/minibot_navigation2/share/minibot_navigation2/package.ps1'
[1.496s] INFO:colcon.colcon_core.shell:Creating package descriptor '/home/kiro04/pinkbot/install/minibot_navigation2/share/minibot_navigation2/package.dsv'
[1.497s] INFO:colcon.colcon_core.shell:Creating package script '/home/kiro04/pinkbot/install/minibot_navigation2/share/minibot_navigation2/package.sh'
[1.499s] INFO:colcon.colcon_core.shell:Creating package script '/home/kiro04/pinkbot/install/minibot_navigation2/share/minibot_navigation2/package.bash'
[1.501s] INFO:colcon.colcon_core.shell:Creating package script '/home/kiro04/pinkbot/install/minibot_navigation2/share/minibot_navigation2/package.zsh'
[1.502s] Level 1:colcon.colcon_core.environment:create_file_with_runtime_dependencies(/home/kiro04/pinkbot/install/minibot_navigation2/share/colcon-core/packages/minibot_navigation2)
[1.506s] Level 1:colcon.colcon_core.environment:create_environment_scripts_only(minibot_description)
[1.512s] Level 1:colcon.colcon_core.environment:checking '/home/kiro04/pinkbot/install/minibot_description' for CMake module files
[1.513s] DEBUG:colcon.colcon_core.event_handler.log_command:Invoked command in '/home/kiro04/pinkbot/build/minibot_description' returned '0': CMAKE_PREFIX_PATH=/opt/ros/humble /home/kiro04/.local/bin/cmake --install /home/kiro04/pinkbot/build/minibot_description
[1.514s] Level 1:colcon.colcon_core.environment:checking '/home/kiro04/pinkbot/install/minibot_description' for CMake config files
[1.514s] Level 1:colcon.colcon_core.shell:create_environment_hook('minibot_description', 'cmake_prefix_path')
[1.518s] INFO:colcon.colcon_core.shell:Creating environment hook '/home/kiro04/pinkbot/install/minibot_description/share/minibot_description/hook/cmake_prefix_path.ps1'
[1.519s] INFO:colcon.colcon_core.shell:Creating environment descriptor '/home/kiro04/pinkbot/install/minibot_description/share/minibot_description/hook/cmake_prefix_path.dsv'
[1.519s] INFO:colcon.colcon_core.shell:Creating environment hook '/home/kiro04/pinkbot/install/minibot_description/share/minibot_description/hook/cmake_prefix_path.sh'
[1.520s] Level 1:colcon.colcon_core.environment:checking '/home/kiro04/pinkbot/install/minibot_description/bin'
[1.520s] Level 1:colcon.colcon_core.environment:checking '/home/kiro04/pinkbot/install/minibot_description/lib/pkgconfig/minibot_description.pc'
[1.521s] Level 1:colcon.colcon_core.environment:checking '/home/kiro04/pinkbot/install/minibot_description/lib/python3.10/site-packages'
[1.522s] Level 1:colcon.colcon_core.environment:checking '/home/kiro04/pinkbot/install/minibot_description/bin'
[1.525s] INFO:colcon.colcon_core.shell:Creating package script '/home/kiro04/pinkbot/install/minibot_description/share/minibot_description/package.ps1'
[1.526s] INFO:colcon.colcon_core.shell:Creating package descriptor '/home/kiro04/pinkbot/install/minibot_description/share/minibot_description/package.dsv'
[1.527s] INFO:colcon.colcon_core.shell:Creating package script '/home/kiro04/pinkbot/install/minibot_description/share/minibot_description/package.sh'
[1.528s] INFO:colcon.colcon_core.shell:Creating package script '/home/kiro04/pinkbot/install/minibot_description/share/minibot_description/package.bash'
[1.529s] INFO:colcon.colcon_core.shell:Creating package script '/home/kiro04/pinkbot/install/minibot_description/share/minibot_description/package.zsh'
[1.529s] Level 1:colcon.colcon_core.environment:create_file_with_runtime_dependencies(/home/kiro04/pinkbot/install/minibot_description/share/colcon-core/packages/minibot_description)
[1.531s] Level 1:colcon.colcon_core.environment:create_environment_scripts_only(minibot_hardware_interface)
[1.537s] Level 1:colcon.colcon_core.environment:checking '/home/kiro04/pinkbot/install/minibot_hardware_interface' for CMake module files
[1.538s] DEBUG:colcon.colcon_core.event_handler.log_command:Invoked command in '/home/kiro04/pinkbot/build/minibot_hardware_interface' returned '0': CMAKE_PREFIX_PATH=/opt/ros/humble /home/kiro04/.local/bin/cmake --install /home/kiro04/pinkbot/build/minibot_hardware_interface
[1.540s] Level 1:colcon.colcon_core.environment:checking '/home/kiro04/pinkbot/install/minibot_hardware_interface' for CMake config files
[1.545s] Level 1:colcon.colcon_core.shell:create_environment_hook('minibot_hardware_interface', 'cmake_prefix_path')
[1.549s] INFO:colcon.colcon_core.shell:Creating environment hook '/home/kiro04/pinkbot/install/minibot_hardware_interface/share/minibot_hardware_interface/hook/cmake_prefix_path.ps1'
[1.551s] INFO:colcon.colcon_core.shell:Creating environment descriptor '/home/kiro04/pinkbot/install/minibot_hardware_interface/share/minibot_hardware_interface/hook/cmake_prefix_path.dsv'
[1.552s] INFO:colcon.colcon_core.shell:Creating environment hook '/home/kiro04/pinkbot/install/minibot_hardware_interface/share/minibot_hardware_interface/hook/cmake_prefix_path.sh'
[1.557s] Level 1:colcon.colcon_core.environment:checking '/home/kiro04/pinkbot/install/minibot_hardware_interface/lib'
[1.559s] Level 1:colcon.colcon_core.shell:create_environment_hook('minibot_hardware_interface', 'ld_library_path_lib')
[1.563s] INFO:colcon.colcon_core.shell:Creating environment hook '/home/kiro04/pinkbot/install/minibot_hardware_interface/share/minibot_hardware_interface/hook/ld_library_path_lib.ps1'
[1.565s] INFO:colcon.colcon_core.shell:Creating environment descriptor '/home/kiro04/pinkbot/install/minibot_hardware_interface/share/minibot_hardware_interface/hook/ld_library_path_lib.dsv'
[1.567s] INFO:colcon.colcon_core.shell:Creating environment hook '/home/kiro04/pinkbot/install/minibot_hardware_interface/share/minibot_hardware_interface/hook/ld_library_path_lib.sh'
[1.569s] Level 1:colcon.colcon_core.environment:checking '/home/kiro04/pinkbot/install/minibot_hardware_interface/bin'
[1.569s] Level 1:colcon.colcon_core.environment:checking '/home/kiro04/pinkbot/install/minibot_hardware_interface/lib/pkgconfig/minibot_hardware_interface.pc'
[1.570s] Level 1:colcon.colcon_core.environment:checking '/home/kiro04/pinkbot/install/minibot_hardware_interface/lib/python3.10/site-packages'
[1.571s] Level 1:colcon.colcon_core.environment:checking '/home/kiro04/pinkbot/install/minibot_hardware_interface/bin'
[1.577s] INFO:colcon.colcon_core.shell:Creating package script '/home/kiro04/pinkbot/install/minibot_hardware_interface/share/minibot_hardware_interface/package.ps1'
[1.579s] INFO:colcon.colcon_core.shell:Creating package descriptor '/home/kiro04/pinkbot/install/minibot_hardware_interface/share/minibot_hardware_interface/package.dsv'
[1.581s] INFO:colcon.colcon_core.shell:Creating package script '/home/kiro04/pinkbot/install/minibot_hardware_interface/share/minibot_hardware_interface/package.sh'
[1.583s] INFO:colcon.colcon_core.shell:Creating package script '/home/kiro04/pinkbot/install/minibot_hardware_interface/share/minibot_hardware_interface/package.bash'
[1.585s] INFO:colcon.colcon_core.shell:Creating package script '/home/kiro04/pinkbot/install/minibot_hardware_interface/share/minibot_hardware_interface/package.zsh'
[1.586s] Level 1:colcon.colcon_core.environment:create_file_with_runtime_dependencies(/home/kiro04/pinkbot/install/minibot_hardware_interface/share/colcon-core/packages/minibot_hardware_interface)
[1.638s] Level 1:colcon.colcon_core.environment:create_environment_scripts_only(minibot_interfaces)
[1.644s] Level 1:colcon.colcon_core.environment:checking '/home/kiro04/pinkbot/install/minibot_interfaces' for CMake module files
[1.645s] DEBUG:colcon.colcon_core.event_handler.log_command:Invoked command in '/home/kiro04/pinkbot/build/minibot_interfaces' returned '0': CMAKE_PREFIX_PATH=/opt/ros/humble /home/kiro04/.local/bin/cmake --install /home/kiro04/pinkbot/build/minibot_interfaces
[1.646s] Level 1:colcon.colcon_core.environment:checking '/home/kiro04/pinkbot/install/minibot_interfaces' for CMake config files
[1.648s] Level 1:colcon.colcon_core.shell:create_environment_hook('minibot_interfaces', 'cmake_prefix_path')
[1.650s] INFO:colcon.colcon_core.shell:Creating environment hook '/home/kiro04/pinkbot/install/minibot_interfaces/share/minibot_interfaces/hook/cmake_prefix_path.ps1'
[1.652s] INFO:colcon.colcon_core.shell:Creating environment descriptor '/home/kiro04/pinkbot/install/minibot_interfaces/share/minibot_interfaces/hook/cmake_prefix_path.dsv'
[1.652s] INFO:colcon.colcon_core.shell:Creating environment hook '/home/kiro04/pinkbot/install/minibot_interfaces/share/minibot_interfaces/hook/cmake_prefix_path.sh'
[1.653s] Level 1:colcon.colcon_core.environment:checking '/home/kiro04/pinkbot/install/minibot_interfaces/lib'
[1.653s] Level 1:colcon.colcon_core.shell:create_environment_hook('minibot_interfaces', 'ld_library_path_lib')
[1.656s] INFO:colcon.colcon_core.shell:Creating environment hook '/home/kiro04/pinkbot/install/minibot_interfaces/share/minibot_interfaces/hook/ld_library_path_lib.ps1'
[1.657s] INFO:colcon.colcon_core.shell:Creating environment descriptor '/home/kiro04/pinkbot/install/minibot_interfaces/share/minibot_interfaces/hook/ld_library_path_lib.dsv'
[1.658s] INFO:colcon.colcon_core.shell:Creating environment hook '/home/kiro04/pinkbot/install/minibot_interfaces/share/minibot_interfaces/hook/ld_library_path_lib.sh'
[1.658s] Level 1:colcon.colcon_core.environment:checking '/home/kiro04/pinkbot/install/minibot_interfaces/bin'
[1.659s] Level 1:colcon.colcon_core.environment:checking '/home/kiro04/pinkbot/install/minibot_interfaces/lib/pkgconfig/minibot_interfaces.pc'
[1.659s] Level 1:colcon.colcon_core.environment:checking '/home/kiro04/pinkbot/install/minibot_interfaces/lib/python3.10/site-packages'
[1.659s] Level 1:colcon.colcon_core.environment:checking '/home/kiro04/pinkbot/install/minibot_interfaces/bin'
[1.662s] INFO:colcon.colcon_core.shell:Creating package script '/home/kiro04/pinkbot/install/minibot_interfaces/share/minibot_interfaces/package.ps1'
[1.663s] INFO:colcon.colcon_core.shell:Creating package descriptor '/home/kiro04/pinkbot/install/minibot_interfaces/share/minibot_interfaces/package.dsv'
[1.664s] INFO:colcon.colcon_core.shell:Creating package script '/home/kiro04/pinkbot/install/minibot_interfaces/share/minibot_interfaces/package.sh'
[1.665s] INFO:colcon.colcon_core.shell:Creating package script '/home/kiro04/pinkbot/install/minibot_interfaces/share/minibot_interfaces/package.bash'
[1.666s] INFO:colcon.colcon_core.shell:Creating package script '/home/kiro04/pinkbot/install/minibot_interfaces/share/minibot_interfaces/package.zsh'
[1.666s] Level 1:colcon.colcon_core.environment:create_file_with_runtime_dependencies(/home/kiro04/pinkbot/install/minibot_interfaces/share/colcon-core/packages/minibot_interfaces)
[1.671s] Level 1:colcon.colcon_core.environment:create_environment_scripts_only(minibot_navigation2)
[1.676s] Level 1:colcon.colcon_core.environment:checking '/home/kiro04/pinkbot/install/minibot_navigation2' for CMake module files
[1.677s] Level 1:colcon.colcon_core.environment:checking '/home/kiro04/pinkbot/install/minibot_navigation2' for CMake config files
[1.677s] Level 1:colcon.colcon_core.shell:create_environment_hook('minibot_navigation2', 'cmake_prefix_path')
[1.681s] INFO:colcon.colcon_core.shell:Creating environment hook '/home/kiro04/pinkbot/install/minibot_navigation2/share/minibot_navigation2/hook/cmake_prefix_path.ps1'
[1.682s] INFO:colcon.colcon_core.shell:Creating environment descriptor '/home/kiro04/pinkbot/install/minibot_navigation2/share/minibot_navigation2/hook/cmake_prefix_path.dsv'
[1.682s] INFO:colcon.colcon_core.shell:Creating environment hook '/home/kiro04/pinkbot/install/minibot_navigation2/share/minibot_navigation2/hook/cmake_prefix_path.sh'
[1.684s] Level 1:colcon.colcon_core.environment:checking '/home/kiro04/pinkbot/install/minibot_navigation2/bin'
[1.684s] Level 1:colcon.colcon_core.environment:checking '/home/kiro04/pinkbot/install/minibot_navigation2/lib/pkgconfig/minibot_navigation2.pc'
[1.684s] Level 1:colcon.colcon_core.environment:checking '/home/kiro04/pinkbot/install/minibot_navigation2/lib/python3.10/site-packages'
[1.685s] Level 1:colcon.colcon_core.environment:checking '/home/kiro04/pinkbot/install/minibot_navigation2/bin'
[1.689s] INFO:colcon.colcon_core.shell:Creating package script '/home/kiro04/pinkbot/install/minibot_navigation2/share/minibot_navigation2/package.ps1'
[1.690s] INFO:colcon.colcon_core.shell:Creating package descriptor '/home/kiro04/pinkbot/install/minibot_navigation2/share/minibot_navigation2/package.dsv'
[1.691s] INFO:colcon.colcon_core.shell:Creating package script '/home/kiro04/pinkbot/install/minibot_navigation2/share/minibot_navigation2/package.sh'
[1.692s] INFO:colcon.colcon_core.shell:Creating package script '/home/kiro04/pinkbot/install/minibot_navigation2/share/minibot_navigation2/package.bash'
[1.693s] INFO:colcon.colcon_core.shell:Creating package script '/home/kiro04/pinkbot/install/minibot_navigation2/share/minibot_navigation2/package.zsh'
[1.693s] Level 1:colcon.colcon_core.environment:create_file_with_runtime_dependencies(/home/kiro04/pinkbot/install/minibot_navigation2/share/colcon-core/packages/minibot_navigation2)
[1.697s] Level 1:colcon.colcon_core.environment:create_environment_scripts_only(minibot_description)
[1.700s] Level 1:colcon.colcon_core.environment:checking '/home/kiro04/pinkbot/install/minibot_description' for CMake module files
[1.701s] Level 1:colcon.colcon_core.environment:checking '/home/kiro04/pinkbot/install/minibot_description' for CMake config files
[1.701s] Level 1:colcon.colcon_core.shell:create_environment_hook('minibot_description', 'cmake_prefix_path')
[1.703s] INFO:colcon.colcon_core.shell:Creating environment hook '/home/kiro04/pinkbot/install/minibot_description/share/minibot_description/hook/cmake_prefix_path.ps1'
[1.704s] INFO:colcon.colcon_core.shell:Creating environment descriptor '/home/kiro04/pinkbot/install/minibot_description/share/minibot_description/hook/cmake_prefix_path.dsv'
[1.704s] INFO:colcon.colcon_core.shell:Creating environment hook '/home/kiro04/pinkbot/install/minibot_description/share/minibot_description/hook/cmake_prefix_path.sh'
[1.705s] Level 1:colcon.colcon_core.environment:checking '/home/kiro04/pinkbot/install/minibot_description/bin'
[1.705s] Level 1:colcon.colcon_core.environment:checking '/home/kiro04/pinkbot/install/minibot_description/lib/pkgconfig/minibot_description.pc'
[1.706s] Level 1:colcon.colcon_core.environment:checking '/home/kiro04/pinkbot/install/minibot_description/lib/python3.10/site-packages'
[1.706s] Level 1:colcon.colcon_core.environment:checking '/home/kiro04/pinkbot/install/minibot_description/bin'
[1.710s] INFO:colcon.colcon_core.shell:Creating package script '/home/kiro04/pinkbot/install/minibot_description/share/minibot_description/package.ps1'
[1.711s] INFO:colcon.colcon_core.shell:Creating package descriptor '/home/kiro04/pinkbot/install/minibot_description/share/minibot_description/package.dsv'
[1.711s] INFO:colcon.colcon_core.shell:Creating package script '/home/kiro04/pinkbot/install/minibot_description/share/minibot_description/package.sh'
[1.712s] INFO:colcon.colcon_core.shell:Creating package script '/home/kiro04/pinkbot/install/minibot_description/share/minibot_description/package.bash'
[1.713s] INFO:colcon.colcon_core.shell:Creating package script '/home/kiro04/pinkbot/install/minibot_description/share/minibot_description/package.zsh'
[1.713s] Level 1:colcon.colcon_core.environment:create_file_with_runtime_dependencies(/home/kiro04/pinkbot/install/minibot_description/share/colcon-core/packages/minibot_description)
[1.714s] INFO:colcon.colcon_ros.task.ament_cmake.build:Building ROS package in '/home/kiro04/pinkbot/src/pinklab_minibot_robot/minibot_gazebo' with build type 'ament_cmake'
[1.714s] INFO:colcon.colcon_cmake.task.cmake.build:Building CMake package in '/home/kiro04/pinkbot/src/pinklab_minibot_robot/minibot_gazebo'
[1.717s] INFO:colcon.colcon_core.shell:Skip shell extension 'powershell' for command environment: Not usable outside of PowerShell
[1.717s] DEBUG:colcon.colcon_core.shell:Skip shell extension 'dsv' for command environment
[1.738s] DEBUG:colcon.colcon_core.event_handler.log_command:Invoking command in '/home/kiro04/pinkbot/build/minibot_gazebo': AMENT_PREFIX_PATH=/home/kiro04/pinkbot/install/minibot_description:${AMENT_PREFIX_PATH} CMAKE_PREFIX_PATH=/home/kiro04/pinkbot/install/minibot_description:/opt/ros/humble /home/kiro04/.local/bin/cmake --build /home/kiro04/pinkbot/build/minibot_gazebo -- -j8 -l8
[1.770s] Level 1:colcon.colcon_core.environment:create_environment_scripts_only(minibot_hardware_interface)
[1.773s] Level 1:colcon.colcon_core.environment:checking '/home/kiro04/pinkbot/install/minibot_hardware_interface' for CMake module files
[1.774s] Level 1:colcon.colcon_core.environment:checking '/home/kiro04/pinkbot/install/minibot_hardware_interface' for CMake config files
[1.774s] Level 1:colcon.colcon_core.shell:create_environment_hook('minibot_hardware_interface', 'cmake_prefix_path')
[1.776s] INFO:colcon.colcon_core.shell:Creating environment hook '/home/kiro04/pinkbot/install/minibot_hardware_interface/share/minibot_hardware_interface/hook/cmake_prefix_path.ps1'
[1.777s] INFO:colcon.colcon_core.shell:Creating environment descriptor '/home/kiro04/pinkbot/install/minibot_hardware_interface/share/minibot_hardware_interface/hook/cmake_prefix_path.dsv'
[1.778s] INFO:colcon.colcon_core.shell:Creating environment hook '/home/kiro04/pinkbot/install/minibot_hardware_interface/share/minibot_hardware_interface/hook/cmake_prefix_path.sh'
[1.778s] Level 1:colcon.colcon_core.environment:checking '/home/kiro04/pinkbot/install/minibot_hardware_interface/lib'
[1.779s] Level 1:colcon.colcon_core.shell:create_environment_hook('minibot_hardware_interface', 'ld_library_path_lib')
[1.781s] INFO:colcon.colcon_core.shell:Creating environment hook '/home/kiro04/pinkbot/install/minibot_hardware_interface/share/minibot_hardware_interface/hook/ld_library_path_lib.ps1'
[1.782s] INFO:colcon.colcon_core.shell:Creating environment descriptor '/home/kiro04/pinkbot/install/minibot_hardware_interface/share/minibot_hardware_interface/hook/ld_library_path_lib.dsv'
[1.782s] INFO:colcon.colcon_core.shell:Creating environment hook '/home/kiro04/pinkbot/install/minibot_hardware_interface/share/minibot_hardware_interface/hook/ld_library_path_lib.sh'
[1.783s] Level 1:colcon.colcon_core.environment:checking '/home/kiro04/pinkbot/install/minibot_hardware_interface/bin'
[1.783s] Level 1:colcon.colcon_core.environment:checking '/home/kiro04/pinkbot/install/minibot_hardware_interface/lib/pkgconfig/minibot_hardware_interface.pc'
[1.784s] Level 1:colcon.colcon_core.environment:checking '/home/kiro04/pinkbot/install/minibot_hardware_interface/lib/python3.10/site-packages'
[1.784s] Level 1:colcon.colcon_core.environment:checking '/home/kiro04/pinkbot/install/minibot_hardware_interface/bin'
[1.787s] INFO:colcon.colcon_core.shell:Creating package script '/home/kiro04/pinkbot/install/minibot_hardware_interface/share/minibot_hardware_interface/package.ps1'
[1.788s] INFO:colcon.colcon_core.shell:Creating package descriptor '/home/kiro04/pinkbot/install/minibot_hardware_interface/share/minibot_hardware_interface/package.dsv'
[1.789s] INFO:colcon.colcon_core.shell:Creating package script '/home/kiro04/pinkbot/install/minibot_hardware_interface/share/minibot_hardware_interface/package.sh'
[1.790s] INFO:colcon.colcon_core.shell:Creating package script '/home/kiro04/pinkbot/install/minibot_hardware_interface/share/minibot_hardware_interface/package.bash'
[1.790s] INFO:colcon.colcon_core.shell:Creating package script '/home/kiro04/pinkbot/install/minibot_hardware_interface/share/minibot_hardware_interface/package.zsh'
[1.791s] Level 1:colcon.colcon_core.environment:create_file_with_runtime_dependencies(/home/kiro04/pinkbot/install/minibot_hardware_interface/share/colcon-core/packages/minibot_hardware_interface)
[1.867s] Level 1:colcon.colcon_core.environment:create_environment_scripts_only(minibot_interfaces)
[1.870s] Level 1:colcon.colcon_core.environment:checking '/home/kiro04/pinkbot/install/minibot_interfaces' for CMake module files
[1.871s] Level 1:colcon.colcon_core.environment:checking '/home/kiro04/pinkbot/install/minibot_interfaces' for CMake config files
[1.872s] Level 1:colcon.colcon_core.shell:create_environment_hook('minibot_interfaces', 'cmake_prefix_path')
[1.874s] INFO:colcon.colcon_core.shell:Creating environment hook '/home/kiro04/pinkbot/install/minibot_interfaces/share/minibot_interfaces/hook/cmake_prefix_path.ps1'
[1.875s] INFO:colcon.colcon_core.shell:Creating environment descriptor '/home/kiro04/pinkbot/install/minibot_interfaces/share/minibot_interfaces/hook/cmake_prefix_path.dsv'
[1.875s] INFO:colcon.colcon_core.shell:Creating environment hook '/home/kiro04/pinkbot/install/minibot_interfaces/share/minibot_interfaces/hook/cmake_prefix_path.sh'
[1.876s] Level 1:colcon.colcon_core.environment:checking '/home/kiro04/pinkbot/install/minibot_interfaces/lib'
[1.876s] Level 1:colcon.colcon_core.shell:create_environment_hook('minibot_interfaces', 'ld_library_path_lib')
[1.878s] INFO:colcon.colcon_core.shell:Creating environment hook '/home/kiro04/pinkbot/install/minibot_interfaces/share/minibot_interfaces/hook/ld_library_path_lib.ps1'
[1.879s] INFO:colcon.colcon_core.shell:Creating environment descriptor '/home/kiro04/pinkbot/install/minibot_interfaces/share/minibot_interfaces/hook/ld_library_path_lib.dsv'
[1.879s] INFO:colcon.colcon_core.shell:Creating environment hook '/home/kiro04/pinkbot/install/minibot_interfaces/share/minibot_interfaces/hook/ld_library_path_lib.sh'
[1.880s] Level 1:colcon.colcon_core.environment:checking '/home/kiro04/pinkbot/install/minibot_interfaces/bin'
[1.880s] Level 1:colcon.colcon_core.environment:checking '/home/kiro04/pinkbot/install/minibot_interfaces/lib/pkgconfig/minibot_interfaces.pc'
[1.880s] Level 1:colcon.colcon_core.environment:checking '/home/kiro04/pinkbot/install/minibot_interfaces/lib/python3.10/site-packages'
[1.881s] Level 1:colcon.colcon_core.environment:checking '/home/kiro04/pinkbot/install/minibot_interfaces/bin'
[1.883s] INFO:colcon.colcon_core.shell:Creating package script '/home/kiro04/pinkbot/install/minibot_interfaces/share/minibot_interfaces/package.ps1'
[1.884s] INFO:colcon.colcon_core.shell:Creating package descriptor '/home/kiro04/pinkbot/install/minibot_interfaces/share/minibot_interfaces/package.dsv'
[1.884s] INFO:colcon.colcon_core.shell:Creating package script '/home/kiro04/pinkbot/install/minibot_interfaces/share/minibot_interfaces/package.sh'
[1.885s] INFO:colcon.colcon_core.shell:Creating package script '/home/kiro04/pinkbot/install/minibot_interfaces/share/minibot_interfaces/package.bash'
[1.886s] INFO:colcon.colcon_core.shell:Creating package script '/home/kiro04/pinkbot/install/minibot_interfaces/share/minibot_interfaces/package.zsh'
[1.886s] Level 1:colcon.colcon_core.environment:create_file_with_runtime_dependencies(/home/kiro04/pinkbot/install/minibot_interfaces/share/colcon-core/packages/minibot_interfaces)
[1.888s] INFO:colcon.colcon_ros.task.ament_cmake.build:Building ROS package in '/home/kiro04/pinkbot/src/pinklab_minibot_robot/minibot_controllers' with build type 'ament_cmake'
[1.888s] INFO:colcon.colcon_cmake.task.cmake.build:Building CMake package in '/home/kiro04/pinkbot/src/pinklab_minibot_robot/minibot_controllers'
[1.890s] INFO:colcon.colcon_core.shell:Skip shell extension 'powershell' for command environment: Not usable outside of PowerShell
[1.890s] DEBUG:colcon.colcon_core.shell:Skip shell extension 'dsv' for command environment
[1.898s] DEBUG:colcon.colcon_core.event_handler.log_command:Invoked command in '/home/kiro04/pinkbot/build/minibot_gazebo' returned '0': AMENT_PREFIX_PATH=/home/kiro04/pinkbot/install/minibot_description:${AMENT_PREFIX_PATH} CMAKE_PREFIX_PATH=/home/kiro04/pinkbot/install/minibot_description:/opt/ros/humble /home/kiro04/.local/bin/cmake --build /home/kiro04/pinkbot/build/minibot_gazebo -- -j8 -l8
[1.909s] DEBUG:colcon.colcon_core.event_handler.log_command:Invoking command in '/home/kiro04/pinkbot/build/minibot_controllers': AMENT_PREFIX_PATH=/home/kiro04/pinkbot/install/minibot_interfaces:${AMENT_PREFIX_PATH} CMAKE_PREFIX_PATH=/home/kiro04/pinkbot/install/minibot_interfaces:/opt/ros/humble LD_LIBRARY_PATH=/home/kiro04/pinkbot/install/minibot_interfaces/lib:${LD_LIBRARY_PATH} PYTHONPATH=/home/kiro04/pinkbot/install/minibot_interfaces/local/lib/python3.10/dist-packages:${PYTHONPATH} /home/kiro04/.local/bin/cmake --build /home/kiro04/pinkbot/build/minibot_controllers -- -j8 -l8
[2.030s] DEBUG:colcon.colcon_core.event_handler.log_command:Invoking command in '/home/kiro04/pinkbot/build/minibot_gazebo': AMENT_PREFIX_PATH=/home/kiro04/pinkbot/install/minibot_description:${AMENT_PREFIX_PATH} CMAKE_PREFIX_PATH=/home/kiro04/pinkbot/install/minibot_description:/opt/ros/humble /home/kiro04/.local/bin/cmake --install /home/kiro04/pinkbot/build/minibot_gazebo
[2.060s] DEBUG:colcon.colcon_core.event_handler.log_command:Invoking command in '/home/kiro04/pinkbot/src/yolo_package': PYTHONPATH=/home/kiro04/pinkbot/build/yolo_package/prefix_override:/home/kiro04/pinkbot/install/yolo_package/lib/python3.10/site-packages:${PYTHONPATH} /usr/bin/python3 setup.py egg_info --egg-base ../../build/yolo_package build --build-base /home/kiro04/pinkbot/build/yolo_package/build install --record /home/kiro04/pinkbot/build/yolo_package/install.log --single-version-externally-managed
[2.074s] DEBUG:colcon.colcon_core.event_handler.log_command:Invoked command in '/home/kiro04/pinkbot/build/minibot_controllers' returned '0': AMENT_PREFIX_PATH=/home/kiro04/pinkbot/install/minibot_interfaces:${AMENT_PREFIX_PATH} CMAKE_PREFIX_PATH=/home/kiro04/pinkbot/install/minibot_interfaces:/opt/ros/humble LD_LIBRARY_PATH=/home/kiro04/pinkbot/install/minibot_interfaces/lib:${LD_LIBRARY_PATH} PYTHONPATH=/home/kiro04/pinkbot/install/minibot_interfaces/local/lib/python3.10/dist-packages:${PYTHONPATH} /home/kiro04/.local/bin/cmake --build /home/kiro04/pinkbot/build/minibot_controllers -- -j8 -l8
[2.144s] Level 1:colcon.colcon_core.environment:create_environment_scripts_only(minibot_gazebo)
[2.147s] Level 1:colcon.colcon_core.environment:checking '/home/kiro04/pinkbot/install/minibot_gazebo' for CMake module files
[2.149s] DEBUG:colcon.colcon_core.event_handler.log_command:Invoked command in '/home/kiro04/pinkbot/build/minibot_gazebo' returned '0': AMENT_PREFIX_PATH=/home/kiro04/pinkbot/install/minibot_description:${AMENT_PREFIX_PATH} CMAKE_PREFIX_PATH=/home/kiro04/pinkbot/install/minibot_description:/opt/ros/humble /home/kiro04/.local/bin/cmake --install /home/kiro04/pinkbot/build/minibot_gazebo
[2.149s] Level 1:colcon.colcon_core.environment:checking '/home/kiro04/pinkbot/install/minibot_gazebo' for CMake config files
[2.150s] Level 1:colcon.colcon_core.shell:create_environment_hook('minibot_gazebo', 'cmake_prefix_path')
[2.152s] INFO:colcon.colcon_core.shell:Creating environment hook '/home/kiro04/pinkbot/install/minibot_gazebo/share/minibot_gazebo/hook/cmake_prefix_path.ps1'
[2.153s] INFO:colcon.colcon_core.shell:Creating environment descriptor '/home/kiro04/pinkbot/install/minibot_gazebo/share/minibot_gazebo/hook/cmake_prefix_path.dsv'
[2.153s] INFO:colcon.colcon_core.shell:Creating environment hook '/home/kiro04/pinkbot/install/minibot_gazebo/share/minibot_gazebo/hook/cmake_prefix_path.sh'
[2.154s] Level 1:colcon.colcon_core.environment:checking '/home/kiro04/pinkbot/install/minibot_gazebo/bin'
[2.154s] Level 1:colcon.colcon_core.environment:checking '/home/kiro04/pinkbot/install/minibot_gazebo/lib/pkgconfig/minibot_gazebo.pc'
[2.155s] Level 1:colcon.colcon_core.environment:checking '/home/kiro04/pinkbot/install/minibot_gazebo/lib/python3.10/site-packages'
[2.155s] Level 1:colcon.colcon_core.environment:checking '/home/kiro04/pinkbot/install/minibot_gazebo/bin'
[2.157s] INFO:colcon.colcon_core.shell:Creating package script '/home/kiro04/pinkbot/install/minibot_gazebo/share/minibot_gazebo/package.ps1'
[2.158s] INFO:colcon.colcon_core.shell:Creating package descriptor '/home/kiro04/pinkbot/install/minibot_gazebo/share/minibot_gazebo/package.dsv'
[2.159s] INFO:colcon.colcon_core.shell:Creating package script '/home/kiro04/pinkbot/install/minibot_gazebo/share/minibot_gazebo/package.sh'
[2.160s] INFO:colcon.colcon_core.shell:Creating package script '/home/kiro04/pinkbot/install/minibot_gazebo/share/minibot_gazebo/package.bash'
[2.161s] INFO:colcon.colcon_core.shell:Creating package script '/home/kiro04/pinkbot/install/minibot_gazebo/share/minibot_gazebo/package.zsh'
[2.161s] Level 1:colcon.colcon_core.environment:create_file_with_runtime_dependencies(/home/kiro04/pinkbot/install/minibot_gazebo/share/colcon-core/packages/minibot_gazebo)
[2.213s] DEBUG:colcon.colcon_core.event_handler.log_command:Invoking command in '/home/kiro04/pinkbot/build/minibot_controllers': AMENT_PREFIX_PATH=/home/kiro04/pinkbot/install/minibot_interfaces:${AMENT_PREFIX_PATH} CMAKE_PREFIX_PATH=/home/kiro04/pinkbot/install/minibot_interfaces:/opt/ros/humble LD_LIBRARY_PATH=/home/kiro04/pinkbot/install/minibot_interfaces/lib:${LD_LIBRARY_PATH} PYTHONPATH=/home/kiro04/pinkbot/install/minibot_interfaces/local/lib/python3.10/dist-packages:${PYTHONPATH} /home/kiro04/.local/bin/cmake --install /home/kiro04/pinkbot/build/minibot_controllers
[2.327s] Level 1:colcon.colcon_core.environment:create_environment_scripts_only(minibot_gazebo)
[2.332s] Level 1:colcon.colcon_core.environment:checking '/home/kiro04/pinkbot/install/minibot_gazebo' for CMake module files
[2.334s] Level 1:colcon.colcon_core.environment:checking '/home/kiro04/pinkbot/install/minibot_gazebo' for CMake config files
[2.335s] Level 1:colcon.colcon_core.shell:create_environment_hook('minibot_gazebo', 'cmake_prefix_path')
[2.338s] INFO:colcon.colcon_core.shell:Creating environment hook '/home/kiro04/pinkbot/install/minibot_gazebo/share/minibot_gazebo/hook/cmake_prefix_path.ps1'
[2.339s] INFO:colcon.colcon_core.shell:Creating environment descriptor '/home/kiro04/pinkbot/install/minibot_gazebo/share/minibot_gazebo/hook/cmake_prefix_path.dsv'
[2.340s] INFO:colcon.colcon_core.shell:Creating environment hook '/home/kiro04/pinkbot/install/minibot_gazebo/share/minibot_gazebo/hook/cmake_prefix_path.sh'
[2.342s] Level 1:colcon.colcon_core.environment:checking '/home/kiro04/pinkbot/install/minibot_gazebo/bin'
[2.342s] Level 1:colcon.colcon_core.environment:checking '/home/kiro04/pinkbot/install/minibot_gazebo/lib/pkgconfig/minibot_gazebo.pc'
[2.343s] Level 1:colcon.colcon_core.environment:checking '/home/kiro04/pinkbot/install/minibot_gazebo/lib/python3.10/site-packages'
[2.344s] Level 1:colcon.colcon_core.environment:checking '/home/kiro04/pinkbot/install/minibot_gazebo/bin'
[2.348s] INFO:colcon.colcon_core.shell:Creating package script '/home/kiro04/pinkbot/install/minibot_gazebo/share/minibot_gazebo/package.ps1'
[2.349s] INFO:colcon.colcon_core.shell:Creating package descriptor '/home/kiro04/pinkbot/install/minibot_gazebo/share/minibot_gazebo/package.dsv'
[2.350s] INFO:colcon.colcon_core.shell:Creating package script '/home/kiro04/pinkbot/install/minibot_gazebo/share/minibot_gazebo/package.sh'
[2.352s] INFO:colcon.colcon_core.shell:Creating package script '/home/kiro04/pinkbot/install/minibot_gazebo/share/minibot_gazebo/package.bash'
[2.353s] INFO:colcon.colcon_core.shell:Creating package script '/home/kiro04/pinkbot/install/minibot_gazebo/share/minibot_gazebo/package.zsh'
[2.354s] Level 1:colcon.colcon_core.environment:create_file_with_runtime_dependencies(/home/kiro04/pinkbot/install/minibot_gazebo/share/colcon-core/packages/minibot_gazebo)
[2.356s] INFO:colcon.colcon_ros.task.ament_cmake.build:Building ROS package in '/home/kiro04/pinkbot/src/pinklab_minibot_robot/minibot_bringup' with build type 'ament_cmake'
[2.356s] INFO:colcon.colcon_cmake.task.cmake.build:Building CMake package in '/home/kiro04/pinkbot/src/pinklab_minibot_robot/minibot_bringup'
[2.360s] INFO:colcon.colcon_core.shell:Skip shell extension 'powershell' for command environment: Not usable outside of PowerShell
[2.360s] DEBUG:colcon.colcon_core.shell:Skip shell extension 'dsv' for command environment
[2.371s] Level 1:colcon.colcon_core.environment:create_environment_scripts_only(minibot_controllers)
[2.378s] Level 1:colcon.colcon_core.environment:checking '/home/kiro04/pinkbot/install/minibot_controllers' for CMake module files
[2.379s] DEBUG:colcon.colcon_core.event_handler.log_command:Invoked command in '/home/kiro04/pinkbot/build/minibot_controllers' returned '0': AMENT_PREFIX_PATH=/home/kiro04/pinkbot/install/minibot_interfaces:${AMENT_PREFIX_PATH} CMAKE_PREFIX_PATH=/home/kiro04/pinkbot/install/minibot_interfaces:/opt/ros/humble LD_LIBRARY_PATH=/home/kiro04/pinkbot/install/minibot_interfaces/lib:${LD_LIBRARY_PATH} PYTHONPATH=/home/kiro04/pinkbot/install/minibot_interfaces/local/lib/python3.10/dist-packages:${PYTHONPATH} /home/kiro04/.local/bin/cmake --install /home/kiro04/pinkbot/build/minibot_controllers
[2.380s] Level 1:colcon.colcon_core.environment:checking '/home/kiro04/pinkbot/install/minibot_controllers' for CMake config files
[2.381s] Level 1:colcon.colcon_core.shell:create_environment_hook('minibot_controllers', 'cmake_prefix_path')
[2.384s] INFO:colcon.colcon_core.shell:Creating environment hook '/home/kiro04/pinkbot/install/minibot_controllers/share/minibot_controllers/hook/cmake_prefix_path.ps1'
[2.385s] INFO:colcon.colcon_core.shell:Creating environment descriptor '/home/kiro04/pinkbot/install/minibot_controllers/share/minibot_controllers/hook/cmake_prefix_path.dsv'
[2.386s] INFO:colcon.colcon_core.shell:Creating environment hook '/home/kiro04/pinkbot/install/minibot_controllers/share/minibot_controllers/hook/cmake_prefix_path.sh'
[2.388s] Level 1:colcon.colcon_core.environment:checking '/home/kiro04/pinkbot/install/minibot_controllers/lib'
[2.388s] Level 1:colcon.colcon_core.shell:create_environment_hook('minibot_controllers', 'ld_library_path_lib')
[2.392s] INFO:colcon.colcon_core.shell:Creating environment hook '/home/kiro04/pinkbot/install/minibot_controllers/share/minibot_controllers/hook/ld_library_path_lib.ps1'
[2.393s] INFO:colcon.colcon_core.shell:Creating environment descriptor '/home/kiro04/pinkbot/install/minibot_controllers/share/minibot_controllers/hook/ld_library_path_lib.dsv'
[2.394s] INFO:colcon.colcon_core.shell:Creating environment hook '/home/kiro04/pinkbot/install/minibot_controllers/share/minibot_controllers/hook/ld_library_path_lib.sh'
[2.395s] Level 1:colcon.colcon_core.environment:checking '/home/kiro04/pinkbot/install/minibot_controllers/bin'
[2.395s] Level 1:colcon.colcon_core.environment:checking '/home/kiro04/pinkbot/install/minibot_controllers/lib/pkgconfig/minibot_controllers.pc'
[2.396s] Level 1:colcon.colcon_core.environment:checking '/home/kiro04/pinkbot/install/minibot_controllers/lib/python3.10/site-packages'
[2.396s] Level 1:colcon.colcon_core.environment:checking '/home/kiro04/pinkbot/install/minibot_controllers/bin'
[2.401s] INFO:colcon.colcon_core.shell:Creating package script '/home/kiro04/pinkbot/install/minibot_controllers/share/minibot_controllers/package.ps1'
[2.402s] INFO:colcon.colcon_core.shell:Creating package descriptor '/home/kiro04/pinkbot/install/minibot_controllers/share/minibot_controllers/package.dsv'
[2.403s] INFO:colcon.colcon_core.shell:Creating package script '/home/kiro04/pinkbot/install/minibot_controllers/share/minibot_controllers/package.sh'
[2.405s] INFO:colcon.colcon_core.shell:Creating package script '/home/kiro04/pinkbot/install/minibot_controllers/share/minibot_controllers/package.bash'
[2.405s] INFO:colcon.colcon_core.shell:Creating package script '/home/kiro04/pinkbot/install/minibot_controllers/share/minibot_controllers/package.zsh'
[2.406s] Level 1:colcon.colcon_core.environment:create_file_with_runtime_dependencies(/home/kiro04/pinkbot/install/minibot_controllers/share/colcon-core/packages/minibot_controllers)
[2.429s] DEBUG:colcon.colcon_core.event_handler.log_command:Invoking command in '/home/kiro04/pinkbot/build/minibot_bringup': AMENT_PREFIX_PATH=/home/kiro04/pinkbot/install/minibot_gazebo:/home/kiro04/pinkbot/install/minibot_description:${AMENT_PREFIX_PATH} CMAKE_PREFIX_PATH=/home/kiro04/pinkbot/install/minibot_gazebo:/home/kiro04/pinkbot/install/minibot_description:/opt/ros/humble /home/kiro04/.local/bin/cmake --build /home/kiro04/pinkbot/build/minibot_bringup -- -j8 -l8
[2.615s] Level 1:colcon.colcon_core.environment:create_environment_scripts_only(minibot_controllers)
[2.620s] Level 1:colcon.colcon_core.environment:checking '/home/kiro04/pinkbot/install/minibot_controllers' for CMake module files
[2.622s] Level 1:colcon.colcon_core.environment:checking '/home/kiro04/pinkbot/install/minibot_controllers' for CMake config files
[2.622s] Level 1:colcon.colcon_core.shell:create_environment_hook('minibot_controllers', 'cmake_prefix_path')
[2.625s] INFO:colcon.colcon_core.shell:Creating environment hook '/home/kiro04/pinkbot/install/minibot_controllers/share/minibot_controllers/hook/cmake_prefix_path.ps1'
[2.626s] INFO:colcon.colcon_core.shell:Creating environment descriptor '/home/kiro04/pinkbot/install/minibot_controllers/share/minibot_controllers/hook/cmake_prefix_path.dsv'
[2.627s] INFO:colcon.colcon_core.shell:Creating environment hook '/home/kiro04/pinkbot/install/minibot_controllers/share/minibot_controllers/hook/cmake_prefix_path.sh'
[2.627s] Level 1:colcon.colcon_core.environment:checking '/home/kiro04/pinkbot/install/minibot_controllers/lib'
[2.628s] Level 1:colcon.colcon_core.shell:create_environment_hook('minibot_controllers', 'ld_library_path_lib')
[2.630s] INFO:colcon.colcon_core.shell:Creating environment hook '/home/kiro04/pinkbot/install/minibot_controllers/share/minibot_controllers/hook/ld_library_path_lib.ps1'
[2.630s] INFO:colcon.colcon_core.shell:Creating environment descriptor '/home/kiro04/pinkbot/install/minibot_controllers/share/minibot_controllers/hook/ld_library_path_lib.dsv'
[2.631s] INFO:colcon.colcon_core.shell:Creating environment hook '/home/kiro04/pinkbot/install/minibot_controllers/share/minibot_controllers/hook/ld_library_path_lib.sh'
[2.631s] Level 1:colcon.colcon_core.environment:checking '/home/kiro04/pinkbot/install/minibot_controllers/bin'
[2.631s] Level 1:colcon.colcon_core.environment:checking '/home/kiro04/pinkbot/install/minibot_controllers/lib/pkgconfig/minibot_controllers.pc'
[2.632s] Level 1:colcon.colcon_core.environment:checking '/home/kiro04/pinkbot/install/minibot_controllers/lib/python3.10/site-packages'
[2.632s] Level 1:colcon.colcon_core.environment:checking '/home/kiro04/pinkbot/install/minibot_controllers/bin'
[2.635s] INFO:colcon.colcon_core.shell:Creating package script '/home/kiro04/pinkbot/install/minibot_controllers/share/minibot_controllers/package.ps1'
[2.636s] INFO:colcon.colcon_core.shell:Creating package descriptor '/home/kiro04/pinkbot/install/minibot_controllers/share/minibot_controllers/package.dsv'
[2.637s] INFO:colcon.colcon_core.shell:Creating package script '/home/kiro04/pinkbot/install/minibot_controllers/share/minibot_controllers/package.sh'
[2.638s] INFO:colcon.colcon_core.shell:Creating package script '/home/kiro04/pinkbot/install/minibot_controllers/share/minibot_controllers/package.bash'
[2.639s] INFO:colcon.colcon_core.shell:Creating package script '/home/kiro04/pinkbot/install/minibot_controllers/share/minibot_controllers/package.zsh'
[2.639s] Level 1:colcon.colcon_core.environment:create_file_with_runtime_dependencies(/home/kiro04/pinkbot/install/minibot_controllers/share/colcon-core/packages/minibot_controllers)
[2.642s] DEBUG:colcon.colcon_core.event_handler.log_command:Invoked command in '/home/kiro04/pinkbot/build/minibot_bringup' returned '0': AMENT_PREFIX_PATH=/home/kiro04/pinkbot/install/minibot_gazebo:/home/kiro04/pinkbot/install/minibot_description:${AMENT_PREFIX_PATH} CMAKE_PREFIX_PATH=/home/kiro04/pinkbot/install/minibot_gazebo:/home/kiro04/pinkbot/install/minibot_description:/opt/ros/humble /home/kiro04/.local/bin/cmake --build /home/kiro04/pinkbot/build/minibot_bringup -- -j8 -l8
[2.769s] DEBUG:colcon.colcon_core.event_handler.log_command:Invoking command in '/home/kiro04/pinkbot/build/minibot_bringup': AMENT_PREFIX_PATH=/home/kiro04/pinkbot/install/minibot_gazebo:/home/kiro04/pinkbot/install/minibot_description:${AMENT_PREFIX_PATH} CMAKE_PREFIX_PATH=/home/kiro04/pinkbot/install/minibot_gazebo:/home/kiro04/pinkbot/install/minibot_description:/opt/ros/humble /home/kiro04/.local/bin/cmake --install /home/kiro04/pinkbot/build/minibot_bringup
[2.849s] Level 1:colcon.colcon_core.environment:checking '/home/kiro04/pinkbot/install/yolo_package' for CMake module files
[2.850s] DEBUG:colcon.colcon_core.event_handler.log_command:Invoked command in '/home/kiro04/pinkbot/src/yolo_package' returned '0': PYTHONPATH=/home/kiro04/pinkbot/build/yolo_package/prefix_override:/home/kiro04/pinkbot/install/yolo_package/lib/python3.10/site-packages:${PYTHONPATH} /usr/bin/python3 setup.py egg_info --egg-base ../../build/yolo_package build --build-base /home/kiro04/pinkbot/build/yolo_package/build install --record /home/kiro04/pinkbot/build/yolo_package/install.log --single-version-externally-managed
[2.851s] Level 1:colcon.colcon_core.environment:checking '/home/kiro04/pinkbot/install/yolo_package' for CMake config files
[2.852s] Level 1:colcon.colcon_core.environment:checking '/home/kiro04/pinkbot/install/yolo_package/lib'
[2.852s] Level 1:colcon.colcon_core.environment:checking '/home/kiro04/pinkbot/install/yolo_package/bin'
[2.853s] Level 1:colcon.colcon_core.environment:checking '/home/kiro04/pinkbot/install/yolo_package/lib/pkgconfig/yolo_package.pc'
[2.853s] Level 1:colcon.colcon_core.environment:checking '/home/kiro04/pinkbot/install/yolo_package/lib/python3.10/site-packages'
[2.853s] Level 1:colcon.colcon_core.shell:create_environment_hook('yolo_package', 'pythonpath')
[2.857s] INFO:colcon.colcon_core.shell:Creating environment hook '/home/kiro04/pinkbot/install/yolo_package/share/yolo_package/hook/pythonpath.ps1'
[2.857s] INFO:colcon.colcon_core.shell:Creating environment descriptor '/home/kiro04/pinkbot/install/yolo_package/share/yolo_package/hook/pythonpath.dsv'
[2.858s] INFO:colcon.colcon_core.shell:Creating environment hook '/home/kiro04/pinkbot/install/yolo_package/share/yolo_package/hook/pythonpath.sh'
[2.859s] Level 1:colcon.colcon_core.environment:checking '/home/kiro04/pinkbot/install/yolo_package/bin'
[2.859s] Level 1:colcon.colcon_core.environment:create_environment_scripts_only(yolo_package)
[2.862s] INFO:colcon.colcon_core.shell:Creating package script '/home/kiro04/pinkbot/install/yolo_package/share/yolo_package/package.ps1'
[2.863s] INFO:colcon.colcon_core.shell:Creating package descriptor '/home/kiro04/pinkbot/install/yolo_package/share/yolo_package/package.dsv'
[2.864s] INFO:colcon.colcon_core.shell:Creating package script '/home/kiro04/pinkbot/install/yolo_package/share/yolo_package/package.sh'
[2.865s] INFO:colcon.colcon_core.shell:Creating package script '/home/kiro04/pinkbot/install/yolo_package/share/yolo_package/package.bash'
[2.865s] INFO:colcon.colcon_core.shell:Creating package script '/home/kiro04/pinkbot/install/yolo_package/share/yolo_package/package.zsh'
[2.866s] Level 1:colcon.colcon_core.environment:create_file_with_runtime_dependencies(/home/kiro04/pinkbot/install/yolo_package/share/colcon-core/packages/yolo_package)
[2.888s] Level 1:colcon.colcon_core.environment:create_environment_scripts_only(minibot_bringup)
[2.889s] DEBUG:colcon.colcon_core.event_handler.log_command:Invoked command in '/home/kiro04/pinkbot/build/minibot_bringup' returned '0': AMENT_PREFIX_PATH=/home/kiro04/pinkbot/install/minibot_gazebo:/home/kiro04/pinkbot/install/minibot_description:${AMENT_PREFIX_PATH} CMAKE_PREFIX_PATH=/home/kiro04/pinkbot/install/minibot_gazebo:/home/kiro04/pinkbot/install/minibot_description:/opt/ros/humble /home/kiro04/.local/bin/cmake --install /home/kiro04/pinkbot/build/minibot_bringup
[2.892s] Level 1:colcon.colcon_core.environment:checking '/home/kiro04/pinkbot/install/minibot_bringup' for CMake module files
[2.893s] Level 1:colcon.colcon_core.environment:checking '/home/kiro04/pinkbot/install/minibot_bringup' for CMake config files
[2.894s] Level 1:colcon.colcon_core.shell:create_environment_hook('minibot_bringup', 'cmake_prefix_path')
[2.896s] INFO:colcon.colcon_core.shell:Creating environment hook '/home/kiro04/pinkbot/install/minibot_bringup/share/minibot_bringup/hook/cmake_prefix_path.ps1'
[2.897s] INFO:colcon.colcon_core.shell:Creating environment descriptor '/home/kiro04/pinkbot/install/minibot_bringup/share/minibot_bringup/hook/cmake_prefix_path.dsv'
[2.897s] INFO:colcon.colcon_core.shell:Creating environment hook '/home/kiro04/pinkbot/install/minibot_bringup/share/minibot_bringup/hook/cmake_prefix_path.sh'
[2.898s] Level 1:colcon.colcon_core.environment:checking '/home/kiro04/pinkbot/install/minibot_bringup/bin'
[2.899s] Level 1:colcon.colcon_core.environment:checking '/home/kiro04/pinkbot/install/minibot_bringup/lib/pkgconfig/minibot_bringup.pc'
[2.899s] Level 1:colcon.colcon_core.environment:checking '/home/kiro04/pinkbot/install/minibot_bringup/lib/python3.10/site-packages'
[2.900s] Level 1:colcon.colcon_core.environment:checking '/home/kiro04/pinkbot/install/minibot_bringup/bin'
[2.904s] INFO:colcon.colcon_core.shell:Creating package script '/home/kiro04/pinkbot/install/minibot_bringup/share/minibot_bringup/package.ps1'
[2.905s] INFO:colcon.colcon_core.shell:Creating package descriptor '/home/kiro04/pinkbot/install/minibot_bringup/share/minibot_bringup/package.dsv'
[2.906s] INFO:colcon.colcon_core.shell:Creating package script '/home/kiro04/pinkbot/install/minibot_bringup/share/minibot_bringup/package.sh'
[2.907s] INFO:colcon.colcon_core.shell:Creating package script '/home/kiro04/pinkbot/install/minibot_bringup/share/minibot_bringup/package.bash'
[2.907s] INFO:colcon.colcon_core.shell:Creating package script '/home/kiro04/pinkbot/install/minibot_bringup/share/minibot_bringup/package.zsh'
[2.907s] Level 1:colcon.colcon_core.environment:create_file_with_runtime_dependencies(/home/kiro04/pinkbot/install/minibot_bringup/share/colcon-core/packages/minibot_bringup)
[3.041s] Level 1:colcon.colcon_core.environment:create_environment_scripts_only(minibot_bringup)
[3.045s] Level 1:colcon.colcon_core.environment:checking '/home/kiro04/pinkbot/install/minibot_bringup' for CMake module files
[3.046s] Level 1:colcon.colcon_core.environment:checking '/home/kiro04/pinkbot/install/minibot_bringup' for CMake config files
[3.046s] Level 1:colcon.colcon_core.shell:create_environment_hook('minibot_bringup', 'cmake_prefix_path')
[3.049s] INFO:colcon.colcon_core.shell:Creating environment hook '/home/kiro04/pinkbot/install/minibot_bringup/share/minibot_bringup/hook/cmake_prefix_path.ps1'
[3.050s] INFO:colcon.colcon_core.shell:Creating environment descriptor '/home/kiro04/pinkbot/install/minibot_bringup/share/minibot_bringup/hook/cmake_prefix_path.dsv'
[3.051s] INFO:colcon.colcon_core.shell:Creating environment hook '/home/kiro04/pinkbot/install/minibot_bringup/share/minibot_bringup/hook/cmake_prefix_path.sh'
[3.053s] Level 1:colcon.colcon_core.environment:checking '/home/kiro04/pinkbot/install/minibot_bringup/bin'
[3.053s] Level 1:colcon.colcon_core.environment:checking '/home/kiro04/pinkbot/install/minibot_bringup/lib/pkgconfig/minibot_bringup.pc'
[3.054s] Level 1:colcon.colcon_core.environment:checking '/home/kiro04/pinkbot/install/minibot_bringup/lib/python3.10/site-packages'
[3.055s] Level 1:colcon.colcon_core.environment:checking '/home/kiro04/pinkbot/install/minibot_bringup/bin'
[3.058s] INFO:colcon.colcon_core.shell:Creating package script '/home/kiro04/pinkbot/install/minibot_bringup/share/minibot_bringup/package.ps1'
[3.059s] INFO:colcon.colcon_core.shell:Creating package descriptor '/home/kiro04/pinkbot/install/minibot_bringup/share/minibot_bringup/package.dsv'
[3.060s] INFO:colcon.colcon_core.shell:Creating package script '/home/kiro04/pinkbot/install/minibot_bringup/share/minibot_bringup/package.sh'
[3.061s] INFO:colcon.colcon_core.shell:Creating package script '/home/kiro04/pinkbot/install/minibot_bringup/share/minibot_bringup/package.bash'
[3.062s] INFO:colcon.colcon_core.shell:Creating package script '/home/kiro04/pinkbot/install/minibot_bringup/share/minibot_bringup/package.zsh'
[3.063s] Level 1:colcon.colcon_core.environment:create_file_with_runtime_dependencies(/home/kiro04/pinkbot/install/minibot_bringup/share/colcon-core/packages/minibot_bringup)
[3.063s] DEBUG:colcon.colcon_parallel_executor.executor.parallel:closing loop
[3.064s] DEBUG:colcon.colcon_parallel_executor.executor.parallel:loop closed
[3.064s] DEBUG:colcon.colcon_parallel_executor.executor.parallel:run_until_complete finished with '0'
[3.065s] DEBUG:colcon.colcon_core.event_reactor:joining thread
[3.074s] INFO:colcon.colcon_core.plugin_system:Skipping extension 'colcon_notification.desktop_notification.terminal_notifier': Not used on non-Darwin systems
[3.075s] INFO:colcon.colcon_core.plugin_system:Skipping extension 'colcon_notification.desktop_notification.win32': Not used on non-Windows systems
[3.075s] INFO:colcon.colcon_notification.desktop_notification:Sending desktop notification using 'notify2'
[3.095s] DEBUG:colcon.colcon_core.event_reactor:joined thread
[3.099s] INFO:colcon.colcon_core.shell:Creating prefix script '/home/kiro04/pinkbot/install/local_setup.ps1'
[3.102s] INFO:colcon.colcon_core.shell:Creating prefix util module '/home/kiro04/pinkbot/install/_local_setup_util_ps1.py'
[3.106s] INFO:colcon.colcon_core.shell:Creating prefix chain script '/home/kiro04/pinkbot/install/setup.ps1'
[3.110s] INFO:colcon.colcon_core.shell:Creating prefix script '/home/kiro04/pinkbot/install/local_setup.sh'
[3.111s] INFO:colcon.colcon_core.shell:Creating prefix util module '/home/kiro04/pinkbot/install/_local_setup_util_sh.py'
[3.112s] INFO:colcon.colcon_core.shell:Creating prefix chain script '/home/kiro04/pinkbot/install/setup.sh'
[3.115s] INFO:colcon.colcon_core.shell:Creating prefix script '/home/kiro04/pinkbot/install/local_setup.bash'
[3.116s] INFO:colcon.colcon_core.shell:Creating prefix chain script '/home/kiro04/pinkbot/install/setup.bash'
[3.119s] INFO:colcon.colcon_core.shell:Creating prefix script '/home/kiro04/pinkbot/install/local_setup.zsh'
[3.120s] INFO:colcon.colcon_core.shell:Creating prefix chain script '/home/kiro04/pinkbot/install/setup.zsh'
