[2.991s] Invoking command in '/home/kiro04/pinkbot/src/pinklab_minibot_robot/minibot_marker': PYTHONPATH=/home/kiro04/pinkbot/build/minibot_marker/prefix_override:/home/kiro04/pinkbot/install/minibot_marker/lib/python3.10/site-packages:${PYTHONPATH} /usr/bin/python3 setup.py egg_info --egg-base ../../../build/minibot_marker build --build-base /home/kiro04/pinkbot/build/minibot_marker/build install --record /home/kiro04/pinkbot/build/minibot_marker/install.log --single-version-externally-managed
[3.530s] running egg_info
[3.532s] writing ../../../build/minibot_marker/minibot_marker.egg-info/PKG-INFO
[3.532s] writing dependency_links to ../../../build/minibot_marker/minibot_marker.egg-info/dependency_links.txt
[3.533s] writing entry points to ../../../build/minibot_marker/minibot_marker.egg-info/entry_points.txt
[3.533s] writing requirements to ../../../build/minibot_marker/minibot_marker.egg-info/requires.txt
[3.533s] writing top-level names to ../../../build/minibot_marker/minibot_marker.egg-info/top_level.txt
[3.536s] reading manifest file '../../../build/minibot_marker/minibot_marker.egg-info/SOURCES.txt'
[3.537s] writing manifest file '../../../build/minibot_marker/minibot_marker.egg-info/SOURCES.txt'
[3.538s] running build
[3.538s] running build_py
[3.538s] running install
[3.539s] /usr/lib/python3/dist-packages/setuptools/command/install.py:34: SetuptoolsDeprecationWarning: setup.py install is deprecated. Use build and pip and other standards-based tools.
[3.539s]   warnings.warn(
[3.539s] running install_lib
[3.541s] running install_data
[3.542s] running install_egg_info
[3.544s] removing '/home/kiro04/pinkbot/install/minibot_marker/lib/python3.10/site-packages/minibot_marker-0.0.0-py3.10.egg-info' (and everything under it)
[3.545s] Copying ../../../build/minibot_marker/minibot_marker.egg-info to /home/kiro04/pinkbot/install/minibot_marker/lib/python3.10/site-packages/minibot_marker-0.0.0-py3.10.egg-info
[3.546s] running install_scripts
[3.583s] Installing cmd_vel_publisher script to /home/kiro04/pinkbot/install/minibot_marker/lib/minibot_marker
[3.583s] Installing marker_publisher script to /home/kiro04/pinkbot/install/minibot_marker/lib/minibot_marker
[3.584s] writing list of installed files to '/home/kiro04/pinkbot/build/minibot_marker/install.log'
[3.640s] Invoked command in '/home/kiro04/pinkbot/src/pinklab_minibot_robot/minibot_marker' returned '0': PYTHONPATH=/home/kiro04/pinkbot/build/minibot_marker/prefix_override:/home/kiro04/pinkbot/install/minibot_marker/lib/python3.10/site-packages:${PYTHONPATH} /usr/bin/python3 setup.py egg_info --egg-base ../../../build/minibot_marker build --build-base /home/kiro04/pinkbot/build/minibot_marker/build install --record /home/kiro04/pinkbot/build/minibot_marker/install.log --single-version-externally-managed
