[3.774s] Invoking command in '/home/kiro04/pinkbot/src/yolo_package': PYTHONPATH=/home/kiro04/pinkbot/build/yolo_package/prefix_override:/home/kiro04/pinkbot/install/yolo_package/lib/python3.10/site-packages:${PYTHONPATH} /usr/bin/python3 setup.py egg_info --egg-base ../../build/yolo_package build --build-base /home/kiro04/pinkbot/build/yolo_package/build install --record /home/kiro04/pinkbot/build/yolo_package/install.log --single-version-externally-managed
[4.488s] running egg_info
[4.488s] writing ../../build/yolo_package/yolo_package.egg-info/PKG-INFO
[4.489s] writing dependency_links to ../../build/yolo_package/yolo_package.egg-info/dependency_links.txt
[4.489s] writing entry points to ../../build/yolo_package/yolo_package.egg-info/entry_points.txt
[4.489s] writing requirements to ../../build/yolo_package/yolo_package.egg-info/requires.txt
[4.490s] writing top-level names to ../../build/yolo_package/yolo_package.egg-info/top_level.txt
[4.490s] reading manifest file '../../build/yolo_package/yolo_package.egg-info/SOURCES.txt'
[4.491s] writing manifest file '../../build/yolo_package/yolo_package.egg-info/SOURCES.txt'
[4.492s] running build
[4.495s] running build_py
[4.496s] running install
[4.497s] /usr/lib/python3/dist-packages/setuptools/command/install.py:34: SetuptoolsDeprecationWarning: setup.py install is deprecated. Use build and pip and other standards-based tools.
[4.498s]   warnings.warn(
[4.500s] running install_lib
[4.501s] running install_data
[4.501s] running install_egg_info
[4.501s] removing '/home/kiro04/pinkbot/install/yolo_package/lib/python3.10/site-packages/yolo_package-0.0.0-py3.10.egg-info' (and everything under it)
[4.502s] Copying ../../build/yolo_package/yolo_package.egg-info to /home/kiro04/pinkbot/install/yolo_package/lib/python3.10/site-packages/yolo_package-0.0.0-py3.10.egg-info
[4.503s] running install_scripts
[4.536s] Installing yolo_madel script to /home/kiro04/pinkbot/install/yolo_package/lib/yolo_package
[4.537s] Installing yolo_node script to /home/kiro04/pinkbot/install/yolo_package/lib/yolo_package
[4.537s] writing list of installed files to '/home/kiro04/pinkbot/build/yolo_package/install.log'
[4.593s] Invoked command in '/home/kiro04/pinkbot/src/yolo_package' returned '0': PYTHONPATH=/home/kiro04/pinkbot/build/yolo_package/prefix_override:/home/kiro04/pinkbot/install/yolo_package/lib/python3.10/site-packages:${PYTHONPATH} /usr/bin/python3 setup.py egg_info --egg-base ../../build/yolo_package build --build-base /home/kiro04/pinkbot/build/yolo_package/build install --record /home/kiro04/pinkbot/build/yolo_package/install.log --single-version-externally-managed
