[1.986s] Invoking command in '/home/kiro04/pinkbot/src/yolo_package': PYTHONPATH=/home/kiro04/pinkbot/build/yolo_package/prefix_override:/home/kiro04/pinkbot/install/yolo_package/lib/python3.10/site-packages:${PYTHONPATH} /usr/bin/python3 setup.py egg_info --egg-base ../../build/yolo_package build --build-base /home/kiro04/pinkbot/build/yolo_package/build install --record /home/kiro04/pinkbot/build/yolo_package/install.log --single-version-externally-managed
[2.621s] running egg_info
[2.624s] writing ../../build/yolo_package/yolo_package.egg-info/PKG-INFO
[2.624s] writing dependency_links to ../../build/yolo_package/yolo_package.egg-info/dependency_links.txt
[2.624s] writing entry points to ../../build/yolo_package/yolo_package.egg-info/entry_points.txt
[2.625s] writing requirements to ../../build/yolo_package/yolo_package.egg-info/requires.txt
[2.625s] writing top-level names to ../../build/yolo_package/yolo_package.egg-info/top_level.txt
[2.632s] reading manifest file '../../build/yolo_package/yolo_package.egg-info/SOURCES.txt'
[2.634s] writing manifest file '../../build/yolo_package/yolo_package.egg-info/SOURCES.txt'
[2.635s] running build
[2.637s] running build_py
[2.638s] /usr/lib/python3/dist-packages/setuptools/command/install.py:34: SetuptoolsDeprecationWarning: setup.py install is deprecated. Use build and pip and other standards-based tools.
[2.639s]   warnings.warn(
[2.639s] running install
[2.639s] running install_lib
[2.643s] running install_data
[2.644s] running install_egg_info
[2.647s] removing '/home/kiro04/pinkbot/install/yolo_package/lib/python3.10/site-packages/yolo_package-0.0.0-py3.10.egg-info' (and everything under it)
[2.648s] Copying ../../build/yolo_package/yolo_package.egg-info to /home/kiro04/pinkbot/install/yolo_package/lib/python3.10/site-packages/yolo_package-0.0.0-py3.10.egg-info
[2.659s] running install_scripts
[2.706s] Installing yolo_madel script to /home/kiro04/pinkbot/install/yolo_package/lib/yolo_package
[2.706s] Installing yolo_node script to /home/kiro04/pinkbot/install/yolo_package/lib/yolo_package
[2.706s] writing list of installed files to '/home/kiro04/pinkbot/build/yolo_package/install.log'
[2.786s] Invoked command in '/home/kiro04/pinkbot/src/yolo_package' returned '0': PYTHONPATH=/home/kiro04/pinkbot/build/yolo_package/prefix_override:/home/kiro04/pinkbot/install/yolo_package/lib/python3.10/site-packages:${PYTHONPATH} /usr/bin/python3 setup.py egg_info --egg-base ../../build/yolo_package build --build-base /home/kiro04/pinkbot/build/yolo_package/build install --record /home/kiro04/pinkbot/build/yolo_package/install.log --single-version-externally-managed
