[3.974s] Invoking command in '/home/kiro04/pinkbot/src/pinklab_minibot_robot/minibot_marker': PYTHONPATH=/home/kiro04/pinkbot/build/minibot_marker/prefix_override:/home/kiro04/pinkbot/install/minibot_marker/lib/python3.10/site-packages:${PYTHONPATH} /usr/bin/python3 setup.py egg_info --egg-base ../../../build/minibot_marker build --build-base /home/kiro04/pinkbot/build/minibot_marker/build install --record /home/kiro04/pinkbot/build/minibot_marker/install.log --single-version-externally-managed
[5.011s] running egg_info
[5.014s] writing ../../../build/minibot_marker/minibot_marker.egg-info/PKG-INFO
[5.014s] writing dependency_links to ../../../build/minibot_marker/minibot_marker.egg-info/dependency_links.txt
[5.015s] writing entry points to ../../../build/minibot_marker/minibot_marker.egg-info/entry_points.txt
[5.015s] writing requirements to ../../../build/minibot_marker/minibot_marker.egg-info/requires.txt
[5.015s] writing top-level names to ../../../build/minibot_marker/minibot_marker.egg-info/top_level.txt
[5.021s] reading manifest file '../../../build/minibot_marker/minibot_marker.egg-info/SOURCES.txt'
[5.023s] writing manifest file '../../../build/minibot_marker/minibot_marker.egg-info/SOURCES.txt'
[5.024s] running build
[5.024s] running build_py
[5.025s] running install
[5.025s] /usr/lib/python3/dist-packages/setuptools/command/install.py:34: SetuptoolsDeprecationWarning: setup.py install is deprecated. Use build and pip and other standards-based tools.
[5.062s]   warnings.warn(
[5.062s] running install_lib
[5.063s] running install_data
[5.063s] running install_egg_info
[5.063s] removing '/home/kiro04/pinkbot/install/minibot_marker/lib/python3.10/site-packages/minibot_marker-0.0.0-py3.10.egg-info' (and everything under it)
[5.063s] Copying ../../../build/minibot_marker/minibot_marker.egg-info to /home/kiro04/pinkbot/install/minibot_marker/lib/python3.10/site-packages/minibot_marker-0.0.0-py3.10.egg-info
[5.063s] running install_scripts
[5.118s] Installing cmd_vel_publisher script to /home/kiro04/pinkbot/install/minibot_marker/lib/minibot_marker
[5.118s] Installing marker_publisher script to /home/kiro04/pinkbot/install/minibot_marker/lib/minibot_marker
[5.119s] writing list of installed files to '/home/kiro04/pinkbot/build/minibot_marker/install.log'
[5.282s] Invoked command in '/home/kiro04/pinkbot/src/pinklab_minibot_robot/minibot_marker' returned '0': PYTHONPATH=/home/kiro04/pinkbot/build/minibot_marker/prefix_override:/home/kiro04/pinkbot/install/minibot_marker/lib/python3.10/site-packages:${PYTHONPATH} /usr/bin/python3 setup.py egg_info --egg-base ../../../build/minibot_marker build --build-base /home/kiro04/pinkbot/build/minibot_marker/build install --record /home/kiro04/pinkbot/build/minibot_marker/install.log --single-version-externally-managed
