[0.401s] DEBUG:colcon:Command line arguments: ['/usr/bin/colcon', 'build']
[0.401s] DEBUG:colcon:Parsed command line arguments: Namespace(log_base=None, log_level=None, verb_name='build', build_base='build', install_base='install', merge_install=False, symlink_install=False, test_result_base=None, continue_on_error=False, executor='parallel', parallel_workers=8, event_handlers=None, ignore_user_meta=False, metas=['./colcon.meta'], base_paths=['.'], packages_ignore=None, packages_ignore_regex=None, paths=None, packages_up_to=None, packages_up_to_regex=None, packages_above=None, packages_above_and_dependencies=None, packages_above_depth=None, packages_select_by_dep=None, packages_skip_by_dep=None, packages_skip_up_to=None, packages_select_build_failed=False, packages_skip_build_finished=False, packages_select_test_failures=False, packages_skip_test_passed=False, packages_select=None, packages_skip=None, packages_select_regex=None, packages_skip_regex=None, packages_start=None, packages_end=None, allow_overriding=[], cmake_args=None, cmake_target=None, cmake_target_skip_unavailable=False, cmake_clean_cache=False, cmake_clean_first=False, cmake_force_configure=False, ament_cmake_args=None, catkin_cmake_args=None, catkin_skip_building_tests=False, verb_parser=<colcon_defaults.argument_parser.defaults.DefaultArgumentsDecorator object at 0x7fc74731f070>, verb_extension=<colcon_core.verb.build.BuildVerb object at 0x7fc747db59c0>, main=<bound method BuildVerb.main of <colcon_core.verb.build.BuildVerb object at 0x7fc747db59c0>>)
[0.436s] Level 1:colcon.colcon_core.package_discovery:discover_packages(colcon_meta) check parameters
[0.436s] Level 1:colcon.colcon_core.package_discovery:discover_packages(recursive) check parameters
[0.436s] Level 1:colcon.colcon_core.package_discovery:discover_packages(ignore) check parameters
[0.436s] Level 1:colcon.colcon_core.package_discovery:discover_packages(path) check parameters
[0.437s] Level 1:colcon.colcon_core.package_discovery:discover_packages(colcon_meta) discover
[0.437s] Level 1:colcon.colcon_core.package_discovery:discover_packages(recursive) discover
[0.437s] INFO:colcon.colcon_core.package_discovery:Crawling recursively for packages in '/home/kiro04/pinkbot'
[0.437s] Level 1:colcon.colcon_core.package_identification:_identify(.) by extensions ['ignore', 'ignore_ament_install']
[0.437s] Level 1:colcon.colcon_core.package_identification:_identify(.) by extension 'ignore'
[0.437s] Level 1:colcon.colcon_core.package_identification:_identify(.) by extension 'ignore_ament_install'
[0.437s] Level 1:colcon.colcon_core.package_identification:_identify(.) by extensions ['colcon_pkg']
[0.437s] Level 1:colcon.colcon_core.package_identification:_identify(.) by extension 'colcon_pkg'
[0.437s] Level 1:colcon.colcon_core.package_identification:_identify(.) by extensions ['colcon_meta']
[0.437s] Level 1:colcon.colcon_core.package_identification:_identify(.) by extension 'colcon_meta'
[0.437s] Level 1:colcon.colcon_core.package_identification:_identify(.) by extensions ['ros']
[0.437s] Level 1:colcon.colcon_core.package_identification:_identify(.) by extension 'ros'
[0.450s] Level 1:colcon.colcon_core.package_identification:_identify(.) by extensions ['cmake', 'python']
[0.450s] Level 1:colcon.colcon_core.package_identification:_identify(.) by extension 'cmake'
[0.450s] Level 1:colcon.colcon_core.package_identification:_identify(.) by extension 'python'
[0.450s] Level 1:colcon.colcon_core.package_identification:_identify(.) by extensions ['python_setup_py']
[0.450s] Level 1:colcon.colcon_core.package_identification:_identify(.) by extension 'python_setup_py'
[0.450s] Level 1:colcon.colcon_core.package_identification:_identify(build) by extensions ['ignore', 'ignore_ament_install']
[0.450s] Level 1:colcon.colcon_core.package_identification:_identify(build) by extension 'ignore'
[0.450s] Level 1:colcon.colcon_core.package_identification:_identify(build) ignored
[0.451s] Level 1:colcon.colcon_core.package_identification:_identify(install) by extensions ['ignore', 'ignore_ament_install']
[0.451s] Level 1:colcon.colcon_core.package_identification:_identify(install) by extension 'ignore'
[0.451s] Level 1:colcon.colcon_core.package_identification:_identify(install) ignored
[0.451s] Level 1:colcon.colcon_core.package_identification:_identify(log) by extensions ['ignore', 'ignore_ament_install']
[0.451s] Level 1:colcon.colcon_core.package_identification:_identify(log) by extension 'ignore'
[0.451s] Level 1:colcon.colcon_core.package_identification:_identify(log) ignored
[0.451s] Level 1:colcon.colcon_core.package_identification:_identify(src) by extensions ['ignore', 'ignore_ament_install']
[0.451s] Level 1:colcon.colcon_core.package_identification:_identify(src) by extension 'ignore'
[0.451s] Level 1:colcon.colcon_core.package_identification:_identify(src) by extension 'ignore_ament_install'
[0.451s] Level 1:colcon.colcon_core.package_identification:_identify(src) by extensions ['colcon_pkg']
[0.451s] Level 1:colcon.colcon_core.package_identification:_identify(src) by extension 'colcon_pkg'
[0.451s] Level 1:colcon.colcon_core.package_identification:_identify(src) by extensions ['colcon_meta']
[0.451s] Level 1:colcon.colcon_core.package_identification:_identify(src) by extension 'colcon_meta'
[0.451s] Level 1:colcon.colcon_core.package_identification:_identify(src) by extensions ['ros']
[0.452s] Level 1:colcon.colcon_core.package_identification:_identify(src) by extension 'ros'
[0.452s] Level 1:colcon.colcon_core.package_identification:_identify(src) by extensions ['cmake', 'python']
[0.452s] Level 1:colcon.colcon_core.package_identification:_identify(src) by extension 'cmake'
[0.452s] Level 1:colcon.colcon_core.package_identification:_identify(src) by extension 'python'
[0.452s] Level 1:colcon.colcon_core.package_identification:_identify(src) by extensions ['python_setup_py']
[0.452s] Level 1:colcon.colcon_core.package_identification:_identify(src) by extension 'python_setup_py'
[0.452s] Level 1:colcon.colcon_core.package_identification:_identify(src/pinklab_minibot_robot) by extensions ['ignore', 'ignore_ament_install']
[0.452s] Level 1:colcon.colcon_core.package_identification:_identify(src/pinklab_minibot_robot) by extension 'ignore'
[0.452s] Level 1:colcon.colcon_core.package_identification:_identify(src/pinklab_minibot_robot) by extension 'ignore_ament_install'
[0.452s] Level 1:colcon.colcon_core.package_identification:_identify(src/pinklab_minibot_robot) by extensions ['colcon_pkg']
[0.452s] Level 1:colcon.colcon_core.package_identification:_identify(src/pinklab_minibot_robot) by extension 'colcon_pkg'
[0.452s] Level 1:colcon.colcon_core.package_identification:_identify(src/pinklab_minibot_robot) by extensions ['colcon_meta']
[0.452s] Level 1:colcon.colcon_core.package_identification:_identify(src/pinklab_minibot_robot) by extension 'colcon_meta'
[0.452s] Level 1:colcon.colcon_core.package_identification:_identify(src/pinklab_minibot_robot) by extensions ['ros']
[0.452s] Level 1:colcon.colcon_core.package_identification:_identify(src/pinklab_minibot_robot) by extension 'ros'
[0.452s] Level 1:colcon.colcon_core.package_identification:_identify(src/pinklab_minibot_robot) by extensions ['cmake', 'python']
[0.452s] Level 1:colcon.colcon_core.package_identification:_identify(src/pinklab_minibot_robot) by extension 'cmake'
[0.452s] Level 1:colcon.colcon_core.package_identification:_identify(src/pinklab_minibot_robot) by extension 'python'
[0.453s] Level 1:colcon.colcon_core.package_identification:_identify(src/pinklab_minibot_robot) by extensions ['python_setup_py']
[0.453s] Level 1:colcon.colcon_core.package_identification:_identify(src/pinklab_minibot_robot) by extension 'python_setup_py'
[0.453s] Level 1:colcon.colcon_core.package_identification:_identify(src/pinklab_minibot_robot/docs) by extensions ['ignore', 'ignore_ament_install']
[0.453s] Level 1:colcon.colcon_core.package_identification:_identify(src/pinklab_minibot_robot/docs) by extension 'ignore'
[0.453s] Level 1:colcon.colcon_core.package_identification:_identify(src/pinklab_minibot_robot/docs) by extension 'ignore_ament_install'
[0.453s] Level 1:colcon.colcon_core.package_identification:_identify(src/pinklab_minibot_robot/docs) by extensions ['colcon_pkg']
[0.453s] Level 1:colcon.colcon_core.package_identification:_identify(src/pinklab_minibot_robot/docs) by extension 'colcon_pkg'
[0.453s] Level 1:colcon.colcon_core.package_identification:_identify(src/pinklab_minibot_robot/docs) by extensions ['colcon_meta']
[0.453s] Level 1:colcon.colcon_core.package_identification:_identify(src/pinklab_minibot_robot/docs) by extension 'colcon_meta'
[0.453s] Level 1:colcon.colcon_core.package_identification:_identify(src/pinklab_minibot_robot/docs) by extensions ['ros']
[0.453s] Level 1:colcon.colcon_core.package_identification:_identify(src/pinklab_minibot_robot/docs) by extension 'ros'
[0.453s] Level 1:colcon.colcon_core.package_identification:_identify(src/pinklab_minibot_robot/docs) by extensions ['cmake', 'python']
[0.453s] Level 1:colcon.colcon_core.package_identification:_identify(src/pinklab_minibot_robot/docs) by extension 'cmake'
[0.453s] Level 1:colcon.colcon_core.package_identification:_identify(src/pinklab_minibot_robot/docs) by extension 'python'
[0.453s] Level 1:colcon.colcon_core.package_identification:_identify(src/pinklab_minibot_robot/docs) by extensions ['python_setup_py']
[0.453s] Level 1:colcon.colcon_core.package_identification:_identify(src/pinklab_minibot_robot/docs) by extension 'python_setup_py'
[0.454s] Level 1:colcon.colcon_core.package_identification:_identify(src/pinklab_minibot_robot/docs/blender) by extensions ['ignore', 'ignore_ament_install']
[0.454s] Level 1:colcon.colcon_core.package_identification:_identify(src/pinklab_minibot_robot/docs/blender) by extension 'ignore'
[0.454s] Level 1:colcon.colcon_core.package_identification:_identify(src/pinklab_minibot_robot/docs/blender) by extension 'ignore_ament_install'
[0.454s] Level 1:colcon.colcon_core.package_identification:_identify(src/pinklab_minibot_robot/docs/blender) by extensions ['colcon_pkg']
[0.454s] Level 1:colcon.colcon_core.package_identification:_identify(src/pinklab_minibot_robot/docs/blender) by extension 'colcon_pkg'
[0.454s] Level 1:colcon.colcon_core.package_identification:_identify(src/pinklab_minibot_robot/docs/blender) by extensions ['colcon_meta']
[0.454s] Level 1:colcon.colcon_core.package_identification:_identify(src/pinklab_minibot_robot/docs/blender) by extension 'colcon_meta'
[0.454s] Level 1:colcon.colcon_core.package_identification:_identify(src/pinklab_minibot_robot/docs/blender) by extensions ['ros']
[0.454s] Level 1:colcon.colcon_core.package_identification:_identify(src/pinklab_minibot_robot/docs/blender) by extension 'ros'
[0.454s] Level 1:colcon.colcon_core.package_identification:_identify(src/pinklab_minibot_robot/docs/blender) by extensions ['cmake', 'python']
[0.454s] Level 1:colcon.colcon_core.package_identification:_identify(src/pinklab_minibot_robot/docs/blender) by extension 'cmake'
[0.454s] Level 1:colcon.colcon_core.package_identification:_identify(src/pinklab_minibot_robot/docs/blender) by extension 'python'
[0.454s] Level 1:colcon.colcon_core.package_identification:_identify(src/pinklab_minibot_robot/docs/blender) by extensions ['python_setup_py']
[0.454s] Level 1:colcon.colcon_core.package_identification:_identify(src/pinklab_minibot_robot/docs/blender) by extension 'python_setup_py'
[0.454s] Level 1:colcon.colcon_core.package_identification:_identify(src/pinklab_minibot_robot/minibot_bringup) by extensions ['ignore', 'ignore_ament_install']
[0.454s] Level 1:colcon.colcon_core.package_identification:_identify(src/pinklab_minibot_robot/minibot_bringup) by extension 'ignore'
[0.454s] Level 1:colcon.colcon_core.package_identification:_identify(src/pinklab_minibot_robot/minibot_bringup) by extension 'ignore_ament_install'
[0.455s] Level 1:colcon.colcon_core.package_identification:_identify(src/pinklab_minibot_robot/minibot_bringup) by extensions ['colcon_pkg']
[0.455s] Level 1:colcon.colcon_core.package_identification:_identify(src/pinklab_minibot_robot/minibot_bringup) by extension 'colcon_pkg'
[0.455s] Level 1:colcon.colcon_core.package_identification:_identify(src/pinklab_minibot_robot/minibot_bringup) by extensions ['colcon_meta']
[0.455s] Level 1:colcon.colcon_core.package_identification:_identify(src/pinklab_minibot_robot/minibot_bringup) by extension 'colcon_meta'
[0.455s] Level 1:colcon.colcon_core.package_identification:_identify(src/pinklab_minibot_robot/minibot_bringup) by extensions ['ros']
[0.455s] Level 1:colcon.colcon_core.package_identification:_identify(src/pinklab_minibot_robot/minibot_bringup) by extension 'ros'
[0.458s] DEBUG:colcon.colcon_core.package_identification:Package 'src/pinklab_minibot_robot/minibot_bringup' with type 'ros.ament_cmake' and name 'minibot_bringup'
[0.458s] Level 1:colcon.colcon_core.package_identification:_identify(src/pinklab_minibot_robot/minibot_controllers) by extensions ['ignore', 'ignore_ament_install']
[0.459s] Level 1:colcon.colcon_core.package_identification:_identify(src/pinklab_minibot_robot/minibot_controllers) by extension 'ignore'
[0.459s] Level 1:colcon.colcon_core.package_identification:_identify(src/pinklab_minibot_robot/minibot_controllers) by extension 'ignore_ament_install'
[0.459s] Level 1:colcon.colcon_core.package_identification:_identify(src/pinklab_minibot_robot/minibot_controllers) by extensions ['colcon_pkg']
[0.459s] Level 1:colcon.colcon_core.package_identification:_identify(src/pinklab_minibot_robot/minibot_controllers) by extension 'colcon_pkg'
[0.459s] Level 1:colcon.colcon_core.package_identification:_identify(src/pinklab_minibot_robot/minibot_controllers) by extensions ['colcon_meta']
[0.459s] Level 1:colcon.colcon_core.package_identification:_identify(src/pinklab_minibot_robot/minibot_controllers) by extension 'colcon_meta'
[0.459s] Level 1:colcon.colcon_core.package_identification:_identify(src/pinklab_minibot_robot/minibot_controllers) by extensions ['ros']
[0.459s] Level 1:colcon.colcon_core.package_identification:_identify(src/pinklab_minibot_robot/minibot_controllers) by extension 'ros'
[0.460s] DEBUG:colcon.colcon_core.package_identification:Package 'src/pinklab_minibot_robot/minibot_controllers' with type 'ros.ament_cmake' and name 'minibot_controllers'
[0.460s] Level 1:colcon.colcon_core.package_identification:_identify(src/pinklab_minibot_robot/minibot_description) by extensions ['ignore', 'ignore_ament_install']
[0.460s] Level 1:colcon.colcon_core.package_identification:_identify(src/pinklab_minibot_robot/minibot_description) by extension 'ignore'
[0.461s] Level 1:colcon.colcon_core.package_identification:_identify(src/pinklab_minibot_robot/minibot_description) by extension 'ignore_ament_install'
[0.461s] Level 1:colcon.colcon_core.package_identification:_identify(src/pinklab_minibot_robot/minibot_description) by extensions ['colcon_pkg']
[0.461s] Level 1:colcon.colcon_core.package_identification:_identify(src/pinklab_minibot_robot/minibot_description) by extension 'colcon_pkg'
[0.461s] Level 1:colcon.colcon_core.package_identification:_identify(src/pinklab_minibot_robot/minibot_description) by extensions ['colcon_meta']
[0.461s] Level 1:colcon.colcon_core.package_identification:_identify(src/pinklab_minibot_robot/minibot_description) by extension 'colcon_meta'
[0.461s] Level 1:colcon.colcon_core.package_identification:_identify(src/pinklab_minibot_robot/minibot_description) by extensions ['ros']
[0.461s] Level 1:colcon.colcon_core.package_identification:_identify(src/pinklab_minibot_robot/minibot_description) by extension 'ros'
[0.462s] DEBUG:colcon.colcon_core.package_identification:Package 'src/pinklab_minibot_robot/minibot_description' with type 'ros.ament_cmake' and name 'minibot_description'
[0.462s] Level 1:colcon.colcon_core.package_identification:_identify(src/pinklab_minibot_robot/minibot_gazebo) by extensions ['ignore', 'ignore_ament_install']
[0.462s] Level 1:colcon.colcon_core.package_identification:_identify(src/pinklab_minibot_robot/minibot_gazebo) by extension 'ignore'
[0.462s] Level 1:colcon.colcon_core.package_identification:_identify(src/pinklab_minibot_robot/minibot_gazebo) by extension 'ignore_ament_install'
[0.462s] Level 1:colcon.colcon_core.package_identification:_identify(src/pinklab_minibot_robot/minibot_gazebo) by extensions ['colcon_pkg']
[0.462s] Level 1:colcon.colcon_core.package_identification:_identify(src/pinklab_minibot_robot/minibot_gazebo) by extension 'colcon_pkg'
[0.462s] Level 1:colcon.colcon_core.package_identification:_identify(src/pinklab_minibot_robot/minibot_gazebo) by extensions ['colcon_meta']
[0.462s] Level 1:colcon.colcon_core.package_identification:_identify(src/pinklab_minibot_robot/minibot_gazebo) by extension 'colcon_meta'
[0.462s] Level 1:colcon.colcon_core.package_identification:_identify(src/pinklab_minibot_robot/minibot_gazebo) by extensions ['ros']
[0.462s] Level 1:colcon.colcon_core.package_identification:_identify(src/pinklab_minibot_robot/minibot_gazebo) by extension 'ros'
[0.463s] DEBUG:colcon.colcon_core.package_identification:Package 'src/pinklab_minibot_robot/minibot_gazebo' with type 'ros.ament_cmake' and name 'minibot_gazebo'
[0.463s] Level 1:colcon.colcon_core.package_identification:_identify(src/pinklab_minibot_robot/minibot_hardware_interface) by extensions ['ignore', 'ignore_ament_install']
[0.463s] Level 1:colcon.colcon_core.package_identification:_identify(src/pinklab_minibot_robot/minibot_hardware_interface) by extension 'ignore'
[0.463s] Level 1:colcon.colcon_core.package_identification:_identify(src/pinklab_minibot_robot/minibot_hardware_interface) by extension 'ignore_ament_install'
[0.463s] Level 1:colcon.colcon_core.package_identification:_identify(src/pinklab_minibot_robot/minibot_hardware_interface) by extensions ['colcon_pkg']
[0.463s] Level 1:colcon.colcon_core.package_identification:_identify(src/pinklab_minibot_robot/minibot_hardware_interface) by extension 'colcon_pkg'
[0.463s] Level 1:colcon.colcon_core.package_identification:_identify(src/pinklab_minibot_robot/minibot_hardware_interface) by extensions ['colcon_meta']
[0.463s] Level 1:colcon.colcon_core.package_identification:_identify(src/pinklab_minibot_robot/minibot_hardware_interface) by extension 'colcon_meta'
[0.463s] Level 1:colcon.colcon_core.package_identification:_identify(src/pinklab_minibot_robot/minibot_hardware_interface) by extensions ['ros']
[0.463s] Level 1:colcon.colcon_core.package_identification:_identify(src/pinklab_minibot_robot/minibot_hardware_interface) by extension 'ros'
[0.464s] DEBUG:colcon.colcon_core.package_identification:Package 'src/pinklab_minibot_robot/minibot_hardware_interface' with type 'ros.ament_cmake' and name 'minibot_hardware_interface'
[0.464s] Level 1:colcon.colcon_core.package_identification:_identify(src/pinklab_minibot_robot/minibot_interfaces) by extensions ['ignore', 'ignore_ament_install']
[0.464s] Level 1:colcon.colcon_core.package_identification:_identify(src/pinklab_minibot_robot/minibot_interfaces) by extension 'ignore'
[0.465s] Level 1:colcon.colcon_core.package_identification:_identify(src/pinklab_minibot_robot/minibot_interfaces) by extension 'ignore_ament_install'
[0.465s] Level 1:colcon.colcon_core.package_identification:_identify(src/pinklab_minibot_robot/minibot_interfaces) by extensions ['colcon_pkg']
[0.465s] Level 1:colcon.colcon_core.package_identification:_identify(src/pinklab_minibot_robot/minibot_interfaces) by extension 'colcon_pkg'
[0.465s] Level 1:colcon.colcon_core.package_identification:_identify(src/pinklab_minibot_robot/minibot_interfaces) by extensions ['colcon_meta']
[0.465s] Level 1:colcon.colcon_core.package_identification:_identify(src/pinklab_minibot_robot/minibot_interfaces) by extension 'colcon_meta'
[0.465s] Level 1:colcon.colcon_core.package_identification:_identify(src/pinklab_minibot_robot/minibot_interfaces) by extensions ['ros']
[0.465s] Level 1:colcon.colcon_core.package_identification:_identify(src/pinklab_minibot_robot/minibot_interfaces) by extension 'ros'
[0.465s] DEBUG:colcon.colcon_core.package_identification:Package 'src/pinklab_minibot_robot/minibot_interfaces' with type 'ros.ament_cmake' and name 'minibot_interfaces'
[0.465s] Level 1:colcon.colcon_core.package_identification:_identify(src/pinklab_minibot_robot/minibot_navigation2) by extensions ['ignore', 'ignore_ament_install']
[0.465s] Level 1:colcon.colcon_core.package_identification:_identify(src/pinklab_minibot_robot/minibot_navigation2) by extension 'ignore'
[0.465s] Level 1:colcon.colcon_core.package_identification:_identify(src/pinklab_minibot_robot/minibot_navigation2) by extension 'ignore_ament_install'
[0.465s] Level 1:colcon.colcon_core.package_identification:_identify(src/pinklab_minibot_robot/minibot_navigation2) by extensions ['colcon_pkg']
[0.465s] Level 1:colcon.colcon_core.package_identification:_identify(src/pinklab_minibot_robot/minibot_navigation2) by extension 'colcon_pkg'
[0.466s] Level 1:colcon.colcon_core.package_identification:_identify(src/pinklab_minibot_robot/minibot_navigation2) by extensions ['colcon_meta']
[0.466s] Level 1:colcon.colcon_core.package_identification:_identify(src/pinklab_minibot_robot/minibot_navigation2) by extension 'colcon_meta'
[0.466s] Level 1:colcon.colcon_core.package_identification:_identify(src/pinklab_minibot_robot/minibot_navigation2) by extensions ['ros']
[0.466s] Level 1:colcon.colcon_core.package_identification:_identify(src/pinklab_minibot_robot/minibot_navigation2) by extension 'ros'
[0.466s] DEBUG:colcon.colcon_core.package_identification:Package 'src/pinklab_minibot_robot/minibot_navigation2' with type 'ros.ament_cmake' and name 'minibot_navigation2'
[0.466s] Level 1:colcon.colcon_core.package_identification:_identify(src/yolo_package) by extensions ['ignore', 'ignore_ament_install']
[0.466s] Level 1:colcon.colcon_core.package_identification:_identify(src/yolo_package) by extension 'ignore'
[0.466s] Level 1:colcon.colcon_core.package_identification:_identify(src/yolo_package) by extension 'ignore_ament_install'
[0.466s] Level 1:colcon.colcon_core.package_identification:_identify(src/yolo_package) by extensions ['colcon_pkg']
[0.466s] Level 1:colcon.colcon_core.package_identification:_identify(src/yolo_package) by extension 'colcon_pkg'
[0.466s] Level 1:colcon.colcon_core.package_identification:_identify(src/yolo_package) by extensions ['colcon_meta']
[0.467s] Level 1:colcon.colcon_core.package_identification:_identify(src/yolo_package) by extension 'colcon_meta'
[0.467s] Level 1:colcon.colcon_core.package_identification:_identify(src/yolo_package) by extensions ['ros']
[0.467s] Level 1:colcon.colcon_core.package_identification:_identify(src/yolo_package) by extension 'ros'
[0.467s] DEBUG:colcon.colcon_core.package_identification:Package 'src/yolo_package' with type 'ros.ament_python' and name 'yolo_package'
[0.467s] Level 1:colcon.colcon_core.package_discovery:discover_packages(recursive) using defaults
[0.467s] Level 1:colcon.colcon_core.package_discovery:discover_packages(ignore) discover
[0.467s] Level 1:colcon.colcon_core.package_discovery:discover_packages(ignore) using defaults
[0.467s] Level 1:colcon.colcon_core.package_discovery:discover_packages(path) discover
[0.467s] Level 1:colcon.colcon_core.package_discovery:discover_packages(path) using defaults
[0.492s] Level 1:colcon.colcon_core.package_discovery:discover_packages(prefix_path) check parameters
[0.492s] Level 1:colcon.colcon_core.package_discovery:discover_packages(prefix_path) discover
[0.496s] DEBUG:colcon.colcon_installed_package_information.package_discovery:Found 364 installed packages in /opt/ros/humble
[0.497s] Level 1:colcon.colcon_core.package_discovery:discover_packages(prefix_path) using defaults
[0.572s] Level 5:colcon.colcon_core.verb:set package 'minibot_description' build argument 'cmake_args' from command line to 'None'
[0.572s] Level 5:colcon.colcon_core.verb:set package 'minibot_description' build argument 'cmake_target' from command line to 'None'
[0.572s] Level 5:colcon.colcon_core.verb:set package 'minibot_description' build argument 'cmake_target_skip_unavailable' from command line to 'False'
[0.573s] Level 5:colcon.colcon_core.verb:set package 'minibot_description' build argument 'cmake_clean_cache' from command line to 'False'
[0.573s] Level 5:colcon.colcon_core.verb:set package 'minibot_description' build argument 'cmake_clean_first' from command line to 'False'
[0.573s] Level 5:colcon.colcon_core.verb:set package 'minibot_description' build argument 'cmake_force_configure' from command line to 'False'
[0.573s] Level 5:colcon.colcon_core.verb:set package 'minibot_description' build argument 'ament_cmake_args' from command line to 'None'
[0.573s] Level 5:colcon.colcon_core.verb:set package 'minibot_description' build argument 'catkin_cmake_args' from command line to 'None'
[0.573s] Level 5:colcon.colcon_core.verb:set package 'minibot_description' build argument 'catkin_skip_building_tests' from command line to 'False'
[0.573s] DEBUG:colcon.colcon_core.verb:Building package 'minibot_description' with the following arguments: {'ament_cmake_args': None, 'build_base': '/home/kiro04/pinkbot/build/minibot_description', 'catkin_cmake_args': None, 'catkin_skip_building_tests': False, 'cmake_args': None, 'cmake_clean_cache': False, 'cmake_clean_first': False, 'cmake_force_configure': False, 'cmake_target': None, 'cmake_target_skip_unavailable': False, 'install_base': '/home/kiro04/pinkbot/install/minibot_description', 'merge_install': False, 'path': '/home/kiro04/pinkbot/src/pinklab_minibot_robot/minibot_description', 'symlink_install': False, 'test_result_base': None}
[0.574s] Level 5:colcon.colcon_core.verb:set package 'minibot_hardware_interface' build argument 'cmake_args' from command line to 'None'
[0.574s] Level 5:colcon.colcon_core.verb:set package 'minibot_hardware_interface' build argument 'cmake_target' from command line to 'None'
[0.574s] Level 5:colcon.colcon_core.verb:set package 'minibot_hardware_interface' build argument 'cmake_target_skip_unavailable' from command line to 'False'
[0.574s] Level 5:colcon.colcon_core.verb:set package 'minibot_hardware_interface' build argument 'cmake_clean_cache' from command line to 'False'
[0.574s] Level 5:colcon.colcon_core.verb:set package 'minibot_hardware_interface' build argument 'cmake_clean_first' from command line to 'False'
[0.574s] Level 5:colcon.colcon_core.verb:set package 'minibot_hardware_interface' build argument 'cmake_force_configure' from command line to 'False'
[0.574s] Level 5:colcon.colcon_core.verb:set package 'minibot_hardware_interface' build argument 'ament_cmake_args' from command line to 'None'
[0.574s] Level 5:colcon.colcon_core.verb:set package 'minibot_hardware_interface' build argument 'catkin_cmake_args' from command line to 'None'
[0.574s] Level 5:colcon.colcon_core.verb:set package 'minibot_hardware_interface' build argument 'catkin_skip_building_tests' from command line to 'False'
[0.574s] DEBUG:colcon.colcon_core.verb:Building package 'minibot_hardware_interface' with the following arguments: {'ament_cmake_args': None, 'build_base': '/home/kiro04/pinkbot/build/minibot_hardware_interface', 'catkin_cmake_args': None, 'catkin_skip_building_tests': False, 'cmake_args': None, 'cmake_clean_cache': False, 'cmake_clean_first': False, 'cmake_force_configure': False, 'cmake_target': None, 'cmake_target_skip_unavailable': False, 'install_base': '/home/kiro04/pinkbot/install/minibot_hardware_interface', 'merge_install': False, 'path': '/home/kiro04/pinkbot/src/pinklab_minibot_robot/minibot_hardware_interface', 'symlink_install': False, 'test_result_base': None}
[0.575s] Level 5:colcon.colcon_core.verb:set package 'minibot_interfaces' build argument 'cmake_args' from command line to 'None'
[0.575s] Level 5:colcon.colcon_core.verb:set package 'minibot_interfaces' build argument 'cmake_target' from command line to 'None'
[0.575s] Level 5:colcon.colcon_core.verb:set package 'minibot_interfaces' build argument 'cmake_target_skip_unavailable' from command line to 'False'
[0.575s] Level 5:colcon.colcon_core.verb:set package 'minibot_interfaces' build argument 'cmake_clean_cache' from command line to 'False'
[0.575s] Level 5:colcon.colcon_core.verb:set package 'minibot_interfaces' build argument 'cmake_clean_first' from command line to 'False'
[0.575s] Level 5:colcon.colcon_core.verb:set package 'minibot_interfaces' build argument 'cmake_force_configure' from command line to 'False'
[0.575s] Level 5:colcon.colcon_core.verb:set package 'minibot_interfaces' build argument 'ament_cmake_args' from command line to 'None'
[0.575s] Level 5:colcon.colcon_core.verb:set package 'minibot_interfaces' build argument 'catkin_cmake_args' from command line to 'None'
[0.575s] Level 5:colcon.colcon_core.verb:set package 'minibot_interfaces' build argument 'catkin_skip_building_tests' from command line to 'False'
[0.575s] DEBUG:colcon.colcon_core.verb:Building package 'minibot_interfaces' with the following arguments: {'ament_cmake_args': None, 'build_base': '/home/kiro04/pinkbot/build/minibot_interfaces', 'catkin_cmake_args': None, 'catkin_skip_building_tests': False, 'cmake_args': None, 'cmake_clean_cache': False, 'cmake_clean_first': False, 'cmake_force_configure': False, 'cmake_target': None, 'cmake_target_skip_unavailable': False, 'install_base': '/home/kiro04/pinkbot/install/minibot_interfaces', 'merge_install': False, 'path': '/home/kiro04/pinkbot/src/pinklab_minibot_robot/minibot_interfaces', 'symlink_install': False, 'test_result_base': None}
[0.576s] Level 5:colcon.colcon_core.verb:set package 'minibot_navigation2' build argument 'cmake_args' from command line to 'None'
[0.576s] Level 5:colcon.colcon_core.verb:set package 'minibot_navigation2' build argument 'cmake_target' from command line to 'None'
[0.576s] Level 5:colcon.colcon_core.verb:set package 'minibot_navigation2' build argument 'cmake_target_skip_unavailable' from command line to 'False'
[0.576s] Level 5:colcon.colcon_core.verb:set package 'minibot_navigation2' build argument 'cmake_clean_cache' from command line to 'False'
[0.576s] Level 5:colcon.colcon_core.verb:set package 'minibot_navigation2' build argument 'cmake_clean_first' from command line to 'False'
[0.576s] Level 5:colcon.colcon_core.verb:set package 'minibot_navigation2' build argument 'cmake_force_configure' from command line to 'False'
[0.576s] Level 5:colcon.colcon_core.verb:set package 'minibot_navigation2' build argument 'ament_cmake_args' from command line to 'None'
[0.576s] Level 5:colcon.colcon_core.verb:set package 'minibot_navigation2' build argument 'catkin_cmake_args' from command line to 'None'
[0.576s] Level 5:colcon.colcon_core.verb:set package 'minibot_navigation2' build argument 'catkin_skip_building_tests' from command line to 'False'
[0.576s] DEBUG:colcon.colcon_core.verb:Building package 'minibot_navigation2' with the following arguments: {'ament_cmake_args': None, 'build_base': '/home/kiro04/pinkbot/build/minibot_navigation2', 'catkin_cmake_args': None, 'catkin_skip_building_tests': False, 'cmake_args': None, 'cmake_clean_cache': False, 'cmake_clean_first': False, 'cmake_force_configure': False, 'cmake_target': None, 'cmake_target_skip_unavailable': False, 'install_base': '/home/kiro04/pinkbot/install/minibot_navigation2', 'merge_install': False, 'path': '/home/kiro04/pinkbot/src/pinklab_minibot_robot/minibot_navigation2', 'symlink_install': False, 'test_result_base': None}
[0.577s] Level 5:colcon.colcon_core.verb:set package 'yolo_package' build argument 'cmake_args' from command line to 'None'
[0.577s] Level 5:colcon.colcon_core.verb:set package 'yolo_package' build argument 'cmake_target' from command line to 'None'
[0.577s] Level 5:colcon.colcon_core.verb:set package 'yolo_package' build argument 'cmake_target_skip_unavailable' from command line to 'False'
[0.577s] Level 5:colcon.colcon_core.verb:set package 'yolo_package' build argument 'cmake_clean_cache' from command line to 'False'
[0.577s] Level 5:colcon.colcon_core.verb:set package 'yolo_package' build argument 'cmake_clean_first' from command line to 'False'
[0.577s] Level 5:colcon.colcon_core.verb:set package 'yolo_package' build argument 'cmake_force_configure' from command line to 'False'
[0.577s] Level 5:colcon.colcon_core.verb:set package 'yolo_package' build argument 'ament_cmake_args' from command line to 'None'
[0.577s] Level 5:colcon.colcon_core.verb:set package 'yolo_package' build argument 'catkin_cmake_args' from command line to 'None'
[0.577s] Level 5:colcon.colcon_core.verb:set package 'yolo_package' build argument 'catkin_skip_building_tests' from command line to 'False'
[0.577s] DEBUG:colcon.colcon_core.verb:Building package 'yolo_package' with the following arguments: {'ament_cmake_args': None, 'build_base': '/home/kiro04/pinkbot/build/yolo_package', 'catkin_cmake_args': None, 'catkin_skip_building_tests': False, 'cmake_args': None, 'cmake_clean_cache': False, 'cmake_clean_first': False, 'cmake_force_configure': False, 'cmake_target': None, 'cmake_target_skip_unavailable': False, 'install_base': '/home/kiro04/pinkbot/install/yolo_package', 'merge_install': False, 'path': '/home/kiro04/pinkbot/src/yolo_package', 'symlink_install': False, 'test_result_base': None}
[0.578s] Level 5:colcon.colcon_core.verb:set package 'minibot_controllers' build argument 'cmake_args' from command line to 'None'
[0.578s] Level 5:colcon.colcon_core.verb:set package 'minibot_controllers' build argument 'cmake_target' from command line to 'None'
[0.578s] Level 5:colcon.colcon_core.verb:set package 'minibot_controllers' build argument 'cmake_target_skip_unavailable' from command line to 'False'
[0.578s] Level 5:colcon.colcon_core.verb:set package 'minibot_controllers' build argument 'cmake_clean_cache' from command line to 'False'
[0.578s] Level 5:colcon.colcon_core.verb:set package 'minibot_controllers' build argument 'cmake_clean_first' from command line to 'False'
[0.578s] Level 5:colcon.colcon_core.verb:set package 'minibot_controllers' build argument 'cmake_force_configure' from command line to 'False'
[0.578s] Level 5:colcon.colcon_core.verb:set package 'minibot_controllers' build argument 'ament_cmake_args' from command line to 'None'
[0.578s] Level 5:colcon.colcon_core.verb:set package 'minibot_controllers' build argument 'catkin_cmake_args' from command line to 'None'
[0.578s] Level 5:colcon.colcon_core.verb:set package 'minibot_controllers' build argument 'catkin_skip_building_tests' from command line to 'False'
[0.578s] DEBUG:colcon.colcon_core.verb:Building package 'minibot_controllers' with the following arguments: {'ament_cmake_args': None, 'build_base': '/home/kiro04/pinkbot/build/minibot_controllers', 'catkin_cmake_args': None, 'catkin_skip_building_tests': False, 'cmake_args': None, 'cmake_clean_cache': False, 'cmake_clean_first': False, 'cmake_force_configure': False, 'cmake_target': None, 'cmake_target_skip_unavailable': False, 'install_base': '/home/kiro04/pinkbot/install/minibot_controllers', 'merge_install': False, 'path': '/home/kiro04/pinkbot/src/pinklab_minibot_robot/minibot_controllers', 'symlink_install': False, 'test_result_base': None}
[0.579s] Level 5:colcon.colcon_core.verb:set package 'minibot_gazebo' build argument 'cmake_args' from command line to 'None'
[0.579s] Level 5:colcon.colcon_core.verb:set package 'minibot_gazebo' build argument 'cmake_target' from command line to 'None'
[0.579s] Level 5:colcon.colcon_core.verb:set package 'minibot_gazebo' build argument 'cmake_target_skip_unavailable' from command line to 'False'
[0.580s] Level 5:colcon.colcon_core.verb:set package 'minibot_gazebo' build argument 'cmake_clean_cache' from command line to 'False'
[0.580s] Level 5:colcon.colcon_core.verb:set package 'minibot_gazebo' build argument 'cmake_clean_first' from command line to 'False'
[0.580s] Level 5:colcon.colcon_core.verb:set package 'minibot_gazebo' build argument 'cmake_force_configure' from command line to 'False'
[0.580s] Level 5:colcon.colcon_core.verb:set package 'minibot_gazebo' build argument 'ament_cmake_args' from command line to 'None'
[0.580s] Level 5:colcon.colcon_core.verb:set package 'minibot_gazebo' build argument 'catkin_cmake_args' from command line to 'None'
[0.580s] Level 5:colcon.colcon_core.verb:set package 'minibot_gazebo' build argument 'catkin_skip_building_tests' from command line to 'False'
[0.580s] DEBUG:colcon.colcon_core.verb:Building package 'minibot_gazebo' with the following arguments: {'ament_cmake_args': None, 'build_base': '/home/kiro04/pinkbot/build/minibot_gazebo', 'catkin_cmake_args': None, 'catkin_skip_building_tests': False, 'cmake_args': None, 'cmake_clean_cache': False, 'cmake_clean_first': False, 'cmake_force_configure': False, 'cmake_target': None, 'cmake_target_skip_unavailable': False, 'install_base': '/home/kiro04/pinkbot/install/minibot_gazebo', 'merge_install': False, 'path': '/home/kiro04/pinkbot/src/pinklab_minibot_robot/minibot_gazebo', 'symlink_install': False, 'test_result_base': None}
[0.581s] Level 5:colcon.colcon_core.verb:set package 'minibot_bringup' build argument 'cmake_args' from command line to 'None'
[0.581s] Level 5:colcon.colcon_core.verb:set package 'minibot_bringup' build argument 'cmake_target' from command line to 'None'
[0.581s] Level 5:colcon.colcon_core.verb:set package 'minibot_bringup' build argument 'cmake_target_skip_unavailable' from command line to 'False'
[0.581s] Level 5:colcon.colcon_core.verb:set package 'minibot_bringup' build argument 'cmake_clean_cache' from command line to 'False'
[0.581s] Level 5:colcon.colcon_core.verb:set package 'minibot_bringup' build argument 'cmake_clean_first' from command line to 'False'
[0.581s] Level 5:colcon.colcon_core.verb:set package 'minibot_bringup' build argument 'cmake_force_configure' from command line to 'False'
[0.581s] Level 5:colcon.colcon_core.verb:set package 'minibot_bringup' build argument 'ament_cmake_args' from command line to 'None'
[0.581s] Level 5:colcon.colcon_core.verb:set package 'minibot_bringup' build argument 'catkin_cmake_args' from command line to 'None'
[0.581s] Level 5:colcon.colcon_core.verb:set package 'minibot_bringup' build argument 'catkin_skip_building_tests' from command line to 'False'
[0.581s] DEBUG:colcon.colcon_core.verb:Building package 'minibot_bringup' with the following arguments: {'ament_cmake_args': None, 'build_base': '/home/kiro04/pinkbot/build/minibot_bringup', 'catkin_cmake_args': None, 'catkin_skip_building_tests': False, 'cmake_args': None, 'cmake_clean_cache': False, 'cmake_clean_first': False, 'cmake_force_configure': False, 'cmake_target': None, 'cmake_target_skip_unavailable': False, 'install_base': '/home/kiro04/pinkbot/install/minibot_bringup', 'merge_install': False, 'path': '/home/kiro04/pinkbot/src/pinklab_minibot_robot/minibot_bringup', 'symlink_install': False, 'test_result_base': None}
[0.581s] INFO:colcon.colcon_core.executor:Executing jobs using 'parallel' executor
[0.585s] DEBUG:colcon.colcon_parallel_executor.executor.parallel:run_until_complete
[0.585s] INFO:colcon.colcon_ros.task.ament_cmake.build:Building ROS package in '/home/kiro04/pinkbot/src/pinklab_minibot_robot/minibot_description' with build type 'ament_cmake'
[0.585s] INFO:colcon.colcon_cmake.task.cmake.build:Building CMake package in '/home/kiro04/pinkbot/src/pinklab_minibot_robot/minibot_description'
[0.590s] INFO:colcon.colcon_core.plugin_system:Skipping extension 'colcon_core.shell.bat': Not used on non-Windows systems
[0.590s] INFO:colcon.colcon_core.shell:Skip shell extension 'powershell' for command environment: Not usable outside of PowerShell
[0.590s] DEBUG:colcon.colcon_core.shell:Skip shell extension 'dsv' for command environment
[0.594s] INFO:colcon.colcon_ros.task.ament_cmake.build:Building ROS package in '/home/kiro04/pinkbot/src/pinklab_minibot_robot/minibot_interfaces' with build type 'ament_cmake'
[0.594s] INFO:colcon.colcon_cmake.task.cmake.build:Building CMake package in '/home/kiro04/pinkbot/src/pinklab_minibot_robot/minibot_interfaces'
[0.597s] INFO:colcon.colcon_core.shell:Skip shell extension 'powershell' for command environment: Not usable outside of PowerShell
[0.597s] DEBUG:colcon.colcon_core.shell:Skip shell extension 'dsv' for command environment
[0.601s] INFO:colcon.colcon_ros.task.ament_cmake.build:Building ROS package in '/home/kiro04/pinkbot/src/pinklab_minibot_robot/minibot_hardware_interface' with build type 'ament_cmake'
[0.601s] INFO:colcon.colcon_cmake.task.cmake.build:Building CMake package in '/home/kiro04/pinkbot/src/pinklab_minibot_robot/minibot_hardware_interface'
[0.603s] INFO:colcon.colcon_core.shell:Skip shell extension 'powershell' for command environment: Not usable outside of PowerShell
[0.603s] DEBUG:colcon.colcon_core.shell:Skip shell extension 'dsv' for command environment
[0.607s] INFO:colcon.colcon_ros.task.ament_cmake.build:Building ROS package in '/home/kiro04/pinkbot/src/pinklab_minibot_robot/minibot_navigation2' with build type 'ament_cmake'
[0.607s] INFO:colcon.colcon_cmake.task.cmake.build:Building CMake package in '/home/kiro04/pinkbot/src/pinklab_minibot_robot/minibot_navigation2'
[0.610s] INFO:colcon.colcon_core.shell:Skip shell extension 'powershell' for command environment: Not usable outside of PowerShell
[0.610s] DEBUG:colcon.colcon_core.shell:Skip shell extension 'dsv' for command environment
[0.618s] INFO:colcon.colcon_ros.task.ament_python.build:Building ROS package in '/home/kiro04/pinkbot/src/yolo_package' with build type 'ament_python'
[0.619s] Level 1:colcon.colcon_core.shell:create_environment_hook('yolo_package', 'ament_prefix_path')
[0.622s] INFO:colcon.colcon_core.shell:Creating environment hook '/home/kiro04/pinkbot/install/yolo_package/share/yolo_package/hook/ament_prefix_path.ps1'
[0.623s] INFO:colcon.colcon_core.shell:Creating environment descriptor '/home/kiro04/pinkbot/install/yolo_package/share/yolo_package/hook/ament_prefix_path.dsv'
[0.624s] INFO:colcon.colcon_core.shell:Creating environment hook '/home/kiro04/pinkbot/install/yolo_package/share/yolo_package/hook/ament_prefix_path.sh'
[0.626s] INFO:colcon.colcon_core.shell:Skip shell extension 'powershell' for command environment: Not usable outside of PowerShell
[0.626s] DEBUG:colcon.colcon_core.shell:Skip shell extension 'dsv' for command environment
[0.638s] DEBUG:colcon.colcon_core.event_handler.log_command:Invoking command in '/home/kiro04/pinkbot/build/minibot_description': CMAKE_PREFIX_PATH=/opt/ros/humble /home/kiro04/.local/bin/cmake --build /home/kiro04/pinkbot/build/minibot_description -- -j8 -l8
[0.642s] DEBUG:colcon.colcon_core.event_handler.log_command:Invoking command in '/home/kiro04/pinkbot/build/minibot_interfaces': CMAKE_PREFIX_PATH=/opt/ros/humble /home/kiro04/.local/bin/cmake --build /home/kiro04/pinkbot/build/minibot_interfaces -- -j8 -l8
[0.649s] DEBUG:colcon.colcon_core.event_handler.log_command:Invoking command in '/home/kiro04/pinkbot/build/minibot_hardware_interface': CMAKE_PREFIX_PATH=/opt/ros/humble /home/kiro04/.local/bin/cmake --build /home/kiro04/pinkbot/build/minibot_hardware_interface -- -j8 -l8
[0.655s] DEBUG:colcon.colcon_core.event_handler.log_command:Invoking command in '/home/kiro04/pinkbot/build/minibot_navigation2': CMAKE_PREFIX_PATH=/opt/ros/humble /home/kiro04/.local/bin/cmake --build /home/kiro04/pinkbot/build/minibot_navigation2 -- -j8 -l8
[1.161s] INFO:colcon.colcon_core.task.python.build:Building Python package in '/home/kiro04/pinkbot/src/yolo_package'
[1.163s] INFO:colcon.colcon_core.shell:Skip shell extension 'powershell' for command environment: Not usable outside of PowerShell
[1.163s] DEBUG:colcon.colcon_core.shell:Skip shell extension 'dsv' for command environment
[1.170s] DEBUG:colcon.colcon_core.event_handler.log_command:Invoked command in '/home/kiro04/pinkbot/build/minibot_description' returned '0': CMAKE_PREFIX_PATH=/opt/ros/humble /home/kiro04/.local/bin/cmake --build /home/kiro04/pinkbot/build/minibot_description -- -j8 -l8
[1.172s] DEBUG:colcon.colcon_core.event_handler.log_command:Invoked command in '/home/kiro04/pinkbot/build/minibot_hardware_interface' returned '0': CMAKE_PREFIX_PATH=/opt/ros/humble /home/kiro04/.local/bin/cmake --build /home/kiro04/pinkbot/build/minibot_hardware_interface -- -j8 -l8
[1.174s] DEBUG:colcon.colcon_core.event_handler.log_command:Invoked command in '/home/kiro04/pinkbot/build/minibot_navigation2' returned '0': CMAKE_PREFIX_PATH=/opt/ros/humble /home/kiro04/.local/bin/cmake --build /home/kiro04/pinkbot/build/minibot_navigation2 -- -j8 -l8
[1.295s] DEBUG:colcon.colcon_core.event_handler.log_command:Invoked command in '/home/kiro04/pinkbot/build/minibot_interfaces' returned '0': CMAKE_PREFIX_PATH=/opt/ros/humble /home/kiro04/.local/bin/cmake --build /home/kiro04/pinkbot/build/minibot_interfaces -- -j8 -l8
[1.409s] DEBUG:colcon.colcon_core.event_handler.log_command:Invoking command in '/home/kiro04/pinkbot/build/minibot_navigation2': CMAKE_PREFIX_PATH=/opt/ros/humble /home/kiro04/.local/bin/cmake --install /home/kiro04/pinkbot/build/minibot_navigation2
[1.413s] DEBUG:colcon.colcon_core.event_handler.log_command:Invoking command in '/home/kiro04/pinkbot/build/minibot_description': CMAKE_PREFIX_PATH=/opt/ros/humble /home/kiro04/.local/bin/cmake --install /home/kiro04/pinkbot/build/minibot_description
[1.417s] DEBUG:colcon.colcon_core.event_handler.log_command:Invoking command in '/home/kiro04/pinkbot/build/minibot_hardware_interface': CMAKE_PREFIX_PATH=/opt/ros/humble /home/kiro04/.local/bin/cmake --install /home/kiro04/pinkbot/build/minibot_hardware_interface
[1.487s] DEBUG:colcon.colcon_core.event_handler.log_command:Invoking command in '/home/kiro04/pinkbot/build/minibot_interfaces': CMAKE_PREFIX_PATH=/opt/ros/humble /home/kiro04/.local/bin/cmake --install /home/kiro04/pinkbot/build/minibot_interfaces
[1.528s] Level 1:colcon.colcon_core.environment:create_environment_scripts_only(minibot_description)
[1.530s] DEBUG:colcon.colcon_core.event_handler.log_command:Invoked command in '/home/kiro04/pinkbot/build/minibot_description' returned '0': CMAKE_PREFIX_PATH=/opt/ros/humble /home/kiro04/.local/bin/cmake --install /home/kiro04/pinkbot/build/minibot_description
[1.540s] Level 1:colcon.colcon_core.environment:checking '/home/kiro04/pinkbot/install/minibot_description' for CMake module files
[1.542s] Level 1:colcon.colcon_core.environment:checking '/home/kiro04/pinkbot/install/minibot_description' for CMake config files
[1.542s] Level 1:colcon.colcon_core.shell:create_environment_hook('minibot_description', 'cmake_prefix_path')
[1.546s] INFO:colcon.colcon_core.shell:Creating environment hook '/home/kiro04/pinkbot/install/minibot_description/share/minibot_description/hook/cmake_prefix_path.ps1'
[1.549s] INFO:colcon.colcon_core.shell:Creating environment descriptor '/home/kiro04/pinkbot/install/minibot_description/share/minibot_description/hook/cmake_prefix_path.dsv'
[1.556s] INFO:colcon.colcon_core.shell:Creating environment hook '/home/kiro04/pinkbot/install/minibot_description/share/minibot_description/hook/cmake_prefix_path.sh'
[1.563s] Level 1:colcon.colcon_core.environment:checking '/home/kiro04/pinkbot/install/minibot_description/bin'
[1.564s] Level 1:colcon.colcon_core.environment:checking '/home/kiro04/pinkbot/install/minibot_description/lib/pkgconfig/minibot_description.pc'
[1.564s] Level 1:colcon.colcon_core.environment:checking '/home/kiro04/pinkbot/install/minibot_description/lib/python3.10/site-packages'
[1.565s] Level 1:colcon.colcon_core.environment:checking '/home/kiro04/pinkbot/install/minibot_description/bin'
[1.569s] INFO:colcon.colcon_core.shell:Creating package script '/home/kiro04/pinkbot/install/minibot_description/share/minibot_description/package.ps1'
[1.570s] INFO:colcon.colcon_core.shell:Creating package descriptor '/home/kiro04/pinkbot/install/minibot_description/share/minibot_description/package.dsv'
[1.571s] INFO:colcon.colcon_core.shell:Creating package script '/home/kiro04/pinkbot/install/minibot_description/share/minibot_description/package.sh'
[1.573s] INFO:colcon.colcon_core.shell:Creating package script '/home/kiro04/pinkbot/install/minibot_description/share/minibot_description/package.bash'
[1.574s] INFO:colcon.colcon_core.shell:Creating package script '/home/kiro04/pinkbot/install/minibot_description/share/minibot_description/package.zsh'
[1.575s] Level 1:colcon.colcon_core.environment:create_file_with_runtime_dependencies(/home/kiro04/pinkbot/install/minibot_description/share/colcon-core/packages/minibot_description)
[1.581s] Level 1:colcon.colcon_core.environment:create_environment_scripts_only(minibot_hardware_interface)
[1.589s] Level 1:colcon.colcon_core.environment:checking '/home/kiro04/pinkbot/install/minibot_hardware_interface' for CMake module files
[1.592s] Level 1:colcon.colcon_core.environment:checking '/home/kiro04/pinkbot/install/minibot_hardware_interface' for CMake config files
[1.599s] DEBUG:colcon.colcon_core.event_handler.log_command:Invoked command in '/home/kiro04/pinkbot/build/minibot_hardware_interface' returned '0': CMAKE_PREFIX_PATH=/opt/ros/humble /home/kiro04/.local/bin/cmake --install /home/kiro04/pinkbot/build/minibot_hardware_interface
[1.604s] Level 1:colcon.colcon_core.shell:create_environment_hook('minibot_hardware_interface', 'cmake_prefix_path')
[1.608s] INFO:colcon.colcon_core.shell:Creating environment hook '/home/kiro04/pinkbot/install/minibot_hardware_interface/share/minibot_hardware_interface/hook/cmake_prefix_path.ps1'
[1.609s] INFO:colcon.colcon_core.shell:Creating environment descriptor '/home/kiro04/pinkbot/install/minibot_hardware_interface/share/minibot_hardware_interface/hook/cmake_prefix_path.dsv'
[1.610s] INFO:colcon.colcon_core.shell:Creating environment hook '/home/kiro04/pinkbot/install/minibot_hardware_interface/share/minibot_hardware_interface/hook/cmake_prefix_path.sh'
[1.611s] Level 1:colcon.colcon_core.environment:checking '/home/kiro04/pinkbot/install/minibot_hardware_interface/lib'
[1.611s] Level 1:colcon.colcon_core.shell:create_environment_hook('minibot_hardware_interface', 'ld_library_path_lib')
[1.615s] INFO:colcon.colcon_core.shell:Creating environment hook '/home/kiro04/pinkbot/install/minibot_hardware_interface/share/minibot_hardware_interface/hook/ld_library_path_lib.ps1'
[1.616s] INFO:colcon.colcon_core.shell:Creating environment descriptor '/home/kiro04/pinkbot/install/minibot_hardware_interface/share/minibot_hardware_interface/hook/ld_library_path_lib.dsv'
[1.616s] INFO:colcon.colcon_core.shell:Creating environment hook '/home/kiro04/pinkbot/install/minibot_hardware_interface/share/minibot_hardware_interface/hook/ld_library_path_lib.sh'
[1.617s] Level 1:colcon.colcon_core.environment:checking '/home/kiro04/pinkbot/install/minibot_hardware_interface/bin'
[1.618s] Level 1:colcon.colcon_core.environment:checking '/home/kiro04/pinkbot/install/minibot_hardware_interface/lib/pkgconfig/minibot_hardware_interface.pc'
[1.618s] Level 1:colcon.colcon_core.environment:checking '/home/kiro04/pinkbot/install/minibot_hardware_interface/lib/python3.10/site-packages'
[1.619s] Level 1:colcon.colcon_core.environment:checking '/home/kiro04/pinkbot/install/minibot_hardware_interface/bin'
[1.622s] INFO:colcon.colcon_core.shell:Creating package script '/home/kiro04/pinkbot/install/minibot_hardware_interface/share/minibot_hardware_interface/package.ps1'
[1.624s] INFO:colcon.colcon_core.shell:Creating package descriptor '/home/kiro04/pinkbot/install/minibot_hardware_interface/share/minibot_hardware_interface/package.dsv'
[1.625s] INFO:colcon.colcon_core.shell:Creating package script '/home/kiro04/pinkbot/install/minibot_hardware_interface/share/minibot_hardware_interface/package.sh'
[1.626s] INFO:colcon.colcon_core.shell:Creating package script '/home/kiro04/pinkbot/install/minibot_hardware_interface/share/minibot_hardware_interface/package.bash'
[1.626s] INFO:colcon.colcon_core.shell:Creating package script '/home/kiro04/pinkbot/install/minibot_hardware_interface/share/minibot_hardware_interface/package.zsh'
[1.627s] Level 1:colcon.colcon_core.environment:create_file_with_runtime_dependencies(/home/kiro04/pinkbot/install/minibot_hardware_interface/share/colcon-core/packages/minibot_hardware_interface)
[1.629s] Level 1:colcon.colcon_core.environment:create_environment_scripts_only(minibot_navigation2)
[1.637s] Level 1:colcon.colcon_core.environment:checking '/home/kiro04/pinkbot/install/minibot_navigation2' for CMake module files
[1.638s] DEBUG:colcon.colcon_core.event_handler.log_command:Invoked command in '/home/kiro04/pinkbot/build/minibot_navigation2' returned '0': CMAKE_PREFIX_PATH=/opt/ros/humble /home/kiro04/.local/bin/cmake --install /home/kiro04/pinkbot/build/minibot_navigation2
[1.640s] Level 1:colcon.colcon_core.environment:checking '/home/kiro04/pinkbot/install/minibot_navigation2' for CMake config files
[1.641s] Level 1:colcon.colcon_core.shell:create_environment_hook('minibot_navigation2', 'cmake_prefix_path')
[1.643s] INFO:colcon.colcon_core.shell:Creating environment hook '/home/kiro04/pinkbot/install/minibot_navigation2/share/minibot_navigation2/hook/cmake_prefix_path.ps1'
[1.645s] INFO:colcon.colcon_core.shell:Creating environment descriptor '/home/kiro04/pinkbot/install/minibot_navigation2/share/minibot_navigation2/hook/cmake_prefix_path.dsv'
[1.646s] INFO:colcon.colcon_core.shell:Creating environment hook '/home/kiro04/pinkbot/install/minibot_navigation2/share/minibot_navigation2/hook/cmake_prefix_path.sh'
[1.648s] Level 1:colcon.colcon_core.environment:checking '/home/kiro04/pinkbot/install/minibot_navigation2/bin'
[1.648s] Level 1:colcon.colcon_core.environment:checking '/home/kiro04/pinkbot/install/minibot_navigation2/lib/pkgconfig/minibot_navigation2.pc'
[1.649s] Level 1:colcon.colcon_core.environment:checking '/home/kiro04/pinkbot/install/minibot_navigation2/lib/python3.10/site-packages'
[1.649s] Level 1:colcon.colcon_core.environment:checking '/home/kiro04/pinkbot/install/minibot_navigation2/bin'
[1.653s] INFO:colcon.colcon_core.shell:Creating package script '/home/kiro04/pinkbot/install/minibot_navigation2/share/minibot_navigation2/package.ps1'
[1.655s] INFO:colcon.colcon_core.shell:Creating package descriptor '/home/kiro04/pinkbot/install/minibot_navigation2/share/minibot_navigation2/package.dsv'
[1.657s] INFO:colcon.colcon_core.shell:Creating package script '/home/kiro04/pinkbot/install/minibot_navigation2/share/minibot_navigation2/package.sh'
[1.660s] INFO:colcon.colcon_core.shell:Creating package script '/home/kiro04/pinkbot/install/minibot_navigation2/share/minibot_navigation2/package.bash'
[1.662s] INFO:colcon.colcon_core.shell:Creating package script '/home/kiro04/pinkbot/install/minibot_navigation2/share/minibot_navigation2/package.zsh'
[1.664s] Level 1:colcon.colcon_core.environment:create_file_with_runtime_dependencies(/home/kiro04/pinkbot/install/minibot_navigation2/share/colcon-core/packages/minibot_navigation2)
[1.669s] Level 1:colcon.colcon_core.environment:create_environment_scripts_only(minibot_interfaces)
[1.676s] Level 1:colcon.colcon_core.environment:checking '/home/kiro04/pinkbot/install/minibot_interfaces' for CMake module files
[1.676s] DEBUG:colcon.colcon_core.event_handler.log_command:Invoked command in '/home/kiro04/pinkbot/build/minibot_interfaces' returned '0': CMAKE_PREFIX_PATH=/opt/ros/humble /home/kiro04/.local/bin/cmake --install /home/kiro04/pinkbot/build/minibot_interfaces
[1.677s] Level 1:colcon.colcon_core.environment:checking '/home/kiro04/pinkbot/install/minibot_interfaces' for CMake config files
[1.678s] Level 1:colcon.colcon_core.shell:create_environment_hook('minibot_interfaces', 'cmake_prefix_path')
[1.680s] INFO:colcon.colcon_core.shell:Creating environment hook '/home/kiro04/pinkbot/install/minibot_interfaces/share/minibot_interfaces/hook/cmake_prefix_path.ps1'
[1.681s] INFO:colcon.colcon_core.shell:Creating environment descriptor '/home/kiro04/pinkbot/install/minibot_interfaces/share/minibot_interfaces/hook/cmake_prefix_path.dsv'
[1.682s] INFO:colcon.colcon_core.shell:Creating environment hook '/home/kiro04/pinkbot/install/minibot_interfaces/share/minibot_interfaces/hook/cmake_prefix_path.sh'
[1.683s] Level 1:colcon.colcon_core.environment:checking '/home/kiro04/pinkbot/install/minibot_interfaces/lib'
[1.683s] Level 1:colcon.colcon_core.shell:create_environment_hook('minibot_interfaces', 'ld_library_path_lib')
[1.685s] INFO:colcon.colcon_core.shell:Creating environment hook '/home/kiro04/pinkbot/install/minibot_interfaces/share/minibot_interfaces/hook/ld_library_path_lib.ps1'
[1.686s] INFO:colcon.colcon_core.shell:Creating environment descriptor '/home/kiro04/pinkbot/install/minibot_interfaces/share/minibot_interfaces/hook/ld_library_path_lib.dsv'
[1.686s] INFO:colcon.colcon_core.shell:Creating environment hook '/home/kiro04/pinkbot/install/minibot_interfaces/share/minibot_interfaces/hook/ld_library_path_lib.sh'
[1.687s] Level 1:colcon.colcon_core.environment:checking '/home/kiro04/pinkbot/install/minibot_interfaces/bin'
[1.687s] Level 1:colcon.colcon_core.environment:checking '/home/kiro04/pinkbot/install/minibot_interfaces/lib/pkgconfig/minibot_interfaces.pc'
[1.687s] Level 1:colcon.colcon_core.environment:checking '/home/kiro04/pinkbot/install/minibot_interfaces/lib/python3.10/site-packages'
[1.688s] Level 1:colcon.colcon_core.environment:checking '/home/kiro04/pinkbot/install/minibot_interfaces/bin'
[1.691s] INFO:colcon.colcon_core.shell:Creating package script '/home/kiro04/pinkbot/install/minibot_interfaces/share/minibot_interfaces/package.ps1'
[1.692s] INFO:colcon.colcon_core.shell:Creating package descriptor '/home/kiro04/pinkbot/install/minibot_interfaces/share/minibot_interfaces/package.dsv'
[1.693s] INFO:colcon.colcon_core.shell:Creating package script '/home/kiro04/pinkbot/install/minibot_interfaces/share/minibot_interfaces/package.sh'
[1.694s] INFO:colcon.colcon_core.shell:Creating package script '/home/kiro04/pinkbot/install/minibot_interfaces/share/minibot_interfaces/package.bash'
[1.694s] INFO:colcon.colcon_core.shell:Creating package script '/home/kiro04/pinkbot/install/minibot_interfaces/share/minibot_interfaces/package.zsh'
[1.695s] Level 1:colcon.colcon_core.environment:create_file_with_runtime_dependencies(/home/kiro04/pinkbot/install/minibot_interfaces/share/colcon-core/packages/minibot_interfaces)
[1.718s] Level 1:colcon.colcon_core.environment:create_environment_scripts_only(minibot_description)
[1.724s] Level 1:colcon.colcon_core.environment:checking '/home/kiro04/pinkbot/install/minibot_description' for CMake module files
[1.725s] Level 1:colcon.colcon_core.environment:checking '/home/kiro04/pinkbot/install/minibot_description' for CMake config files
[1.725s] Level 1:colcon.colcon_core.shell:create_environment_hook('minibot_description', 'cmake_prefix_path')
[1.729s] INFO:colcon.colcon_core.shell:Creating environment hook '/home/kiro04/pinkbot/install/minibot_description/share/minibot_description/hook/cmake_prefix_path.ps1'
[1.730s] INFO:colcon.colcon_core.shell:Creating environment descriptor '/home/kiro04/pinkbot/install/minibot_description/share/minibot_description/hook/cmake_prefix_path.dsv'
[1.731s] INFO:colcon.colcon_core.shell:Creating environment hook '/home/kiro04/pinkbot/install/minibot_description/share/minibot_description/hook/cmake_prefix_path.sh'
[1.732s] Level 1:colcon.colcon_core.environment:checking '/home/kiro04/pinkbot/install/minibot_description/bin'
[1.732s] Level 1:colcon.colcon_core.environment:checking '/home/kiro04/pinkbot/install/minibot_description/lib/pkgconfig/minibot_description.pc'
[1.733s] Level 1:colcon.colcon_core.environment:checking '/home/kiro04/pinkbot/install/minibot_description/lib/python3.10/site-packages'
[1.734s] Level 1:colcon.colcon_core.environment:checking '/home/kiro04/pinkbot/install/minibot_description/bin'
[1.738s] INFO:colcon.colcon_core.shell:Creating package script '/home/kiro04/pinkbot/install/minibot_description/share/minibot_description/package.ps1'
[1.739s] INFO:colcon.colcon_core.shell:Creating package descriptor '/home/kiro04/pinkbot/install/minibot_description/share/minibot_description/package.dsv'
[1.741s] INFO:colcon.colcon_core.shell:Creating package script '/home/kiro04/pinkbot/install/minibot_description/share/minibot_description/package.sh'
[1.742s] INFO:colcon.colcon_core.shell:Creating package script '/home/kiro04/pinkbot/install/minibot_description/share/minibot_description/package.bash'
[1.742s] INFO:colcon.colcon_core.shell:Creating package script '/home/kiro04/pinkbot/install/minibot_description/share/minibot_description/package.zsh'
[1.743s] Level 1:colcon.colcon_core.environment:create_file_with_runtime_dependencies(/home/kiro04/pinkbot/install/minibot_description/share/colcon-core/packages/minibot_description)
[1.744s] INFO:colcon.colcon_ros.task.ament_cmake.build:Building ROS package in '/home/kiro04/pinkbot/src/pinklab_minibot_robot/minibot_gazebo' with build type 'ament_cmake'
[1.745s] INFO:colcon.colcon_cmake.task.cmake.build:Building CMake package in '/home/kiro04/pinkbot/src/pinklab_minibot_robot/minibot_gazebo'
[1.749s] INFO:colcon.colcon_core.shell:Skip shell extension 'powershell' for command environment: Not usable outside of PowerShell
[1.749s] DEBUG:colcon.colcon_core.shell:Skip shell extension 'dsv' for command environment
[1.767s] Level 1:colcon.colcon_core.environment:create_environment_scripts_only(minibot_hardware_interface)
[1.773s] Level 1:colcon.colcon_core.environment:checking '/home/kiro04/pinkbot/install/minibot_hardware_interface' for CMake module files
[1.774s] Level 1:colcon.colcon_core.environment:checking '/home/kiro04/pinkbot/install/minibot_hardware_interface' for CMake config files
[1.775s] Level 1:colcon.colcon_core.shell:create_environment_hook('minibot_hardware_interface', 'cmake_prefix_path')
[1.779s] INFO:colcon.colcon_core.shell:Creating environment hook '/home/kiro04/pinkbot/install/minibot_hardware_interface/share/minibot_hardware_interface/hook/cmake_prefix_path.ps1'
[1.780s] INFO:colcon.colcon_core.shell:Creating environment descriptor '/home/kiro04/pinkbot/install/minibot_hardware_interface/share/minibot_hardware_interface/hook/cmake_prefix_path.dsv'
[1.781s] INFO:colcon.colcon_core.shell:Creating environment hook '/home/kiro04/pinkbot/install/minibot_hardware_interface/share/minibot_hardware_interface/hook/cmake_prefix_path.sh'
[1.782s] Level 1:colcon.colcon_core.environment:checking '/home/kiro04/pinkbot/install/minibot_hardware_interface/lib'
[1.782s] Level 1:colcon.colcon_core.shell:create_environment_hook('minibot_hardware_interface', 'ld_library_path_lib')
[1.786s] INFO:colcon.colcon_core.shell:Creating environment hook '/home/kiro04/pinkbot/install/minibot_hardware_interface/share/minibot_hardware_interface/hook/ld_library_path_lib.ps1'
[1.787s] INFO:colcon.colcon_core.shell:Creating environment descriptor '/home/kiro04/pinkbot/install/minibot_hardware_interface/share/minibot_hardware_interface/hook/ld_library_path_lib.dsv'
[1.788s] INFO:colcon.colcon_core.shell:Creating environment hook '/home/kiro04/pinkbot/install/minibot_hardware_interface/share/minibot_hardware_interface/hook/ld_library_path_lib.sh'
[1.788s] Level 1:colcon.colcon_core.environment:checking '/home/kiro04/pinkbot/install/minibot_hardware_interface/bin'
[1.789s] Level 1:colcon.colcon_core.environment:checking '/home/kiro04/pinkbot/install/minibot_hardware_interface/lib/pkgconfig/minibot_hardware_interface.pc'
[1.789s] Level 1:colcon.colcon_core.environment:checking '/home/kiro04/pinkbot/install/minibot_hardware_interface/lib/python3.10/site-packages'
[1.790s] Level 1:colcon.colcon_core.environment:checking '/home/kiro04/pinkbot/install/minibot_hardware_interface/bin'
[1.793s] INFO:colcon.colcon_core.shell:Creating package script '/home/kiro04/pinkbot/install/minibot_hardware_interface/share/minibot_hardware_interface/package.ps1'
[1.795s] INFO:colcon.colcon_core.shell:Creating package descriptor '/home/kiro04/pinkbot/install/minibot_hardware_interface/share/minibot_hardware_interface/package.dsv'
[1.796s] INFO:colcon.colcon_core.shell:Creating package script '/home/kiro04/pinkbot/install/minibot_hardware_interface/share/minibot_hardware_interface/package.sh'
[1.797s] INFO:colcon.colcon_core.shell:Creating package script '/home/kiro04/pinkbot/install/minibot_hardware_interface/share/minibot_hardware_interface/package.bash'
[1.798s] INFO:colcon.colcon_core.shell:Creating package script '/home/kiro04/pinkbot/install/minibot_hardware_interface/share/minibot_hardware_interface/package.zsh'
[1.798s] Level 1:colcon.colcon_core.environment:create_file_with_runtime_dependencies(/home/kiro04/pinkbot/install/minibot_hardware_interface/share/colcon-core/packages/minibot_hardware_interface)
[1.809s] Level 1:colcon.colcon_core.environment:create_environment_scripts_only(minibot_navigation2)
[1.814s] Level 1:colcon.colcon_core.environment:checking '/home/kiro04/pinkbot/install/minibot_navigation2' for CMake module files
[1.817s] DEBUG:colcon.colcon_core.event_handler.log_command:Invoking command in '/home/kiro04/pinkbot/build/minibot_gazebo': AMENT_PREFIX_PATH=/home/kiro04/pinkbot/install/minibot_description:${AMENT_PREFIX_PATH} CMAKE_PREFIX_PATH=/home/kiro04/pinkbot/install/minibot_description:/opt/ros/humble /home/kiro04/.local/bin/cmake --build /home/kiro04/pinkbot/build/minibot_gazebo -- -j8 -l8
[1.817s] Level 1:colcon.colcon_core.environment:checking '/home/kiro04/pinkbot/install/minibot_navigation2' for CMake config files
[1.818s] Level 1:colcon.colcon_core.shell:create_environment_hook('minibot_navigation2', 'cmake_prefix_path')
[1.820s] INFO:colcon.colcon_core.shell:Creating environment hook '/home/kiro04/pinkbot/install/minibot_navigation2/share/minibot_navigation2/hook/cmake_prefix_path.ps1'
[1.821s] INFO:colcon.colcon_core.shell:Creating environment descriptor '/home/kiro04/pinkbot/install/minibot_navigation2/share/minibot_navigation2/hook/cmake_prefix_path.dsv'
[1.821s] INFO:colcon.colcon_core.shell:Creating environment hook '/home/kiro04/pinkbot/install/minibot_navigation2/share/minibot_navigation2/hook/cmake_prefix_path.sh'
[1.822s] Level 1:colcon.colcon_core.environment:checking '/home/kiro04/pinkbot/install/minibot_navigation2/bin'
[1.822s] Level 1:colcon.colcon_core.environment:checking '/home/kiro04/pinkbot/install/minibot_navigation2/lib/pkgconfig/minibot_navigation2.pc'
[1.822s] Level 1:colcon.colcon_core.environment:checking '/home/kiro04/pinkbot/install/minibot_navigation2/lib/python3.10/site-packages'
[1.823s] Level 1:colcon.colcon_core.environment:checking '/home/kiro04/pinkbot/install/minibot_navigation2/bin'
[1.825s] INFO:colcon.colcon_core.shell:Creating package script '/home/kiro04/pinkbot/install/minibot_navigation2/share/minibot_navigation2/package.ps1'
[1.826s] INFO:colcon.colcon_core.shell:Creating package descriptor '/home/kiro04/pinkbot/install/minibot_navigation2/share/minibot_navigation2/package.dsv'
[1.827s] INFO:colcon.colcon_core.shell:Creating package script '/home/kiro04/pinkbot/install/minibot_navigation2/share/minibot_navigation2/package.sh'
[1.827s] INFO:colcon.colcon_core.shell:Creating package script '/home/kiro04/pinkbot/install/minibot_navigation2/share/minibot_navigation2/package.bash'
[1.828s] INFO:colcon.colcon_core.shell:Creating package script '/home/kiro04/pinkbot/install/minibot_navigation2/share/minibot_navigation2/package.zsh'
[1.829s] Level 1:colcon.colcon_core.environment:create_file_with_runtime_dependencies(/home/kiro04/pinkbot/install/minibot_navigation2/share/colcon-core/packages/minibot_navigation2)
[1.907s] Level 1:colcon.colcon_core.environment:create_environment_scripts_only(minibot_interfaces)
[1.912s] Level 1:colcon.colcon_core.environment:checking '/home/kiro04/pinkbot/install/minibot_interfaces' for CMake module files
[1.913s] Level 1:colcon.colcon_core.environment:checking '/home/kiro04/pinkbot/install/minibot_interfaces' for CMake config files
[1.913s] Level 1:colcon.colcon_core.shell:create_environment_hook('minibot_interfaces', 'cmake_prefix_path')
[1.916s] INFO:colcon.colcon_core.shell:Creating environment hook '/home/kiro04/pinkbot/install/minibot_interfaces/share/minibot_interfaces/hook/cmake_prefix_path.ps1'
[1.916s] INFO:colcon.colcon_core.shell:Creating environment descriptor '/home/kiro04/pinkbot/install/minibot_interfaces/share/minibot_interfaces/hook/cmake_prefix_path.dsv'
[1.917s] INFO:colcon.colcon_core.shell:Creating environment hook '/home/kiro04/pinkbot/install/minibot_interfaces/share/minibot_interfaces/hook/cmake_prefix_path.sh'
[1.917s] Level 1:colcon.colcon_core.environment:checking '/home/kiro04/pinkbot/install/minibot_interfaces/lib'
[1.918s] Level 1:colcon.colcon_core.shell:create_environment_hook('minibot_interfaces', 'ld_library_path_lib')
[1.920s] INFO:colcon.colcon_core.shell:Creating environment hook '/home/kiro04/pinkbot/install/minibot_interfaces/share/minibot_interfaces/hook/ld_library_path_lib.ps1'
[1.921s] INFO:colcon.colcon_core.shell:Creating environment descriptor '/home/kiro04/pinkbot/install/minibot_interfaces/share/minibot_interfaces/hook/ld_library_path_lib.dsv'
[1.921s] INFO:colcon.colcon_core.shell:Creating environment hook '/home/kiro04/pinkbot/install/minibot_interfaces/share/minibot_interfaces/hook/ld_library_path_lib.sh'
[1.922s] Level 1:colcon.colcon_core.environment:checking '/home/kiro04/pinkbot/install/minibot_interfaces/bin'
[1.922s] Level 1:colcon.colcon_core.environment:checking '/home/kiro04/pinkbot/install/minibot_interfaces/lib/pkgconfig/minibot_interfaces.pc'
[1.922s] Level 1:colcon.colcon_core.environment:checking '/home/kiro04/pinkbot/install/minibot_interfaces/lib/python3.10/site-packages'
[1.923s] Level 1:colcon.colcon_core.environment:checking '/home/kiro04/pinkbot/install/minibot_interfaces/bin'
[1.925s] INFO:colcon.colcon_core.shell:Creating package script '/home/kiro04/pinkbot/install/minibot_interfaces/share/minibot_interfaces/package.ps1'
[1.926s] INFO:colcon.colcon_core.shell:Creating package descriptor '/home/kiro04/pinkbot/install/minibot_interfaces/share/minibot_interfaces/package.dsv'
[1.927s] INFO:colcon.colcon_core.shell:Creating package script '/home/kiro04/pinkbot/install/minibot_interfaces/share/minibot_interfaces/package.sh'
[1.928s] INFO:colcon.colcon_core.shell:Creating package script '/home/kiro04/pinkbot/install/minibot_interfaces/share/minibot_interfaces/package.bash'
[1.928s] INFO:colcon.colcon_core.shell:Creating package script '/home/kiro04/pinkbot/install/minibot_interfaces/share/minibot_interfaces/package.zsh'
[1.929s] Level 1:colcon.colcon_core.environment:create_file_with_runtime_dependencies(/home/kiro04/pinkbot/install/minibot_interfaces/share/colcon-core/packages/minibot_interfaces)
[1.929s] INFO:colcon.colcon_ros.task.ament_cmake.build:Building ROS package in '/home/kiro04/pinkbot/src/pinklab_minibot_robot/minibot_controllers' with build type 'ament_cmake'
[1.929s] INFO:colcon.colcon_cmake.task.cmake.build:Building CMake package in '/home/kiro04/pinkbot/src/pinklab_minibot_robot/minibot_controllers'
[1.932s] INFO:colcon.colcon_core.shell:Skip shell extension 'powershell' for command environment: Not usable outside of PowerShell
[1.932s] DEBUG:colcon.colcon_core.shell:Skip shell extension 'dsv' for command environment
[1.943s] DEBUG:colcon.colcon_core.event_handler.log_command:Invoked command in '/home/kiro04/pinkbot/build/minibot_gazebo' returned '0': AMENT_PREFIX_PATH=/home/kiro04/pinkbot/install/minibot_description:${AMENT_PREFIX_PATH} CMAKE_PREFIX_PATH=/home/kiro04/pinkbot/install/minibot_description:/opt/ros/humble /home/kiro04/.local/bin/cmake --build /home/kiro04/pinkbot/build/minibot_gazebo -- -j8 -l8
[1.952s] DEBUG:colcon.colcon_core.event_handler.log_command:Invoking command in '/home/kiro04/pinkbot/build/minibot_controllers': AMENT_PREFIX_PATH=/home/kiro04/pinkbot/install/minibot_interfaces:${AMENT_PREFIX_PATH} CMAKE_PREFIX_PATH=/home/kiro04/pinkbot/install/minibot_interfaces:/opt/ros/humble LD_LIBRARY_PATH=/home/kiro04/pinkbot/install/minibot_interfaces/lib:${LD_LIBRARY_PATH} PYTHONPATH=/home/kiro04/pinkbot/install/minibot_interfaces/local/lib/python3.10/dist-packages:${PYTHONPATH} /home/kiro04/.local/bin/cmake --build /home/kiro04/pinkbot/build/minibot_controllers -- -j8 -l8
[2.061s] DEBUG:colcon.colcon_core.event_handler.log_command:Invoking command in '/home/kiro04/pinkbot/build/minibot_gazebo': AMENT_PREFIX_PATH=/home/kiro04/pinkbot/install/minibot_description:${AMENT_PREFIX_PATH} CMAKE_PREFIX_PATH=/home/kiro04/pinkbot/install/minibot_description:/opt/ros/humble /home/kiro04/.local/bin/cmake --install /home/kiro04/pinkbot/build/minibot_gazebo
[2.104s] DEBUG:colcon.colcon_core.event_handler.log_command:Invoking command in '/home/kiro04/pinkbot/src/yolo_package': PYTHONPATH=/home/kiro04/pinkbot/build/yolo_package/prefix_override:/home/kiro04/pinkbot/install/yolo_package/lib/python3.10/site-packages:${PYTHONPATH} /usr/bin/python3 setup.py egg_info --egg-base ../../build/yolo_package build --build-base /home/kiro04/pinkbot/build/yolo_package/build install --record /home/kiro04/pinkbot/build/yolo_package/install.log --single-version-externally-managed
[2.106s] DEBUG:colcon.colcon_core.event_handler.log_command:Invoked command in '/home/kiro04/pinkbot/build/minibot_controllers' returned '0': AMENT_PREFIX_PATH=/home/kiro04/pinkbot/install/minibot_interfaces:${AMENT_PREFIX_PATH} CMAKE_PREFIX_PATH=/home/kiro04/pinkbot/install/minibot_interfaces:/opt/ros/humble LD_LIBRARY_PATH=/home/kiro04/pinkbot/install/minibot_interfaces/lib:${LD_LIBRARY_PATH} PYTHONPATH=/home/kiro04/pinkbot/install/minibot_interfaces/local/lib/python3.10/dist-packages:${PYTHONPATH} /home/kiro04/.local/bin/cmake --build /home/kiro04/pinkbot/build/minibot_controllers -- -j8 -l8
[2.164s] Level 1:colcon.colcon_core.environment:create_environment_scripts_only(minibot_gazebo)
[2.167s] Level 1:colcon.colcon_core.environment:checking '/home/kiro04/pinkbot/install/minibot_gazebo' for CMake module files
[2.169s] DEBUG:colcon.colcon_core.event_handler.log_command:Invoked command in '/home/kiro04/pinkbot/build/minibot_gazebo' returned '0': AMENT_PREFIX_PATH=/home/kiro04/pinkbot/install/minibot_description:${AMENT_PREFIX_PATH} CMAKE_PREFIX_PATH=/home/kiro04/pinkbot/install/minibot_description:/opt/ros/humble /home/kiro04/.local/bin/cmake --install /home/kiro04/pinkbot/build/minibot_gazebo
[2.169s] Level 1:colcon.colcon_core.environment:checking '/home/kiro04/pinkbot/install/minibot_gazebo' for CMake config files
[2.170s] Level 1:colcon.colcon_core.shell:create_environment_hook('minibot_gazebo', 'cmake_prefix_path')
[2.172s] INFO:colcon.colcon_core.shell:Creating environment hook '/home/kiro04/pinkbot/install/minibot_gazebo/share/minibot_gazebo/hook/cmake_prefix_path.ps1'
[2.173s] INFO:colcon.colcon_core.shell:Creating environment descriptor '/home/kiro04/pinkbot/install/minibot_gazebo/share/minibot_gazebo/hook/cmake_prefix_path.dsv'
[2.173s] INFO:colcon.colcon_core.shell:Creating environment hook '/home/kiro04/pinkbot/install/minibot_gazebo/share/minibot_gazebo/hook/cmake_prefix_path.sh'
[2.174s] Level 1:colcon.colcon_core.environment:checking '/home/kiro04/pinkbot/install/minibot_gazebo/bin'
[2.174s] Level 1:colcon.colcon_core.environment:checking '/home/kiro04/pinkbot/install/minibot_gazebo/lib/pkgconfig/minibot_gazebo.pc'
[2.174s] Level 1:colcon.colcon_core.environment:checking '/home/kiro04/pinkbot/install/minibot_gazebo/lib/python3.10/site-packages'
[2.175s] Level 1:colcon.colcon_core.environment:checking '/home/kiro04/pinkbot/install/minibot_gazebo/bin'
[2.177s] INFO:colcon.colcon_core.shell:Creating package script '/home/kiro04/pinkbot/install/minibot_gazebo/share/minibot_gazebo/package.ps1'
[2.177s] INFO:colcon.colcon_core.shell:Creating package descriptor '/home/kiro04/pinkbot/install/minibot_gazebo/share/minibot_gazebo/package.dsv'
[2.178s] INFO:colcon.colcon_core.shell:Creating package script '/home/kiro04/pinkbot/install/minibot_gazebo/share/minibot_gazebo/package.sh'
[2.178s] INFO:colcon.colcon_core.shell:Creating package script '/home/kiro04/pinkbot/install/minibot_gazebo/share/minibot_gazebo/package.bash'
[2.179s] INFO:colcon.colcon_core.shell:Creating package script '/home/kiro04/pinkbot/install/minibot_gazebo/share/minibot_gazebo/package.zsh'
[2.179s] Level 1:colcon.colcon_core.environment:create_file_with_runtime_dependencies(/home/kiro04/pinkbot/install/minibot_gazebo/share/colcon-core/packages/minibot_gazebo)
[2.226s] DEBUG:colcon.colcon_core.event_handler.log_command:Invoking command in '/home/kiro04/pinkbot/build/minibot_controllers': AMENT_PREFIX_PATH=/home/kiro04/pinkbot/install/minibot_interfaces:${AMENT_PREFIX_PATH} CMAKE_PREFIX_PATH=/home/kiro04/pinkbot/install/minibot_interfaces:/opt/ros/humble LD_LIBRARY_PATH=/home/kiro04/pinkbot/install/minibot_interfaces/lib:${LD_LIBRARY_PATH} PYTHONPATH=/home/kiro04/pinkbot/install/minibot_interfaces/local/lib/python3.10/dist-packages:${PYTHONPATH} /home/kiro04/.local/bin/cmake --install /home/kiro04/pinkbot/build/minibot_controllers
[2.296s] Level 1:colcon.colcon_core.environment:create_environment_scripts_only(minibot_gazebo)
[2.299s] Level 1:colcon.colcon_core.environment:checking '/home/kiro04/pinkbot/install/minibot_gazebo' for CMake module files
[2.301s] Level 1:colcon.colcon_core.environment:checking '/home/kiro04/pinkbot/install/minibot_gazebo' for CMake config files
[2.301s] Level 1:colcon.colcon_core.shell:create_environment_hook('minibot_gazebo', 'cmake_prefix_path')
[2.304s] INFO:colcon.colcon_core.shell:Creating environment hook '/home/kiro04/pinkbot/install/minibot_gazebo/share/minibot_gazebo/hook/cmake_prefix_path.ps1'
[2.304s] INFO:colcon.colcon_core.shell:Creating environment descriptor '/home/kiro04/pinkbot/install/minibot_gazebo/share/minibot_gazebo/hook/cmake_prefix_path.dsv'
[2.305s] INFO:colcon.colcon_core.shell:Creating environment hook '/home/kiro04/pinkbot/install/minibot_gazebo/share/minibot_gazebo/hook/cmake_prefix_path.sh'
[2.305s] Level 1:colcon.colcon_core.environment:checking '/home/kiro04/pinkbot/install/minibot_gazebo/bin'
[2.305s] Level 1:colcon.colcon_core.environment:checking '/home/kiro04/pinkbot/install/minibot_gazebo/lib/pkgconfig/minibot_gazebo.pc'
[2.306s] Level 1:colcon.colcon_core.environment:checking '/home/kiro04/pinkbot/install/minibot_gazebo/lib/python3.10/site-packages'
[2.306s] Level 1:colcon.colcon_core.environment:checking '/home/kiro04/pinkbot/install/minibot_gazebo/bin'
[2.308s] INFO:colcon.colcon_core.shell:Creating package script '/home/kiro04/pinkbot/install/minibot_gazebo/share/minibot_gazebo/package.ps1'
[2.309s] INFO:colcon.colcon_core.shell:Creating package descriptor '/home/kiro04/pinkbot/install/minibot_gazebo/share/minibot_gazebo/package.dsv'
[2.310s] INFO:colcon.colcon_core.shell:Creating package script '/home/kiro04/pinkbot/install/minibot_gazebo/share/minibot_gazebo/package.sh'
[2.310s] INFO:colcon.colcon_core.shell:Creating package script '/home/kiro04/pinkbot/install/minibot_gazebo/share/minibot_gazebo/package.bash'
[2.311s] INFO:colcon.colcon_core.shell:Creating package script '/home/kiro04/pinkbot/install/minibot_gazebo/share/minibot_gazebo/package.zsh'
[2.312s] Level 1:colcon.colcon_core.environment:create_file_with_runtime_dependencies(/home/kiro04/pinkbot/install/minibot_gazebo/share/colcon-core/packages/minibot_gazebo)
[2.312s] INFO:colcon.colcon_ros.task.ament_cmake.build:Building ROS package in '/home/kiro04/pinkbot/src/pinklab_minibot_robot/minibot_bringup' with build type 'ament_cmake'
[2.312s] INFO:colcon.colcon_cmake.task.cmake.build:Building CMake package in '/home/kiro04/pinkbot/src/pinklab_minibot_robot/minibot_bringup'
[2.315s] INFO:colcon.colcon_core.shell:Skip shell extension 'powershell' for command environment: Not usable outside of PowerShell
[2.315s] DEBUG:colcon.colcon_core.shell:Skip shell extension 'dsv' for command environment
[2.332s] Level 1:colcon.colcon_core.environment:create_environment_scripts_only(minibot_controllers)
[2.336s] Level 1:colcon.colcon_core.environment:checking '/home/kiro04/pinkbot/install/minibot_controllers' for CMake module files
[2.337s] DEBUG:colcon.colcon_core.event_handler.log_command:Invoked command in '/home/kiro04/pinkbot/build/minibot_controllers' returned '0': AMENT_PREFIX_PATH=/home/kiro04/pinkbot/install/minibot_interfaces:${AMENT_PREFIX_PATH} CMAKE_PREFIX_PATH=/home/kiro04/pinkbot/install/minibot_interfaces:/opt/ros/humble LD_LIBRARY_PATH=/home/kiro04/pinkbot/install/minibot_interfaces/lib:${LD_LIBRARY_PATH} PYTHONPATH=/home/kiro04/pinkbot/install/minibot_interfaces/local/lib/python3.10/dist-packages:${PYTHONPATH} /home/kiro04/.local/bin/cmake --install /home/kiro04/pinkbot/build/minibot_controllers
[2.337s] Level 1:colcon.colcon_core.environment:checking '/home/kiro04/pinkbot/install/minibot_controllers' for CMake config files
[2.337s] Level 1:colcon.colcon_core.shell:create_environment_hook('minibot_controllers', 'cmake_prefix_path')
[2.339s] INFO:colcon.colcon_core.shell:Creating environment hook '/home/kiro04/pinkbot/install/minibot_controllers/share/minibot_controllers/hook/cmake_prefix_path.ps1'
[2.340s] INFO:colcon.colcon_core.shell:Creating environment descriptor '/home/kiro04/pinkbot/install/minibot_controllers/share/minibot_controllers/hook/cmake_prefix_path.dsv'
[2.340s] INFO:colcon.colcon_core.shell:Creating environment hook '/home/kiro04/pinkbot/install/minibot_controllers/share/minibot_controllers/hook/cmake_prefix_path.sh'
[2.341s] Level 1:colcon.colcon_core.environment:checking '/home/kiro04/pinkbot/install/minibot_controllers/lib'
[2.341s] Level 1:colcon.colcon_core.shell:create_environment_hook('minibot_controllers', 'ld_library_path_lib')
[2.343s] INFO:colcon.colcon_core.shell:Creating environment hook '/home/kiro04/pinkbot/install/minibot_controllers/share/minibot_controllers/hook/ld_library_path_lib.ps1'
[2.343s] INFO:colcon.colcon_core.shell:Creating environment descriptor '/home/kiro04/pinkbot/install/minibot_controllers/share/minibot_controllers/hook/ld_library_path_lib.dsv'
[2.344s] INFO:colcon.colcon_core.shell:Creating environment hook '/home/kiro04/pinkbot/install/minibot_controllers/share/minibot_controllers/hook/ld_library_path_lib.sh'
[2.344s] Level 1:colcon.colcon_core.environment:checking '/home/kiro04/pinkbot/install/minibot_controllers/bin'
[2.344s] Level 1:colcon.colcon_core.environment:checking '/home/kiro04/pinkbot/install/minibot_controllers/lib/pkgconfig/minibot_controllers.pc'
[2.344s] Level 1:colcon.colcon_core.environment:checking '/home/kiro04/pinkbot/install/minibot_controllers/lib/python3.10/site-packages'
[2.345s] Level 1:colcon.colcon_core.environment:checking '/home/kiro04/pinkbot/install/minibot_controllers/bin'
[2.346s] INFO:colcon.colcon_core.shell:Creating package script '/home/kiro04/pinkbot/install/minibot_controllers/share/minibot_controllers/package.ps1'
[2.347s] INFO:colcon.colcon_core.shell:Creating package descriptor '/home/kiro04/pinkbot/install/minibot_controllers/share/minibot_controllers/package.dsv'
[2.348s] INFO:colcon.colcon_core.shell:Creating package script '/home/kiro04/pinkbot/install/minibot_controllers/share/minibot_controllers/package.sh'
[2.348s] INFO:colcon.colcon_core.shell:Creating package script '/home/kiro04/pinkbot/install/minibot_controllers/share/minibot_controllers/package.bash'
[2.349s] INFO:colcon.colcon_core.shell:Creating package script '/home/kiro04/pinkbot/install/minibot_controllers/share/minibot_controllers/package.zsh'
[2.349s] Level 1:colcon.colcon_core.environment:create_file_with_runtime_dependencies(/home/kiro04/pinkbot/install/minibot_controllers/share/colcon-core/packages/minibot_controllers)
[2.357s] DEBUG:colcon.colcon_core.event_handler.log_command:Invoking command in '/home/kiro04/pinkbot/build/minibot_bringup': AMENT_PREFIX_PATH=/home/kiro04/pinkbot/install/minibot_gazebo:/home/kiro04/pinkbot/install/minibot_description:${AMENT_PREFIX_PATH} CMAKE_PREFIX_PATH=/home/kiro04/pinkbot/install/minibot_gazebo:/home/kiro04/pinkbot/install/minibot_description:/opt/ros/humble /home/kiro04/.local/bin/cmake --build /home/kiro04/pinkbot/build/minibot_bringup -- -j8 -l8
[2.473s] Level 1:colcon.colcon_core.environment:create_environment_scripts_only(minibot_controllers)
[2.475s] Level 1:colcon.colcon_core.environment:checking '/home/kiro04/pinkbot/install/minibot_controllers' for CMake module files
[2.476s] Level 1:colcon.colcon_core.environment:checking '/home/kiro04/pinkbot/install/minibot_controllers' for CMake config files
[2.476s] Level 1:colcon.colcon_core.shell:create_environment_hook('minibot_controllers', 'cmake_prefix_path')
[2.479s] INFO:colcon.colcon_core.shell:Creating environment hook '/home/kiro04/pinkbot/install/minibot_controllers/share/minibot_controllers/hook/cmake_prefix_path.ps1'
[2.479s] INFO:colcon.colcon_core.shell:Creating environment descriptor '/home/kiro04/pinkbot/install/minibot_controllers/share/minibot_controllers/hook/cmake_prefix_path.dsv'
[2.480s] INFO:colcon.colcon_core.shell:Creating environment hook '/home/kiro04/pinkbot/install/minibot_controllers/share/minibot_controllers/hook/cmake_prefix_path.sh'
[2.480s] Level 1:colcon.colcon_core.environment:checking '/home/kiro04/pinkbot/install/minibot_controllers/lib'
[2.480s] Level 1:colcon.colcon_core.shell:create_environment_hook('minibot_controllers', 'ld_library_path_lib')
[2.482s] INFO:colcon.colcon_core.shell:Creating environment hook '/home/kiro04/pinkbot/install/minibot_controllers/share/minibot_controllers/hook/ld_library_path_lib.ps1'
[2.482s] INFO:colcon.colcon_core.shell:Creating environment descriptor '/home/kiro04/pinkbot/install/minibot_controllers/share/minibot_controllers/hook/ld_library_path_lib.dsv'
[2.483s] INFO:colcon.colcon_core.shell:Creating environment hook '/home/kiro04/pinkbot/install/minibot_controllers/share/minibot_controllers/hook/ld_library_path_lib.sh'
[2.483s] Level 1:colcon.colcon_core.environment:checking '/home/kiro04/pinkbot/install/minibot_controllers/bin'
[2.483s] Level 1:colcon.colcon_core.environment:checking '/home/kiro04/pinkbot/install/minibot_controllers/lib/pkgconfig/minibot_controllers.pc'
[2.483s] Level 1:colcon.colcon_core.environment:checking '/home/kiro04/pinkbot/install/minibot_controllers/lib/python3.10/site-packages'
[2.484s] Level 1:colcon.colcon_core.environment:checking '/home/kiro04/pinkbot/install/minibot_controllers/bin'
[2.486s] INFO:colcon.colcon_core.shell:Creating package script '/home/kiro04/pinkbot/install/minibot_controllers/share/minibot_controllers/package.ps1'
[2.487s] INFO:colcon.colcon_core.shell:Creating package descriptor '/home/kiro04/pinkbot/install/minibot_controllers/share/minibot_controllers/package.dsv'
[2.487s] INFO:colcon.colcon_core.shell:Creating package script '/home/kiro04/pinkbot/install/minibot_controllers/share/minibot_controllers/package.sh'
[2.488s] INFO:colcon.colcon_core.shell:Creating package script '/home/kiro04/pinkbot/install/minibot_controllers/share/minibot_controllers/package.bash'
[2.488s] INFO:colcon.colcon_core.shell:Creating package script '/home/kiro04/pinkbot/install/minibot_controllers/share/minibot_controllers/package.zsh'
[2.488s] Level 1:colcon.colcon_core.environment:create_file_with_runtime_dependencies(/home/kiro04/pinkbot/install/minibot_controllers/share/colcon-core/packages/minibot_controllers)
[2.491s] DEBUG:colcon.colcon_core.event_handler.log_command:Invoked command in '/home/kiro04/pinkbot/build/minibot_bringup' returned '0': AMENT_PREFIX_PATH=/home/kiro04/pinkbot/install/minibot_gazebo:/home/kiro04/pinkbot/install/minibot_description:${AMENT_PREFIX_PATH} CMAKE_PREFIX_PATH=/home/kiro04/pinkbot/install/minibot_gazebo:/home/kiro04/pinkbot/install/minibot_description:/opt/ros/humble /home/kiro04/.local/bin/cmake --build /home/kiro04/pinkbot/build/minibot_bringup -- -j8 -l8
[2.591s] DEBUG:colcon.colcon_core.event_handler.log_command:Invoking command in '/home/kiro04/pinkbot/build/minibot_bringup': AMENT_PREFIX_PATH=/home/kiro04/pinkbot/install/minibot_gazebo:/home/kiro04/pinkbot/install/minibot_description:${AMENT_PREFIX_PATH} CMAKE_PREFIX_PATH=/home/kiro04/pinkbot/install/minibot_gazebo:/home/kiro04/pinkbot/install/minibot_description:/opt/ros/humble /home/kiro04/.local/bin/cmake --install /home/kiro04/pinkbot/build/minibot_bringup
[2.649s] Level 1:colcon.colcon_core.environment:checking '/home/kiro04/pinkbot/install/yolo_package' for CMake module files
[2.650s] DEBUG:colcon.colcon_core.event_handler.log_command:Invoked command in '/home/kiro04/pinkbot/src/yolo_package' returned '0': PYTHONPATH=/home/kiro04/pinkbot/build/yolo_package/prefix_override:/home/kiro04/pinkbot/install/yolo_package/lib/python3.10/site-packages:${PYTHONPATH} /usr/bin/python3 setup.py egg_info --egg-base ../../build/yolo_package build --build-base /home/kiro04/pinkbot/build/yolo_package/build install --record /home/kiro04/pinkbot/build/yolo_package/install.log --single-version-externally-managed
[2.650s] Level 1:colcon.colcon_core.environment:checking '/home/kiro04/pinkbot/install/yolo_package' for CMake config files
[2.650s] Level 1:colcon.colcon_core.environment:checking '/home/kiro04/pinkbot/install/yolo_package/lib'
[2.651s] Level 1:colcon.colcon_core.environment:checking '/home/kiro04/pinkbot/install/yolo_package/bin'
[2.651s] Level 1:colcon.colcon_core.environment:checking '/home/kiro04/pinkbot/install/yolo_package/lib/pkgconfig/yolo_package.pc'
[2.651s] Level 1:colcon.colcon_core.environment:checking '/home/kiro04/pinkbot/install/yolo_package/lib/python3.10/site-packages'
[2.651s] Level 1:colcon.colcon_core.shell:create_environment_hook('yolo_package', 'pythonpath')
[2.653s] INFO:colcon.colcon_core.shell:Creating environment hook '/home/kiro04/pinkbot/install/yolo_package/share/yolo_package/hook/pythonpath.ps1'
[2.653s] INFO:colcon.colcon_core.shell:Creating environment descriptor '/home/kiro04/pinkbot/install/yolo_package/share/yolo_package/hook/pythonpath.dsv'
[2.654s] INFO:colcon.colcon_core.shell:Creating environment hook '/home/kiro04/pinkbot/install/yolo_package/share/yolo_package/hook/pythonpath.sh'
[2.655s] Level 1:colcon.colcon_core.environment:checking '/home/kiro04/pinkbot/install/yolo_package/bin'
[2.655s] Level 1:colcon.colcon_core.environment:create_environment_scripts_only(yolo_package)
[2.657s] INFO:colcon.colcon_core.shell:Creating package script '/home/kiro04/pinkbot/install/yolo_package/share/yolo_package/package.ps1'
[2.657s] INFO:colcon.colcon_core.shell:Creating package descriptor '/home/kiro04/pinkbot/install/yolo_package/share/yolo_package/package.dsv'
[2.658s] INFO:colcon.colcon_core.shell:Creating package script '/home/kiro04/pinkbot/install/yolo_package/share/yolo_package/package.sh'
[2.658s] INFO:colcon.colcon_core.shell:Creating package script '/home/kiro04/pinkbot/install/yolo_package/share/yolo_package/package.bash'
[2.659s] INFO:colcon.colcon_core.shell:Creating package script '/home/kiro04/pinkbot/install/yolo_package/share/yolo_package/package.zsh'
[2.659s] Level 1:colcon.colcon_core.environment:create_file_with_runtime_dependencies(/home/kiro04/pinkbot/install/yolo_package/share/colcon-core/packages/yolo_package)
[2.673s] Level 1:colcon.colcon_core.environment:create_environment_scripts_only(minibot_bringup)
[2.676s] Level 1:colcon.colcon_core.environment:checking '/home/kiro04/pinkbot/install/minibot_bringup' for CMake module files
[2.676s] DEBUG:colcon.colcon_core.event_handler.log_command:Invoked command in '/home/kiro04/pinkbot/build/minibot_bringup' returned '0': AMENT_PREFIX_PATH=/home/kiro04/pinkbot/install/minibot_gazebo:/home/kiro04/pinkbot/install/minibot_description:${AMENT_PREFIX_PATH} CMAKE_PREFIX_PATH=/home/kiro04/pinkbot/install/minibot_gazebo:/home/kiro04/pinkbot/install/minibot_description:/opt/ros/humble /home/kiro04/.local/bin/cmake --install /home/kiro04/pinkbot/build/minibot_bringup
[2.677s] Level 1:colcon.colcon_core.environment:checking '/home/kiro04/pinkbot/install/minibot_bringup' for CMake config files
[2.677s] Level 1:colcon.colcon_core.shell:create_environment_hook('minibot_bringup', 'cmake_prefix_path')
[2.678s] INFO:colcon.colcon_core.shell:Creating environment hook '/home/kiro04/pinkbot/install/minibot_bringup/share/minibot_bringup/hook/cmake_prefix_path.ps1'
[2.679s] INFO:colcon.colcon_core.shell:Creating environment descriptor '/home/kiro04/pinkbot/install/minibot_bringup/share/minibot_bringup/hook/cmake_prefix_path.dsv'
[2.679s] INFO:colcon.colcon_core.shell:Creating environment hook '/home/kiro04/pinkbot/install/minibot_bringup/share/minibot_bringup/hook/cmake_prefix_path.sh'
[2.680s] Level 1:colcon.colcon_core.environment:checking '/home/kiro04/pinkbot/install/minibot_bringup/bin'
[2.680s] Level 1:colcon.colcon_core.environment:checking '/home/kiro04/pinkbot/install/minibot_bringup/lib/pkgconfig/minibot_bringup.pc'
[2.680s] Level 1:colcon.colcon_core.environment:checking '/home/kiro04/pinkbot/install/minibot_bringup/lib/python3.10/site-packages'
[2.680s] Level 1:colcon.colcon_core.environment:checking '/home/kiro04/pinkbot/install/minibot_bringup/bin'
[2.681s] INFO:colcon.colcon_core.shell:Creating package script '/home/kiro04/pinkbot/install/minibot_bringup/share/minibot_bringup/package.ps1'
[2.682s] INFO:colcon.colcon_core.shell:Creating package descriptor '/home/kiro04/pinkbot/install/minibot_bringup/share/minibot_bringup/package.dsv'
[2.682s] INFO:colcon.colcon_core.shell:Creating package script '/home/kiro04/pinkbot/install/minibot_bringup/share/minibot_bringup/package.sh'
[2.682s] INFO:colcon.colcon_core.shell:Creating package script '/home/kiro04/pinkbot/install/minibot_bringup/share/minibot_bringup/package.bash'
[2.683s] INFO:colcon.colcon_core.shell:Creating package script '/home/kiro04/pinkbot/install/minibot_bringup/share/minibot_bringup/package.zsh'
[2.683s] Level 1:colcon.colcon_core.environment:create_file_with_runtime_dependencies(/home/kiro04/pinkbot/install/minibot_bringup/share/colcon-core/packages/minibot_bringup)
[2.763s] Level 1:colcon.colcon_core.environment:create_environment_scripts_only(minibot_bringup)
[2.765s] Level 1:colcon.colcon_core.environment:checking '/home/kiro04/pinkbot/install/minibot_bringup' for CMake module files
[2.766s] Level 1:colcon.colcon_core.environment:checking '/home/kiro04/pinkbot/install/minibot_bringup' for CMake config files
[2.766s] Level 1:colcon.colcon_core.shell:create_environment_hook('minibot_bringup', 'cmake_prefix_path')
[2.767s] INFO:colcon.colcon_core.shell:Creating environment hook '/home/kiro04/pinkbot/install/minibot_bringup/share/minibot_bringup/hook/cmake_prefix_path.ps1'
[2.768s] INFO:colcon.colcon_core.shell:Creating environment descriptor '/home/kiro04/pinkbot/install/minibot_bringup/share/minibot_bringup/hook/cmake_prefix_path.dsv'
[2.768s] INFO:colcon.colcon_core.shell:Creating environment hook '/home/kiro04/pinkbot/install/minibot_bringup/share/minibot_bringup/hook/cmake_prefix_path.sh'
[2.768s] Level 1:colcon.colcon_core.environment:checking '/home/kiro04/pinkbot/install/minibot_bringup/bin'
[2.769s] Level 1:colcon.colcon_core.environment:checking '/home/kiro04/pinkbot/install/minibot_bringup/lib/pkgconfig/minibot_bringup.pc'
[2.769s] Level 1:colcon.colcon_core.environment:checking '/home/kiro04/pinkbot/install/minibot_bringup/lib/python3.10/site-packages'
[2.769s] Level 1:colcon.colcon_core.environment:checking '/home/kiro04/pinkbot/install/minibot_bringup/bin'
[2.770s] INFO:colcon.colcon_core.shell:Creating package script '/home/kiro04/pinkbot/install/minibot_bringup/share/minibot_bringup/package.ps1'
[2.771s] INFO:colcon.colcon_core.shell:Creating package descriptor '/home/kiro04/pinkbot/install/minibot_bringup/share/minibot_bringup/package.dsv'
[2.771s] INFO:colcon.colcon_core.shell:Creating package script '/home/kiro04/pinkbot/install/minibot_bringup/share/minibot_bringup/package.sh'
[2.772s] INFO:colcon.colcon_core.shell:Creating package script '/home/kiro04/pinkbot/install/minibot_bringup/share/minibot_bringup/package.bash'
[2.772s] INFO:colcon.colcon_core.shell:Creating package script '/home/kiro04/pinkbot/install/minibot_bringup/share/minibot_bringup/package.zsh'
[2.773s] Level 1:colcon.colcon_core.environment:create_file_with_runtime_dependencies(/home/kiro04/pinkbot/install/minibot_bringup/share/colcon-core/packages/minibot_bringup)
[2.773s] DEBUG:colcon.colcon_parallel_executor.executor.parallel:closing loop
[2.773s] DEBUG:colcon.colcon_parallel_executor.executor.parallel:loop closed
[2.774s] DEBUG:colcon.colcon_parallel_executor.executor.parallel:run_until_complete finished with '0'
[2.774s] DEBUG:colcon.colcon_core.event_reactor:joining thread
[2.780s] INFO:colcon.colcon_core.plugin_system:Skipping extension 'colcon_notification.desktop_notification.terminal_notifier': Not used on non-Darwin systems
[2.780s] INFO:colcon.colcon_core.plugin_system:Skipping extension 'colcon_notification.desktop_notification.win32': Not used on non-Windows systems
[2.780s] INFO:colcon.colcon_notification.desktop_notification:Sending desktop notification using 'notify2'
[2.792s] DEBUG:colcon.colcon_core.event_reactor:joined thread
[2.794s] INFO:colcon.colcon_core.shell:Creating prefix script '/home/kiro04/pinkbot/install/local_setup.ps1'
[2.795s] INFO:colcon.colcon_core.shell:Creating prefix util module '/home/kiro04/pinkbot/install/_local_setup_util_ps1.py'
[2.797s] INFO:colcon.colcon_core.shell:Creating prefix chain script '/home/kiro04/pinkbot/install/setup.ps1'
[2.798s] INFO:colcon.colcon_core.shell:Creating prefix script '/home/kiro04/pinkbot/install/local_setup.sh'
[2.799s] INFO:colcon.colcon_core.shell:Creating prefix util module '/home/kiro04/pinkbot/install/_local_setup_util_sh.py'
[2.799s] INFO:colcon.colcon_core.shell:Creating prefix chain script '/home/kiro04/pinkbot/install/setup.sh'
[2.801s] INFO:colcon.colcon_core.shell:Creating prefix script '/home/kiro04/pinkbot/install/local_setup.bash'
[2.801s] INFO:colcon.colcon_core.shell:Creating prefix chain script '/home/kiro04/pinkbot/install/setup.bash'
[2.804s] INFO:colcon.colcon_core.shell:Creating prefix script '/home/kiro04/pinkbot/install/local_setup.zsh'
[2.806s] INFO:colcon.colcon_core.shell:Creating prefix chain script '/home/kiro04/pinkbot/install/setup.zsh'
