[2.212s] Invoking command in '/home/kiro04/pinkbot/src/pinklab_minibot_robot/minibot_marker': PYTHONPATH=/home/kiro04/pinkbot/build/minibot_marker/prefix_override:/home/kiro04/pinkbot/install/minibot_marker/lib/python3.10/site-packages:${PYTHONPATH} /usr/bin/python3 setup.py egg_info --egg-base ../../../build/minibot_marker build --build-base /home/kiro04/pinkbot/build/minibot_marker/build install --record /home/kiro04/pinkbot/build/minibot_marker/install.log --single-version-externally-managed
[2.848s] running egg_info
[2.850s] writing ../../../build/minibot_marker/minibot_marker.egg-info/PKG-INFO
[2.851s] writing dependency_links to ../../../build/minibot_marker/minibot_marker.egg-info/dependency_links.txt
[2.851s] writing entry points to ../../../build/minibot_marker/minibot_marker.egg-info/entry_points.txt
[2.851s] writing requirements to ../../../build/minibot_marker/minibot_marker.egg-info/requires.txt
[2.851s] writing top-level names to ../../../build/minibot_marker/minibot_marker.egg-info/top_level.txt
[2.855s] reading manifest file '../../../build/minibot_marker/minibot_marker.egg-info/SOURCES.txt'
[2.858s] writing manifest file '../../../build/minibot_marker/minibot_marker.egg-info/SOURCES.txt'
[2.858s] running build
[2.859s] running build_py
[2.859s] running install
[2.860s] /usr/lib/python3/dist-packages/setuptools/command/install.py:34: SetuptoolsDeprecationWarning: setup.py install is deprecated. Use build and pip and other standards-based tools.
[2.860s]   warnings.warn(
[2.860s] running install_lib
[2.864s] running install_data
[2.865s] running install_egg_info
[2.868s] removing '/home/kiro04/pinkbot/install/minibot_marker/lib/python3.10/site-packages/minibot_marker-0.0.0-py3.10.egg-info' (and everything under it)
[2.869s] Copying ../../../build/minibot_marker/minibot_marker.egg-info to /home/kiro04/pinkbot/install/minibot_marker/lib/python3.10/site-packages/minibot_marker-0.0.0-py3.10.egg-info
[2.871s] running install_scripts
[2.919s] Installing cmd_vel_publisher script to /home/kiro04/pinkbot/install/minibot_marker/lib/minibot_marker
[2.919s] Installing marker_publisher script to /home/kiro04/pinkbot/install/minibot_marker/lib/minibot_marker
[2.920s] writing list of installed files to '/home/kiro04/pinkbot/build/minibot_marker/install.log'
[2.990s] Invoked command in '/home/kiro04/pinkbot/src/pinklab_minibot_robot/minibot_marker' returned '0': PYTHONPATH=/home/kiro04/pinkbot/build/minibot_marker/prefix_override:/home/kiro04/pinkbot/install/minibot_marker/lib/python3.10/site-packages:${PYTHONPATH} /usr/bin/python3 setup.py egg_info --egg-base ../../../build/minibot_marker build --build-base /home/kiro04/pinkbot/build/minibot_marker/build install --record /home/kiro04/pinkbot/build/minibot_marker/install.log --single-version-externally-managed
