[0.129s] Invoking command in '/home/kiro04/pinkbot/build/minibot_interfaces': CMAKE_PREFIX_PATH=/opt/ros/humble /home/kiro04/.local/bin/cmake --build /home/kiro04/pinkbot/build/minibot_interfaces -- -j8 -l8
[2.126s] [ 10%] Built target minibot_interfaces__rosidl_generator_c
[2.127s] [ 12%] Built target minibot_interfaces__cpp
[2.127s] [ 12%] Built target ament_cmake_python_copy_minibot_interfaces
[2.128s] [ 23%] Built target minibot_interfaces__rosidl_typesupport_c
[2.131s] [ 33%] Built target minibot_interfaces__rosidl_typesupport_introspection_c
[2.131s] [ 43%] Built target minibot_interfaces__rosidl_typesupport_introspection_cpp
[2.132s] [ 53%] Built target minibot_interfaces__rosidl_typesupport_cpp
[2.133s] [ 64%] Built target minibot_interfaces__rosidl_typesupport_fastrtps_c
[2.133s] [ 74%] Built target minibot_interfaces__rosidl_typesupport_fastrtps_cpp
[2.133s] [ 74%] Built target minibot_interfaces
[2.133s] [ 76%] Built target minibot_interfaces__py
[2.133s] [ 84%] Built target minibot_interfaces__rosidl_generator_py
[2.134s] [ 89%] Built target minibot_interfaces__rosidl_typesupport_introspection_c__pyext
[2.134s] [ 94%] Built target minibot_interfaces__rosidl_typesupport_c__pyext
[2.134s] [100%] Built target minibot_interfaces__rosidl_typesupport_fastrtps_c__pyext
[2.134s] running egg_info
[2.134s] writing minibot_interfaces.egg-info/PKG-INFO
[2.135s] writing dependency_links to minibot_interfaces.egg-info/dependency_links.txt
[2.135s] writing top-level names to minibot_interfaces.egg-info/top_level.txt
[2.135s] reading manifest file 'minibot_interfaces.egg-info/SOURCES.txt'
[2.136s] writing manifest file 'minibot_interfaces.egg-info/SOURCES.txt'
[2.136s] [100%] Built target ament_cmake_python_build_minibot_interfaces_egg
[2.166s] Invoked command in '/home/kiro04/pinkbot/build/minibot_interfaces' returned '0': CMAKE_PREFIX_PATH=/opt/ros/humble /home/kiro04/.local/bin/cmake --build /home/kiro04/pinkbot/build/minibot_interfaces -- -j8 -l8
[2.732s] Invoking command in '/home/kiro04/pinkbot/build/minibot_interfaces': CMAKE_PREFIX_PATH=/opt/ros/humble /home/kiro04/.local/bin/cmake --install /home/kiro04/pinkbot/build/minibot_interfaces
[2.958s] -- Install configuration: ""
[2.958s] -- Up-to-date: /home/kiro04/pinkbot/install/minibot_interfaces/share/ament_index/resource_index/rosidl_interfaces/minibot_interfaces
[2.958s] -- Up-to-date: /home/kiro04/pinkbot/install/minibot_interfaces/include/minibot_interfaces/minibot_interfaces
[2.959s] -- Up-to-date: /home/kiro04/pinkbot/install/minibot_interfaces/include/minibot_interfaces/minibot_interfaces/msg
[2.959s] -- Up-to-date: /home/kiro04/pinkbot/install/minibot_interfaces/include/minibot_interfaces/minibot_interfaces/msg/detail
[2.959s] -- Up-to-date: /home/kiro04/pinkbot/install/minibot_interfaces/include/minibot_interfaces/minibot_interfaces/msg/detail/robot_state__type_support.h
[2.960s] -- Up-to-date: /home/kiro04/pinkbot/install/minibot_interfaces/include/minibot_interfaces/minibot_interfaces/msg/detail/lamp_command__struct.h
[2.960s] -- Up-to-date: /home/kiro04/pinkbot/install/minibot_interfaces/include/minibot_interfaces/minibot_interfaces/msg/detail/robot_state__functions.c
[2.960s] -- Up-to-date: /home/kiro04/pinkbot/install/minibot_interfaces/include/minibot_interfaces/minibot_interfaces/msg/detail/lamp_command__functions.c
[2.960s] -- Up-to-date: /home/kiro04/pinkbot/install/minibot_interfaces/include/minibot_interfaces/minibot_interfaces/msg/detail/lamp_command__functions.h
[2.961s] -- Up-to-date: /home/kiro04/pinkbot/install/minibot_interfaces/include/minibot_interfaces/minibot_interfaces/msg/detail/robot_state__struct.h
[2.961s] -- Up-to-date: /home/kiro04/pinkbot/install/minibot_interfaces/include/minibot_interfaces/minibot_interfaces/msg/detail/robot_state__functions.h
[2.962s] -- Up-to-date: /home/kiro04/pinkbot/install/minibot_interfaces/include/minibot_interfaces/minibot_interfaces/msg/detail/lamp_command__type_support.h
[2.962s] -- Up-to-date: /home/kiro04/pinkbot/install/minibot_interfaces/include/minibot_interfaces/minibot_interfaces/msg/rosidl_generator_c__visibility_control.h
[2.962s] -- Up-to-date: /home/kiro04/pinkbot/install/minibot_interfaces/include/minibot_interfaces/minibot_interfaces/msg/robot_state.h
[2.962s] -- Up-to-date: /home/kiro04/pinkbot/install/minibot_interfaces/include/minibot_interfaces/minibot_interfaces/msg/lamp_command.h
[2.963s] -- Up-to-date: /home/kiro04/pinkbot/install/minibot_interfaces/share/minibot_interfaces/environment/library_path.sh
[2.963s] -- Up-to-date: /home/kiro04/pinkbot/install/minibot_interfaces/share/minibot_interfaces/environment/library_path.dsv
[2.963s] -- Up-to-date: /home/kiro04/pinkbot/install/minibot_interfaces/lib/libminibot_interfaces__rosidl_generator_c.so
[2.963s] -- Up-to-date: /home/kiro04/pinkbot/install/minibot_interfaces/include/minibot_interfaces/minibot_interfaces
[2.963s] -- Up-to-date: /home/kiro04/pinkbot/install/minibot_interfaces/include/minibot_interfaces/minibot_interfaces/msg
[2.964s] -- Up-to-date: /home/kiro04/pinkbot/install/minibot_interfaces/include/minibot_interfaces/minibot_interfaces/msg/rosidl_typesupport_fastrtps_c__visibility_control.h
[2.964s] -- Up-to-date: /home/kiro04/pinkbot/install/minibot_interfaces/include/minibot_interfaces/minibot_interfaces/msg/detail
[2.964s] -- Up-to-date: /home/kiro04/pinkbot/install/minibot_interfaces/include/minibot_interfaces/minibot_interfaces/msg/detail/lamp_command__rosidl_typesupport_fastrtps_c.h
[2.964s] -- Up-to-date: /home/kiro04/pinkbot/install/minibot_interfaces/include/minibot_interfaces/minibot_interfaces/msg/detail/robot_state__rosidl_typesupport_fastrtps_c.h
[2.964s] -- Up-to-date: /home/kiro04/pinkbot/install/minibot_interfaces/lib/libminibot_interfaces__rosidl_typesupport_fastrtps_c.so
[2.964s] -- Up-to-date: /home/kiro04/pinkbot/install/minibot_interfaces/include/minibot_interfaces/minibot_interfaces
[2.965s] -- Up-to-date: /home/kiro04/pinkbot/install/minibot_interfaces/include/minibot_interfaces/minibot_interfaces/msg
[2.965s] -- Up-to-date: /home/kiro04/pinkbot/install/minibot_interfaces/include/minibot_interfaces/minibot_interfaces/msg/robot_state.hpp
[2.965s] -- Up-to-date: /home/kiro04/pinkbot/install/minibot_interfaces/include/minibot_interfaces/minibot_interfaces/msg/detail
[2.965s] -- Up-to-date: /home/kiro04/pinkbot/install/minibot_interfaces/include/minibot_interfaces/minibot_interfaces/msg/detail/lamp_command__struct.hpp
[2.965s] -- Up-to-date: /home/kiro04/pinkbot/install/minibot_interfaces/include/minibot_interfaces/minibot_interfaces/msg/detail/robot_state__builder.hpp
[2.965s] -- Up-to-date: /home/kiro04/pinkbot/install/minibot_interfaces/include/minibot_interfaces/minibot_interfaces/msg/detail/lamp_command__traits.hpp
[2.966s] -- Up-to-date: /home/kiro04/pinkbot/install/minibot_interfaces/include/minibot_interfaces/minibot_interfaces/msg/detail/lamp_command__builder.hpp
[2.966s] -- Up-to-date: /home/kiro04/pinkbot/install/minibot_interfaces/include/minibot_interfaces/minibot_interfaces/msg/detail/robot_state__traits.hpp
[2.966s] -- Up-to-date: /home/kiro04/pinkbot/install/minibot_interfaces/include/minibot_interfaces/minibot_interfaces/msg/detail/robot_state__struct.hpp
[2.966s] -- Up-to-date: /home/kiro04/pinkbot/install/minibot_interfaces/include/minibot_interfaces/minibot_interfaces/msg/lamp_command.hpp
[2.966s] -- Up-to-date: /home/kiro04/pinkbot/install/minibot_interfaces/include/minibot_interfaces/minibot_interfaces
[2.967s] -- Up-to-date: /home/kiro04/pinkbot/install/minibot_interfaces/include/minibot_interfaces/minibot_interfaces/msg
[2.967s] -- Up-to-date: /home/kiro04/pinkbot/install/minibot_interfaces/include/minibot_interfaces/minibot_interfaces/msg/detail
[2.967s] -- Up-to-date: /home/kiro04/pinkbot/install/minibot_interfaces/include/minibot_interfaces/minibot_interfaces/msg/detail/dds_fastrtps
[2.968s] -- Up-to-date: /home/kiro04/pinkbot/install/minibot_interfaces/include/minibot_interfaces/minibot_interfaces/msg/detail/robot_state__rosidl_typesupport_fastrtps_cpp.hpp
[2.968s] -- Up-to-date: /home/kiro04/pinkbot/install/minibot_interfaces/include/minibot_interfaces/minibot_interfaces/msg/detail/lamp_command__rosidl_typesupport_fastrtps_cpp.hpp
[2.968s] -- Up-to-date: /home/kiro04/pinkbot/install/minibot_interfaces/include/minibot_interfaces/minibot_interfaces/msg/rosidl_typesupport_fastrtps_cpp__visibility_control.h
[2.969s] -- Up-to-date: /home/kiro04/pinkbot/install/minibot_interfaces/lib/libminibot_interfaces__rosidl_typesupport_fastrtps_cpp.so
[2.969s] -- Up-to-date: /home/kiro04/pinkbot/install/minibot_interfaces/include/minibot_interfaces/minibot_interfaces
[2.969s] -- Up-to-date: /home/kiro04/pinkbot/install/minibot_interfaces/include/minibot_interfaces/minibot_interfaces/msg
[2.970s] -- Up-to-date: /home/kiro04/pinkbot/install/minibot_interfaces/include/minibot_interfaces/minibot_interfaces/msg/detail
[2.970s] -- Up-to-date: /home/kiro04/pinkbot/install/minibot_interfaces/include/minibot_interfaces/minibot_interfaces/msg/detail/robot_state__rosidl_typesupport_introspection_c.h
[2.970s] -- Up-to-date: /home/kiro04/pinkbot/install/minibot_interfaces/include/minibot_interfaces/minibot_interfaces/msg/detail/lamp_command__type_support.c
[2.970s] -- Up-to-date: /home/kiro04/pinkbot/install/minibot_interfaces/include/minibot_interfaces/minibot_interfaces/msg/detail/robot_state__type_support.c
[2.971s] -- Up-to-date: /home/kiro04/pinkbot/install/minibot_interfaces/include/minibot_interfaces/minibot_interfaces/msg/detail/lamp_command__rosidl_typesupport_introspection_c.h
[2.971s] -- Up-to-date: /home/kiro04/pinkbot/install/minibot_interfaces/include/minibot_interfaces/minibot_interfaces/msg/rosidl_typesupport_introspection_c__visibility_control.h
[2.971s] -- Up-to-date: /home/kiro04/pinkbot/install/minibot_interfaces/lib/libminibot_interfaces__rosidl_typesupport_introspection_c.so
[2.972s] -- Up-to-date: /home/kiro04/pinkbot/install/minibot_interfaces/lib/libminibot_interfaces__rosidl_typesupport_c.so
[2.972s] -- Up-to-date: /home/kiro04/pinkbot/install/minibot_interfaces/include/minibot_interfaces/minibot_interfaces
[2.972s] -- Up-to-date: /home/kiro04/pinkbot/install/minibot_interfaces/include/minibot_interfaces/minibot_interfaces/msg
[2.972s] -- Up-to-date: /home/kiro04/pinkbot/install/minibot_interfaces/include/minibot_interfaces/minibot_interfaces/msg/detail
[2.973s] -- Up-to-date: /home/kiro04/pinkbot/install/minibot_interfaces/include/minibot_interfaces/minibot_interfaces/msg/detail/lamp_command__type_support.cpp
[2.973s] -- Up-to-date: /home/kiro04/pinkbot/install/minibot_interfaces/include/minibot_interfaces/minibot_interfaces/msg/detail/robot_state__rosidl_typesupport_introspection_cpp.hpp
[2.973s] -- Up-to-date: /home/kiro04/pinkbot/install/minibot_interfaces/include/minibot_interfaces/minibot_interfaces/msg/detail/robot_state__type_support.cpp
[2.973s] -- Up-to-date: /home/kiro04/pinkbot/install/minibot_interfaces/include/minibot_interfaces/minibot_interfaces/msg/detail/lamp_command__rosidl_typesupport_introspection_cpp.hpp
[2.976s] -- Up-to-date: /home/kiro04/pinkbot/install/minibot_interfaces/lib/libminibot_interfaces__rosidl_typesupport_introspection_cpp.so
[2.982s] -- Up-to-date: /home/kiro04/pinkbot/install/minibot_interfaces/lib/libminibot_interfaces__rosidl_typesupport_cpp.so
[2.982s] -- Up-to-date: /home/kiro04/pinkbot/install/minibot_interfaces/share/minibot_interfaces/environment/pythonpath.sh
[2.982s] -- Up-to-date: /home/kiro04/pinkbot/install/minibot_interfaces/share/minibot_interfaces/environment/pythonpath.dsv
[2.982s] -- Up-to-date: /home/kiro04/pinkbot/install/minibot_interfaces/local/lib/python3.10/dist-packages/minibot_interfaces-0.0.0-py3.10.egg-info
[2.982s] -- Installing: /home/kiro04/pinkbot/install/minibot_interfaces/local/lib/python3.10/dist-packages/minibot_interfaces-0.0.0-py3.10.egg-info/top_level.txt
[2.983s] -- Installing: /home/kiro04/pinkbot/install/minibot_interfaces/local/lib/python3.10/dist-packages/minibot_interfaces-0.0.0-py3.10.egg-info/SOURCES.txt
[2.983s] -- Installing: /home/kiro04/pinkbot/install/minibot_interfaces/local/lib/python3.10/dist-packages/minibot_interfaces-0.0.0-py3.10.egg-info/dependency_links.txt
[2.983s] -- Installing: /home/kiro04/pinkbot/install/minibot_interfaces/local/lib/python3.10/dist-packages/minibot_interfaces-0.0.0-py3.10.egg-info/PKG-INFO
[2.983s] -- Up-to-date: /home/kiro04/pinkbot/install/minibot_interfaces/local/lib/python3.10/dist-packages/minibot_interfaces
[2.984s] -- Up-to-date: /home/kiro04/pinkbot/install/minibot_interfaces/local/lib/python3.10/dist-packages/minibot_interfaces/__init__.py
[2.984s] -- Up-to-date: /home/kiro04/pinkbot/install/minibot_interfaces/local/lib/python3.10/dist-packages/minibot_interfaces/msg
[2.984s] -- Up-to-date: /home/kiro04/pinkbot/install/minibot_interfaces/local/lib/python3.10/dist-packages/minibot_interfaces/msg/__init__.py
[2.984s] -- Up-to-date: /home/kiro04/pinkbot/install/minibot_interfaces/local/lib/python3.10/dist-packages/minibot_interfaces/msg/_lamp_command.py
[2.984s] -- Up-to-date: /home/kiro04/pinkbot/install/minibot_interfaces/local/lib/python3.10/dist-packages/minibot_interfaces/msg/_lamp_command_s.c
[2.985s] -- Up-to-date: /home/kiro04/pinkbot/install/minibot_interfaces/local/lib/python3.10/dist-packages/minibot_interfaces/msg/_robot_state.py
[2.985s] -- Up-to-date: /home/kiro04/pinkbot/install/minibot_interfaces/local/lib/python3.10/dist-packages/minibot_interfaces/msg/_robot_state_s.c
[2.985s] -- Up-to-date: /home/kiro04/pinkbot/install/minibot_interfaces/local/lib/python3.10/dist-packages/minibot_interfaces/_minibot_interfaces_s.ep.rosidl_typesupport_fastrtps_c.c
[2.985s] -- Up-to-date: /home/kiro04/pinkbot/install/minibot_interfaces/local/lib/python3.10/dist-packages/minibot_interfaces/_minibot_interfaces_s.ep.rosidl_typesupport_introspection_c.c
[2.985s] -- Up-to-date: /home/kiro04/pinkbot/install/minibot_interfaces/local/lib/python3.10/dist-packages/minibot_interfaces/minibot_interfaces_s__rosidl_typesupport_introspection_c.cpython-310-x86_64-linux-gnu.so
[2.986s] -- Up-to-date: /home/kiro04/pinkbot/install/minibot_interfaces/local/lib/python3.10/dist-packages/minibot_interfaces/minibot_interfaces_s__rosidl_typesupport_fastrtps_c.cpython-310-x86_64-linux-gnu.so
[2.986s] -- Up-to-date: /home/kiro04/pinkbot/install/minibot_interfaces/local/lib/python3.10/dist-packages/minibot_interfaces/minibot_interfaces_s__rosidl_typesupport_c.cpython-310-x86_64-linux-gnu.so
[2.986s] -- Up-to-date: /home/kiro04/pinkbot/install/minibot_interfaces/local/lib/python3.10/dist-packages/minibot_interfaces/libminibot_interfaces__rosidl_generator_py.so
[2.986s] -- Up-to-date: /home/kiro04/pinkbot/install/minibot_interfaces/local/lib/python3.10/dist-packages/minibot_interfaces/_minibot_interfaces_s.ep.rosidl_typesupport_c.c
[3.174s] Listing '/home/kiro04/pinkbot/install/minibot_interfaces/local/lib/python3.10/dist-packages/minibot_interfaces'...
[3.174s] Listing '/home/kiro04/pinkbot/install/minibot_interfaces/local/lib/python3.10/dist-packages/minibot_interfaces/msg'...
[3.179s] -- Up-to-date: /home/kiro04/pinkbot/install/minibot_interfaces/local/lib/python3.10/dist-packages/minibot_interfaces/minibot_interfaces_s__rosidl_typesupport_fastrtps_c.cpython-310-x86_64-linux-gnu.so
[3.180s] -- Up-to-date: /home/kiro04/pinkbot/install/minibot_interfaces/local/lib/python3.10/dist-packages/minibot_interfaces/minibot_interfaces_s__rosidl_typesupport_introspection_c.cpython-310-x86_64-linux-gnu.so
[3.180s] -- Up-to-date: /home/kiro04/pinkbot/install/minibot_interfaces/local/lib/python3.10/dist-packages/minibot_interfaces/minibot_interfaces_s__rosidl_typesupport_c.cpython-310-x86_64-linux-gnu.so
[3.180s] -- Up-to-date: /home/kiro04/pinkbot/install/minibot_interfaces/lib/libminibot_interfaces__rosidl_generator_py.so
[3.181s] -- Up-to-date: /home/kiro04/pinkbot/install/minibot_interfaces/share/minibot_interfaces/msg/LampCommand.idl
[3.181s] -- Up-to-date: /home/kiro04/pinkbot/install/minibot_interfaces/share/minibot_interfaces/msg/RobotState.idl
[3.182s] -- Up-to-date: /home/kiro04/pinkbot/install/minibot_interfaces/share/minibot_interfaces/msg/LampCommand.msg
[3.182s] -- Up-to-date: /home/kiro04/pinkbot/install/minibot_interfaces/share/minibot_interfaces/msg/RobotState.msg
[3.183s] -- Up-to-date: /home/kiro04/pinkbot/install/minibot_interfaces/share/ament_index/resource_index/package_run_dependencies/minibot_interfaces
[3.183s] -- Up-to-date: /home/kiro04/pinkbot/install/minibot_interfaces/share/ament_index/resource_index/parent_prefix_path/minibot_interfaces
[3.184s] -- Up-to-date: /home/kiro04/pinkbot/install/minibot_interfaces/share/minibot_interfaces/environment/ament_prefix_path.sh
[3.184s] -- Up-to-date: /home/kiro04/pinkbot/install/minibot_interfaces/share/minibot_interfaces/environment/ament_prefix_path.dsv
[3.185s] -- Up-to-date: /home/kiro04/pinkbot/install/minibot_interfaces/share/minibot_interfaces/environment/path.sh
[3.186s] -- Up-to-date: /home/kiro04/pinkbot/install/minibot_interfaces/share/minibot_interfaces/environment/path.dsv
[3.186s] -- Up-to-date: /home/kiro04/pinkbot/install/minibot_interfaces/share/minibot_interfaces/local_setup.bash
[3.187s] -- Up-to-date: /home/kiro04/pinkbot/install/minibot_interfaces/share/minibot_interfaces/local_setup.sh
[3.196s] -- Up-to-date: /home/kiro04/pinkbot/install/minibot_interfaces/share/minibot_interfaces/local_setup.zsh
[3.197s] -- Up-to-date: /home/kiro04/pinkbot/install/minibot_interfaces/share/minibot_interfaces/local_setup.dsv
[3.197s] -- Installing: /home/kiro04/pinkbot/install/minibot_interfaces/share/minibot_interfaces/package.dsv
[3.198s] -- Up-to-date: /home/kiro04/pinkbot/install/minibot_interfaces/share/ament_index/resource_index/packages/minibot_interfaces
[3.198s] -- Up-to-date: /home/kiro04/pinkbot/install/minibot_interfaces/share/minibot_interfaces/cmake/export_minibot_interfaces__rosidl_generator_cExport.cmake
[3.198s] -- Up-to-date: /home/kiro04/pinkbot/install/minibot_interfaces/share/minibot_interfaces/cmake/export_minibot_interfaces__rosidl_generator_cExport-noconfig.cmake
[3.198s] -- Up-to-date: /home/kiro04/pinkbot/install/minibot_interfaces/share/minibot_interfaces/cmake/export_minibot_interfaces__rosidl_typesupport_fastrtps_cExport.cmake
[3.199s] -- Up-to-date: /home/kiro04/pinkbot/install/minibot_interfaces/share/minibot_interfaces/cmake/export_minibot_interfaces__rosidl_typesupport_fastrtps_cExport-noconfig.cmake
[3.199s] -- Up-to-date: /home/kiro04/pinkbot/install/minibot_interfaces/share/minibot_interfaces/cmake/export_minibot_interfaces__rosidl_generator_cppExport.cmake
[3.213s] -- Up-to-date: /home/kiro04/pinkbot/install/minibot_interfaces/share/minibot_interfaces/cmake/export_minibot_interfaces__rosidl_typesupport_fastrtps_cppExport.cmake
[3.214s] -- Up-to-date: /home/kiro04/pinkbot/install/minibot_interfaces/share/minibot_interfaces/cmake/export_minibot_interfaces__rosidl_typesupport_fastrtps_cppExport-noconfig.cmake
[3.214s] -- Up-to-date: /home/kiro04/pinkbot/install/minibot_interfaces/share/minibot_interfaces/cmake/minibot_interfaces__rosidl_typesupport_introspection_cExport.cmake
[3.214s] -- Up-to-date: /home/kiro04/pinkbot/install/minibot_interfaces/share/minibot_interfaces/cmake/minibot_interfaces__rosidl_typesupport_introspection_cExport-noconfig.cmake
[3.214s] -- Up-to-date: /home/kiro04/pinkbot/install/minibot_interfaces/share/minibot_interfaces/cmake/minibot_interfaces__rosidl_typesupport_cExport.cmake
[3.214s] -- Up-to-date: /home/kiro04/pinkbot/install/minibot_interfaces/share/minibot_interfaces/cmake/minibot_interfaces__rosidl_typesupport_cExport-noconfig.cmake
[3.215s] -- Up-to-date: /home/kiro04/pinkbot/install/minibot_interfaces/share/minibot_interfaces/cmake/minibot_interfaces__rosidl_typesupport_introspection_cppExport.cmake
[3.215s] -- Up-to-date: /home/kiro04/pinkbot/install/minibot_interfaces/share/minibot_interfaces/cmake/minibot_interfaces__rosidl_typesupport_introspection_cppExport-noconfig.cmake
[3.215s] -- Up-to-date: /home/kiro04/pinkbot/install/minibot_interfaces/share/minibot_interfaces/cmake/minibot_interfaces__rosidl_typesupport_cppExport.cmake
[3.215s] -- Up-to-date: /home/kiro04/pinkbot/install/minibot_interfaces/share/minibot_interfaces/cmake/minibot_interfaces__rosidl_typesupport_cppExport-noconfig.cmake
[3.215s] -- Up-to-date: /home/kiro04/pinkbot/install/minibot_interfaces/share/minibot_interfaces/cmake/export_minibot_interfaces__rosidl_generator_pyExport.cmake
[3.216s] -- Up-to-date: /home/kiro04/pinkbot/install/minibot_interfaces/share/minibot_interfaces/cmake/export_minibot_interfaces__rosidl_generator_pyExport-noconfig.cmake
[3.216s] -- Up-to-date: /home/kiro04/pinkbot/install/minibot_interfaces/share/minibot_interfaces/cmake/rosidl_cmake-extras.cmake
[3.216s] -- Up-to-date: /home/kiro04/pinkbot/install/minibot_interfaces/share/minibot_interfaces/cmake/ament_cmake_export_dependencies-extras.cmake
[3.216s] -- Up-to-date: /home/kiro04/pinkbot/install/minibot_interfaces/share/minibot_interfaces/cmake/ament_cmake_export_include_directories-extras.cmake
[3.216s] -- Up-to-date: /home/kiro04/pinkbot/install/minibot_interfaces/share/minibot_interfaces/cmake/ament_cmake_export_libraries-extras.cmake
[3.216s] -- Up-to-date: /home/kiro04/pinkbot/install/minibot_interfaces/share/minibot_interfaces/cmake/ament_cmake_export_targets-extras.cmake
[3.217s] -- Up-to-date: /home/kiro04/pinkbot/install/minibot_interfaces/share/minibot_interfaces/cmake/rosidl_cmake_export_typesupport_targets-extras.cmake
[3.217s] -- Up-to-date: /home/kiro04/pinkbot/install/minibot_interfaces/share/minibot_interfaces/cmake/rosidl_cmake_export_typesupport_libraries-extras.cmake
[3.217s] -- Up-to-date: /home/kiro04/pinkbot/install/minibot_interfaces/share/minibot_interfaces/cmake/minibot_interfacesConfig.cmake
[3.217s] -- Up-to-date: /home/kiro04/pinkbot/install/minibot_interfaces/share/minibot_interfaces/cmake/minibot_interfacesConfig-version.cmake
[3.217s] -- Up-to-date: /home/kiro04/pinkbot/install/minibot_interfaces/share/minibot_interfaces/package.xml
[3.279s] Invoked command in '/home/kiro04/pinkbot/build/minibot_interfaces' returned '0': CMAKE_PREFIX_PATH=/opt/ros/humble /home/kiro04/.local/bin/cmake --install /home/kiro04/pinkbot/build/minibot_interfaces
