[0.053s] Invoking command in '/home/kiro04/pinkbot/build/minibot_hardware_interface': CMAKE_PREFIX_PATH=${CMAKE_PREFIX_PATH}:/home/kiro04/pinkbot/install/yolo_package:/home/kiro04/pinkbot/install/minibot_marker:/opt/ros/humble /home/kiro04/.local/bin/cmake --build /home/kiro04/pinkbot/build/minibot_hardware_interface -- -j8 -l8
[0.568s] [100%] Built target minibot_hardware_interface
[0.951s] Invoked command in '/home/kiro04/pinkbot/build/minibot_hardware_interface' returned '0': CMAKE_PREFIX_PATH=${CMAKE_PREFIX_PATH}:/home/kiro04/pinkbot/install/yolo_package:/home/kiro04/pinkbot/install/minibot_marker:/opt/ros/humble /home/kiro04/.local/bin/cmake --build /home/kiro04/pinkbot/build/minibot_hardware_interface -- -j8 -l8
[1.316s] Invoking command in '/home/kiro04/pinkbot/build/minibot_hardware_interface': CMAKE_PREFIX_PATH=${CMAKE_PREFIX_PATH}:/home/kiro04/pinkbot/install/yolo_package:/home/kiro04/pinkbot/install/minibot_marker:/opt/ros/humble /home/kiro04/.local/bin/cmake --install /home/kiro04/pinkbot/build/minibot_hardware_interface
[1.471s] -- Install configuration: ""
[1.474s] -- Up-to-date: /home/kiro04/pinkbot/install/minibot_hardware_interface/share/minibot_hardware_interface/minibot_hardware.xml
[1.477s] -- Up-to-date: /home/kiro04/pinkbot/install/minibot_hardware_interface/lib/libminibot_hardware_interface.so
[1.477s] -- Up-to-date: /home/kiro04/pinkbot/install/minibot_hardware_interface/include
[1.478s] -- Up-to-date: /home/kiro04/pinkbot/install/minibot_hardware_interface/include/minibot_hardware_interface
[1.478s] -- Up-to-date: /home/kiro04/pinkbot/install/minibot_hardware_interface/include/minibot_hardware_interface/minibot_system.hpp
[1.479s] -- Up-to-date: /home/kiro04/pinkbot/install/minibot_hardware_interface/share/minibot_hardware_interface/environment/library_path.sh
[1.486s] -- Up-to-date: /home/kiro04/pinkbot/install/minibot_hardware_interface/share/minibot_hardware_interface/environment/library_path.dsv
[1.495s] -- Up-to-date: /home/kiro04/pinkbot/install/minibot_hardware_interface/share/ament_index/resource_index/package_run_dependencies/minibot_hardware_interface
[1.495s] -- Up-to-date: /home/kiro04/pinkbot/install/minibot_hardware_interface/share/ament_index/resource_index/parent_prefix_path/minibot_hardware_interface
[1.496s] -- Up-to-date: /home/kiro04/pinkbot/install/minibot_hardware_interface/share/minibot_hardware_interface/environment/ament_prefix_path.sh
[1.496s] -- Up-to-date: /home/kiro04/pinkbot/install/minibot_hardware_interface/share/minibot_hardware_interface/environment/ament_prefix_path.dsv
[1.498s] -- Up-to-date: /home/kiro04/pinkbot/install/minibot_hardware_interface/share/minibot_hardware_interface/environment/path.sh
[1.502s] -- Up-to-date: /home/kiro04/pinkbot/install/minibot_hardware_interface/share/minibot_hardware_interface/environment/path.dsv
[1.502s] -- Up-to-date: /home/kiro04/pinkbot/install/minibot_hardware_interface/share/minibot_hardware_interface/local_setup.bash
[1.503s] -- Up-to-date: /home/kiro04/pinkbot/install/minibot_hardware_interface/share/minibot_hardware_interface/local_setup.sh
[1.507s] -- Up-to-date: /home/kiro04/pinkbot/install/minibot_hardware_interface/share/minibot_hardware_interface/local_setup.zsh
[1.509s] -- Up-to-date: /home/kiro04/pinkbot/install/minibot_hardware_interface/share/minibot_hardware_interface/local_setup.dsv
[1.510s] -- Installing: /home/kiro04/pinkbot/install/minibot_hardware_interface/share/minibot_hardware_interface/package.dsv
[1.520s] -- Up-to-date: /home/kiro04/pinkbot/install/minibot_hardware_interface/share/ament_index/resource_index/packages/minibot_hardware_interface
[1.520s] -- Up-to-date: /home/kiro04/pinkbot/install/minibot_hardware_interface/share/ament_index/resource_index/hardware_interface__pluginlib__plugin/minibot_hardware_interface
[1.521s] -- Up-to-date: /home/kiro04/pinkbot/install/minibot_hardware_interface/share/minibot_hardware_interface/cmake/ament_cmake_export_include_directories-extras.cmake
[1.522s] -- Up-to-date: /home/kiro04/pinkbot/install/minibot_hardware_interface/share/minibot_hardware_interface/cmake/ament_cmake_export_libraries-extras.cmake
[1.522s] -- Up-to-date: /home/kiro04/pinkbot/install/minibot_hardware_interface/share/minibot_hardware_interface/cmake/ament_cmake_export_dependencies-extras.cmake
[1.534s] -- Up-to-date: /home/kiro04/pinkbot/install/minibot_hardware_interface/share/minibot_hardware_interface/cmake/minibot_hardware_interfaceConfig.cmake
[1.534s] -- Up-to-date: /home/kiro04/pinkbot/install/minibot_hardware_interface/share/minibot_hardware_interface/cmake/minibot_hardware_interfaceConfig-version.cmake
[1.535s] -- Up-to-date: /home/kiro04/pinkbot/install/minibot_hardware_interface/share/minibot_hardware_interface/package.xml
[1.573s] Invoked command in '/home/kiro04/pinkbot/build/minibot_hardware_interface' returned '0': CMAKE_PREFIX_PATH=${CMAKE_PREFIX_PATH}:/home/kiro04/pinkbot/install/yolo_package:/home/kiro04/pinkbot/install/minibot_marker:/opt/ros/humble /home/kiro04/.local/bin/cmake --install /home/kiro04/pinkbot/build/minibot_hardware_interface
