running egg_info
writing ../../../build/minibot_marker/minibot_marker.egg-info/PKG-INFO
writing dependency_links to ../../../build/minibot_marker/minibot_marker.egg-info/dependency_links.txt
writing entry points to ../../../build/minibot_marker/minibot_marker.egg-info/entry_points.txt
writing requirements to ../../../build/minibot_marker/minibot_marker.egg-info/requires.txt
writing top-level names to ../../../build/minibot_marker/minibot_marker.egg-info/top_level.txt
reading manifest file '../../../build/minibot_marker/minibot_marker.egg-info/SOURCES.txt'
writing manifest file '../../../build/minibot_marker/minibot_marker.egg-info/SOURCES.txt'
running build
running build_py
copying minibot_marker/marker_publisher.py -> /home/kiro04/pinkbot/build/minibot_marker/build/lib/minibot_marker
copying minibot_marker/cmd_vel_publisher.py -> /home/kiro04/pinkbot/build/minibot_marker/build/lib/minibot_marker
running install
running install_lib
/usr/lib/python3/dist-packages/setuptools/command/install.py:34: SetuptoolsDeprecationWarning: setup.py install is deprecated. Use build and pip and other standards-based tools.
  warnings.warn(
copying /home/kiro04/pinkbot/build/minibot_marker/build/lib/minibot_marker/marker_publisher.py -> /home/kiro04/pinkbot/install/minibot_marker/lib/python3.10/site-packages/minibot_marker
copying /home/kiro04/pinkbot/build/minibot_marker/build/lib/minibot_marker/cmd_vel_publisher.py -> /home/kiro04/pinkbot/install/minibot_marker/lib/python3.10/site-packages/minibot_marker
byte-compiling /home/kiro04/pinkbot/install/minibot_marker/lib/python3.10/site-packages/minibot_marker/marker_publisher.py to marker_publisher.cpython-310.pyc
byte-compiling /home/kiro04/pinkbot/install/minibot_marker/lib/python3.10/site-packages/minibot_marker/cmd_vel_publisher.py to cmd_vel_publisher.cpython-310.pyc
running install_data
running install_egg_info
removing '/home/kiro04/pinkbot/install/minibot_marker/lib/python3.10/site-packages/minibot_marker-0.0.0-py3.10.egg-info' (and everything under it)
Copying ../../../build/minibot_marker/minibot_marker.egg-info to /home/kiro04/pinkbot/install/minibot_marker/lib/python3.10/site-packages/minibot_marker-0.0.0-py3.10.egg-info
running install_scripts
Installing cmd_vel_publisher script to /home/kiro04/pinkbot/install/minibot_marker/lib/minibot_marker
Installing marker_publisher script to /home/kiro04/pinkbot/install/minibot_marker/lib/minibot_marker
writing list of installed files to '/home/kiro04/pinkbot/build/minibot_marker/install.log'
