[1.518s] Invoking command in '/home/kiro04/pinkbot/src/yolo_package': PYTHONPATH=/home/kiro04/pinkbot/build/yolo_package/prefix_override:/home/kiro04/pinkbot/install/yolo_package/lib/python3.10/site-packages:${PYTHONPATH} /usr/bin/python3 setup.py egg_info --egg-base ../../build/yolo_package build --build-base /home/kiro04/pinkbot/build/yolo_package/build install --record /home/kiro04/pinkbot/build/yolo_package/install.log --single-version-externally-managed
[2.182s] running egg_info
[2.184s] writing ../../build/yolo_package/yolo_package.egg-info/PKG-INFO
[2.184s] writing dependency_links to ../../build/yolo_package/yolo_package.egg-info/dependency_links.txt
[2.185s] writing entry points to ../../build/yolo_package/yolo_package.egg-info/entry_points.txt
[2.185s] writing requirements to ../../build/yolo_package/yolo_package.egg-info/requires.txt
[2.185s] writing top-level names to ../../build/yolo_package/yolo_package.egg-info/top_level.txt
[2.190s] reading manifest file '../../build/yolo_package/yolo_package.egg-info/SOURCES.txt'
[2.192s] writing manifest file '../../build/yolo_package/yolo_package.egg-info/SOURCES.txt'
[2.193s] running build
[2.193s] running build_py
[2.193s] copying yolo_package/yolo_madel.py -> /home/kiro04/pinkbot/build/yolo_package/build/lib/yolo_package
[2.194s] running install
[2.194s] /usr/lib/python3/dist-packages/setuptools/command/install.py:34: SetuptoolsDeprecationWarning: setup.py install is deprecated. Use build and pip and other standards-based tools.
[2.194s]   warnings.warn(
[2.195s] running install_lib
[2.197s] copying /home/kiro04/pinkbot/build/yolo_package/build/lib/yolo_package/yolo_madel.py -> /home/kiro04/pinkbot/install/yolo_package/lib/python3.10/site-packages/yolo_package
[2.199s] byte-compiling /home/kiro04/pinkbot/install/yolo_package/lib/python3.10/site-packages/yolo_package/yolo_madel.py to yolo_madel.cpython-310.pyc
[2.201s] running install_data
[2.203s] running install_egg_info
[2.206s] removing '/home/kiro04/pinkbot/install/yolo_package/lib/python3.10/site-packages/yolo_package-0.0.0-py3.10.egg-info' (and everything under it)
[2.207s] Copying ../../build/yolo_package/yolo_package.egg-info to /home/kiro04/pinkbot/install/yolo_package/lib/python3.10/site-packages/yolo_package-0.0.0-py3.10.egg-info
[2.209s] running install_scripts
[2.256s] Installing yolo_madel script to /home/kiro04/pinkbot/install/yolo_package/lib/yolo_package
[2.257s] Installing yolo_node script to /home/kiro04/pinkbot/install/yolo_package/lib/yolo_package
[2.257s] writing list of installed files to '/home/kiro04/pinkbot/build/yolo_package/install.log'
[2.308s] Invoked command in '/home/kiro04/pinkbot/src/yolo_package' returned '0': PYTHONPATH=/home/kiro04/pinkbot/build/yolo_package/prefix_override:/home/kiro04/pinkbot/install/yolo_package/lib/python3.10/site-packages:${PYTHONPATH} /usr/bin/python3 setup.py egg_info --egg-base ../../build/yolo_package build --build-base /home/kiro04/pinkbot/build/yolo_package/build install --record /home/kiro04/pinkbot/build/yolo_package/install.log --single-version-externally-managed
