[0.031s] Invoking command in '/home/kiro04/pinkbot/build/minibot_controllers': AMENT_PREFIX_PATH=/home/kiro04/pinkbot/install/minibot_interfaces:${AMENT_PREFIX_PATH} CMAKE_PREFIX_PATH=/home/kiro04/pinkbot/install/minibot_interfaces:/opt/ros/humble LD_LIBRARY_PATH=/home/kiro04/pinkbot/install/minibot_interfaces/lib:${LD_LIBRARY_PATH} PYTHONPATH=/home/kiro04/pinkbot/install/minibot_interfaces/local/lib/python3.10/dist-packages:${PYTHONPATH} /home/kiro04/.local/bin/cmake --build /home/kiro04/pinkbot/build/minibot_controllers -- -j8 -l8
[0.325s] [100%] Built target minibot_controllers
[0.459s] Invoked command in '/home/kiro04/pinkbot/build/minibot_controllers' returned '0': AMENT_PREFIX_PATH=/home/kiro04/pinkbot/install/minibot_interfaces:${AMENT_PREFIX_PATH} CMAKE_PREFIX_PATH=/home/kiro04/pinkbot/install/minibot_interfaces:/opt/ros/humble LD_LIBRARY_PATH=/home/kiro04/pinkbot/install/minibot_interfaces/lib:${LD_LIBRARY_PATH} PYTHONPATH=/home/kiro04/pinkbot/install/minibot_interfaces/local/lib/python3.10/dist-packages:${PYTHONPATH} /home/kiro04/.local/bin/cmake --build /home/kiro04/pinkbot/build/minibot_controllers -- -j8 -l8
[0.836s] Invoking command in '/home/kiro04/pinkbot/build/minibot_controllers': AMENT_PREFIX_PATH=/home/kiro04/pinkbot/install/minibot_interfaces:${AMENT_PREFIX_PATH} CMAKE_PREFIX_PATH=/home/kiro04/pinkbot/install/minibot_interfaces:/opt/ros/humble LD_LIBRARY_PATH=/home/kiro04/pinkbot/install/minibot_interfaces/lib:${LD_LIBRARY_PATH} PYTHONPATH=/home/kiro04/pinkbot/install/minibot_interfaces/local/lib/python3.10/dist-packages:${PYTHONPATH} /home/kiro04/.local/bin/cmake --install /home/kiro04/pinkbot/build/minibot_controllers
[1.031s] -- Install configuration: ""
[1.031s] -- Up-to-date: /home/kiro04/pinkbot/install/minibot_controllers/share/minibot_controllers/controller_plugins.xml
[1.031s] -- Up-to-date: /home/kiro04/pinkbot/install/minibot_controllers/lib/libminibot_controllers.so
[1.032s] -- Up-to-date: /home/kiro04/pinkbot/install/minibot_controllers/include
[1.032s] -- Up-to-date: /home/kiro04/pinkbot/install/minibot_controllers/include/minibot_gpio_controller
[1.032s] -- Up-to-date: /home/kiro04/pinkbot/install/minibot_controllers/include/minibot_gpio_controller/gpio_controller.hpp
[1.033s] -- Up-to-date: /home/kiro04/pinkbot/install/minibot_controllers/share/minibot_controllers/controller_plugins.xml
[1.033s] -- Up-to-date: /home/kiro04/pinkbot/install/minibot_controllers/share/minibot_controllers/environment/library_path.sh
[1.033s] -- Up-to-date: /home/kiro04/pinkbot/install/minibot_controllers/share/minibot_controllers/environment/library_path.dsv
[1.033s] -- Up-to-date: /home/kiro04/pinkbot/install/minibot_controllers/share/ament_index/resource_index/package_run_dependencies/minibot_controllers
[1.033s] -- Up-to-date: /home/kiro04/pinkbot/install/minibot_controllers/share/ament_index/resource_index/parent_prefix_path/minibot_controllers
[1.034s] -- Up-to-date: /home/kiro04/pinkbot/install/minibot_controllers/share/minibot_controllers/environment/ament_prefix_path.sh
[1.034s] -- Up-to-date: /home/kiro04/pinkbot/install/minibot_controllers/share/minibot_controllers/environment/ament_prefix_path.dsv
[1.034s] -- Up-to-date: /home/kiro04/pinkbot/install/minibot_controllers/share/minibot_controllers/environment/path.sh
[1.034s] -- Up-to-date: /home/kiro04/pinkbot/install/minibot_controllers/share/minibot_controllers/environment/path.dsv
[1.035s] -- Up-to-date: /home/kiro04/pinkbot/install/minibot_controllers/share/minibot_controllers/local_setup.bash
[1.035s] -- Up-to-date: /home/kiro04/pinkbot/install/minibot_controllers/share/minibot_controllers/local_setup.sh
[1.035s] -- Up-to-date: /home/kiro04/pinkbot/install/minibot_controllers/share/minibot_controllers/local_setup.zsh
[1.035s] -- Up-to-date: /home/kiro04/pinkbot/install/minibot_controllers/share/minibot_controllers/local_setup.dsv
[1.035s] -- Installing: /home/kiro04/pinkbot/install/minibot_controllers/share/minibot_controllers/package.dsv
[1.036s] -- Up-to-date: /home/kiro04/pinkbot/install/minibot_controllers/share/ament_index/resource_index/packages/minibot_controllers
[1.036s] -- Up-to-date: /home/kiro04/pinkbot/install/minibot_controllers/share/ament_index/resource_index/controller_interface__pluginlib__plugin/minibot_controllers
[1.036s] -- Up-to-date: /home/kiro04/pinkbot/install/minibot_controllers/share/minibot_controllers/cmake/ament_cmake_export_dependencies-extras.cmake
[1.036s] -- Up-to-date: /home/kiro04/pinkbot/install/minibot_controllers/share/minibot_controllers/cmake/ament_cmake_export_include_directories-extras.cmake
[1.036s] -- Up-to-date: /home/kiro04/pinkbot/install/minibot_controllers/share/minibot_controllers/cmake/ament_cmake_export_libraries-extras.cmake
[1.036s] -- Up-to-date: /home/kiro04/pinkbot/install/minibot_controllers/share/minibot_controllers/cmake/minibot_controllersConfig.cmake
[1.037s] -- Up-to-date: /home/kiro04/pinkbot/install/minibot_controllers/share/minibot_controllers/cmake/minibot_controllersConfig-version.cmake
[1.037s] -- Up-to-date: /home/kiro04/pinkbot/install/minibot_controllers/share/minibot_controllers/package.xml
[1.094s] Invoked command in '/home/kiro04/pinkbot/build/minibot_controllers' returned '0': AMENT_PREFIX_PATH=/home/kiro04/pinkbot/install/minibot_interfaces:${AMENT_PREFIX_PATH} CMAKE_PREFIX_PATH=/home/kiro04/pinkbot/install/minibot_interfaces:/opt/ros/humble LD_LIBRARY_PATH=/home/kiro04/pinkbot/install/minibot_interfaces/lib:${LD_LIBRARY_PATH} PYTHONPATH=/home/kiro04/pinkbot/install/minibot_interfaces/local/lib/python3.10/dist-packages:${PYTHONPATH} /home/kiro04/.local/bin/cmake --install /home/kiro04/pinkbot/build/minibot_controllers
