[0.033s] Invoking command in '/home/kiro04/pinkbot/build/minibot_description': CMAKE_PREFIX_PATH=/opt/ros/humble /home/kiro04/.local/bin/cmake /home/kiro04/pinkbot/src/pinklab_minibot_robot/minibot_description -DCMAKE_INSTALL_PREFIX=/home/kiro04/pinkbot/install/minibot_description
[0.192s] -- The C compiler identification is GNU 11.4.0
[0.293s] -- The CXX compiler identification is GNU 11.4.0
[0.322s] -- Detecting C compiler ABI info
[0.414s] -- Detecting C compiler ABI info - done
[0.433s] -- Check for working C compiler: /usr/bin/cc - skipped
[0.434s] -- Detecting C compile features
[0.435s] -- Detecting C compile features - done
[0.450s] -- Detecting CXX compiler ABI info
[0.566s] -- Detecting CXX compiler ABI info - done
[0.588s] -- Check for working CXX compiler: /usr/bin/c++ - skipped
[0.588s] -- Detecting CXX compile features
[0.589s] -- Detecting CXX compile features - done
[0.593s] -- Found ament_cmake: 1.3.4 (/opt/ros/humble/share/ament_cmake/cmake)
[1.185s] -- Found Python3: /usr/bin/python3.10 (found version "3.10.12") found components: Interpreter 
[1.330s] -- Found xacro: 2.0.8 (/opt/ros/humble/share/xacro/cmake)
[1.332s] -- Found ament_lint_auto: 0.12.6 (/opt/ros/humble/share/ament_lint_auto/cmake)
[1.476s] -- Added test 'copyright' to check source files copyright and LICENSE
[1.484s] -- Added test 'flake8' to check Python code syntax and style conventions
[1.485s] -- Added test 'lint_cmake' to check CMake code style
[1.487s] -- Added test 'pep257' to check Python code against some of the docstring style conventions in PEP 257
[1.491s] -- Added test 'xmllint' to check XML markup files
[1.492s] -- Configuring done (1.4s)
[1.497s] -- Generating done (0.0s)
[1.499s] -- Build files have been written to: /home/kiro04/pinkbot/build/minibot_description
[1.520s] Invoked command in '/home/kiro04/pinkbot/build/minibot_description' returned '0': CMAKE_PREFIX_PATH=/opt/ros/humble /home/kiro04/.local/bin/cmake /home/kiro04/pinkbot/src/pinklab_minibot_robot/minibot_description -DCMAKE_INSTALL_PREFIX=/home/kiro04/pinkbot/install/minibot_description
[1.524s] Invoking command in '/home/kiro04/pinkbot/build/minibot_description': CMAKE_PREFIX_PATH=/opt/ros/humble /home/kiro04/.local/bin/cmake --build /home/kiro04/pinkbot/build/minibot_description -- -j8 -l8
[1.636s] Invoked command in '/home/kiro04/pinkbot/build/minibot_description' returned '0': CMAKE_PREFIX_PATH=/opt/ros/humble /home/kiro04/.local/bin/cmake --build /home/kiro04/pinkbot/build/minibot_description -- -j8 -l8
[1.851s] Invoking command in '/home/kiro04/pinkbot/build/minibot_description': CMAKE_PREFIX_PATH=/opt/ros/humble /home/kiro04/.local/bin/cmake --install /home/kiro04/pinkbot/build/minibot_description
[1.936s] -- Install configuration: ""
[1.936s] -- Installing: /home/kiro04/pinkbot/install/minibot_description/share/minibot_description/launch
[1.936s] -- Installing: /home/kiro04/pinkbot/install/minibot_description/share/minibot_description/launch/view_robot.launch.py
[1.936s] -- Installing: /home/kiro04/pinkbot/install/minibot_description/share/minibot_description/launch/upload_robot.launch.py
[1.937s] -- Installing: /home/kiro04/pinkbot/install/minibot_description/share/minibot_description/meshes
[1.937s] -- Installing: /home/kiro04/pinkbot/install/minibot_description/share/minibot_description/meshes/collision
[1.937s] -- Installing: /home/kiro04/pinkbot/install/minibot_description/share/minibot_description/meshes/collision/ydlidar_x2_assy.stl
[1.938s] -- Installing: /home/kiro04/pinkbot/install/minibot_description/share/minibot_description/meshes/collision/ul_sensor.stl
[1.938s] -- Installing: /home/kiro04/pinkbot/install/minibot_description/share/minibot_description/meshes/collision/wheel.stl
[1.939s] -- Installing: /home/kiro04/pinkbot/install/minibot_description/share/minibot_description/meshes/collision/base_link.stl
[1.939s] -- Installing: /home/kiro04/pinkbot/install/minibot_description/share/minibot_description/meshes/collision/front_camera.stl
[1.939s] -- Installing: /home/kiro04/pinkbot/install/minibot_description/share/minibot_description/meshes/visual
[1.939s] -- Installing: /home/kiro04/pinkbot/install/minibot_description/share/minibot_description/meshes/visual/wheel.dae
[1.940s] -- Installing: /home/kiro04/pinkbot/install/minibot_description/share/minibot_description/meshes/visual/ul_sensor.dae
[1.940s] -- Installing: /home/kiro04/pinkbot/install/minibot_description/share/minibot_description/meshes/visual/ydlidar_x2_assy.dae
[1.957s] -- Installing: /home/kiro04/pinkbot/install/minibot_description/share/minibot_description/meshes/visual/base_link.dae
[1.957s] -- Installing: /home/kiro04/pinkbot/install/minibot_description/share/minibot_description/meshes/visual/front_camera.dae
[1.959s] -- Installing: /home/kiro04/pinkbot/install/minibot_description/share/minibot_description/meshes/visual/front_camera.png
[1.959s] -- Installing: /home/kiro04/pinkbot/install/minibot_description/share/minibot_description/meshes/visual/ydlidar_x2.png
[1.960s] -- Installing: /home/kiro04/pinkbot/install/minibot_description/share/minibot_description/meshes/visual/wheel.png
[1.960s] -- Installing: /home/kiro04/pinkbot/install/minibot_description/share/minibot_description/rviz
[1.960s] -- Installing: /home/kiro04/pinkbot/install/minibot_description/share/minibot_description/rviz/view_robot.rviz
[1.960s] -- Installing: /home/kiro04/pinkbot/install/minibot_description/share/minibot_description/urdf
[1.960s] -- Installing: /home/kiro04/pinkbot/install/minibot_description/share/minibot_description/urdf/common
[1.961s] -- Installing: /home/kiro04/pinkbot/install/minibot_description/share/minibot_description/urdf/common/inertia_macro.urdf.xacro
[1.961s] -- Installing: /home/kiro04/pinkbot/install/minibot_description/share/minibot_description/urdf/minibot.urdf.xacro
[1.961s] -- Installing: /home/kiro04/pinkbot/install/minibot_description/share/minibot_description/urdf/robot.urdf.xacro
[1.961s] -- Installing: /home/kiro04/pinkbot/install/minibot_description/share/minibot_description/urdf/minibot_gazebo.urdf.xacro
[1.962s] -- Installing: /home/kiro04/pinkbot/install/minibot_description/share/minibot_description/urdf/minibot_ros2_control.urdf.xacro
[1.962s] -- Installing: /home/kiro04/pinkbot/install/minibot_description/share/ament_index/resource_index/package_run_dependencies/minibot_description
[1.962s] -- Installing: /home/kiro04/pinkbot/install/minibot_description/share/ament_index/resource_index/parent_prefix_path/minibot_description
[1.962s] -- Installing: /home/kiro04/pinkbot/install/minibot_description/share/minibot_description/environment/ament_prefix_path.sh
[1.962s] -- Installing: /home/kiro04/pinkbot/install/minibot_description/share/minibot_description/environment/ament_prefix_path.dsv
[1.963s] -- Installing: /home/kiro04/pinkbot/install/minibot_description/share/minibot_description/environment/path.sh
[1.963s] -- Installing: /home/kiro04/pinkbot/install/minibot_description/share/minibot_description/environment/path.dsv
[1.963s] -- Installing: /home/kiro04/pinkbot/install/minibot_description/share/minibot_description/local_setup.bash
[1.963s] -- Installing: /home/kiro04/pinkbot/install/minibot_description/share/minibot_description/local_setup.sh
[1.963s] -- Installing: /home/kiro04/pinkbot/install/minibot_description/share/minibot_description/local_setup.zsh
[1.964s] -- Installing: /home/kiro04/pinkbot/install/minibot_description/share/minibot_description/local_setup.dsv
[1.964s] -- Installing: /home/kiro04/pinkbot/install/minibot_description/share/minibot_description/package.dsv
[1.964s] -- Installing: /home/kiro04/pinkbot/install/minibot_description/share/ament_index/resource_index/packages/minibot_description
[1.964s] -- Installing: /home/kiro04/pinkbot/install/minibot_description/share/minibot_description/cmake/minibot_descriptionConfig.cmake
[1.964s] -- Installing: /home/kiro04/pinkbot/install/minibot_description/share/minibot_description/cmake/minibot_descriptionConfig-version.cmake
[1.965s] -- Installing: /home/kiro04/pinkbot/install/minibot_description/share/minibot_description/package.xml
[1.979s] Invoked command in '/home/kiro04/pinkbot/build/minibot_description' returned '0': CMAKE_PREFIX_PATH=/opt/ros/humble /home/kiro04/.local/bin/cmake --install /home/kiro04/pinkbot/build/minibot_description
