[0.012s] Invoking command in '/home/kiro04/pinkbot/build/minibot_controllers': AMENT_PREFIX_PATH=/home/kiro04/pinkbot/install/minibot_interfaces:${AMENT_PREFIX_PATH} CMAKE_PREFIX_PATH=/home/kiro04/pinkbot/install/minibot_interfaces:/opt/ros/humble LD_LIBRARY_PATH=/home/kiro04/pinkbot/install/minibot_interfaces/lib:${LD_LIBRARY_PATH} PYTHONPATH=/home/kiro04/pinkbot/install/minibot_interfaces/local/lib/python3.10/dist-packages:${PYTHONPATH} /home/kiro04/.local/bin/cmake /home/kiro04/pinkbot/src/pinklab_minibot_robot/minibot_controllers -DCMAKE_INSTALL_PREFIX=/home/kiro04/pinkbot/install/minibot_controllers
[0.160s] -- The C compiler identification is GNU 11.4.0
[0.249s] -- The CXX compiler identification is GNU 11.4.0
[0.275s] -- Detecting C compiler ABI info
[0.359s] -- Detecting C compiler ABI info - done
[0.377s] -- Check for working C compiler: /usr/bin/cc - skipped
[0.377s] -- Detecting C compile features
[0.378s] -- Detecting C compile features - done
[0.390s] -- Detecting CXX compiler ABI info
[0.480s] -- Detecting CXX compiler ABI info - done
[0.496s] -- Check for working CXX compiler: /usr/bin/c++ - skipped
[0.496s] -- Detecting CXX compile features
[0.497s] -- Detecting CXX compile features - done
[0.500s] -- Found ament_cmake: 1.3.4 (/opt/ros/humble/share/ament_cmake/cmake)
[0.952s] -- Found Python3: /usr/bin/python3.10 (found version "3.10.12") found components: Interpreter 
[1.063s] -- Found minibot_interfaces: 0.0.0 (/home/kiro04/pinkbot/install/minibot_interfaces/share/minibot_interfaces/cmake)
[1.120s] -- Found rosidl_generator_c: 3.1.4 (/opt/ros/humble/share/rosidl_generator_c/cmake)
[1.127s] -- Found rosidl_adapter: 3.1.4 (/opt/ros/humble/share/rosidl_adapter/cmake)
[1.142s] -- Found rosidl_generator_cpp: 3.1.4 (/opt/ros/humble/share/rosidl_generator_cpp/cmake)
[1.165s] -- Using all available rosidl_typesupport_c: rosidl_typesupport_fastrtps_c;rosidl_typesupport_introspection_c
[1.196s] -- Using all available rosidl_typesupport_cpp: rosidl_typesupport_fastrtps_cpp;rosidl_typesupport_introspection_cpp
[1.392s] -- Found controller_interface: 2.29.0 (/opt/ros/humble/share/controller_interface/cmake)
[2.361s] -- Found rmw_implementation_cmake: 6.1.1 (/opt/ros/humble/share/rmw_implementation_cmake/cmake)
[2.366s] -- Found rmw_fastrtps_cpp: 6.2.2 (/opt/ros/humble/share/rmw_fastrtps_cpp/cmake)
[2.496s] -- Found OpenSSL: /usr/lib/x86_64-linux-gnu/libcrypto.so (found version "3.0.2")  
[2.535s] -- Found FastRTPS: /opt/ros/humble/include  
[2.607s] -- Using RMW implementation 'rmw_fastrtps_cpp' as default
[2.622s] -- Performing Test CMAKE_HAVE_LIBC_PTHREAD
[2.709s] -- Performing Test CMAKE_HAVE_LIBC_PTHREAD - Success
[2.712s] -- Found Threads: TRUE  
[3.230s] -- Found realtime_tools: 2.5.0 (/opt/ros/humble/share/realtime_tools/cmake)
[3.314s] -- Found std_srvs: 4.2.3 (/opt/ros/humble/share/std_srvs/cmake)
[3.565s] -- Found ament_lint_auto: 0.12.6 (/opt/ros/humble/share/ament_lint_auto/cmake)
[3.846s] -- Added test 'cppcheck' to perform static code analysis on C / C++ code
[3.847s] -- Configured cppcheck include dirs: /home/kiro04/pinkbot/src/pinklab_minibot_robot/minibot_controllers/include
[3.847s] -- Configured cppcheck exclude dirs and/or files: 
[3.850s] -- Added test 'lint_cmake' to check CMake code style
[3.852s] -- Added test 'uncrustify' to check C / C++ code style
[3.853s] -- Configured uncrustify additional arguments: 
[3.854s] -- Added test 'xmllint' to check XML markup files
[3.861s] -- Configuring done (3.8s)
[3.958s] -- Generating done (0.1s)
[3.968s] -- Build files have been written to: /home/kiro04/pinkbot/build/minibot_controllers
[4.067s] Invoked command in '/home/kiro04/pinkbot/build/minibot_controllers' returned '0': AMENT_PREFIX_PATH=/home/kiro04/pinkbot/install/minibot_interfaces:${AMENT_PREFIX_PATH} CMAKE_PREFIX_PATH=/home/kiro04/pinkbot/install/minibot_interfaces:/opt/ros/humble LD_LIBRARY_PATH=/home/kiro04/pinkbot/install/minibot_interfaces/lib:${LD_LIBRARY_PATH} PYTHONPATH=/home/kiro04/pinkbot/install/minibot_interfaces/local/lib/python3.10/dist-packages:${PYTHONPATH} /home/kiro04/.local/bin/cmake /home/kiro04/pinkbot/src/pinklab_minibot_robot/minibot_controllers -DCMAKE_INSTALL_PREFIX=/home/kiro04/pinkbot/install/minibot_controllers
[4.074s] Invoking command in '/home/kiro04/pinkbot/build/minibot_controllers': AMENT_PREFIX_PATH=/home/kiro04/pinkbot/install/minibot_interfaces:${AMENT_PREFIX_PATH} CMAKE_PREFIX_PATH=/home/kiro04/pinkbot/install/minibot_interfaces:/opt/ros/humble LD_LIBRARY_PATH=/home/kiro04/pinkbot/install/minibot_interfaces/lib:${LD_LIBRARY_PATH} PYTHONPATH=/home/kiro04/pinkbot/install/minibot_interfaces/local/lib/python3.10/dist-packages:${PYTHONPATH} /home/kiro04/.local/bin/cmake --build /home/kiro04/pinkbot/build/minibot_controllers -- -j8 -l8
[4.319s] [ 50%] [32mBuilding CXX object CMakeFiles/minibot_controllers.dir/src/gpio_controller.cpp.o[0m
[21.486s] [100%] [32m[1mLinking CXX shared library libminibot_controllers.so[0m
[22.456s] [100%] Built target minibot_controllers
[22.469s] Invoked command in '/home/kiro04/pinkbot/build/minibot_controllers' returned '0': AMENT_PREFIX_PATH=/home/kiro04/pinkbot/install/minibot_interfaces:${AMENT_PREFIX_PATH} CMAKE_PREFIX_PATH=/home/kiro04/pinkbot/install/minibot_interfaces:/opt/ros/humble LD_LIBRARY_PATH=/home/kiro04/pinkbot/install/minibot_interfaces/lib:${LD_LIBRARY_PATH} PYTHONPATH=/home/kiro04/pinkbot/install/minibot_interfaces/local/lib/python3.10/dist-packages:${PYTHONPATH} /home/kiro04/.local/bin/cmake --build /home/kiro04/pinkbot/build/minibot_controllers -- -j8 -l8
[22.541s] Invoking command in '/home/kiro04/pinkbot/build/minibot_controllers': AMENT_PREFIX_PATH=/home/kiro04/pinkbot/install/minibot_interfaces:${AMENT_PREFIX_PATH} CMAKE_PREFIX_PATH=/home/kiro04/pinkbot/install/minibot_interfaces:/opt/ros/humble LD_LIBRARY_PATH=/home/kiro04/pinkbot/install/minibot_interfaces/lib:${LD_LIBRARY_PATH} PYTHONPATH=/home/kiro04/pinkbot/install/minibot_interfaces/local/lib/python3.10/dist-packages:${PYTHONPATH} /home/kiro04/.local/bin/cmake --install /home/kiro04/pinkbot/build/minibot_controllers
[22.592s] -- Install configuration: ""
[22.592s] -- Installing: /home/kiro04/pinkbot/install/minibot_controllers/share/minibot_controllers/controller_plugins.xml
[22.593s] -- Installing: /home/kiro04/pinkbot/install/minibot_controllers/lib/libminibot_controllers.so
[22.608s] -- Set runtime path of "/home/kiro04/pinkbot/install/minibot_controllers/lib/libminibot_controllers.so" to ""
[22.608s] -- Installing: /home/kiro04/pinkbot/install/minibot_controllers/include
[22.608s] -- Installing: /home/kiro04/pinkbot/install/minibot_controllers/include/minibot_gpio_controller
[22.609s] -- Installing: /home/kiro04/pinkbot/install/minibot_controllers/include/minibot_gpio_controller/gpio_controller.hpp
[22.609s] -- Up-to-date: /home/kiro04/pinkbot/install/minibot_controllers/share/minibot_controllers/controller_plugins.xml
[22.609s] -- Installing: /home/kiro04/pinkbot/install/minibot_controllers/share/minibot_controllers/environment/library_path.sh
[22.609s] -- Installing: /home/kiro04/pinkbot/install/minibot_controllers/share/minibot_controllers/environment/library_path.dsv
[22.609s] -- Installing: /home/kiro04/pinkbot/install/minibot_controllers/share/ament_index/resource_index/package_run_dependencies/minibot_controllers
[22.609s] -- Installing: /home/kiro04/pinkbot/install/minibot_controllers/share/ament_index/resource_index/parent_prefix_path/minibot_controllers
[22.610s] -- Installing: /home/kiro04/pinkbot/install/minibot_controllers/share/minibot_controllers/environment/ament_prefix_path.sh
[22.610s] -- Installing: /home/kiro04/pinkbot/install/minibot_controllers/share/minibot_controllers/environment/ament_prefix_path.dsv
[22.610s] -- Installing: /home/kiro04/pinkbot/install/minibot_controllers/share/minibot_controllers/environment/path.sh
[22.610s] -- Installing: /home/kiro04/pinkbot/install/minibot_controllers/share/minibot_controllers/environment/path.dsv
[22.610s] -- Installing: /home/kiro04/pinkbot/install/minibot_controllers/share/minibot_controllers/local_setup.bash
[22.611s] -- Installing: /home/kiro04/pinkbot/install/minibot_controllers/share/minibot_controllers/local_setup.sh
[22.611s] -- Installing: /home/kiro04/pinkbot/install/minibot_controllers/share/minibot_controllers/local_setup.zsh
[22.611s] -- Installing: /home/kiro04/pinkbot/install/minibot_controllers/share/minibot_controllers/local_setup.dsv
[22.611s] -- Installing: /home/kiro04/pinkbot/install/minibot_controllers/share/minibot_controllers/package.dsv
[22.611s] -- Installing: /home/kiro04/pinkbot/install/minibot_controllers/share/ament_index/resource_index/packages/minibot_controllers
[22.611s] -- Installing: /home/kiro04/pinkbot/install/minibot_controllers/share/ament_index/resource_index/controller_interface__pluginlib__plugin/minibot_controllers
[22.612s] -- Installing: /home/kiro04/pinkbot/install/minibot_controllers/share/minibot_controllers/cmake/ament_cmake_export_dependencies-extras.cmake
[22.612s] -- Installing: /home/kiro04/pinkbot/install/minibot_controllers/share/minibot_controllers/cmake/ament_cmake_export_include_directories-extras.cmake
[22.612s] -- Installing: /home/kiro04/pinkbot/install/minibot_controllers/share/minibot_controllers/cmake/ament_cmake_export_libraries-extras.cmake
[22.612s] -- Installing: /home/kiro04/pinkbot/install/minibot_controllers/share/minibot_controllers/cmake/minibot_controllersConfig.cmake
[22.612s] -- Installing: /home/kiro04/pinkbot/install/minibot_controllers/share/minibot_controllers/cmake/minibot_controllersConfig-version.cmake
[22.612s] -- Installing: /home/kiro04/pinkbot/install/minibot_controllers/share/minibot_controllers/package.xml
[22.625s] Invoked command in '/home/kiro04/pinkbot/build/minibot_controllers' returned '0': AMENT_PREFIX_PATH=/home/kiro04/pinkbot/install/minibot_interfaces:${AMENT_PREFIX_PATH} CMAKE_PREFIX_PATH=/home/kiro04/pinkbot/install/minibot_interfaces:/opt/ros/humble LD_LIBRARY_PATH=/home/kiro04/pinkbot/install/minibot_interfaces/lib:${LD_LIBRARY_PATH} PYTHONPATH=/home/kiro04/pinkbot/install/minibot_interfaces/local/lib/python3.10/dist-packages:${PYTHONPATH} /home/kiro04/.local/bin/cmake --install /home/kiro04/pinkbot/build/minibot_controllers
