[1.480s] Invoking command in '/home/kiro04/pinkbot/src/yolo_package': PYTHONPATH=/home/kiro04/pinkbot/build/yolo_package/prefix_override:/home/kiro04/pinkbot/install/yolo_package/lib/python3.10/site-packages:${PYTHONPATH} /usr/bin/python3 setup.py egg_info --egg-base ../../build/yolo_package build --build-base /home/kiro04/pinkbot/build/yolo_package/build install --record /home/kiro04/pinkbot/build/yolo_package/install.log --single-version-externally-managed
[1.979s] running egg_info
[1.981s] writing ../../build/yolo_package/yolo_package.egg-info/PKG-INFO
[1.983s] writing dependency_links to ../../build/yolo_package/yolo_package.egg-info/dependency_links.txt
[1.983s] writing entry points to ../../build/yolo_package/yolo_package.egg-info/entry_points.txt
[1.983s] writing requirements to ../../build/yolo_package/yolo_package.egg-info/requires.txt
[1.983s] writing top-level names to ../../build/yolo_package/yolo_package.egg-info/top_level.txt
[1.985s] reading manifest file '../../build/yolo_package/yolo_package.egg-info/SOURCES.txt'
[1.986s] writing manifest file '../../build/yolo_package/yolo_package.egg-info/SOURCES.txt'
[1.986s] running build
[1.986s] running build_py
[1.987s] running install
[1.987s] /usr/lib/python3/dist-packages/setuptools/command/install.py:34: SetuptoolsDeprecationWarning: setup.py install is deprecated. Use build and pip and other standards-based tools.
[1.987s]   warnings.warn(
[1.988s] running install_lib
[1.989s] running install_data
[1.990s] running install_egg_info
[1.992s] removing '/home/kiro04/pinkbot/install/yolo_package/lib/python3.10/site-packages/yolo_package-0.0.0-py3.10.egg-info' (and everything under it)
[1.993s] Copying ../../build/yolo_package/yolo_package.egg-info to /home/kiro04/pinkbot/install/yolo_package/lib/python3.10/site-packages/yolo_package-0.0.0-py3.10.egg-info
[1.994s] running install_scripts
[2.021s] Installing yolo_madel script to /home/kiro04/pinkbot/install/yolo_package/lib/yolo_package
[2.021s] Installing yolo_node script to /home/kiro04/pinkbot/install/yolo_package/lib/yolo_package
[2.022s] writing list of installed files to '/home/kiro04/pinkbot/build/yolo_package/install.log'
[2.062s] Invoked command in '/home/kiro04/pinkbot/src/yolo_package' returned '0': PYTHONPATH=/home/kiro04/pinkbot/build/yolo_package/prefix_override:/home/kiro04/pinkbot/install/yolo_package/lib/python3.10/site-packages:${PYTHONPATH} /usr/bin/python3 setup.py egg_info --egg-base ../../build/yolo_package build --build-base /home/kiro04/pinkbot/build/yolo_package/build install --record /home/kiro04/pinkbot/build/yolo_package/install.log --single-version-externally-managed
