[1.955s] Invoking command in '/home/kiro04/pinkbot/src/pinklab_minibot_robot/minibot_marker': PYTHONPATH=/home/kiro04/pinkbot/build/minibot_marker/prefix_override:/home/kiro04/pinkbot/install/minibot_marker/lib/python3.10/site-packages:${PYTHONPATH} /usr/bin/python3 setup.py egg_info --egg-base ../../../build/minibot_marker build --build-base /home/kiro04/pinkbot/build/minibot_marker/build install --record /home/kiro04/pinkbot/build/minibot_marker/install.log --single-version-externally-managed
[2.521s] running egg_info
[2.522s] writing ../../../build/minibot_marker/minibot_marker.egg-info/PKG-INFO
[2.523s] writing dependency_links to ../../../build/minibot_marker/minibot_marker.egg-info/dependency_links.txt
[2.523s] writing entry points to ../../../build/minibot_marker/minibot_marker.egg-info/entry_points.txt
[2.523s] writing requirements to ../../../build/minibot_marker/minibot_marker.egg-info/requires.txt
[2.523s] writing top-level names to ../../../build/minibot_marker/minibot_marker.egg-info/top_level.txt
[2.526s] reading manifest file '../../../build/minibot_marker/minibot_marker.egg-info/SOURCES.txt'
[2.529s] writing manifest file '../../../build/minibot_marker/minibot_marker.egg-info/SOURCES.txt'
[2.539s] /usr/lib/python3/dist-packages/setuptools/command/install.py:34: SetuptoolsDeprecationWarning: setup.py install is deprecated. Use build and pip and other standards-based tools.
[2.539s]   warnings.warn(
[2.539s] running build
[2.540s] running build_py
[2.540s] copying minibot_marker/marker_publisher.py -> /home/kiro04/pinkbot/build/minibot_marker/build/lib/minibot_marker
[2.540s] running install
[2.540s] running install_lib
[2.541s] copying /home/kiro04/pinkbot/build/minibot_marker/build/lib/minibot_marker/marker_publisher.py -> /home/kiro04/pinkbot/install/minibot_marker/lib/python3.10/site-packages/minibot_marker
[2.541s] byte-compiling /home/kiro04/pinkbot/install/minibot_marker/lib/python3.10/site-packages/minibot_marker/marker_publisher.py to marker_publisher.cpython-310.pyc
[2.542s] running install_data
[2.542s] running install_egg_info
[2.542s] removing '/home/kiro04/pinkbot/install/minibot_marker/lib/python3.10/site-packages/minibot_marker-0.0.0-py3.10.egg-info' (and everything under it)
[2.542s] Copying ../../../build/minibot_marker/minibot_marker.egg-info to /home/kiro04/pinkbot/install/minibot_marker/lib/python3.10/site-packages/minibot_marker-0.0.0-py3.10.egg-info
[2.543s] running install_scripts
[2.579s] Installing cmd_vel_publisher script to /home/kiro04/pinkbot/install/minibot_marker/lib/minibot_marker
[2.579s] Installing marker_publisher script to /home/kiro04/pinkbot/install/minibot_marker/lib/minibot_marker
[2.580s] writing list of installed files to '/home/kiro04/pinkbot/build/minibot_marker/install.log'
[2.641s] Invoked command in '/home/kiro04/pinkbot/src/pinklab_minibot_robot/minibot_marker' returned '0': PYTHONPATH=/home/kiro04/pinkbot/build/minibot_marker/prefix_override:/home/kiro04/pinkbot/install/minibot_marker/lib/python3.10/site-packages:${PYTHONPATH} /usr/bin/python3 setup.py egg_info --egg-base ../../../build/minibot_marker build --build-base /home/kiro04/pinkbot/build/minibot_marker/build install --record /home/kiro04/pinkbot/build/minibot_marker/install.log --single-version-externally-managed
