[0.054s] Invoking command in '/home/kiro04/pinkbot/build/minibot_description': CMAKE_PREFIX_PATH=${CMAKE_PREFIX_PATH}:/home/kiro04/pinkbot/install/yolo_package:/opt/ros/humble /home/kiro04/.local/bin/cmake --build /home/kiro04/pinkbot/build/minibot_description -- -j8 -l8
[0.573s] Invoked command in '/home/kiro04/pinkbot/build/minibot_description' returned '0': CMAKE_PREFIX_PATH=${CMAKE_PREFIX_PATH}:/home/kiro04/pinkbot/install/yolo_package:/opt/ros/humble /home/kiro04/.local/bin/cmake --build /home/kiro04/pinkbot/build/minibot_description -- -j8 -l8
[0.794s] Invoking command in '/home/kiro04/pinkbot/build/minibot_description': CMAKE_PREFIX_PATH=${CMAKE_PREFIX_PATH}:/home/kiro04/pinkbot/install/yolo_package:/opt/ros/humble /home/kiro04/.local/bin/cmake --install /home/kiro04/pinkbot/build/minibot_description
[0.934s] -- Install configuration: ""
[0.934s] -- Up-to-date: /home/kiro04/pinkbot/install/minibot_description/share/minibot_description/launch
[0.934s] -- Up-to-date: /home/kiro04/pinkbot/install/minibot_description/share/minibot_description/launch/view_robot.launch.py
[0.934s] -- Up-to-date: /home/kiro04/pinkbot/install/minibot_description/share/minibot_description/launch/upload_robot.launch.py
[0.935s] -- Up-to-date: /home/kiro04/pinkbot/install/minibot_description/share/minibot_description/meshes
[0.935s] -- Up-to-date: /home/kiro04/pinkbot/install/minibot_description/share/minibot_description/meshes/collision
[0.935s] -- Up-to-date: /home/kiro04/pinkbot/install/minibot_description/share/minibot_description/meshes/collision/ydlidar_x2_assy.stl
[0.935s] -- Up-to-date: /home/kiro04/pinkbot/install/minibot_description/share/minibot_description/meshes/collision/ul_sensor.stl
[0.936s] -- Up-to-date: /home/kiro04/pinkbot/install/minibot_description/share/minibot_description/meshes/collision/wheel.stl
[0.936s] -- Up-to-date: /home/kiro04/pinkbot/install/minibot_description/share/minibot_description/meshes/collision/base_link.stl
[0.936s] -- Up-to-date: /home/kiro04/pinkbot/install/minibot_description/share/minibot_description/meshes/collision/front_camera.stl
[0.937s] -- Up-to-date: /home/kiro04/pinkbot/install/minibot_description/share/minibot_description/meshes/visual
[0.937s] -- Up-to-date: /home/kiro04/pinkbot/install/minibot_description/share/minibot_description/meshes/visual/wheel.dae
[0.937s] -- Up-to-date: /home/kiro04/pinkbot/install/minibot_description/share/minibot_description/meshes/visual/ul_sensor.dae
[0.937s] -- Up-to-date: /home/kiro04/pinkbot/install/minibot_description/share/minibot_description/meshes/visual/ydlidar_x2_assy.dae
[0.938s] -- Up-to-date: /home/kiro04/pinkbot/install/minibot_description/share/minibot_description/meshes/visual/base_link.dae
[0.938s] -- Up-to-date: /home/kiro04/pinkbot/install/minibot_description/share/minibot_description/meshes/visual/front_camera.dae
[0.938s] -- Up-to-date: /home/kiro04/pinkbot/install/minibot_description/share/minibot_description/meshes/visual/front_camera.png
[0.939s] -- Up-to-date: /home/kiro04/pinkbot/install/minibot_description/share/minibot_description/meshes/visual/ydlidar_x2.png
[0.939s] -- Up-to-date: /home/kiro04/pinkbot/install/minibot_description/share/minibot_description/meshes/visual/wheel.png
[0.939s] -- Up-to-date: /home/kiro04/pinkbot/install/minibot_description/share/minibot_description/rviz
[0.939s] -- Up-to-date: /home/kiro04/pinkbot/install/minibot_description/share/minibot_description/rviz/view_robot.rviz
[0.940s] -- Up-to-date: /home/kiro04/pinkbot/install/minibot_description/share/minibot_description/urdf
[0.940s] -- Up-to-date: /home/kiro04/pinkbot/install/minibot_description/share/minibot_description/urdf/common
[0.940s] -- Up-to-date: /home/kiro04/pinkbot/install/minibot_description/share/minibot_description/urdf/common/inertia_macro.urdf.xacro
[0.941s] -- Up-to-date: /home/kiro04/pinkbot/install/minibot_description/share/minibot_description/urdf/minibot.urdf.xacro
[0.941s] -- Up-to-date: /home/kiro04/pinkbot/install/minibot_description/share/minibot_description/urdf/robot.urdf.xacro
[0.941s] -- Up-to-date: /home/kiro04/pinkbot/install/minibot_description/share/minibot_description/urdf/minibot_gazebo.urdf.xacro
[0.941s] -- Up-to-date: /home/kiro04/pinkbot/install/minibot_description/share/minibot_description/urdf/minibot_ros2_control.urdf.xacro
[0.942s] -- Up-to-date: /home/kiro04/pinkbot/install/minibot_description/share/ament_index/resource_index/package_run_dependencies/minibot_description
[0.942s] -- Up-to-date: /home/kiro04/pinkbot/install/minibot_description/share/ament_index/resource_index/parent_prefix_path/minibot_description
[0.942s] -- Up-to-date: /home/kiro04/pinkbot/install/minibot_description/share/minibot_description/environment/ament_prefix_path.sh
[0.942s] -- Up-to-date: /home/kiro04/pinkbot/install/minibot_description/share/minibot_description/environment/ament_prefix_path.dsv
[0.943s] -- Up-to-date: /home/kiro04/pinkbot/install/minibot_description/share/minibot_description/environment/path.sh
[0.947s] -- Up-to-date: /home/kiro04/pinkbot/install/minibot_description/share/minibot_description/environment/path.dsv
[0.948s] -- Up-to-date: /home/kiro04/pinkbot/install/minibot_description/share/minibot_description/local_setup.bash
[0.948s] -- Up-to-date: /home/kiro04/pinkbot/install/minibot_description/share/minibot_description/local_setup.sh
[0.949s] -- Up-to-date: /home/kiro04/pinkbot/install/minibot_description/share/minibot_description/local_setup.zsh
[0.949s] -- Up-to-date: /home/kiro04/pinkbot/install/minibot_description/share/minibot_description/local_setup.dsv
[0.950s] -- Installing: /home/kiro04/pinkbot/install/minibot_description/share/minibot_description/package.dsv
[0.950s] -- Up-to-date: /home/kiro04/pinkbot/install/minibot_description/share/ament_index/resource_index/packages/minibot_description
[0.950s] -- Up-to-date: /home/kiro04/pinkbot/install/minibot_description/share/minibot_description/cmake/minibot_descriptionConfig.cmake
[0.951s] -- Up-to-date: /home/kiro04/pinkbot/install/minibot_description/share/minibot_description/cmake/minibot_descriptionConfig-version.cmake
[0.951s] -- Up-to-date: /home/kiro04/pinkbot/install/minibot_description/share/minibot_description/package.xml
[0.974s] Invoked command in '/home/kiro04/pinkbot/build/minibot_description' returned '0': CMAKE_PREFIX_PATH=${CMAKE_PREFIX_PATH}:/home/kiro04/pinkbot/install/yolo_package:/opt/ros/humble /home/kiro04/.local/bin/cmake --install /home/kiro04/pinkbot/build/minibot_description
