[  2%] Built target minibot_interfaces__cpp
[ 12%] Built target minibot_interfaces__rosidl_generator_c
[ 12%] Built target ament_cmake_python_copy_minibot_interfaces
[ 23%] Built target minibot_interfaces__rosidl_typesupport_introspection_cpp
[ 43%] Built target minibot_interfaces__rosidl_typesupport_fastrtps_cpp
[ 53%] Built target minibot_interfaces__rosidl_typesupport_introspection_c
[ 43%] Built target minibot_interfaces__rosidl_typesupport_cpp
[ 64%] Built target minibot_interfaces__rosidl_typesupport_c
[ 74%] Built target minibot_interfaces__rosidl_typesupport_fastrtps_c
[ 74%] Built target minibot_interfaces
[ 76%] Built target minibot_interfaces__py
[ 84%] Built target minibot_interfaces__rosidl_generator_py
[ 89%] Built target minibot_interfaces__rosidl_typesupport_c__pyext
[ 94%] Built target minibot_interfaces__rosidl_typesupport_fastrtps_c__pyext
[100%] Built target minibot_interfaces__rosidl_typesupport_introspection_c__pyext
running egg_info
writing minibot_interfaces.egg-info/PKG-INFO
writing dependency_links to minibot_interfaces.egg-info/dependency_links.txt
writing top-level names to minibot_interfaces.egg-info/top_level.txt
reading manifest file 'minibot_interfaces.egg-info/SOURCES.txt'
writing manifest file 'minibot_interfaces.egg-info/SOURCES.txt'
[100%] Built target ament_cmake_python_build_minibot_interfaces_egg
