[1.519s] Invoking command in '/home/kiro04/pinkbot/src/yolo_package': PYTHONPATH=/home/kiro04/pinkbot/build/yolo_package/prefix_override:/home/kiro04/pinkbot/install/yolo_package/lib/python3.10/site-packages:${PYTHONPATH} /usr/bin/python3 setup.py egg_info --egg-base ../../build/yolo_package build --build-base /home/kiro04/pinkbot/build/yolo_package/build install --record /home/kiro04/pinkbot/build/yolo_package/install.log --single-version-externally-managed
[1.989s] running egg_info
[1.990s] writing ../../build/yolo_package/yolo_package.egg-info/PKG-INFO
[1.990s] writing dependency_links to ../../build/yolo_package/yolo_package.egg-info/dependency_links.txt
[1.990s] writing entry points to ../../build/yolo_package/yolo_package.egg-info/entry_points.txt
[1.991s] writing requirements to ../../build/yolo_package/yolo_package.egg-info/requires.txt
[1.991s] writing top-level names to ../../build/yolo_package/yolo_package.egg-info/top_level.txt
[1.994s] reading manifest file '../../build/yolo_package/yolo_package.egg-info/SOURCES.txt'
[1.996s] writing manifest file '../../build/yolo_package/yolo_package.egg-info/SOURCES.txt'
[1.996s] running build
[1.997s] running build_py
[1.997s] copying yolo_package/yolo_madel.py -> /home/kiro04/pinkbot/build/yolo_package/build/lib/yolo_package
[1.997s] running install
[1.998s] /usr/lib/python3/dist-packages/setuptools/command/install.py:34: SetuptoolsDeprecationWarning: setup.py install is deprecated. Use build and pip and other standards-based tools.
[1.998s]   warnings.warn(
[1.999s] running install_lib
[2.000s] copying /home/kiro04/pinkbot/build/yolo_package/build/lib/yolo_package/yolo_madel.py -> /home/kiro04/pinkbot/install/yolo_package/lib/python3.10/site-packages/yolo_package
[2.001s] byte-compiling /home/kiro04/pinkbot/install/yolo_package/lib/python3.10/site-packages/yolo_package/yolo_madel.py to yolo_madel.cpython-310.pyc
[2.002s] running install_data
[2.003s] running install_egg_info
[2.005s] removing '/home/kiro04/pinkbot/install/yolo_package/lib/python3.10/site-packages/yolo_package-0.0.0-py3.10.egg-info' (and everything under it)
[2.006s] Copying ../../build/yolo_package/yolo_package.egg-info to /home/kiro04/pinkbot/install/yolo_package/lib/python3.10/site-packages/yolo_package-0.0.0-py3.10.egg-info
[2.007s] running install_scripts
[2.040s] Installing yolo_madel script to /home/kiro04/pinkbot/install/yolo_package/lib/yolo_package
[2.040s] Installing yolo_node script to /home/kiro04/pinkbot/install/yolo_package/lib/yolo_package
[2.041s] writing list of installed files to '/home/kiro04/pinkbot/build/yolo_package/install.log'
[2.088s] Invoked command in '/home/kiro04/pinkbot/src/yolo_package' returned '0': PYTHONPATH=/home/kiro04/pinkbot/build/yolo_package/prefix_override:/home/kiro04/pinkbot/install/yolo_package/lib/python3.10/site-packages:${PYTHONPATH} /usr/bin/python3 setup.py egg_info --egg-base ../../build/yolo_package build --build-base /home/kiro04/pinkbot/build/yolo_package/build install --record /home/kiro04/pinkbot/build/yolo_package/install.log --single-version-externally-managed
