[0.128s] Invoking command in '/home/kiro04/pinkbot/build/minibot_hardware_interface': CMAKE_PREFIX_PATH=${CMAKE_PREFIX_PATH}:/home/kiro04/pinkbot/install/yolo_package:/home/kiro04/pinkbot/install/minibot_marker:/opt/ros/humble /home/kiro04/.local/bin/cmake --build /home/kiro04/pinkbot/build/minibot_hardware_interface -- -j8 -l8
[1.616s] [100%] Built target minibot_hardware_interface
[1.621s] Invoked command in '/home/kiro04/pinkbot/build/minibot_hardware_interface' returned '0': CMAKE_PREFIX_PATH=${CMAKE_PREFIX_PATH}:/home/kiro04/pinkbot/install/yolo_package:/home/kiro04/pinkbot/install/minibot_marker:/opt/ros/humble /home/kiro04/.local/bin/cmake --build /home/kiro04/pinkbot/build/minibot_hardware_interface -- -j8 -l8
[1.925s] Invoking command in '/home/kiro04/pinkbot/build/minibot_hardware_interface': CMAKE_PREFIX_PATH=${CMAKE_PREFIX_PATH}:/home/kiro04/pinkbot/install/yolo_package:/home/kiro04/pinkbot/install/minibot_marker:/opt/ros/humble /home/kiro04/.local/bin/cmake --install /home/kiro04/pinkbot/build/minibot_hardware_interface
[2.067s] -- Install configuration: ""
[2.067s] -- Up-to-date: /home/kiro04/pinkbot/install/minibot_hardware_interface/share/minibot_hardware_interface/minibot_hardware.xml
[2.068s] -- Up-to-date: /home/kiro04/pinkbot/install/minibot_hardware_interface/lib/libminibot_hardware_interface.so
[2.069s] -- Up-to-date: /home/kiro04/pinkbot/install/minibot_hardware_interface/include
[2.070s] -- Up-to-date: /home/kiro04/pinkbot/install/minibot_hardware_interface/include/minibot_hardware_interface
[2.071s] -- Up-to-date: /home/kiro04/pinkbot/install/minibot_hardware_interface/include/minibot_hardware_interface/minibot_system.hpp
[2.071s] -- Up-to-date: /home/kiro04/pinkbot/install/minibot_hardware_interface/share/minibot_hardware_interface/environment/library_path.sh
[2.071s] -- Up-to-date: /home/kiro04/pinkbot/install/minibot_hardware_interface/share/minibot_hardware_interface/environment/library_path.dsv
[2.071s] -- Up-to-date: /home/kiro04/pinkbot/install/minibot_hardware_interface/share/ament_index/resource_index/package_run_dependencies/minibot_hardware_interface
[2.071s] -- Up-to-date: /home/kiro04/pinkbot/install/minibot_hardware_interface/share/ament_index/resource_index/parent_prefix_path/minibot_hardware_interface
[2.071s] -- Up-to-date: /home/kiro04/pinkbot/install/minibot_hardware_interface/share/minibot_hardware_interface/environment/ament_prefix_path.sh
[2.072s] -- Up-to-date: /home/kiro04/pinkbot/install/minibot_hardware_interface/share/minibot_hardware_interface/environment/ament_prefix_path.dsv
[2.072s] -- Up-to-date: /home/kiro04/pinkbot/install/minibot_hardware_interface/share/minibot_hardware_interface/environment/path.sh
[2.072s] -- Up-to-date: /home/kiro04/pinkbot/install/minibot_hardware_interface/share/minibot_hardware_interface/environment/path.dsv
[2.072s] -- Up-to-date: /home/kiro04/pinkbot/install/minibot_hardware_interface/share/minibot_hardware_interface/local_setup.bash
[2.072s] -- Up-to-date: /home/kiro04/pinkbot/install/minibot_hardware_interface/share/minibot_hardware_interface/local_setup.sh
[2.072s] -- Up-to-date: /home/kiro04/pinkbot/install/minibot_hardware_interface/share/minibot_hardware_interface/local_setup.zsh
[2.073s] -- Up-to-date: /home/kiro04/pinkbot/install/minibot_hardware_interface/share/minibot_hardware_interface/local_setup.dsv
[2.073s] -- Installing: /home/kiro04/pinkbot/install/minibot_hardware_interface/share/minibot_hardware_interface/package.dsv
[2.073s] -- Up-to-date: /home/kiro04/pinkbot/install/minibot_hardware_interface/share/ament_index/resource_index/packages/minibot_hardware_interface
[2.073s] -- Up-to-date: /home/kiro04/pinkbot/install/minibot_hardware_interface/share/ament_index/resource_index/hardware_interface__pluginlib__plugin/minibot_hardware_interface
[2.073s] -- Up-to-date: /home/kiro04/pinkbot/install/minibot_hardware_interface/share/minibot_hardware_interface/cmake/ament_cmake_export_include_directories-extras.cmake
[2.073s] -- Up-to-date: /home/kiro04/pinkbot/install/minibot_hardware_interface/share/minibot_hardware_interface/cmake/ament_cmake_export_libraries-extras.cmake
[2.074s] -- Up-to-date: /home/kiro04/pinkbot/install/minibot_hardware_interface/share/minibot_hardware_interface/cmake/ament_cmake_export_dependencies-extras.cmake
[2.074s] -- Up-to-date: /home/kiro04/pinkbot/install/minibot_hardware_interface/share/minibot_hardware_interface/cmake/minibot_hardware_interfaceConfig.cmake
[2.074s] -- Up-to-date: /home/kiro04/pinkbot/install/minibot_hardware_interface/share/minibot_hardware_interface/cmake/minibot_hardware_interfaceConfig-version.cmake
[2.074s] -- Up-to-date: /home/kiro04/pinkbot/install/minibot_hardware_interface/share/minibot_hardware_interface/package.xml
[2.121s] Invoked command in '/home/kiro04/pinkbot/build/minibot_hardware_interface' returned '0': CMAKE_PREFIX_PATH=${CMAKE_PREFIX_PATH}:/home/kiro04/pinkbot/install/yolo_package:/home/kiro04/pinkbot/install/minibot_marker:/opt/ros/humble /home/kiro04/.local/bin/cmake --install /home/kiro04/pinkbot/build/minibot_hardware_interface
