[0.092s] Invoking command in '/home/kiro04/pinkbot/build/minibot_description': CMAKE_PREFIX_PATH=/opt/ros/humble /home/kiro04/.local/bin/cmake --build /home/kiro04/pinkbot/build/minibot_description -- -j8 -l8
[0.873s] Invoked command in '/home/kiro04/pinkbot/build/minibot_description' returned '0': CMAKE_PREFIX_PATH=/opt/ros/humble /home/kiro04/.local/bin/cmake --build /home/kiro04/pinkbot/build/minibot_description -- -j8 -l8
[1.155s] Invoking command in '/home/kiro04/pinkbot/build/minibot_description': CMAKE_PREFIX_PATH=/opt/ros/humble /home/kiro04/.local/bin/cmake --install /home/kiro04/pinkbot/build/minibot_description
[1.273s] -- Install configuration: ""
[1.273s] -- Up-to-date: /home/kiro04/pinkbot/install/minibot_description/share/minibot_description/launch
[1.274s] -- Up-to-date: /home/kiro04/pinkbot/install/minibot_description/share/minibot_description/launch/view_robot.launch.py
[1.275s] -- Up-to-date: /home/kiro04/pinkbot/install/minibot_description/share/minibot_description/launch/upload_robot.launch.py
[1.276s] -- Up-to-date: /home/kiro04/pinkbot/install/minibot_description/share/minibot_description/meshes
[1.278s] -- Up-to-date: /home/kiro04/pinkbot/install/minibot_description/share/minibot_description/meshes/collision
[1.278s] -- Up-to-date: /home/kiro04/pinkbot/install/minibot_description/share/minibot_description/meshes/collision/ydlidar_x2_assy.stl
[1.278s] -- Up-to-date: /home/kiro04/pinkbot/install/minibot_description/share/minibot_description/meshes/collision/ul_sensor.stl
[1.278s] -- Up-to-date: /home/kiro04/pinkbot/install/minibot_description/share/minibot_description/meshes/collision/wheel.stl
[1.278s] -- Up-to-date: /home/kiro04/pinkbot/install/minibot_description/share/minibot_description/meshes/collision/base_link.stl
[1.279s] -- Up-to-date: /home/kiro04/pinkbot/install/minibot_description/share/minibot_description/meshes/collision/front_camera.stl
[1.279s] -- Up-to-date: /home/kiro04/pinkbot/install/minibot_description/share/minibot_description/meshes/visual
[1.279s] -- Up-to-date: /home/kiro04/pinkbot/install/minibot_description/share/minibot_description/meshes/visual/wheel.dae
[1.279s] -- Up-to-date: /home/kiro04/pinkbot/install/minibot_description/share/minibot_description/meshes/visual/ul_sensor.dae
[1.279s] -- Up-to-date: /home/kiro04/pinkbot/install/minibot_description/share/minibot_description/meshes/visual/ydlidar_x2_assy.dae
[1.279s] -- Up-to-date: /home/kiro04/pinkbot/install/minibot_description/share/minibot_description/meshes/visual/base_link.dae
[1.280s] -- Up-to-date: /home/kiro04/pinkbot/install/minibot_description/share/minibot_description/meshes/visual/front_camera.dae
[1.280s] -- Up-to-date: /home/kiro04/pinkbot/install/minibot_description/share/minibot_description/meshes/visual/front_camera.png
[1.280s] -- Up-to-date: /home/kiro04/pinkbot/install/minibot_description/share/minibot_description/meshes/visual/ydlidar_x2.png
[1.280s] -- Up-to-date: /home/kiro04/pinkbot/install/minibot_description/share/minibot_description/meshes/visual/wheel.png
[1.280s] -- Up-to-date: /home/kiro04/pinkbot/install/minibot_description/share/minibot_description/rviz
[1.281s] -- Up-to-date: /home/kiro04/pinkbot/install/minibot_description/share/minibot_description/rviz/view_robot.rviz
[1.298s] -- Up-to-date: /home/kiro04/pinkbot/install/minibot_description/share/minibot_description/urdf
[1.298s] -- Up-to-date: /home/kiro04/pinkbot/install/minibot_description/share/minibot_description/urdf/common
[1.299s] -- Up-to-date: /home/kiro04/pinkbot/install/minibot_description/share/minibot_description/urdf/common/inertia_macro.urdf.xacro
[1.303s] -- Up-to-date: /home/kiro04/pinkbot/install/minibot_description/share/minibot_description/urdf/minibot.urdf.xacro
[1.310s] -- Up-to-date: /home/kiro04/pinkbot/install/minibot_description/share/minibot_description/urdf/robot.urdf.xacro
[1.310s] -- Up-to-date: /home/kiro04/pinkbot/install/minibot_description/share/minibot_description/urdf/minibot_gazebo.urdf.xacro
[1.310s] -- Up-to-date: /home/kiro04/pinkbot/install/minibot_description/share/minibot_description/urdf/minibot_ros2_control.urdf.xacro
[1.310s] -- Up-to-date: /home/kiro04/pinkbot/install/minibot_description/share/ament_index/resource_index/package_run_dependencies/minibot_description
[1.311s] -- Up-to-date: /home/kiro04/pinkbot/install/minibot_description/share/ament_index/resource_index/parent_prefix_path/minibot_description
[1.311s] -- Up-to-date: /home/kiro04/pinkbot/install/minibot_description/share/minibot_description/environment/ament_prefix_path.sh
[1.311s] -- Up-to-date: /home/kiro04/pinkbot/install/minibot_description/share/minibot_description/environment/ament_prefix_path.dsv
[1.311s] -- Up-to-date: /home/kiro04/pinkbot/install/minibot_description/share/minibot_description/environment/path.sh
[1.311s] -- Up-to-date: /home/kiro04/pinkbot/install/minibot_description/share/minibot_description/environment/path.dsv
[1.312s] -- Up-to-date: /home/kiro04/pinkbot/install/minibot_description/share/minibot_description/local_setup.bash
[1.312s] -- Up-to-date: /home/kiro04/pinkbot/install/minibot_description/share/minibot_description/local_setup.sh
[1.314s] -- Up-to-date: /home/kiro04/pinkbot/install/minibot_description/share/minibot_description/local_setup.zsh
[1.314s] -- Up-to-date: /home/kiro04/pinkbot/install/minibot_description/share/minibot_description/local_setup.dsv
[1.315s] -- Installing: /home/kiro04/pinkbot/install/minibot_description/share/minibot_description/package.dsv
[1.315s] -- Up-to-date: /home/kiro04/pinkbot/install/minibot_description/share/ament_index/resource_index/packages/minibot_description
[1.315s] -- Up-to-date: /home/kiro04/pinkbot/install/minibot_description/share/minibot_description/cmake/minibot_descriptionConfig.cmake
[1.316s] -- Up-to-date: /home/kiro04/pinkbot/install/minibot_description/share/minibot_description/cmake/minibot_descriptionConfig-version.cmake
[1.316s] -- Up-to-date: /home/kiro04/pinkbot/install/minibot_description/share/minibot_description/package.xml
[1.332s] Invoked command in '/home/kiro04/pinkbot/build/minibot_description' returned '0': CMAKE_PREFIX_PATH=/opt/ros/humble /home/kiro04/.local/bin/cmake --install /home/kiro04/pinkbot/build/minibot_description
