[3.216s] Invoking command in '/home/kiro04/pinkbot/src/yolo_package': PYTHONPATH=/home/kiro04/pinkbot/build/yolo_package/prefix_override:/home/kiro04/pinkbot/install/yolo_package/lib/python3.10/site-packages:${PYTHONPATH} /usr/bin/python3 setup.py egg_info --egg-base ../../build/yolo_package build --build-base /home/kiro04/pinkbot/build/yolo_package/build install --record /home/kiro04/pinkbot/build/yolo_package/install.log --single-version-externally-managed
[3.951s] running egg_info
[3.951s] writing ../../build/yolo_package/yolo_package.egg-info/PKG-INFO
[3.951s] writing dependency_links to ../../build/yolo_package/yolo_package.egg-info/dependency_links.txt
[3.956s] writing entry points to ../../build/yolo_package/yolo_package.egg-info/entry_points.txt
[3.957s] writing requirements to ../../build/yolo_package/yolo_package.egg-info/requires.txt
[3.960s] writing top-level names to ../../build/yolo_package/yolo_package.egg-info/top_level.txt
[3.961s] reading manifest file '../../build/yolo_package/yolo_package.egg-info/SOURCES.txt'
[3.962s] writing manifest file '../../build/yolo_package/yolo_package.egg-info/SOURCES.txt'
[3.962s] running build
[3.962s] running build_py
[3.964s] running install
[3.964s] /usr/lib/python3/dist-packages/setuptools/command/install.py:34: SetuptoolsDeprecationWarning: setup.py install is deprecated. Use build and pip and other standards-based tools.
[3.964s]   warnings.warn(
[3.971s] running install_lib
[3.975s] running install_data
[3.975s] running install_egg_info
[3.979s] removing '/home/kiro04/pinkbot/install/yolo_package/lib/python3.10/site-packages/yolo_package-0.0.0-py3.10.egg-info' (and everything under it)
[3.979s] Copying ../../build/yolo_package/yolo_package.egg-info to /home/kiro04/pinkbot/install/yolo_package/lib/python3.10/site-packages/yolo_package-0.0.0-py3.10.egg-info
[3.981s] running install_scripts
[4.057s] Installing yolo_madel script to /home/kiro04/pinkbot/install/yolo_package/lib/yolo_package
[4.061s] Installing yolo_node script to /home/kiro04/pinkbot/install/yolo_package/lib/yolo_package
[4.062s] writing list of installed files to '/home/kiro04/pinkbot/build/yolo_package/install.log'
[4.145s] Invoked command in '/home/kiro04/pinkbot/src/yolo_package' returned '0': PYTHONPATH=/home/kiro04/pinkbot/build/yolo_package/prefix_override:/home/kiro04/pinkbot/install/yolo_package/lib/python3.10/site-packages:${PYTHONPATH} /usr/bin/python3 setup.py egg_info --egg-base ../../build/yolo_package build --build-base /home/kiro04/pinkbot/build/yolo_package/build install --record /home/kiro04/pinkbot/build/yolo_package/install.log --single-version-externally-managed
