[0.047s] Invoking command in '/home/kiro04/pinkbot/build/minibot_bringup': AMENT_PREFIX_PATH=/home/kiro04/pinkbot/install/minibot_gazebo:${AMENT_PREFIX_PATH} CMAKE_PREFIX_PATH=/home/kiro04/pinkbot/install/minibot_gazebo:/home/kiro04/pinkbot/install/minibot_description:/home/kiro04/pinkbot/install/minibot_navigation2:/home/kiro04/pinkbot/install/minibot_controllers:/home/kiro04/pinkbot/install/minibot_interfaces:/home/kiro04/pinkbot/install/minibot_hardware_interface:/home/kiro04/pinkbot/install/minibot_bringup:/home/kiro04/pinkbot/install/yolo_package:/home/kiro04/pinkbot/install/minibot_marker:/opt/ros/humble /home/kiro04/.local/bin/cmake --build /home/kiro04/pinkbot/build/minibot_bringup -- -j8 -l8
[0.228s] Invoked command in '/home/kiro04/pinkbot/build/minibot_bringup' returned '0': AMENT_PREFIX_PATH=/home/kiro04/pinkbot/install/minibot_gazebo:${AMENT_PREFIX_PATH} CMAKE_PREFIX_PATH=/home/kiro04/pinkbot/install/minibot_gazebo:/home/kiro04/pinkbot/install/minibot_description:/home/kiro04/pinkbot/install/minibot_navigation2:/home/kiro04/pinkbot/install/minibot_controllers:/home/kiro04/pinkbot/install/minibot_interfaces:/home/kiro04/pinkbot/install/minibot_hardware_interface:/home/kiro04/pinkbot/install/minibot_bringup:/home/kiro04/pinkbot/install/yolo_package:/home/kiro04/pinkbot/install/minibot_marker:/opt/ros/humble /home/kiro04/.local/bin/cmake --build /home/kiro04/pinkbot/build/minibot_bringup -- -j8 -l8
[0.363s] Invoking command in '/home/kiro04/pinkbot/build/minibot_bringup': AMENT_PREFIX_PATH=/home/kiro04/pinkbot/install/minibot_gazebo:${AMENT_PREFIX_PATH} CMAKE_PREFIX_PATH=/home/kiro04/pinkbot/install/minibot_gazebo:/home/kiro04/pinkbot/install/minibot_description:/home/kiro04/pinkbot/install/minibot_navigation2:/home/kiro04/pinkbot/install/minibot_controllers:/home/kiro04/pinkbot/install/minibot_interfaces:/home/kiro04/pinkbot/install/minibot_hardware_interface:/home/kiro04/pinkbot/install/minibot_bringup:/home/kiro04/pinkbot/install/yolo_package:/home/kiro04/pinkbot/install/minibot_marker:/opt/ros/humble /home/kiro04/.local/bin/cmake --install /home/kiro04/pinkbot/build/minibot_bringup
[0.440s] -- Install configuration: ""
[0.440s] -- Up-to-date: /home/kiro04/pinkbot/install/minibot_bringup/share/minibot_bringup/config
[0.440s] -- Up-to-date: /home/kiro04/pinkbot/install/minibot_bringup/share/minibot_bringup/config/ydlidar.yaml
[0.440s] -- Up-to-date: /home/kiro04/pinkbot/install/minibot_bringup/share/minibot_bringup/config/minibot_controllers_gazebo.yaml
[0.441s] -- Up-to-date: /home/kiro04/pinkbot/install/minibot_bringup/share/minibot_bringup/config/minibot_controllers.yaml
[0.441s] -- Up-to-date: /home/kiro04/pinkbot/install/minibot_bringup/share/minibot_bringup/launch
[0.441s] -- Up-to-date: /home/kiro04/pinkbot/install/minibot_bringup/share/minibot_bringup/launch/bringup_robot_gazebo.launch.py
[0.441s] -- Up-to-date: /home/kiro04/pinkbot/install/minibot_bringup/share/minibot_bringup/launch/bringup_robot.launch.py
[0.441s] -- Up-to-date: /home/kiro04/pinkbot/install/minibot_bringup/share/minibot_bringup/rviz
[0.441s] -- Up-to-date: /home/kiro04/pinkbot/install/minibot_bringup/share/minibot_bringup/rviz/robot.rviz
[0.441s] -- Up-to-date: /home/kiro04/pinkbot/install/minibot_bringup/share/minibot_bringup/rviz/.empty
[0.441s] -- Up-to-date: /home/kiro04/pinkbot/install/minibot_bringup/share/ament_index/resource_index/package_run_dependencies/minibot_bringup
[0.441s] -- Up-to-date: /home/kiro04/pinkbot/install/minibot_bringup/share/ament_index/resource_index/parent_prefix_path/minibot_bringup
[0.442s] -- Up-to-date: /home/kiro04/pinkbot/install/minibot_bringup/share/minibot_bringup/environment/ament_prefix_path.sh
[0.442s] -- Up-to-date: /home/kiro04/pinkbot/install/minibot_bringup/share/minibot_bringup/environment/ament_prefix_path.dsv
[0.442s] -- Up-to-date: /home/kiro04/pinkbot/install/minibot_bringup/share/minibot_bringup/environment/path.sh
[0.442s] -- Up-to-date: /home/kiro04/pinkbot/install/minibot_bringup/share/minibot_bringup/environment/path.dsv
[0.442s] -- Up-to-date: /home/kiro04/pinkbot/install/minibot_bringup/share/minibot_bringup/local_setup.bash
[0.442s] -- Up-to-date: /home/kiro04/pinkbot/install/minibot_bringup/share/minibot_bringup/local_setup.sh
[0.442s] -- Up-to-date: /home/kiro04/pinkbot/install/minibot_bringup/share/minibot_bringup/local_setup.zsh
[0.442s] -- Up-to-date: /home/kiro04/pinkbot/install/minibot_bringup/share/minibot_bringup/local_setup.dsv
[0.443s] -- Installing: /home/kiro04/pinkbot/install/minibot_bringup/share/minibot_bringup/package.dsv
[0.443s] -- Up-to-date: /home/kiro04/pinkbot/install/minibot_bringup/share/ament_index/resource_index/packages/minibot_bringup
[0.443s] -- Up-to-date: /home/kiro04/pinkbot/install/minibot_bringup/share/minibot_bringup/cmake/minibot_bringupConfig.cmake
[0.443s] -- Up-to-date: /home/kiro04/pinkbot/install/minibot_bringup/share/minibot_bringup/cmake/minibot_bringupConfig-version.cmake
[0.443s] -- Up-to-date: /home/kiro04/pinkbot/install/minibot_bringup/share/minibot_bringup/package.xml
[0.459s] Invoked command in '/home/kiro04/pinkbot/build/minibot_bringup' returned '0': AMENT_PREFIX_PATH=/home/kiro04/pinkbot/install/minibot_gazebo:${AMENT_PREFIX_PATH} CMAKE_PREFIX_PATH=/home/kiro04/pinkbot/install/minibot_gazebo:/home/kiro04/pinkbot/install/minibot_description:/home/kiro04/pinkbot/install/minibot_navigation2:/home/kiro04/pinkbot/install/minibot_controllers:/home/kiro04/pinkbot/install/minibot_interfaces:/home/kiro04/pinkbot/install/minibot_hardware_interface:/home/kiro04/pinkbot/install/minibot_bringup:/home/kiro04/pinkbot/install/yolo_package:/home/kiro04/pinkbot/install/minibot_marker:/opt/ros/humble /home/kiro04/.local/bin/cmake --install /home/kiro04/pinkbot/build/minibot_bringup
