[0.011s] Invoking command in '/home/kiro04/pinkbot/build/minibot_gazebo': AMENT_PREFIX_PATH=/home/kiro04/pinkbot/install/minibot_description:${AMENT_PREFIX_PATH} CMAKE_PREFIX_PATH=/home/kiro04/pinkbot/install/minibot_description:/opt/ros/humble /home/kiro04/.local/bin/cmake /home/kiro04/pinkbot/src/pinklab_minibot_robot/minibot_gazebo -DCMAKE_INSTALL_PREFIX=/home/kiro04/pinkbot/install/minibot_gazebo
[0.163s] -- The C compiler identification is GNU 11.4.0
[0.257s] -- The CXX compiler identification is GNU 11.4.0
[0.284s] -- Detecting C compiler ABI info
[0.369s] -- Detecting C compiler ABI info - done
[0.391s] -- Check for working C compiler: /usr/bin/cc - skipped
[0.392s] -- Detecting C compile features
[0.393s] -- Detecting C compile features - done
[0.409s] -- Detecting CXX compiler ABI info
[0.517s] -- Detecting CXX compiler ABI info - done
[0.550s] -- Check for working CXX compiler: /usr/bin/c++ - skipped
[0.550s] -- Detecting CXX compile features
[0.552s] -- Detecting CXX compile features - done
[0.557s] -- Found ament_cmake: 1.3.4 (/opt/ros/humble/share/ament_cmake/cmake)
[1.146s] -- Found Python3: /usr/bin/python3.10 (found version "3.10.12") found components: Interpreter 
[1.293s] -- Found minibot_description: 0.0.0 (/home/kiro04/pinkbot/install/minibot_description/share/minibot_description/cmake)
[1.295s] -- Found ament_lint_auto: 0.12.6 (/opt/ros/humble/share/ament_lint_auto/cmake)
[1.423s] -- Added test 'copyright' to check source files copyright and LICENSE
[1.426s] -- Added test 'flake8' to check Python code syntax and style conventions
[1.427s] -- Added test 'lint_cmake' to check CMake code style
[1.428s] -- Added test 'pep257' to check Python code against some of the docstring style conventions in PEP 257
[1.429s] -- Added test 'xmllint' to check XML markup files
[1.431s] -- Configuring done (1.3s)
[1.436s] -- Generating done (0.0s)
[1.437s] -- Build files have been written to: /home/kiro04/pinkbot/build/minibot_gazebo
[1.460s] Invoked command in '/home/kiro04/pinkbot/build/minibot_gazebo' returned '0': AMENT_PREFIX_PATH=/home/kiro04/pinkbot/install/minibot_description:${AMENT_PREFIX_PATH} CMAKE_PREFIX_PATH=/home/kiro04/pinkbot/install/minibot_description:/opt/ros/humble /home/kiro04/.local/bin/cmake /home/kiro04/pinkbot/src/pinklab_minibot_robot/minibot_gazebo -DCMAKE_INSTALL_PREFIX=/home/kiro04/pinkbot/install/minibot_gazebo
[1.463s] Invoking command in '/home/kiro04/pinkbot/build/minibot_gazebo': AMENT_PREFIX_PATH=/home/kiro04/pinkbot/install/minibot_description:${AMENT_PREFIX_PATH} CMAKE_PREFIX_PATH=/home/kiro04/pinkbot/install/minibot_description:/opt/ros/humble /home/kiro04/.local/bin/cmake --build /home/kiro04/pinkbot/build/minibot_gazebo -- -j8 -l8
[1.576s] Invoked command in '/home/kiro04/pinkbot/build/minibot_gazebo' returned '0': AMENT_PREFIX_PATH=/home/kiro04/pinkbot/install/minibot_description:${AMENT_PREFIX_PATH} CMAKE_PREFIX_PATH=/home/kiro04/pinkbot/install/minibot_description:/opt/ros/humble /home/kiro04/.local/bin/cmake --build /home/kiro04/pinkbot/build/minibot_gazebo -- -j8 -l8
[1.686s] Invoking command in '/home/kiro04/pinkbot/build/minibot_gazebo': AMENT_PREFIX_PATH=/home/kiro04/pinkbot/install/minibot_description:${AMENT_PREFIX_PATH} CMAKE_PREFIX_PATH=/home/kiro04/pinkbot/install/minibot_description:/opt/ros/humble /home/kiro04/.local/bin/cmake --install /home/kiro04/pinkbot/build/minibot_gazebo
[1.772s] -- Install configuration: ""
[1.772s] -- Installing: /home/kiro04/pinkbot/install/minibot_gazebo/share/minibot_gazebo/launch
[1.772s] -- Installing: /home/kiro04/pinkbot/install/minibot_gazebo/share/minibot_gazebo/launch/bringup_gazebo.launch.py
[1.773s] -- Installing: /home/kiro04/pinkbot/install/minibot_gazebo/share/minibot_gazebo/worlds
[1.773s] -- Installing: /home/kiro04/pinkbot/install/minibot_gazebo/share/minibot_gazebo/worlds/empty.world
[1.773s] -- Installing: /home/kiro04/pinkbot/install/minibot_gazebo/share/minibot_gazebo/worlds/simple_building.world
[1.773s] -- Installing: /home/kiro04/pinkbot/install/minibot_gazebo/share/minibot_gazebo/models
[1.773s] -- Installing: /home/kiro04/pinkbot/install/minibot_gazebo/share/minibot_gazebo/models/.empty
[1.774s] -- Installing: /home/kiro04/pinkbot/install/minibot_gazebo/share/minibot_gazebo/models/simple_building
[1.774s] -- Installing: /home/kiro04/pinkbot/install/minibot_gazebo/share/minibot_gazebo/models/simple_building/model.sdf
[1.774s] -- Installing: /home/kiro04/pinkbot/install/minibot_gazebo/share/minibot_gazebo/models/simple_building/model.config
[1.774s] -- Installing: /home/kiro04/pinkbot/install/minibot_gazebo/share/ament_index/resource_index/package_run_dependencies/minibot_gazebo
[1.775s] -- Installing: /home/kiro04/pinkbot/install/minibot_gazebo/share/ament_index/resource_index/parent_prefix_path/minibot_gazebo
[1.775s] -- Installing: /home/kiro04/pinkbot/install/minibot_gazebo/share/minibot_gazebo/environment/ament_prefix_path.sh
[1.775s] -- Installing: /home/kiro04/pinkbot/install/minibot_gazebo/share/minibot_gazebo/environment/ament_prefix_path.dsv
[1.775s] -- Installing: /home/kiro04/pinkbot/install/minibot_gazebo/share/minibot_gazebo/environment/path.sh
[1.776s] -- Installing: /home/kiro04/pinkbot/install/minibot_gazebo/share/minibot_gazebo/environment/path.dsv
[1.776s] -- Installing: /home/kiro04/pinkbot/install/minibot_gazebo/share/minibot_gazebo/local_setup.bash
[1.776s] -- Installing: /home/kiro04/pinkbot/install/minibot_gazebo/share/minibot_gazebo/local_setup.sh
[1.776s] -- Installing: /home/kiro04/pinkbot/install/minibot_gazebo/share/minibot_gazebo/local_setup.zsh
[1.776s] -- Installing: /home/kiro04/pinkbot/install/minibot_gazebo/share/minibot_gazebo/local_setup.dsv
[1.777s] -- Installing: /home/kiro04/pinkbot/install/minibot_gazebo/share/minibot_gazebo/package.dsv
[1.777s] -- Installing: /home/kiro04/pinkbot/install/minibot_gazebo/share/ament_index/resource_index/packages/minibot_gazebo
[1.777s] -- Installing: /home/kiro04/pinkbot/install/minibot_gazebo/share/minibot_gazebo/cmake/minibot_gazeboConfig.cmake
[1.777s] -- Installing: /home/kiro04/pinkbot/install/minibot_gazebo/share/minibot_gazebo/cmake/minibot_gazeboConfig-version.cmake
[1.777s] -- Installing: /home/kiro04/pinkbot/install/minibot_gazebo/share/minibot_gazebo/package.xml
[1.797s] Invoked command in '/home/kiro04/pinkbot/build/minibot_gazebo' returned '0': AMENT_PREFIX_PATH=/home/kiro04/pinkbot/install/minibot_description:${AMENT_PREFIX_PATH} CMAKE_PREFIX_PATH=/home/kiro04/pinkbot/install/minibot_description:/opt/ros/humble /home/kiro04/.local/bin/cmake --install /home/kiro04/pinkbot/build/minibot_gazebo
