[2.561s] Invoking command in '/home/kiro04/pinkbot/src/pinklab_minibot_robot/minibot_marker': PYTHONPATH=/home/kiro04/pinkbot/build/minibot_marker/prefix_override:/home/kiro04/pinkbot/install/minibot_marker/lib/python3.10/site-packages:${PYTHONPATH} /usr/bin/python3 setup.py egg_info --egg-base ../../../build/minibot_marker build --build-base /home/kiro04/pinkbot/build/minibot_marker/build install --record /home/kiro04/pinkbot/build/minibot_marker/install.log --single-version-externally-managed
[3.238s] running egg_info
[3.240s] writing ../../../build/minibot_marker/minibot_marker.egg-info/PKG-INFO
[3.241s] writing dependency_links to ../../../build/minibot_marker/minibot_marker.egg-info/dependency_links.txt
[3.241s] writing entry points to ../../../build/minibot_marker/minibot_marker.egg-info/entry_points.txt
[3.242s] writing requirements to ../../../build/minibot_marker/minibot_marker.egg-info/requires.txt
[3.242s] writing top-level names to ../../../build/minibot_marker/minibot_marker.egg-info/top_level.txt
[3.247s] reading manifest file '../../../build/minibot_marker/minibot_marker.egg-info/SOURCES.txt'
[3.250s] writing manifest file '../../../build/minibot_marker/minibot_marker.egg-info/SOURCES.txt'
[3.250s] running build
[3.250s] running build_py
[3.251s] running install
[3.251s] /usr/lib/python3/dist-packages/setuptools/command/install.py:34: SetuptoolsDeprecationWarning: setup.py install is deprecated. Use build and pip and other standards-based tools.
[3.251s]   warnings.warn(
[3.252s] running install_lib
[3.255s] running install_data
[3.257s] running install_egg_info
[3.262s] removing '/home/kiro04/pinkbot/install/minibot_marker/lib/python3.10/site-packages/minibot_marker-0.0.0-py3.10.egg-info' (and everything under it)
[3.262s] Copying ../../../build/minibot_marker/minibot_marker.egg-info to /home/kiro04/pinkbot/install/minibot_marker/lib/python3.10/site-packages/minibot_marker-0.0.0-py3.10.egg-info
[3.264s] running install_scripts
[3.329s] Installing cmd_vel_publisher script to /home/kiro04/pinkbot/install/minibot_marker/lib/minibot_marker
[3.329s] Installing marker_publisher script to /home/kiro04/pinkbot/install/minibot_marker/lib/minibot_marker
[3.330s] writing list of installed files to '/home/kiro04/pinkbot/build/minibot_marker/install.log'
[3.419s] Invoked command in '/home/kiro04/pinkbot/src/pinklab_minibot_robot/minibot_marker' returned '0': PYTHONPATH=/home/kiro04/pinkbot/build/minibot_marker/prefix_override:/home/kiro04/pinkbot/install/minibot_marker/lib/python3.10/site-packages:${PYTHONPATH} /usr/bin/python3 setup.py egg_info --egg-base ../../../build/minibot_marker build --build-base /home/kiro04/pinkbot/build/minibot_marker/build install --record /home/kiro04/pinkbot/build/minibot_marker/install.log --single-version-externally-managed
