[0.063s] Invoking command in '/home/kiro04/pinkbot/build/minibot_description': CMAKE_PREFIX_PATH=/opt/ros/humble /home/kiro04/.local/bin/cmake --build /home/kiro04/pinkbot/build/minibot_description -- -j8 -l8
[0.663s] Invoked command in '/home/kiro04/pinkbot/build/minibot_description' returned '0': CMAKE_PREFIX_PATH=/opt/ros/humble /home/kiro04/.local/bin/cmake --build /home/kiro04/pinkbot/build/minibot_description -- -j8 -l8
[0.907s] Invoking command in '/home/kiro04/pinkbot/build/minibot_description': CMAKE_PREFIX_PATH=/opt/ros/humble /home/kiro04/.local/bin/cmake --install /home/kiro04/pinkbot/build/minibot_description
[0.994s] -- Install configuration: ""
[0.994s] -- Up-to-date: /home/kiro04/pinkbot/install/minibot_description/share/minibot_description/launch
[0.995s] -- Up-to-date: /home/kiro04/pinkbot/install/minibot_description/share/minibot_description/launch/view_robot.launch.py
[0.995s] -- Up-to-date: /home/kiro04/pinkbot/install/minibot_description/share/minibot_description/launch/upload_robot.launch.py
[0.995s] -- Up-to-date: /home/kiro04/pinkbot/install/minibot_description/share/minibot_description/meshes
[0.995s] -- Up-to-date: /home/kiro04/pinkbot/install/minibot_description/share/minibot_description/meshes/collision
[0.995s] -- Up-to-date: /home/kiro04/pinkbot/install/minibot_description/share/minibot_description/meshes/collision/ydlidar_x2_assy.stl
[0.996s] -- Up-to-date: /home/kiro04/pinkbot/install/minibot_description/share/minibot_description/meshes/collision/ul_sensor.stl
[0.996s] -- Up-to-date: /home/kiro04/pinkbot/install/minibot_description/share/minibot_description/meshes/collision/wheel.stl
[0.996s] -- Up-to-date: /home/kiro04/pinkbot/install/minibot_description/share/minibot_description/meshes/collision/base_link.stl
[0.996s] -- Up-to-date: /home/kiro04/pinkbot/install/minibot_description/share/minibot_description/meshes/collision/front_camera.stl
[0.996s] -- Up-to-date: /home/kiro04/pinkbot/install/minibot_description/share/minibot_description/meshes/visual
[0.996s] -- Up-to-date: /home/kiro04/pinkbot/install/minibot_description/share/minibot_description/meshes/visual/wheel.dae
[0.997s] -- Up-to-date: /home/kiro04/pinkbot/install/minibot_description/share/minibot_description/meshes/visual/ul_sensor.dae
[0.997s] -- Up-to-date: /home/kiro04/pinkbot/install/minibot_description/share/minibot_description/meshes/visual/ydlidar_x2_assy.dae
[0.997s] -- Up-to-date: /home/kiro04/pinkbot/install/minibot_description/share/minibot_description/meshes/visual/base_link.dae
[0.997s] -- Up-to-date: /home/kiro04/pinkbot/install/minibot_description/share/minibot_description/meshes/visual/front_camera.dae
[0.997s] -- Up-to-date: /home/kiro04/pinkbot/install/minibot_description/share/minibot_description/meshes/visual/front_camera.png
[0.997s] -- Up-to-date: /home/kiro04/pinkbot/install/minibot_description/share/minibot_description/meshes/visual/ydlidar_x2.png
[0.997s] -- Up-to-date: /home/kiro04/pinkbot/install/minibot_description/share/minibot_description/meshes/visual/wheel.png
[0.998s] -- Up-to-date: /home/kiro04/pinkbot/install/minibot_description/share/minibot_description/rviz
[0.998s] -- Up-to-date: /home/kiro04/pinkbot/install/minibot_description/share/minibot_description/rviz/view_robot.rviz
[0.998s] -- Up-to-date: /home/kiro04/pinkbot/install/minibot_description/share/minibot_description/urdf
[0.998s] -- Up-to-date: /home/kiro04/pinkbot/install/minibot_description/share/minibot_description/urdf/common
[0.999s] -- Up-to-date: /home/kiro04/pinkbot/install/minibot_description/share/minibot_description/urdf/common/inertia_macro.urdf.xacro
[0.999s] -- Up-to-date: /home/kiro04/pinkbot/install/minibot_description/share/minibot_description/urdf/minibot.urdf.xacro
[0.999s] -- Up-to-date: /home/kiro04/pinkbot/install/minibot_description/share/minibot_description/urdf/robot.urdf.xacro
[0.999s] -- Up-to-date: /home/kiro04/pinkbot/install/minibot_description/share/minibot_description/urdf/minibot_gazebo.urdf.xacro
[0.999s] -- Up-to-date: /home/kiro04/pinkbot/install/minibot_description/share/minibot_description/urdf/minibot_ros2_control.urdf.xacro
[0.999s] -- Up-to-date: /home/kiro04/pinkbot/install/minibot_description/share/ament_index/resource_index/package_run_dependencies/minibot_description
[0.999s] -- Up-to-date: /home/kiro04/pinkbot/install/minibot_description/share/ament_index/resource_index/parent_prefix_path/minibot_description
[1.000s] -- Up-to-date: /home/kiro04/pinkbot/install/minibot_description/share/minibot_description/environment/ament_prefix_path.sh
[1.000s] -- Up-to-date: /home/kiro04/pinkbot/install/minibot_description/share/minibot_description/environment/ament_prefix_path.dsv
[1.000s] -- Up-to-date: /home/kiro04/pinkbot/install/minibot_description/share/minibot_description/environment/path.sh
[1.000s] -- Up-to-date: /home/kiro04/pinkbot/install/minibot_description/share/minibot_description/environment/path.dsv
[1.000s] -- Up-to-date: /home/kiro04/pinkbot/install/minibot_description/share/minibot_description/local_setup.bash
[1.000s] -- Up-to-date: /home/kiro04/pinkbot/install/minibot_description/share/minibot_description/local_setup.sh
[1.001s] -- Up-to-date: /home/kiro04/pinkbot/install/minibot_description/share/minibot_description/local_setup.zsh
[1.001s] -- Up-to-date: /home/kiro04/pinkbot/install/minibot_description/share/minibot_description/local_setup.dsv
[1.001s] -- Installing: /home/kiro04/pinkbot/install/minibot_description/share/minibot_description/package.dsv
[1.001s] -- Up-to-date: /home/kiro04/pinkbot/install/minibot_description/share/ament_index/resource_index/packages/minibot_description
[1.001s] -- Up-to-date: /home/kiro04/pinkbot/install/minibot_description/share/minibot_description/cmake/minibot_descriptionConfig.cmake
[1.001s] -- Up-to-date: /home/kiro04/pinkbot/install/minibot_description/share/minibot_description/cmake/minibot_descriptionConfig-version.cmake
[1.001s] -- Up-to-date: /home/kiro04/pinkbot/install/minibot_description/share/minibot_description/package.xml
[1.013s] Invoked command in '/home/kiro04/pinkbot/build/minibot_description' returned '0': CMAKE_PREFIX_PATH=/opt/ros/humble /home/kiro04/.local/bin/cmake --install /home/kiro04/pinkbot/build/minibot_description
